<?xml version="1.0" encoding="UTF-8"?>
<!-- Generated by org.testng.reporters.JUnitReportReporter -->
<testsuite skipped="0" hostname="DESKTOP-AP504LA" name="Testcases.getpagesource" tests="1" failures="0" timestamp="2022-01-20T09:02:10 EST" time="7.533" errors="0">
  <testcase name="launchBrowser" time="7.533" classname="Testcases.getpagesource"/>
  <system-out/>
</testsuite> <!-- Testcases.getpagesource -->
