<?xml version="1.0" encoding="UTF-8"?>
<!-- Generated by org.testng.reporters.JUnitReportReporter -->
<testsuite skipped="0" hostname="DESKTOP-AP504LA" name="Testcases.assginment" tests="5" failures="0" timestamp="2022-01-20T06:34:55 EST" time="40.681" errors="0">
  <testcase name="links" time="1.812" classname="Testcases.assginment"/>
  <system-out/>
  <testcase name="print" time="6.746" classname="Testcases.assginment"/>
  <system-out>
    <![CDATA[Online Shopping site in India: Shop Online for Mobiles, Books, Watches, Shoes and More - Amazon.in
https://www.amazon.in/
<html lang="en-in" class="a-ws a-js a-audio a-video a-canvas a-svg a-drag-drop a-geolocation a-history a-webworker a-autofocus a-input-placeholder a-textarea-placeholder a-local-storage a-gradients a-transform3d a-touch-scrolling a-text-shadow a-text-stroke a-box-shadow a-border-radius a-border-image a-opacity a-transform a-transition null" data-19ax5a9jf="dingo" data-aui-build-date="3.21.9-2022-01-15" data-useragent="Mozilla/5.0 (Windows NT 10.0; Win64; x64) AppleWebKit/537.36 (KHTML, like Gecko) Chrome/97.0.4692.71 Safari/537.36" data-platform="Win32"><!-- sp:feature:head-start --><head><script async="" src="https://c.amazon-adsystem.com/bao-csm/forensics/a9-tq-forensics-incremental.min.js" crossorigin="anonymous"></script><script async="" src="https://images-eu.ssl-images-amazon.com/images/I/31YXrY93hfL.js" crossorigin="anonymous"></script><script>var aPageStart = (new Date()).getTime();</script><meta charset="utf-8">
<!-- sp:end-feature:head-start -->

<script type="text/javascript">var ue_t0=ue_t0||+new Date();</script>
<!-- sp:feature:cs-optimization -->
<meta http-equiv="x-dns-prefetch-control" content="on">
<link rel="dns-prefetch" href="https://images-eu.ssl-images-amazon.com">
<link rel="dns-prefetch" href="https://m.media-amazon.com">
<link rel="dns-prefetch" href="https://completion.amazon.com">
<!-- sp:end-feature:cs-optimization -->
<script type="text/javascript">
window.ue_ihb = (window.ue_ihb || window.ueinit || 0) + 1;
if (window.ue_ihb === 1) {

var ue_csm = window,
    ue_hob = +new Date();
(function(d){var e=d.ue=d.ue||{},f=Date.now||function(){return+new Date};e.d=function(b){return f()-(b?0:d.ue_t0)};e.stub=function(b,a){if(!b[a]){var c=[];b[a]=function(){c.push([c.slice.call(arguments),e.d(),d.ue_id])};b[a].replay=function(b){for(var a;a=c.shift();)b(a[0],a[1],a[2])};b[a].isStub=1}};e.exec=function(b,a){return function(){try{return b.apply(this,arguments)}catch(c){ueLogError(c,{attribution:a||"undefined",logLevel:"WARN"})}}}})(ue_csm);


    var ue_err_chan = 'jserr-rw';
(function(d,e){function h(f,b){if(!(a.ec>a.mxe)&&f){a.ter.push(f);b=b||{};var c=f.logLevel||b.logLevel;c&&c!==k&&c!==m&&c!==n&&c!==p||a.ec++;c&&c!=k||a.ecf++;b.pageURL=""+(e.location?e.location.href:"");b.logLevel=c;b.attribution=f.attribution||b.attribution;a.erl.push({ex:f,info:b})}}function l(a,b,c,e,g){d.ueLogError({m:a,f:b,l:c,c:""+e,err:g,fromOnError:1,args:arguments},g?{attribution:g.attribution,logLevel:g.logLevel}:void 0);return!1}var k="FATAL",m="ERROR",n="WARN",p="DOWNGRADED",a={ec:0,ecf:0,
pec:0,ts:0,erl:[],ter:[],mxe:50,startTimer:function(){a.ts++;setInterval(function(){d.ue&&a.pec<a.ec&&d.uex("at");a.pec=a.ec},1E4)}};l.skipTrace=1;h.skipTrace=1;h.isStub=1;d.ueLogError=h;d.ue_err=a;e.onerror=l})(ue_csm,window);


var ue_id = 'BHPJXCXEQ08Q3G08SG3Z',
    ue_url = '/rd/uedata',
    ue_navtiming = 1,
    ue_mid = 'A21TJRUUN4KGV',
    ue_sid = '262-1911976-2471830',
    ue_sn = 'www.amazon.in',
    ue_furl = 'fls-eu.amazon.in',
    ue_surl = 'https://unagi-eu.amazon.com/1/events/com.amazon.csm.nexusclient.prod',
    ue_int = 0,
    ue_fcsn = 1,
    ue_urt = 3,
    ue_rpl_ns = 'cel-rpl',
    ue_ddq = 1,
    ue_fpf = '//fls-eu.amazon.in/1/batch/1/OP/A21TJRUUN4KGV:262-1911976-2471830:BHPJXCXEQ08Q3G08SG3Z$uedata=s:',
    ue_sbuimp = 1,
    ue_cel_lclia = 1,
    ue_ibft = 0,
    ue_sswmts = 0,
    ue_jsmtf = 0,
    ue_fnt = 0,

    ue_swi = 1;
var ue_viz=function(){(function(b,e,a){function k(c){if(b.ue.viz.length<p&&!l){var a=c.type;c=c.originalEvent;/^focus./.test(a)&&c&&(c.toElement||c.fromElement||c.relatedTarget)||(a=e[m]||("blur"==a||"focusout"==a?"hidden":"visible"),b.ue.viz.push(a+":"+(+new Date-b.ue.t0)),"visible"==a&&(b.ue.isl&&q("at"),l=1))}}for(var l=0,q=b.uex,f,g,m,n=["","webkit","o","ms","moz"],d=0,p=20,h=0;h<n.length&&!d;h++)if(a=n[h],f=(a?a+"H":"h")+"idden",d="boolean"==typeof e[f])g=a+"visibilitychange",m=(a?a+"V":"v")+
"isibilityState";k({});d&&e.addEventListener(g,k,0);b.ue&&d&&(b.ue.pageViz={event:g,propHid:f})})(ue_csm,ue_csm.document,ue_csm.window)};

(function(d,h,N){function H(a){return a&&a.replace&&a.replace(/^\s+|\s+$/g,"")}function u(a){return"undefined"===typeof a}function B(a,b){for(var c in b)b[v](c)&&(a[c]=b[c])}function I(a){try{var b=N.cookie.match(RegExp("(^| )"+a+"=([^;]+)"));if(b)return b[2].trim()}catch(c){}}function O(m,b,c){var q=(x||{}).type;if("device"!==c||2!==q&&1!==q)m&&(d.ue_id=a.id=a.rid=m,w&&(w=w.replace(/((.*?:){2})(\w+)/,function(a,b){return b+m})),D&&(e("id",D,m),D=0)),b&&(w&&(w=w.replace(/(.*?:)(\w|-)+/,function(a,
c){return c+b})),d.ue_sid=b),c&&a.tag("page-source:"+c),d.ue_fpf=w}function P(){var a={};return function(b){b&&(a[b]=1);b=[];for(var c in a)a[v](c)&&b.push(c);return b}}function y(d,b,c,q){q=q||+new E;var f,l;if(b||u(c)){if(d)for(l in f=b?e("t",b)||e("t",b,{}):a.t,f[d]=q,c)c[v](l)&&e(l,b,c[l]);return q}}function e(d,b,c){var e=b&&b!=a.id?a.sc[b]:a;e||(e=a.sc[b]={});"id"===d&&c&&(Q=1);return e[d]=c||e[d]}function R(d,b,c,e,f){c="on"+c;var l=b[c];"function"===typeof l?d&&(a.h[d]=l):l=function(){};b[c]=
function(a){f?(e(a),l(a)):(l(a),e(a))};b[c]&&(b[c].isUeh=1)}function S(m,b,c,q){function p(b,c){var d=[b],g=0,f={},l,h;c?(d.push("m=1"),f[c]=1):f=a.sc;for(h in f)if(f[v](h)){var q=e("wb",h),p=e("t",h)||{},n=e("t0",h)||a.t0,k;if(c||2==q){q=q?g++:"";d.push("sc"+q+"="+h);for(k in p)u(p[k])||null===p[k]||d.push(k+q+"="+(p[k]-n));d.push("t"+q+"="+p[m]);if(e("ctb",h)||e("wb",h))l=1}}!J&&l&&d.push("ctb=1");return d.join("&")}function l(b,c,g,e){if(b){var f=d.ue_err;d.ue_url&&!e&&b&&0<b.length&&(e=new Image,
a.iel.push(e),e.src=b,a.count&&a.count("postbackImageSize",b.length));if(w){var m=h.encodeURIComponent;m&&b&&(e=new Image,b=""+d.ue_fpf+m(b)+":"+(+new E-d.ue_t0),a.iel.push(e),e.src=b)}else a.log&&(a.log(b,"uedata",{n:1}),a.ielf.push(b));f&&!f.ts&&f.startTimer();a.b&&(f=a.b,a.b="",l(f,c,g,1))}}function A(b){var c=x?x.type:F,d=2==c||a.isBFonMshop,c=c&&!d,e=a.bfini;Q||(e&&1<e&&(b+="&bfform=1",c||(a.isBFT=e-1)),d&&(b+="&bfnt=1",a.isBFT=a.isBFT||1),a.ssw&&a.isBFT&&(a.isBFonMshop&&(a.isNRBF=0),u(a.isNRBF)&&
(d=a.ssw(a.oid),d.e||u(d.val)||(a.isNRBF=1<d.val?0:1)),u(a.isNRBF)||(b+="&nrbf="+a.isNRBF)),a.isBFT&&!a.isNRBF&&(b+="&bft="+a.isBFT));return b}if(!a.paused&&(b||u(c))){for(var k in c)c[v](k)&&e(k,b,c[k]);a.isBFonMshop||y("pc",b,c);k="ld"===m&&b&&e("wb",b);var s=e("id",b)||a.id;k||s===a.oid||(D=b,ba(s,(e("t",b)||{}).tc||+e("t0",b),+e("t0",b)));var s=e("id",b)||a.id,t=e("id2",b),g=a.url+"?"+m+"&v="+a.v+"&id="+s,J=e("ctb",b)||e("wb",b),z;J&&(g+="&ctb="+J);t&&(g+="&id2="+t);1<d.ueinit&&(g+="&ic="+d.ueinit);
if(!("ld"!=m&&"ul"!=m||b&&b!=s)){if("ld"==m){try{h[K]&&h[K].isUeh&&(h[K]=null)}catch(I){}if(h.chrome)for(t=0;t<L.length;t++)T(G,L[t]);(t=N.ue_backdetect)&&t.ue_back&&t.ue_back.value++;d._uess&&(z=d._uess());a.isl=1}a._bf&&(g+="&bf="+a._bf());d.ue_navtiming&&f&&(e("ctb",s,"1"),a.isBFonMshop||y("tc",F,F,M));!C||a.isBFonMshop||U||(f&&B(a.t,{na_:f.navigationStart,ul_:f.unloadEventStart,_ul:f.unloadEventEnd,rd_:f.redirectStart,_rd:f.redirectEnd,fe_:f.fetchStart,lk_:f.domainLookupStart,_lk:f.domainLookupEnd,
co_:f.connectStart,_co:f.connectEnd,sc_:f.secureConnectionStart,rq_:f.requestStart,rs_:f.responseStart,_rs:f.responseEnd,dl_:f.domLoading,di_:f.domInteractive,de_:f.domContentLoadedEventStart,_de:f.domContentLoadedEventEnd,_dc:f.domComplete,ld_:f.loadEventStart,_ld:f.loadEventEnd,ntd:("function"!==typeof C.now||u(M)?0:new E(M+C.now())-new E)+a.t0}),x&&B(a.t,{ty:x.type+a.t0,rc:x.redirectCount+a.t0}),U=1);a.isBFonMshop||B(a.t,{hob:d.ue_hob,hoe:d.ue_hoe});a.ifr&&(g+="&ifr=1")}y(m,b,c,q);var r,n;k||b&&
b!==s||ca(b);(c=d.ue_mbl)&&c.cnt&&!k&&(g+=c.cnt());k?e("wb",b,2):"ld"==m&&(a.lid=H(s));for(r in a.sc)if(1==e("wb",r))break;if(k){if(a.s)return;g=p(g,null)}else c=p(g,null),c!=g&&(c=A(c),a.b=c),z&&(g+=z),g=p(g,b||a.id);g=A(g);if(a.b||k)for(r in a.sc)2==e("wb",r)&&delete a.sc[r];z=0;a._rt&&(g+="&rt="+a._rt());c=h.csa;if(!k&&c)for(n in r=e("t",b)||{},c=c("PageTiming"),r)r[v](n)&&c("mark",da[n]||n,r[n]);k||(a.s=0,(n=d.ue_err)&&0<n.ec&&n.pec<n.ec&&(n.pec=n.ec,g+="&ec="+n.ec+"&ecf="+n.ecf),z=e("ctb",b),
"ld"!==m||b||a.markers?a.markers&&a.isl&&!k&&b&&B(a.markers,e("t",b)):(a.markers={},B(a.markers,e("t",b))),e("t",b,{}));a.tag&&a.tag().length&&(g+="&csmtags="+a.tag().join("|"),a.tag=P());n=a.viz||[];(r=n.length)&&(g+="&viz="+n.splice(0,r).join("|"));u(d.ue_pty)||(g+="&pty="+d.ue_pty+"&spty="+d.ue_spty+"&pti="+d.ue_pti);a.tabid&&(g+="&tid="+a.tabid);a.aftb&&(g+="&aftb=1");!a._ui||b&&b!=s||(g+=a._ui());a.a=g;l(g,m,z,k)}}function ca(a){var b=h.ue_csm_markers||{},c;for(c in b)b[v](c)&&y(c,a,F,b[c])}
function A(a,b,c){c=c||h;if(c[V])c[V](a,b,!1);else if(c[W])c[W]("on"+a,b)}function T(a,b,c){c=c||h;if(c[X])c[X](a,b,!1);else if(c[Y])c[Y]("on"+a,b)}function Z(){function a(){d.onUl()}function b(a){return function(){c[a]||(c[a]=1,S(a))}}var c={},e,f;d.onLd=b("ld");d.onLdEnd=b("ld");d.onUl=b("ul");e={stop:b("os")};h.chrome?(A(G,a),L.push(a)):e[G]=d.onUl;for(f in e)e[v](f)&&R(0,h,f,e[f]);d.ue_viz&&ue_viz();A("load",d.onLd);y("ue")}function ba(e,b,c){var f=d.ue_mbl,p=h.csa,l=p&&p("SPA"),p=p&&p("PageTiming");
f&&f.ajax&&f.ajax(b,c);l&&p&&(l("newPage",{requestId:e,transitionType:"soft"}),p("mark","transitionStart",b));a.tag("ajax-transition")}d.ueinit=(d.ueinit||0)+1;var a=d.ue=d.ue||{};a.t0=h.aPageStart||d.ue_t0;a.id=d.ue_id;a.url=d.ue_url;a.rid=d.ue_id;a.a="";a.b="";a.h={};a.s=1;a.t={};a.sc={};a.iel=[];a.ielf=[];a.viz=[];a.v="0.221857.0";a.paused=!1;var v="hasOwnProperty",G="beforeunload",K="on"+G,V="addEventListener",X="removeEventListener",W="attachEvent",Y="detachEvent",da={cf:"criticalFeature",af:"aboveTheFold",
fn:"functional",fp:"firstPaint",fcp:"firstContentfulPaint",bb:"bodyBegin",be:"bodyEnd",ld:"loaded"},E=h.Date,C=h.performance||h.webkitPerformance,f=(C||{}).timing,x=(C||{}).navigation,M=(f||{}).navigationStart,w=d.ue_fpf,Q=0,U=0,L=[],D=0,F;a.oid=H(a.id);a.lid=H(a.id);a._t0=a.t0;a.tag=P();a.ifr=h.top!==h.self||h.frameElement?1:0;a.markers=null;a.attach=A;a.detach=T;if("000-0000000-8675309"===d.ue_sid){var $=I("cdn-rid"),aa=I("session-id");$&&aa&&O($,aa,"cdn")}d.uei=Z;d.ueh=R;d.ues=e;d.uet=y;d.uex=
S;a.reset=O;a.pause=function(d){a.paused=d};Z()})(ue_csm,ue_csm.window,ue_csm.document);


ue.stub(ue,"event");ue.stub(ue,"onSushiUnload");ue.stub(ue,"onSushiFlush");

ue.stub(ue,"log");ue.stub(ue,"onunload");ue.stub(ue,"onflush");
(function(c){var a=c.ue;a.cv={};a.cv.scopes={};a.count=function(d,c,b){var e={},f=a.cv,g=b&&0===b.c;e.counter=d;e.value=c;e.t=a.d();b&&b.scope&&(f=a.cv.scopes[b.scope]=a.cv.scopes[b.scope]||{},e.scope=b.scope);if(void 0===c)return f[d];f[d]=c;d=0;b&&b.bf&&(d=1);ue_csm.ue_sclog||!a.clog||0!==d||g?a.log&&a.log(e,"csmcount",{c:1,bf:d}):a.clog(e,"csmcount",{bf:d})};a.count("baselineCounter2",1);a&&a.event&&(a.event({requestId:c.ue_id||"rid",server:c.ue_sn||"sn",obfuscatedMarketplaceId:c.ue_mid||"mid"},
"csm","csm.CSMBaselineEvent.4"),a.count("nexusBaselineCounter",1,{bf:1}))})(ue_csm);



var ue_hoe = +new Date();
}
window.ueinit = window.ue_ihb;
</script>

<!-- 1n2brx4wxgou5 -->
<script>window.ue && ue.count && ue.count('CSMLibrarySize', 9667)</script>
<!-- sp:feature:aui-assets -->
<link rel="stylesheet" href="https://images-eu.ssl-images-amazon.com/images/I/11EIQ5IGqaL._RC|01ZTHTZObnL.css,41wZkyTaWoL.css,31Y8m1dzTdL.css,013z33uKh2L.css,017DsKjNQJL.css,0131vqwP5UL.css,41EWOOlBJ9L.css,11TIuySqr6L.css,01ElnPiDxWL.css,11bGSgD5pDL.css,01Dm5eKVxwL.css,01IdKcBuAdL.css,01y-XAlI+2L.css,21N4kUH7pxL.css,01oDR3IULNL.css,41CYNGpGlrL.css,01XPHJk60-L.css,114y0SIP+yL.css,21aPhFy+riL.css,11gneA3MtJL.css,21fecG8pUzL.css,01ulGzBW88L.css,01CFUgsA-YL.css,31C80IiXalL.css,11qour3ND0L.css,11gKCCKQV+L.css,11061HxnEvL.css,11oHt2HYxnL.css,013RDhw9hoL.css,11JQtnL-6eL.css,116v6uYvN6L.css,11jtXRmppwL.css,01QrWuRrZ-L.css,21zuRztKjtL.css,11QyqG8yiqL.css,11K24eOJg4L.css,11F2+OBzLyL.css,01890+Vwk8L.css,11Y05DTEL6L.css,01cbS3UK11L.css,21F85am0yFL.css,01giMEP+djL.css_.css?AUIClients/AmazonUI#page_type-Gateway.not-trident">
<script>
(function(d,f,Q,D){function E(a){u&&u.tag&&u.tag(p(":","aui",a))}function r(a,b){u&&u.count&&u.count("aui:"+a,0===b?0:b||(u.count("aui:"+a)||0)+1)}function n(a){try{return a.test(navigator.userAgent)}catch(b){return!1}}function x(a,b,c){a.addEventListener?a.addEventListener(b,c,!1):a.attachEvent&&a.attachEvent("on"+b,c)}function p(a,b,c,h){b=b&&c?b+a+c:b||c;return h?p(a,b,h):b}function F(a,b,c){try{Object.defineProperty(a,b,{value:c,writable:!1})}catch(h){a[b]=c}return c}function wa(a,b,c){var h=
c=a.length,d=function(){h--||(R.push(b),S||(setTimeout(ea,0),S=!0))};for(d();c--;)fa[a[c]]?d():(y[a[c]]=y[a[c]]||[]).push(d)}function xa(a,b,c,h,d){var e=f.createElement(a?"script":"link");x(e,"error",h);d&&x(e,"load",d);a?(e.type="text/javascript",e.async=!0,c&&/AUIClients|images[/]I/.test(b)&&e.setAttribute("crossorigin","anonymous"),e.src=b):(e.rel="stylesheet",e.href=b);f.getElementsByTagName("head")[0].appendChild(e)}function ha(a,b){return function(c,h){function G(){xa(b,c,e,function(b){T?r("resource_unload"):
e?(e=!1,r("resource_retry"),G()):(r("resource_error"),a.log("Asset failed to load: "+c));b&&b.stopPropagation?b.stopPropagation():d.event&&(d.event.cancelBubble=!0)},h)}if(ia[c])return!1;ia[c]=!0;r("resource_count");var e=!0;return!G()}}function ya(a,b,c){for(var h={name:a,guard:function(c){return b.guardFatal(a,c)},guardTime:function(a){return b.guardTime(a)},logError:function(c,e,d){b.logError(c,e,d,a)}},d=[],e=0;e<c.length;e++)H.hasOwnProperty(c[e])&&(d[e]=U.hasOwnProperty(c[e])?U[c[e]](H[c[e]],
h):H[c[e]]);return d}function z(a,b,c,h,G){return function(e,f){function k(){var a=null;h?a=f:"function"===typeof f&&(n.start=v(),a=f.apply(d,ya(e,g,l)),n.end=v());if(b){H[e]=a;a=e;for(fa[a]=!0;(y[a]||[]).length;)y[a].shift()();delete y[a]}n.done=!0}var g=G||this;"function"===typeof e&&(f=e,e=D);b&&(e=e?e.replace(ja,""):"__NONAME__",V.hasOwnProperty(e)&&g.error(p(", reregistered by ",p(" by ",e+" already registered",V[e]),g.attribution),e),V[e]=g.attribution);for(var l=[],m=0;m<a.length;m++)l[m]=
a[m].replace(ja,"");var n=A[e||"anon"+ ++za]={depend:l,registered:v(),namespace:g.namespace};e&&Aa.hasOwnProperty(e);c?k():wa(l,g.guardFatal(e,k),e);return{decorate:function(a){U[e]=g.guardFatal(e,a)}}}}function ka(a){return function(){var b=Array.prototype.slice.call(arguments);return{execute:z(b,!1,a,!1,this),register:z(b,!0,a,!1,this)}}}function W(a,b){return function(c,d){d||(d=c,c=D);var h=this.attribution;return function(){t.push(b||{attribution:h,name:c,logLevel:a});var e=d.apply(this,arguments);
t.pop();return e}}}function I(a,b){this.load={js:ha(this,!0),css:ha(this)};F(this,"namespace",b);F(this,"attribution",a)}function la(){f.body?q.trigger("a-bodyBegin"):setTimeout(la,20)}function B(a,b){a.className=X(a,b)+" "+b}function X(a,b){return(" "+a.className+" ").split(" "+b+" ").join(" ").replace(/^ | $/g,"")}function ma(a){try{return a()}catch(b){return!1}}function Y(a){return d.matchMedia?d.matchMedia(a):{matches:!1}}function J(){if(K){var a=k.mobile||k.tablet?Z.matches&&L.matches:L.matches;
if(na!==a){var b={w:d.innerWidth||g.clientWidth,h:d.innerHeight||g.clientHeight};if(17<Math.abs(aa.w-b.w)||50<Math.abs(aa.h-b.h))aa=b,(na=a)?B(g,"a-ws"):g.className=X(g,"a-ws")}}}function Ba(a){(K=a===D?!K:!!a)&&J()}function Ca(){return K}function oa(){C.forEach(function(a){E(a)})}function pa(a,b,c){if(b){a=n(/Chrome/i)&&!n(/Edge/i)&&!n(/OPR/i)&&!a.capabilities.isAmazonApp&&!n(new RegExp(ba+"bwv"+ba+"b"));var d="sw:browser:"+c+":";b.browser&&a&&(C.push(d+"supported"),b.browser.action(d,c));!a&&b.browser&&
C.push(d+"unsupported")}}"use strict";var M=Q.now=Q.now||function(){return+new Q},v=function(a){return a&&a.now?a.now.bind(a):M}(d.performance),N=v(),Aa={},l=d.AmazonUIPageJS||d.P;if(l&&l.when&&l.register){N=[];for(var m=f.currentScript;m;m=m.parentElement)m.id&&N.push(m.id);return l.log("A copy of P has already been loaded on this page.","FATAL",N.join(" "))}var u=d.ue;E();E("aui_build_date:3.21.9-2022-01-15");var R=[],Da=[],S=!1;var ea=function(){for(var a=setTimeout(ea,0),b=M();Da.length||R.length;)if(R.shift()(),
50<M()-b)return;clearTimeout(a);S=!1};var fa={},y={},ia={},T=!1;x(d,"beforeunload",function(){T=!0;setTimeout(function(){T=!1},1E4)});var ja=/^prv:/,V={},H={},U={},A={},za=0,ba=String.fromCharCode(92),t=[],qa=!0,ra=d.onerror;d.onerror=function(a,b,c,h,f){f&&"object"===typeof f||(f=Error(a,b,c),f.columnNumber=h,f.stack=b||c||h?p(ba,f.message,"at "+p(":",b,c,h)):D);var e=t.pop()||{};f.attribution=p(":",f.attribution||e.attribution,e.name);f.logLevel=e.logLevel;f.attribution&&console&&console.log&&console.log([f.logLevel||
"ERROR",a,"thrown by",f.attribution].join(" "));t=[];ra&&(e=[].slice.call(arguments),e[4]=f,ra.apply(d,e))};I.prototype={logError:function(a,b,c,f){b={message:b,logLevel:c||"ERROR",attribution:p(":",this.attribution,f)};if(d.ueLogError)return d.ueLogError(a||b,a?b:null),!0;console&&console.error&&(console.log(b),console.error(a));return!1},error:function(a,b,c,d){a=Error(p(":",d,a,c));a.attribution=p(":",this.attribution,b);throw a;},guardError:W(),guardFatal:W("FATAL"),guardCurrent:function(a){var b=
t[t.length-1];return b?W(b.logLevel,b).call(this,a):a},guardTime:function(a){var b=t[t.length-1],c=b&&b.name;return c&&c in A?function(){var b=v(),d=a.apply(this,arguments);A[c].async=(A[c].async||0)+v()-b;return d}:a},log:function(a,b,c){return this.logError(null,a,b,c)},declare:z([],!0,!0,!0),register:z([],!0),execute:z([]),AUI_BUILD_DATE:"3.21.9-2022-01-15",when:ka(),now:ka(!0),trigger:function(a,b,c){var f=M();this.declare(a,{data:b,pageElapsedTime:f-(d.aPageStart||NaN),triggerTime:f});c&&c.instrument&&
O.when("prv:a-logTrigger").execute(function(b){b(a)})},handleTriggers:function(){this.log("handleTriggers deprecated")},attributeErrors:function(a){return new I(a)},_namespace:function(a,b){return new I(a,b)},setPriority:function(a){qa?qa=!1:this.log("setPriority only accept the first call.")}};var q=F(d,"AmazonUIPageJS",new I);var O=q._namespace("PageJS","AmazonUI");O.declare("prv:p-debug",A);q.declare("p-recorder-events",[]);q.declare("p-recorder-stop",function(){});F(d,"P",q);la();if(f.addEventListener){var sa;
f.addEventListener("DOMContentLoaded",sa=function(){q.trigger("a-domready");f.removeEventListener("DOMContentLoaded",sa,!1)},!1)}var g=f.documentElement,ca=function(){var a=["O","ms","Moz","Webkit"],b=f.createElement("div");return{testGradients:function(){return!0},test:function(c){var d=c.charAt(0).toUpperCase()+c.substr(1);c=(a.join(d+" ")+d+" "+c).split(" ");for(d=c.length;d--;)if(""===b.style[c[d]])return!0;return!1},testTransform3d:function(){return!0}}}();l=g.className;var ta=/(^| )a-mobile( |$)/.test(l),
ua=/(^| )a-tablet( |$)/.test(l),k={audio:function(){return!!f.createElement("audio").canPlayType},video:function(){return!!f.createElement("video").canPlayType},canvas:function(){return!!f.createElement("canvas").getContext},svg:function(){return!!f.createElementNS&&!!f.createElementNS("http://www.w3.org/2000/svg","svg").createSVGRect},offline:function(){return navigator.hasOwnProperty&&navigator.hasOwnProperty("onLine")&&navigator.onLine},dragDrop:function(){return"draggable"in f.createElement("span")},
geolocation:function(){return!!navigator.geolocation},history:function(){return!(!d.history||!d.history.pushState)},webworker:function(){return!!d.Worker},autofocus:function(){return"autofocus"in f.createElement("input")},inputPlaceholder:function(){return"placeholder"in f.createElement("input")},textareaPlaceholder:function(){return"placeholder"in f.createElement("textarea")},localStorage:function(){return"localStorage"in d&&null!==d.localStorage},orientation:function(){return"orientation"in d},
touch:function(){return"ontouchend"in f},gradients:function(){return ca.testGradients()},hires:function(){var a=d.devicePixelRatio&&1.5<=d.devicePixelRatio||d.matchMedia&&d.matchMedia("(min-resolution:144dpi)").matches;r("hiRes"+(ta?"Mobile":ua?"Tablet":"Desktop"),a?1:0);return a},transform3d:function(){return ca.testTransform3d()},touchScrolling:function(){return n(/Windowshop|android|OS ([5-9]|[1-9][0-9]+)(_[0-9]{1,2})+ like Mac OS X|SOFTWARE=([5-9]|[1-9][0-9]+)(.[0-9]{1,2})+.*DEVICE=iPhone|Chrome|Silk|Firefox|Trident.+?; Touch/i)},
ios:function(){return n(/OS [1-9][0-9]*(_[0-9]*)+ like Mac OS X/i)&&!n(/trident|Edge/i)},android:function(){return n(/android.([1-9]|[L-Z])/i)&&!n(/trident|Edge/i)},mobile:function(){return ta},tablet:function(){return ua},rtl:function(){return"rtl"===g.dir}};for(m in k)k.hasOwnProperty(m)&&(k[m]=ma(k[m]));for(var da="textShadow textStroke boxShadow borderRadius borderImage opacity transform transition".split(" "),P=0;P<da.length;P++)k[da[P]]=ma(function(){return ca.test(da[P])});var K=!0,aa={w:0,
h:0},Z=Y("(orientation:landscape)"),L=k.mobile||k.tablet?Y("(min-width:451px)"):Y("(min-width:1250px)");Z.addListener&&Z.addListener(J);L.addListener&&L.addListener(J);var na;J();var va={getItem:function(a){try{return d.localStorage.getItem(a)}catch(b){}},setItem:function(a,b){try{return d.localStorage.setItem(a,b)}catch(c){}}};g.className=X(g,"a-no-js");B(g,"a-js");!n(/OS [1-8](_[0-9]*)+ like Mac OS X/i)||d.navigator.standalone||n(/safari/i)||B(g,"a-ember");l=[];for(m in k)k.hasOwnProperty(m)&&k[m]&&
l.push("a-"+m.replace(/([A-Z])/g,function(a){return"-"+a.toLowerCase()}));B(g,l.join(" "));g.setAttribute("data-aui-build-date","3.21.9-2022-01-15");q.register("p-detect",function(){return{capabilities:k,localStorage:k.localStorage&&va,toggleResponsiveGrid:Ba,responsiveGridEnabled:Ca}});n(/UCBrowser/i)||k.localStorage&&B(g,va.getItem("a-font-class"));q.declare("a-event-revised-handling",!1);try{var w=navigator.serviceWorker}catch(a){E("sw:nav_err")}w&&(x(w,"message",function(a){a&&a.data&&r(a.data.k,
a.data.v)}),w.controller&&w.controller.postMessage("MSG-RDY"));var C=[];l={reg:{},unreg:{}};l.reg.browser={action:function(a,b){w.register("/service-worker.js").then(function(){r(a+"success")}).catch(function(c){q.logError(c,"[AUI SW] Failed to "+b+" service worker: ");r(a+"failure")})}};(function(a){var b=a.reg,c=a.unreg;w&&w.getRegistrations?(O.when("A").execute(function(a){pa(a,c,"unregister")}),x(d,"load",function(){O.when("A").execute(function(a){pa(a,b,"register");oa()})})):(b&&b.browser&&C.push("sw:browser:register:unsupported"),
c&&c.browser&&C.push("sw:browser:unregister:unsupported"),oa())})(l);q.declare("a-fix-event-off",!1);r("pagejs:pkgExecTime",v()-N)})(window,document,Date);
(function(b){function q(a,f,d){function e(a,b,c){var e=Array(f.length);~l&&(e[l]={});~m&&(e[m]=c);for(c=0;c<n.length;c++){var g=n[c],r=a[c];e[g]=r}for(c=0;c<p.length;c++)g=p[c],r=b[c],e[g]=r;a=d.apply(null,e);return~l?e[l]:a}"string"!==typeof a&&b.P.error("C001");-1===a.indexOf("@")&&-1<a.indexOf("/")&&(-1<a.indexOf("es3")||-1<a.indexOf("evergreen"))&&(a=a.substring(0,a.lastIndexOf("/")));if(!t[a]){t[a]=!0;d||(d=f,f=[]);a=a.split(":",2);var c=a[1]?a[0]:void 0,g=(a[1]||a[0]).replace(/@capability\//,
"@c/"),k=c?b.P._namespace(c):b.P,u=!g.lastIndexOf("@c/",0),n=[];a=[];var p=[],v=[],m=-1,l=-1;for(c=0;c<f.length;c++){var h=f[c];"module"===h&&k.error("C002");"exports"===h?l=c:"require"===h?m=c:h.lastIndexOf("@p/",0)?h.lastIndexOf("@c/",0)?(n.push(c),a.push("mix:"+h)):(p.push(c),v.push(h)):(n.push(c),a.push(h.substr(3)))}k.when.apply(k,a).register("mix:"+g,function(){var a=[].slice.call(arguments);return u||~m||p.length?{capabilities:v,cardModuleFactory:function(b,c){b=e(a,b,c);b.P=k;return b},require:~m?
q:void 0}:e(a,[],function(){})});u&&k.when("mix:@amzn/mix.client-runtime","mix:"+g).execute(function(a,b){a.registerCapabilityModule(g,b)});k.when("mix:"+g).register("xcp:"+g,function(a){return a});var q=function(a,b,c){try{var f=-1<g.indexOf("/")?g.split("/")[0]:g,d=a[0],e=d.lastIndexOf("./",0)?d:f+"/"+d.substr(2),h=e.lastIndexOf("@p/",0)?"mix:"+e:e.substr(3);k.when(h).execute(function(a){try{b(a)}catch(x){c(x)}})}catch(w){c(w)}}}}"use strict";var t={};b.mix_d||((b.Promise?P:P.when("3p-promise")).register("@p/promise-is-ready",
function(a){b.Promise=b.Promise||a}),(Array.prototype.includes?P:P.when("a-polyfill")).register("@p/polyfill-is-ready",function(){}),b.mix_d=function(a,b,d){P.when("@p/promise-is-ready","@p/polyfill-is-ready").execute("@p/mix-d-deps",function(){q(a,b,d)})},b.xcp_d=b.mix_d,P.when("mix:@amzn/mix.client-runtime").execute(function(a){P.declare("xcp:@xcp/runtime",a)}));b.mixTimeout||(b.mixTimeout=function(a,f,d){b.mixCardInitTimeouts||(b.mixCardInitTimeouts={});b.mixCardInitTimeouts[f]&&clearTimeout(b.mixCardInitTimeouts[f]);
b.mixCardInitTimeouts[f]=setTimeout(function(){P.log("Client-side initialization timeout","WARN",a)},d)});b.mix_csa_map=b.mix_csa_map||{};b.mix_csa_internal=b.mix_csa_internal||function(a,f,d){return b.mix_csa_map[f]=b.mix_csa_map[f]||b.csa(a,d)};b.mix_csa_internal_key=b.mix_csa_internal_key||function(a,b){for(var d="",e=0;e<b.length;e++){var c=b[e];void 0!==a[c]&&"object"!==typeof a[c]&&(d+=c+":"+a[c]+",")}if(!d)throw Error("bad mix-csa key gen.");return d};b.mix_csa_event=b.mix_csa_event||function(a){try{var f=
b.mix_csa_internal_key(a,["producerId"])}catch(d){return P.logError(d,"MIX C005","ERROR",void 0),function(){}}try{return b.mix_csa_internal(f,"Event",a)}catch(d){return P.logError(d,"MIX C004","ERROR",f),function(){}}};b.mix_csa=b.mix_csa||function(a,f){try{f=f||"";var d=document.querySelectorAll(a);if(1<d.length)for(var e=0;e<d.length;e++){if(d[e].querySelector(f)){var c=d[e];break}}else 1===d.length&&(c=d[0]);if(!c)throw Error(" ");return b.mix_csa_internal("Content",a,{element:c})}catch(g){return P.logError(g,
"MIX C004","ERROR",a),function(){}}}})(window);
  (window.AmazonUIPageJS ? AmazonUIPageJS : P).load.js('https://images-eu.ssl-images-amazon.com/images/I/61XKxrBtDVL.js?AUIClients/AmazonUIjQuery');
(window.AmazonUIPageJS ? AmazonUIPageJS : P).when('sp.load.js').execute(function() {
  (window.AmazonUIPageJS ? AmazonUIPageJS : P).load.js('https://images-eu.ssl-images-amazon.com/images/I/11Y+5x+kkTL._RC|51106gSDnJL.js,11yKORv-GTL.js,11giXtZCwVL.js,01+z+uIeJ-L.js,01VRMV3FBdL.js,21SDJtBU-PL.js,012FVc3131L.js,11rRjDLdAVL.js,51H19hJRYrL.js,11kWu3cNjYL.js,11tMohjWmVL.js,11OREnu1epL.js,11wcWdhrnDL.js,21ssiLNIZvL.js,0190vxtlzcL.js,51+N26vFcBL.js,01JYHc2oIlL.js,31R9m8rig5L.js,01ezj5Rkz1L.js,11+RxVdhNcL.js,31o2NGTXThL.js,01rpauTep4L.js,01KFkXJxMTL.js_.js?AUIClients/AmazonUI#page_type-Gateway');
  (window.AmazonUIPageJS ? AmazonUIPageJS : P).load.js('https://images-eu.ssl-images-amazon.com/images/I/51m0iocT4ZL.js?AUIClients/CardJsRuntimeBuzzCopyBuild');
});
</script><script type="text/javascript" async="" crossorigin="anonymous" src="https://images-eu.ssl-images-amazon.com/images/I/61XKxrBtDVL.js?AUIClients/AmazonUIjQuery"></script>
<!-- sp:end-feature:aui-assets -->
<!-- sp:feature:nav-inline-css -->
<!-- NAVYAAN CSS -->

<style type="text/css">
.nav-sprite-v1 .nav-sprite, .nav-sprite-v1 .nav-icon {
  background-image: url(https://images-eu.ssl-images-amazon.com/images/G/31/gno/sprites/nav-sprite-global-1x-hm-dsk-reorg._CB405936311_.png);
  background-position: 0 1000px;
  background-repeat: repeat-x;
}
.nav-spinner {
  background-image: url(https://images-eu.ssl-images-amazon.com/images/G/31/javascripts/lib/popover/images/snake._CB485935600_.gif);
  background-position: center center;
  background-repeat: no-repeat;
}
.nav-timeline-icon, .nav-access-image, .nav-timeline-prime-icon {
  background-image: url(https://images-eu.ssl-images-amazon.com/images/G/31/gno/sprites/timeline_sprite_1x._CB439943932_.png);
  background-repeat: no-repeat;
}
</style>
<link rel="stylesheet" href="https://images-eu.ssl-images-amazon.com/images/I/41KBYOkTjIL._RC|71Fh67qo7AL.css,41Etv-g4obL.css,31CdpXAsWCL.css,313Ydl5aIRL.css,21MKjoYL8wL.css,41dMxRXAxPL.css,01yCq3WXEcL.css,11kO7yAgiQL.css,31OvHRW+XiL.css,01XHMOHpK1L.css,11iUHDm4--L.css,31jJwAF+yLL.css_.css?AUIClients/NavDesktopUberAsset&amp;eRSuagD1#desktop.in.310484-T1">
<!-- sp:end-feature:nav-inline-css -->
<!-- sp:feature:host-assets -->
<style>
#gw-desktop-herotator,#gw-desktop-herotator .a-carousel-viewport{height:300px}#gw-desktop-herotator.tall{z-index:0}#gw-desktop-herotator.tall,#gw-desktop-herotator.tall .a-carousel-controls{max-height:230px}#gw-desktop-herotator.tall .a-carousel-viewport{height:auto!important}#gw-desktop-herotator.tall .a-carousel-left,#gw-desktop-herotator.tall .a-carousel-right{max-height:250px}#gw-desktop-herotator.tall .a-carousel-viewport::before{background:linear-gradient(-180deg,rgba(234,237,237,0),#eaeded);bottom:0;content:"";filter:progid:DXImageTransform.Microsoft.gradient(startColorstr='#00EAEDED', endColorstr='#EAEDED', GradientType=0);-ms-filter:"progid:DXImageTransform.Microsoft.gradient(startColorstr='#00EAEDED', endColorstr='#EAEDED',GradientType=0)";left:0;pointer-events:none;position:absolute;right:0;top:250px;z-index:1}#gw-desktop-herotator.tall .a-carousel-container{overflow:visible}
</style>
<link rel="stylesheet" href="https://images-eu.ssl-images-amazon.com/images/I/41Gc3C8UysL.css?AUIClients/AmazonGatewayAuiAssets">
<style>
.gw-card-layout .a-cardui{background:#fff;height:100%;position:relative;margin-bottom:0;margin-top:0;overflow:hidden;padding-top:20px}.gw-card-layout .a-cardui .a-cardui-header{padding:0 20px;margin-bottom:10px}.gw-card-layout .a-cardui .a-cardui-footer{padding:0 20px;margin-bottom:20px;position:absolute;bottom:0;width:100%}.gw-card-layout .a-cardui .a-cardui-body{padding:0 20px 56px 20px;margin-bottom:0}.gw-card-layout .a-cardui .a-cardui-body:last-child{padding-bottom:20px}.gw-card-layout .a-cardui:last-child{margin-bottom:0}.a-lt-ie9 .gw-card-layout .a-cardui .a-cardui-body{padding-bottom:20px}.gw-card-layout{font-size:13px!important;line-height:19px!important}.gw-card-layout .a-size-base{font-size:13px!important;line-height:19px!important}.gw-card-layout .a-size-small{font-size:12px!important;line-height:18px!important}.gw-card-layout .a-size-base-plus{font-size:15px!important;line-height:21px!important}.gw-card-layout .a-size-medium{font-size:17px!important;line-height:21.34px!important}.gw-card-layout .a-size-large{font-size:21px!important;line-height:27.3px!important}.gw-card-layout h2{font-size:21px!important;line-height:27.3px!important}.truncate-1line,.truncate-2line{display:block;overflow:hidden;text-overflow:ellipsis;-ms-text-overflow:ellipsis}.truncate-1line{white-space:nowrap}.truncate-2line{display:-webkit-box;-webkit-box-orient:vertical;-webkit-line-clamp:2;max-height:38px}.truncate-2line.a-size-base{max-height:38px}.truncate-2line.a-size-small{max-height:36px}.truncate-2line.a-size-base-plus{max-height:42px}.truncate-2line.a-size-medium{max-height:42.67px}.truncate-2line.a-size-large{max-height:54.6px}h2.truncate-2line{max-height:54.6px}.gw-card-layout .a-cardui.gw-media-card{padding-top:0;color:#fff}.gw-card-layout .a-cardui.gw-media-card .a-cardui-footer,.gw-card-layout .a-cardui.gw-media-card .a-cardui-header{position:absolute;left:0;z-index:1;width:100%}.gw-card-layout .a-cardui.gw-media-card .a-cardui-header{margin-top:20px;padding:0 20px;top:0}.gw-card-layout .a-cardui.gw-media-card .a-cardui-header h3{margin-right:340px}.gw-card-layout .a-cardui.gw-media-card .a-cardui-footer{margin-bottom:20px;padding:0 20px;bottom:0}.gw-card-layout .a-cardui.gw-media-card .a-cardui-footer .a-link-normal{color:#fff}.gw-card-layout .a-cardui.gw-media-card .a-cardui-body{padding:0;width:100%;height:100%;overflow:hidden;position:relative}.gw-card-layout .a-cardui.gw-media-card .asinImage{position:absolute;top:0;bottom:0;right:20px;margin:auto}.gw-card-layout .a-cardui.gw-media-card .asinImage img{box-shadow:0 2px 6px 0 rgba(0,0,0,.5)}.gw-card-layout .a-cardui.gw-media-card .asinBackground{width:100%;height:100%;overflow:hidden;background-repeat:no-repeat;background-position:center right;background-size:cover;filter:blur(10px);-webkit-filter:blur(10px);filter:progid:DXImageTransform.Microsoft.Blur(PixelRadius='10px');-ms-filter:"progid:DXImageTransform.Microsoft.Blur(PixelRadius='10px')";transform:scale(1.1);-webkit-transform:scale(1.1)}.gw-card-layout .a-cardui.gw-media-card .backgroundGradient{position:absolute;top:0;left:0;width:100%;height:100%;background:linear-gradient(to right,#111,rgba(17,17,17,.2));filter:progid:DXImageTransform.Microsoft.gradient(startColorstr=#111111, endColorstr=#17171733, GradientType=1);-ms-filter:"progid:DXImageTransform.Microsoft.gradient(startColorstr=#111111, endColorstr=#17171733, GradientType=1)"}.gw-card-layout[data-flow-dir="h"]{display:-webkit-flex;display:flex;-webkit-flex-flow:row wrap;flex-flow:row wrap}.gw-card-layout[data-flow-dir="h"]>.gw-col{height:420px;min-height:420px;-webkit-flex:1 0 290px;flex:1 0 290px;padding-left:10px;padding-right:10px;min-width:290px}.gw-card-layout[data-flow-dir="h"] .card-flow-row-break{-webkit-flex:1 0 100%;flex:1 0 100%}.gw-card-layout[data-flow-dir="h"]>.gw-col[data-col-span-ws="2"]{-webkit-flex:2 0 580px;flex:2 0 580px}.gw-card-layout[data-flow-dir="h"]>.gw-col[data-col-span-ws="4"]{-webkit-flex:1 0 100%;flex:1 0 100%}.gw-card-layout[data-flow-dir="h"] .gw-card-layout[data-flow-dir="v"]{display:-webkit-flex;display:flex;-webkit-flex-flow:column nowrap;flex-flow:column nowrap;margin-top:-10px;margin-bottom:-10px}.gw-card-layout[data-flow-dir="v"]>.gw-row{-webkit-flex:1 0 0;flex:1 0 0;margin-top:10px;margin-bottom:10px}.gw-card-layout [data-order-ws="1"]{-webkit-order:1;order:1}.gw-card-layout [data-order-ws="2"]{-webkit-order:2;order:2}.gw-card-layout [data-order-ws="3"]{-webkit-order:3;order:3}.gw-card-layout [data-order-ws="4"]{-webkit-order:4;order:4}.gw-card-layout [data-order-ws="5"]{-webkit-order:5;order:5}.gw-card-layout [data-order-ws="6"]{-webkit-order:6;order:6}.gw-card-layout [data-order-ws="7"]{-webkit-order:7;order:7}.gw-card-layout [data-order-ws="8"]{-webkit-order:8;order:8}.gw-card-layout [data-order-ws="9"]{-webkit-order:9;order:9}.gw-card-layout [data-order-ws="10"]{-webkit-order:10;order:10}.gw-card-layout [data-order-ws="11"]{-webkit-order:11;order:11}.gw-card-layout [data-order-ws="12"]{-webkit-order:12;order:12}.gw-card-layout [data-order-ws="13"]{-webkit-order:13;order:13}.gw-card-layout .gw-col.gw-fixed-col{min-width:320px}@media (min-width:1240px){.gw-card-layout>hr:last-of-type{display:none}}@media (max-width:1239px){.gw-card-layout[data-flow-dir="h"]>.gw-col{-webkit-flex-basis:33.33333%;flex-basis:33.33333%;min-width:33.33333%}.gw-card-layout[data-flow-dir="h"]>.gw-col[data-col-span-sm="2"]{-webkit-flex:2 0 66.66667%;flex:2 0 66.66667%}.gw-card-layout[data-flow-dir="h"]>.gw-col[data-col-span-sm="3"]{-webkit-flex:1 0 100%;flex:1 0 100%}.gw-card-layout [data-order-sm="1"]{-webkit-order:1;order:1}.gw-card-layout [data-order-sm="2"]{-webkit-order:2;order:2}.gw-card-layout [data-order-sm="3"]{-webkit-order:3;order:3}.gw-card-layout [data-order-sm="4"]{-webkit-order:4;order:4}.gw-card-layout [data-order-sm="5"]{-webkit-order:5;order:5}.gw-card-layout [data-order-sm="6"]{-webkit-order:6;order:6}.gw-card-layout [data-order-sm="7"]{-webkit-order:7;order:7}.gw-card-layout [data-order-sm="8"]{-webkit-order:8;order:8}.gw-card-layout [data-order-sm="9"]{-webkit-order:9;order:9}.gw-card-layout [data-order-sm="10"]{-webkit-order:10;order:10}.gw-card-layout [data-order-sm="11"]{-webkit-order:11;order:11}.gw-card-layout [data-order-sm="12"]{-webkit-order:12;order:12}.gw-card-layout [data-order-sm="13"]{-webkit-order:13;order:13}.gw-card-layout .gw-col.gw-fixed-col{min-width:none}}.gw-card-layout[data-flow-dir="h"]>.card-flow-row-break{height:20px;margin:0;border:none}.gw-card-layout[data-flow-dir="h"]>[data-display-at]{display:none}.gw-card-layout[data-flow-dir="h"]>[data-display-at*=ws]{display:block}.gw-card-layout[data-flow-dir="h"][data-grid-breakpoint=ws]>[data-hide-at-ws]{display:none!important}.gw-card-layout[data-flow-dir="h"] .gw-auto-height{height:auto!important;min-height:0!important}@media (max-width:1239px){.gw-card-layout[data-flow-dir="h"]{min-width:919px}.gw-card-layout[data-flow-dir="h"]>[data-display-at]{display:none}.gw-card-layout[data-flow-dir="h"]>[data-display-at*=sm]{display:block}.gw-card-layout[data-flow-dir="h"][data-grid-breakpoint=sm]>[data-hide-at-sm]{display:none!important}}
</style>
<script>
var GWI=function(b){var a={},g={},d=function(){},h=function(){function c(f,c){for(var e=[],a=0;a<f.length;a++)e.push({id:f[a],occured:!1});this.notify=function(f){for(var a=0;a<e.length;a++){var k=e[a];k.id===f&&(k.occured=!0)}f=!0;for(a=0;a<e.length;a++)f=f&&e[a].occured;f&&c()}}function b(f,a){function e(){c.occured&&(c.time=(new Date).getTime())}var c=this,k=[];c.time=0;c.occured=a;e();c.notifySubscribers=function(){c.occured=!0;e();for(var a=0;a<k.length;a++)k[a].notify(f)};c.registerSubscriber=
function(a){null!==a&&void 0!==a&&k.push(a);c.occured&&a.notify(f)}}var e=this,k={},a=[];e.registerEvent=function(f,e){if(void 0===k[f])for(k[f]=new b(f,e),e=0;e<a.length;e++){var d=new c([f],a[e]);k[f].registerSubscriber(d)}};e.registerSubscriber=function(f,a){a=new c(f,a);for(var b=0;b<f.length;b++){var d=f[b];e.registerEvent(d,!1);k[d].registerSubscriber(a)}return a};e.notifySubscribers=function(f){k[f].notifySubscribers()};e.getUnoccuredEvents=function(f){var a=[],e;for(e=0;e<f.length;e++){var c=
f[e];(void 0===k[c]||k[c]&&!k[c].occured)&&a.push(c)}return a};e.getMaxTime=function(f){var a=0,e;for(e=0;e<f.length;e++){var c=f[e];k[c]&&k[c].time>a&&(a=k[c].time)}return a};e.addGlobalHanlder=function(f){"function"===typeof f&&a.push(f)};return e}();a.whenAll=function(a,b){return h.registerSubscriber(a,b)};a.whenAny=function(c,b){for(var e=[],k=0;k<c.length;k++)e.push(a.whenAll([c[k]],b));return e};a.onEvent=h.addGlobalHanlder;a.register=function(a){h.registerEvent(a,!0);h.notifySubscribers(a)};
a.recordLatency=function(a){g[a]||(g[a]=!0,b.uet&&uet("cf",a,{wb:1}),b.uex&&uex("ld",a,{wb:1}))};a.registerX1Once=function(c){c&&c.register("x1");a.registerX1Once=d};a.fireX2Once=function(c,g){b.uet&&uet("x2",void 0,void 0,g);a.registerX2Once(c);a.fireX2Once=d};a.registerX2Once=function(c){a.registerX2Once=d;c&&c.register("x2");a.register("x2")};a.regGwAtfReadyOnce=function(c){c&&c.register("gwAtfReady");a.register("gwAtfReady");a.regGwAtfReadyOnce=d};a.getUnoccuredEvents=h.getUnoccuredEvents;a.getMaxTime=
h.getMaxTime;return a}(window);"use strict";GWI.preload=function(b,a){if(b){var g=new Image;g.onload=function(){a&&a()};g.src=b;return g.complete}};"use strict";GWI.instrumentImages=function(b,a){var g={};if(b&&a)for(g.imgArray=a.split(" "),g.totalImgs=g.imgArray.length,g.scope=b+"-visible",g.imgReady=function(){g.totalImgs--;0===g.totalImgs&&(GWI.recordLatency(g.scope),GWI.register(g.scope))},b=0;b<g.imgArray.length;b++)GWI.preload(g.imgArray[b],g.imgReady);return g};"use strict";
GWI.util=function(){return{logScope:function(b){var a=window.GWI;b&&a&&(a.recordLatency(b),a.register(b))},getParent:function(b){return(b=document.getElementById(b))&&b.parentElement},gwiData:function(b){var a;if(a=b)b=b.getAttribute("data-gwi"),a=window.JSON&&JSON.parse&&JSON.parse(b);return a||{}}}}();"use strict";
GWI.BillboardWidget=function(b,a){if(window.GWI&&window.GWI.util){var g=function(){for(var a=0;a<c.length;++a)if(!c[a].complete)return;d.logScope(h.visible);d.logScope(h.active)};a=a||[];var d=window.GWI.util;b=d.getParent(b);var h=d.gwiData(b),c=[];for(b=0;b<a.length;++b)(function(b){var e=new Image;e.onload=g;e.src=a[b];c[b]=e})(b);g()}};"use strict";
GWI.AssetUtil=function(){var b={image:function(a){a&&(window.GwInstrumentation&&window.GwInstrumentation.CF(a),a=window.ue,"object"===typeof a&&"function"===typeof a.count&&a.count("gw-preload-img",(a.count("gw-preload-img")||0)+1))}};return{load:function(a){a=a||[];for(var g=0;g<a.length;g++){var d=a[g];if(d&&d.src&&d.type&&"function"===typeof b[d.type])b[d.type](d.src)}}}}();"use strict";
GWI.Card=function(b,a){function g(a){"object"==typeof ue&&"function"==typeof ue.count&&ue.count(a,(ue.count(a)||0)+1)}function d(a){for(var b=0;b<h.length;b++)if(-1<(" "+a.className+" ").indexOf(" "+h[b]+" "))return!0;return!1}var h=["image-map","scalable-image-map","scalable-image-link","product-shoveler"];return{autoInstVisible:function(c){if(b.GWI&&GWI.util){var h=function(){for(r=0;r<p.length;++r)if(!p[r].complete)return;e.logScope(l+"-visible")},e=GWI.util,k=e.getParent(c),q=a.getElementById(c),
f=q.getElementsByTagName("img"),r,l=k.id,p=[];if(!d(q))if(0===l.length||l===c)g("gatewayCardInstrumentationFail");else{for(c=0;c<f.length;c++)k=f[c],k.onload=h,p[c]=k;h()}}},autoInstActive:function(c){if(b.GWI&&GWI.util){var h=GWI.util,e=h.getParent(c),k=a.getElementById(c),e=e.id;d(k)||(0===e.length||e===c?g("gatewayCardInstrumentationFail"):h.logScope(e+"-active"))}}}}(window,document);"use strict";
P.register("atfWidgetComponent",function(){function b(e){var b=Array.prototype.slice.call(m("#gw-card-layout .gw-col")),c,f=[],g=(c=document.getElementById("gw-card-layout"))&&c.dataset&&c.dataset.gridBreakpoint?c.dataset.gridBreakpoint:"ws",l="xs"===g?2:"sm"===g?3:4,p="data-order-"+g,n=0,t=0,u=0;for(c=0;c<b.length;c++)u+=d(b[c],g);for(c=e;0<=c;c--)if(u>=c*l){n=c*l;t=e-c;break}b.sort(function(a,f){return parseInt(a.getAttribute(p))-parseInt(f.getAttribute(p))});for(c=e=0;e<n;)e+=d(b[c],g),Array.prototype.push.apply(f,
a(b[c])),c++;if(0<t)if((b=h())&&b.length>=t)for(c=0;c<t;c++)Array.prototype.push.apply(f,b[c]);else f.push("gw-never-event");return f}function a(a){for(var b=a.querySelectorAll(".gw-row"),d=[],f=0;f<b.length;f++)g(b[f])||d.push(b[f].id);c(a,"celwidget")&&!g(a)&&d.push(a.id);return d}function g(a){return 0<a.getElementsByClassName("text/x-dacx-safeframe").length||0<a.getElementsByClassName("text/x-APE-lightAds").length||0<a.getElementsByTagName("iframe").length}function d(a,c){a=parseInt(a.getAttribute("data-col-span-"+
c));return 1<a?a:1}function h(){var a=[],b=m("#gw-content-grid .gwi-row"),d;for(d=0;d<b.length;d++){var f=[],g=b[d];c(g,"desktop-row")&&f.push(g.id);if(c(g,"billboardRowWrapper")){var g=g.querySelectorAll(".billboard"),l;for(l=0;l<g.length;l++)f.push(g[l].id)}a.push(f)}return a}function c(a,c){return-1<(" "+a.className+" ").indexOf(" "+c+" ")}function m(a){if("function"!==typeof document.querySelectorAll&&"object"!==typeof document.querySelectorAll){var c=[];if(document.createStyleSheet&&document.all){var b=
document.createStyleSheet(""),f=document.all,d=f.length;if(b&&b.addRule&&b.removeRule){b.addRule(a,"gwTemp:forQS");for(a=0;a<d;a+=1)"forQS"===f[a].currentStyle.gwTemp&&c.push(f[a]);b.removeRule(0)}}return c}return document.querySelectorAll(a)}return{getWidgets:function(){return b(2)}}});"use strict";
(function(){var b=Array.prototype.slice;try{b.call(document.documentElement)}catch(a){Array.prototype.slice=function(a,d){d="undefined"!==typeof d?d:this.length;if("[object Array]"===Object.prototype.toString.call(this))return b.call(this,a,d);var h=[],c;c=this.length;a=a||0;a=0<=a?a:Math.max(0,c+a);var m="number"==typeof d?Math.min(d,c):c;0>d&&(m=c+d);c=m-a;if(0<c)if(h=Array(c),this.charAt)for(d=0;d<c;d++)h[d]=this.charAt(a+d);else for(d=0;d<c;d++)h[d]=this[a+d];return h}}})();
GWI.duff=function(b,a){function g(a){g=h;b.uet&&(uet("af",void 0,void 0,a),uet("fn",void 0,void 0,a),b.P&&P.register("fn"));d()}function d(){d=h;try{b.P&&P.register("af"),b.P&&P.register("gwAtfReady"),GWI.register("af"),GWI.register("gwAtfReady"),b.P&&P.register("sp.load.js"),b.uet&&uet("cf","spLoadJs",{wb:1}),b.uex&&uex("ld","spLoadJs",{wb:1})}catch(a){}}var h=function(){},c=!1;GWI.onEvent(function(){P.when("atfWidgetComponent").execute("fire-atf",function(a){if(!c){a=a.getWidgets();var b=[],d;for(d=
0;d<a.length;d++)b.push(a[d]+"-visible");atfEvents=b;atfEvents=atfEvents.concat(["cf"]);b=atfEvents;a=GWI.getUnoccuredEvents(b);b=GWI.getMaxTime(b);a.length?c=!1:(g(b),c=!0)}})})}(window,document);"use strict";
var GwInstrumentation=function(b){function a(){c&&0===h&&(b.uet&&uet("cf"),b.P&&P.register("cf"),b.GWI&&GWI.register("cf"),b.ue&&ue.tag&&b.ue.tag(m?"gwCFImgCache":"gwCFImgNoCache"))}function g(a){P.when("gwAjax").execute(function(b){b(a.uri,{cache:!1,type:"post",data:a.data,id:"ajaxATF"})})}var d={},h=0,c=!1,m=1,e={};d.markAF=function(){};d.markH1Af=function(d){c=!0;b.uet&&uet("cf","h1Af",{wb:1});b.uex&&uex("ld","h1Af",{wb:1});b.P&&P.register("h1Af");a();d&&g(d)};d.preload=function(a,b){if(a){var f=
new Image;f.onload=function(){b&&b()};f.src=a;return f.complete}};d.CF=function(b){var c,f=!1;if("string"===typeof b)e[b]||(c=new d.CF,e[b]=c,b=d.preload(b,function(){c.ready()}),m&=b);else{if(this.constructor===d.CF)return c={},h++,c.ready=function(){f||(f=!0,h--,a())},c;throw Error("Incorrect invocation of GwInstrumentation.CF(...)");}};return d}(window);"use strict";
P.register("LinkDecorator",function(){var b=["pf_rd_p","pd_rd_r","pd_rd_w","pd_rd_wg"],a=["ref_"],g=function(a,b){var c=document.getElementById(b);a&&a.split(" ").forEach(function(a){c&&c.addEventListener?c.addEventListener(a,d):c&&c.attachEvent&&c.attachEvent("on"+a,d)})},d=function(a){a=a||window.event;var b=a.which||a.keyCode;if("keydown"!=a.type||13===b)for(a=a.target||a.srcElement;a&&a.parentNode;){b=a.tagName&&a.tagName.toLowerCase();if("a"==b||"area"==b){h(a);break}else if(a.id&&"gw-quick-look-btn"==
a.id){a=a.parentNode;a=a.getElementsByTagName&&a.getElementsByTagName("a");for(b=0;b<a.length;b++){var c=a&&a[b];c&&h(c)}break}a=a.parentNode}},h=function(a){var b=a.href,d=window.ue&&window.ue.rid,e;if(e=b&&d&&a.baseURI)e=a.baseURI,e=b.substring(0,e.length+1)!==e+"#"&&b!==e;e&&0>b.indexOf("pf_rd_r\x3d"+d)&&c(d,a)},c=function(c,d){var g=m(d.href),h=g.queryParams;if(h.pf_rd_r)c&&c!==h.pf_rd_r&&(h.pf_rd_r=c);else{c&&(h.pf_rd_r=c);var n=k(d);n&&q(b,function(a){var b=n.getAttribute("data-"+a);b&&(h[a]=
b)});n&&q(a,function(a){var b=n.getAttribute("data-"+a);b&&!h[a]&&(h[a]=b)})}d.href=g.urlPath+"?"+e(h)},m=function(a){var b=a.indexOf("?");if(0>b)return{urlPath:a,queryParams:{}};var c={},d=a.substring(b+1).split("\x26");q(d,function(a){a=a.split("\x3d",2);2==a.length&&!c[a[0]]&&(c[a[0]]=a[1])});return{urlPath:a.substring(0,b),queryParams:c}},e=function(a){var b=[],c;for(c in a)b.push(c+"\x3d"+a[c]);return b.join("\x26")},k=function(a){for(;a&&a.parentNode;){if(a.className&&0<=a.className.indexOf("celwidget")&&
0<=a.className.indexOf("csm-placement-id"))return a;a=a.parentNode}},q=function(a,b){for(var c=0;c<a.length;c++)b(a[c])};return function(a){g("mousedown touchstart keydown",a)}});P.when("A","ready").register("carouselInstrumentation",function(b){});
(function(b){var a=window.AmazonUIPageJS||window.P,d=a._namespace||a.attributeErrors,c=d?d("AmazonGatewayHackAssets",""):a;c.guardFatal?c.guardFatal(b)(c,window):c.execute(function(){b(c,window)})})(function(b,a,d){a.P&&b.when("A","ready").execute(function(c){c.on("packard:glow:destinationChangeAll",function(){a.location.reload()})});b.when("A","jQuery","af","gw-desktop-herotator/dom-ready").execute("gwForceHires",function(a,b){a.loadHiResImage(b("#gw-desktop-herotator img"))});a.P&&b.when("p-detect").execute(function(){var a=
document;!/(^|\s+)a-touch(\s+|$)/.test(a.documentElement.className)&&("ontouchend"in a||0<navigator.maxTouchPoints||0<navigator.msMaxTouchPoints)&&(a.documentElement.className+=" a-touch")});(function(a){a.P&&b.when("A").execute(function(b){a.GWI&&a.GWI.recordLatency("gwAUIReady")})})(a);a.P&&b.when("jQuery").execute(function(c){a.GWI&&a.GWI.recordLatency("jQueryReady");c(document).ready(function(){a.GWI&&a.GWI.recordLatency("jQueryDomReady")});c(a).load(function(){a.GWI&&a.GWI.recordLatency("jQueryWindowLoad");
try{b.register("af"),b.register("sp.load.js"),b.register("gwAtfReady")}catch(c){}})});a.P&&b.when("af").execute(function(){b.register("x1");b.register("x2")});a.P&&b.when("ready","af").execute(function(){b.register("gwLayoutReady");a.GWI&&a.GWI.recordLatency("gwLayoutReady")});a.P&&b.when("navCF").execute(function(){a.GWI&&a.GWI.recordLatency("navCF")});a.P&&b.when("A","gwLayoutReady").execute(function(b){b.capabilities.hires&&b.$(a).trigger("resize")});document.documentElement.setAttribute("data-useragent",
navigator.userAgent);document.documentElement.setAttribute("data-platform",navigator.platform)});
  (window.AmazonUIPageJS ? AmazonUIPageJS : P).load.js('https://images-eu.ssl-images-amazon.com/images/I/01rGP6HIADL.js?AUIClients/GenericObservableJS');
  (window.AmazonUIPageJS ? AmazonUIPageJS : P).load.js('https://images-eu.ssl-images-amazon.com/images/I/11neqea2vNL._RC|41mNJd-k3VL.js_.js?AUIClients/AmazonGatewayAuiAssets&SPn3SGfq#367019-T1');
(function(e){var g=window.AmazonUIPageJS||window.P,k=g._namespace||g.attributeErrors,b=k?k("AmazonGatewayCardGridAssets",""):g;b.guardFatal?b.guardFatal(e)(b,window):b.execute(function(){e(b,window)})})(function(e,g,k){e.when("jQuery").register("GwGridLogic",function(b){function g(a){a=a||b("html").width();return n&&1239>=a?"sm":"ws"}function k(a,b){a.attr("data-hide-at-"+b,!0)}function h(a,b,c){if(!a.length)throw Error("No grid layout found with selector");this.$grid=a;this.selector=b;this.context=
c;this.sorted={}}function l(a,d){var c=b(a,d);if(!c.length)throw Error("No grid found with selector: "+a);this.gridDom=new h(c,a,d)}var p={xs:2,sm:3,ws:4},n=!1;b("html").hasClass("a-lt-ie9")||(n=!0);h.prototype.setBreakpoint=function(a){this.$grid.attr("data-grid-breakpoint",a)};h.prototype.sortFor=function(a){if(this.sorted[a])return this.sorted[a];var d=b(this.selector+"\x3e [data-order-"+a+"]",this.context).sort(function(c,f){c=b(c).data("order-"+a);f=b(f).data("order-"+a);return c<f?-1:c>f?1:
0});return this.sorted[a]=d};h.prototype.updateSourceOrder=function(a){};h.prototype.dropIncompleteRows=function(a){if(!this.$grid.data("init-"+a)){var d=this.sortFor(a),c=[],f=0,g=d.length,e=[];d.each(function(d,h){var m=b(h),l=m.hasClass("card-flow-row-break"),m=m.data("col-span-"+a)||1;l||(f+=m);f>p[a]?(k(b(c),a),c=[h],f=m):c.push(h);if(l||d===g-1)f<p[a]?k(b(c),a):e=e.concat(c),c=[],f=0});b([e[0],e.pop()]).each(function(c,d){c=b(d);c.hasClass("card-flow-row-break")&&k(c,a)});this.$grid.data("init-"+
a,!0)}};l.prototype.init=function(){if(this.gridDom.$grid){this.breakpoint=g();this.update();var a=this;e.when("A").execute("RegisterResizeListener",function(b){b.on("resize",function(c,b){if(b.width||b.orientation)c=g(c.width),c!==a.breakpoint&&(a.breakpoint=c,a.update())})});return this}};l.prototype.update=function(){this.gridDom&&(this.gridDom.setBreakpoint(this.breakpoint),this.gridDom.dropIncompleteRows(this.breakpoint),this.gridDom.updateSourceOrder(this.breakpoint))};return function(a,b){return new l(a,
b)}})});
(window.AmazonUIPageJS ? AmazonUIPageJS : P).when('h1Af').execute(function() {
  (window.AmazonUIPageJS ? AmazonUIPageJS : P).load.js('https://images-eu.ssl-images-amazon.com/images/I/31DEpWC1nGL.js?AUIClients/AmazonGatewayHerotatorJS&PDu43UNw#344985-T1');
});
(window.AmazonUIPageJS ? AmazonUIPageJS : P).when('videoonpage').execute(function() {
  (window.AmazonUIPageJS ? AmazonUIPageJS : P).load.js('https://images-eu.ssl-images-amazon.com/images/I/91OeGqpfv0L.js?AUIClients/VideoJsCardsBuzz#language-en');
});
</script><script type="text/javascript" async="" crossorigin="anonymous" src="https://images-eu.ssl-images-amazon.com/images/I/01rGP6HIADL.js?AUIClients/GenericObservableJS"></script><script type="text/javascript" async="" crossorigin="anonymous" src="https://images-eu.ssl-images-amazon.com/images/I/11neqea2vNL._RC|41mNJd-k3VL.js_.js?AUIClients/AmazonGatewayAuiAssets&amp;SPn3SGfq#367019-T1"></script>
<script>
    window.GWI && GWI.AssetUtil && GWI.AssetUtil.load([{"type":"image","src":"https://m.media-amazon.com/images/I/612ZM7NfATL._SX1500_.jpg"}]);
    window.P && P.register('preload');
</script>
<title>Online Shopping site in India: Shop Online for Mobiles, Books, Watches, Shoes and More - Amazon.in</title>
<meta name="description" content="Amazon.in: Online Shopping India - Buy mobiles, laptops, cameras, books, watches, apparel, shoes and e-Gift Cards. Free Shipping &amp; Cash on Delivery Available.">
<meta name="keywords" content="Amazon.in, Amazon, Online Shopping, online shopping india, india shopping online, amazon india, amazn, buy online, buy mobiles online, buy books online, buy movie dvd's online, kindle, kindle fire hd, kindle e-readers, ebooks, computers, laptop, toys, trimmers, watches, fashion jewellery, home, kitchen, small appliances, beauty, Sports, Fitness &amp; Outdoors">
<meta name="google" content="nositelinkssearchbox">
<meta name="google-site-verification" content="gPzHrNkcFn5TStDwOLUU1DSt5kH_JZkTtBpdvBjTftg">
<link rel="canonical" href="https://www.amazon.in/">
<meta http-equiv="content-type" content="text/html; charset=UTF-8">
<meta property="fb:app_id" content="164734381262">
<meta name="twitter:card" value="summary">
<meta name="twitter:site:id" value="20793816">
<meta property="og:image" content="http://g-ec2.images-amazon.com/images/G/31/img14/anywhere/amazon-logo-500500._V327001990_.jpg" xmlns:og="http://opengraphprotocol.org/schema/">
<meta property="og:description" content="Amazon.in: Online Shopping India - Buy mobiles, laptops, cameras, books, watches, apparel, shoes and e-Gift Cards. Free Shipping &amp; Cash on Delivery Available." xmlns:og="http://opengraphprotocol.org/schema/">
<meta name="msvalidate.01" content="3C8D6512B1E530046DE0569BA27093F3"><script type="text/javascript">
  window.P && P.when('A','ready').execute(function(A) {
    var $ = A.$;
    $('.feed-carousel').first().addClass('first-carousel');
    P.register('gw-first-carousel');
    if($('#desktop-ad-atf').height() === 0) {
      $('.gw-ad-row .a-fixed-right-grid-inner').css('padding-right','0px');
    }
  });
</script>
<!--&&&Portal&Delimiter&&&--><!-- sp:end-feature:host-assets -->
<script type="text/javascript">
window.ue_ihe = (window.ue_ihe || 0) + 1;
if (window.ue_ihe === 1) {
(function(c){c&&1===c.ue_jsmtf&&"object"===typeof c.P&&"function"===typeof c.P.when&&c.P.when("mshop-interactions").execute(function(e){"object"===typeof e&&"function"===typeof e.addListener&&e.addListener(function(b){"object"===typeof b&&"ORIGIN"===b.dataSource&&"number"===typeof b.clickTime&&"object"===typeof b.events&&"number"===typeof b.events.pageVisible&&(c.ue_jsmtf_interaction={pv:b.events.pageVisible,ct:b.clickTime})})})})(ue_csm);
(function(c,e,b){function m(a){f||(f=d[a.type].id,"undefined"===typeof a.clientX?(h=a.pageX,k=a.pageY):(h=a.clientX,k=a.clientY),2!=f||l&&(l!=h||n!=k)?(r(),g.isl&&e.setTimeout(function(){p("at",g.id)},0)):(l=h,n=k,f=0))}function r(){for(var a in d)d.hasOwnProperty(a)&&g.detach(a,m,d[a].parent)}function s(){for(var a in d)d.hasOwnProperty(a)&&g.attach(a,m,d[a].parent)}function t(){var a="";!q&&f&&(q=1,a+="&ui="+f);return a}var g=c.ue,p=c.uex,q=0,f=0,l,n,h,k,d={click:{id:1,parent:b},mousemove:{id:2,
parent:b},scroll:{id:3,parent:e},keydown:{id:4,parent:b}};g&&p&&(s(),g._ui=t)})(ue_csm,window,document);


(function(s,l){function m(b,e,c){c=c||new Date(+new Date+t);c="expires="+c.toUTCString();n.cookie=b+"="+e+";"+c+";path=/"}function p(b){b+="=";for(var e=n.cookie.split(";"),c=0;c<e.length;c++){for(var a=e[c];" "==a.charAt(0);)a=a.substring(1);if(0===a.indexOf(b))return decodeURIComponent(a.substring(b.length,a.length))}return""}function q(b,e,c){if(!e)return b;-1<b.indexOf("{")&&(b="");for(var a=b.split("&"),f,d=!1,h=!1,g=0;g<a.length;g++)f=a[g].split(":"),f[0]==e?(!c||d?a.splice(g,1):(f[1]=c,a[g]=
f.join(":")),h=d=!0):2>f.length&&(a.splice(g,1),h=!0);h&&(b=a.join("&"));!d&&c&&(0<b.length&&(b+="&"),b+=e+":"+c);return b}var k=s.ue||{},t=3024E7,n=ue_csm.document||l.document,r=null,d;a:{try{d=l.localStorage;break a}catch(u){}d=void 0}k.count&&k.count("csm.cookieSize",document.cookie.length);k.cookie={get:p,set:m,updateCsmHit:function(b,e,c){try{var a;if(!(a=r)){var f;a:{try{if(d&&d.getItem){f=d.getItem("csm-hit");break a}}catch(k){}f=void 0}a=f||p("csm-hit")||"{}"}a=q(a,b,e);r=a=q(a,"t",+new Date);
try{d&&d.setItem&&d.setItem("csm-hit",a)}catch(h){}m("csm-hit",a,c)}catch(g){"function"==typeof l.ueLogError&&ueLogError(Error("Cookie manager: "+g.message),{logLevel:"WARN"})}}}})(ue_csm,window);


(function(l,e){function c(b){b="";var c=a.isBFT?"b":"s",d=""+a.oid,g=""+a.lid,h=d;d!=g&&20==g.length&&(c+="a",h+="-"+g);a.tabid&&(b=a.tabid+"+");b+=c+"-"+h;b!=f&&100>b.length&&(f=b,a.cookie?a.cookie.updateCsmHit(m,b+("|"+ +new Date)):e.cookie="csm-hit="+b+("|"+ +new Date)+n+"; path=/")}function p(){f=0}function d(b){!0===e[a.pageViz.propHid]?f=0:!1===e[a.pageViz.propHid]&&c({type:"visible"})}var n="; expires="+(new Date(+new Date+6048E5)).toGMTString(),m="tb",f,a=l.ue||{},k=a.pageViz&&a.pageViz.event&&
a.pageViz.propHid;a.attach&&(a.attach("click",c),a.attach("keyup",c),k||(a.attach("focus",c),a.attach("blur",p)),k&&(a.attach(a.pageViz.event,d,e),d({})));a.aftb=1})(ue_csm,ue_csm.document);


ue_csm.ue.stub(ue,"impression");


ue.stub(ue,"trigger");



if(window.ue&&uet) { uet('bb'); }

}
</script>
<script>window.ue && ue.count && ue.count('CSMLibrarySize', 3173)</script>
<!-- sp:feature:head-close -->
<script>
window.P && P.register('bb');
if (typeof ues === 'function') {
  ues('t0', 'portal-bb', new Date());
  ues('ctb', 'portal-bb', 1);
}
</script>
<script type="text/javascript" async="" crossorigin="anonymous" src="https://images-eu.ssl-images-amazon.com/images/I/31DEpWC1nGL.js?AUIClients/AmazonGatewayHerotatorJS&amp;PDu43UNw#344985-T1"></script><script type="text/javascript" async="" crossorigin="anonymous" src="https://images-eu.ssl-images-amazon.com/images/I/41cyy9szMwL._RC|71efsmlRFyL.js,01F+A05ogQL.js,016tgkOMMNL.js,61vooZvc21L.js,41gNKoK0s7L.js,115pV8Rl02L.js,21QA-szxgvL.js,11k47yUMOjL.js,41SZNgvX4oL.js,51-xVUkFLqL.js,31sq3pfde4L.js,11-98QAh7gL.js,31k+SiN8mLL.js_.js?AUIClients/NavDesktopUberAsset&amp;x8vfsyzp#desktop.language-en.in.387765-T1.365419-T1.366740-T1.310484-T1"></script><script type="text/javascript" async="" crossorigin="anonymous" src="https://images-eu.ssl-images-amazon.com/images/I/31xmO5eI87L.js?xcp"></script><script type="text/javascript" async="" crossorigin="anonymous" src="https://images-eu.ssl-images-amazon.com/images/I/11Y+5x+kkTL._RC|51106gSDnJL.js,11yKORv-GTL.js,11giXtZCwVL.js,01+z+uIeJ-L.js,01VRMV3FBdL.js,21SDJtBU-PL.js,012FVc3131L.js,11rRjDLdAVL.js,51H19hJRYrL.js,11kWu3cNjYL.js,11tMohjWmVL.js,11OREnu1epL.js,11wcWdhrnDL.js,21ssiLNIZvL.js,0190vxtlzcL.js,51+N26vFcBL.js,01JYHc2oIlL.js,31R9m8rig5L.js,01ezj5Rkz1L.js,11+RxVdhNcL.js,31o2NGTXThL.js,01rpauTep4L.js,01KFkXJxMTL.js_.js?AUIClients/AmazonUI#page_type-Gateway"></script><script type="text/javascript" async="" crossorigin="anonymous" src="https://images-eu.ssl-images-amazon.com/images/I/51m0iocT4ZL.js?AUIClients/CardJsRuntimeBuzzCopyBuild"></script><script type="text/javascript" async="" crossorigin="anonymous" src="https://images-na.ssl-images-amazon.com/images/G/01/AUIClients/INRetargetingAsset-fe13df5df0c9265752c892a20feddfc5baaec718.secure.min._V2_.js?AUIClients/INRetargetingAsset"></script></head><!-- sp:end-feature:head-close -->
<!-- sp:feature:start-body -->
<body class="a-aui_72554-c a-aui_accordion_a11y_role_354025-c a-aui_killswitch_csa_logger_372963-c a-aui_launch_2021_ally_fixes_392482-c a-aui_pci_risk_banner_210084-c a-aui_preload_261698-c a-aui_rel_noreferrer_noopener_309527-c a-aui_template_weblab_cache_333406-c a-aui_tnr_v2_180836-c a-meter-animate"><div id="a-page"><script type="a-state" data-a-state="{&quot;key&quot;:&quot;a-wlab-states&quot;}">{"AUI_TNR_V2_180836":"C","AUI_ACCORDION_A11Y_ROLE_354025":"C","AUI_PRELOAD_261698":"C","AUI_LAUNCH_2021_ALLY_FIXES_392482":"C","AUI_TEMPLATE_WEBLAB_CACHE_333406":"C","AUI_72554":"C","AUI_KILLSWITCH_CSA_LOGGER_372963":"C","AUI_REL_NOREFERRER_NOOPENER_309527":"C","AUI_PCI_RISK_BANNER_210084":"C"}</script><script>typeof uex === 'function' && uex('ld', 'portal-bb', {wb: 1})</script><!-- sp:end-feature:start-body -->
    <img height="1" width="1" style="display:none;visibility:hidden;" src="//fls-eu.amazon.in/1/batch/1/OP/A21TJRUUN4KGV:262-1911976-2471830:BHPJXCXEQ08Q3G08SG3Z$uedata=s:%2Frd%2Fuedata%3Fstaticb%26id%3DBHPJXCXEQ08Q3G08SG3Z:0" alt="" onload="window.ue_sbl &amp;&amp; window.ue_sbl();">


<script>
!function(){function n(n,t){var r=i(n);return t&&(r=r("instance",t)),r}var r=[],c=0,i=function(t){return function(){var n=c++;return r.push([t,[].slice.call(arguments,0),n,{time:Date.now()}]),i(n)}};n._s=r,this.csa=n}();;
csa('Config', {});
if (window.csa) {
    csa("Config", {
        'Application': 'Retail:Prod:www.amazon.in',
        'Events.Namespace': 'csa',
        'ObfuscatedMarketplaceId': 'A21TJRUUN4KGV',
        'Events.SushiEndpoint': 'https://unagi.amazon.in/1/events/com.amazon.csm.csa.prod',
        'CacheDetection.RequestID': "BHPJXCXEQ08Q3G08SG3Z",
        'CacheDetection.Callback': window.ue && ue.reset,
        'LCP.elementDedup': 1
    });

    csa("Events")("setEntity", {
        page: {requestId: "BHPJXCXEQ08Q3G08SG3Z", meaningful: "interactive"},
        session: {id: "262-1911976-2471830"}
    });
}
!function(i){var r,e,o="splice",u=i.csa,f={},c={},a=i.csa._s,s=0,l=0,g=-1,h={},d={},v={},n=Object.keys,p=function(){};function t(n,t){return u(n,t)}function m(n,t){var i=c[n]||{};O(i,t),c[n]=i,l++,S(U,0)}function w(n,t,i){var r=!0;return t=D(t),i&&i.buffered&&(r=(v[n]||[]).every(function(n){return!1!==t(n)})),r?(h[n]||(h[n]=[]),h[n].push(t),function(){!function(n,t){var i=h[n];i&&i[o](i.indexOf(t),1)}(n,t)}):p}function b(n,t){if(t=D(t),n in d)return t(d[n]),p;return w(n,function(n){return t(n),!1})}function E(n,t){if(u("Errors")("logError",n),f.DEBUG)throw t||n}function y(){return Math.abs(4294967295*Math.random()|0).toString(36)}function D(n,t){return function(){try{return n.apply(this,arguments)}catch(n){E(n.message||n,n)}}}function S(n,t){return i.setTimeout(D(n),t)}function U(){for(var n=0;n<a.length;){var t=a[n],i=t[0]in c;if(!i&&!e)return void(s=f.AddMissingPluginsToEnd?a.length:t.length);i?(a[o](s=n,1),I(t)):n++}g=l}function I(n){var arguments,t=c[n[0]],i=(arguments=n[1])[0];if(!t||!t[i])return E("Undefined function: "+t+"/"+i);r=n[3],c[n[2]]=t[i].apply(t,arguments.slice(1))||{},r=0}function M(){e=1,U()}function O(t,i){n(i).forEach(function(n){t[n]=i[n]})}b("$beforeunload",M),m("Config",{instance:function(n){O(f,n)}}),u.plugin=D(function(n){n(t)}),t.config=f,t.register=m,t.on=w,t.once=b,t.blank=p,t.emit=function(n,t,i){for(var r=h[n]||[],e=0;e<r.length;)!1===r[e](t)?r[o](e,1):e++;d[n]=t||{},i&&i.buffered&&(v[n]||(v[n]=[]),100<=v[n].length&&v[n].shift(),v[n].push(t||{}))},t.UUID=function(){return[y(),y(),y(),y()].join("-")},t.time=function(n){var t=r?new Date(r.time):new Date;return"ISO"===n?t.toISOString():t.getTime()},t.error=E,t.warn=function(n,t){if(u("Errors")("logWarn",n),f.DEBUG)throw t||n},t.exec=D,t.timeout=S,t.interval=function(n,t){return i.setInterval(D(n),t)},(t.global=i).csa._s.push=function(n){n[0]in c&&(!a.length||e)?(I(n),a.length&&g!==l&&U()):a[o](s++,0,n)},U(),S(function(){S(M,f.SkipMissingPluginsTimeout||5e3)},1)}("undefined"!=typeof window?window:global);csa.plugin(function(o){var f="addEventListener",e="requestAnimationFrame",t=o.exec,r=o.global,u=o.on;o.raf=function(n){if(r[e])return r[e](t(n))},o.on=function(n,e,t,r){if(n&&"function"==typeof n[f]){var i=o.exec(t);return n[f](e,i,r),function(){n.removeEventListener(e,i,r)}}return"string"==typeof n?u(n,e,t,r):o.blank}});csa.plugin(function(o){var t,n,r={},e="localStorage",c="sessionStorage",a="local",i="session",u=o.exec;function s(e,t){var n;try{r[t]=!!(n=o.global[e]),n=n||{}}catch(e){r[t]=!(n={})}return n}function f(){t=t||s(e,a),n=n||s(c,i)}function l(e){return e&&e[i]?n:t}o.store=u(function(e,t,n){f();var o=l(n);return e?t?void(o[e]=t):o[e]:Object.keys(o)}),o.storageSupport=u(function(){return f(),r}),o.deleteStored=u(function(e,t){f();var n=l(t);if("function"==typeof e)for(var o in n)n.hasOwnProperty(o)&&e(o,n[o])&&delete n[o];else delete n[e]})});csa.plugin(function(o){function r(n){return function(r){o("Metrics",{producerId:"csa",dimensions:{message:r}})("recordMetric",n,1)}}o.register("Errors",{logError:r("jsError"),logWarn:r("jsWarn")})});csa.plugin(function(r){var o,e,a,n,t,i="willDisappear",f=r.global,p=r.exec,u=r("Events"),c=f.location,d=f.document,l=((f.performance||{}).navigation||{}).type,s=r.on,g=r.emit,$={};c&&d&&(s(f,"beforeunload",b),s(f,"pagehide",b),e=f.app||{},a=p(b),t="function"==typeof(n=e[i]),e[i]=p(function(){a(),t&&n()}),f.app||(f.app=e),"complete"===d.readyState?y():s(f,"load",y),r.register("SPA",{newPage:h}),h({transitionType:{0:"hard",1:"refresh",2:"back-button"}[l]||"unknown"}));function h(a,e){var n=!!o,t=(e=e||{}).keepPageAttributes;n&&(g("$beforePageTransition"),g("$pageTransition")),n&&!t&&u("removeEntity","page"),o=r.UUID(),t?$.id=o:$={schemaId:"<ns>.PageEntity.1",id:o,url:c.href,server:c.hostname,path:c.pathname,referrer:d.referrer,title:d.title},Object.keys(a||{}).forEach(function(e){$[e]=a[e]}),u("setEntity",{page:$}),g("$pageChange",$,{buffered:1}),n&&g("$afterPageTransition")}function y(){g("$load"),g("$ready"),g("$afterload")}function b(){g("$ready"),g("$beforeunload"),g("$unload"),g("$afterunload")}});csa.plugin(function(c){var t="Events",e="UNKNOWN",a="id",u="all",n="messageId",i="timestamp",f="producerId",o="application",r="obfuscatedMarketplaceId",s="entities",d="schemaId",l="version",p="attributes",v="<ns>",g=c.config,h=(c.global.location||{}).host,m=g[t+".Namespace"]||"csa_other",I=g.Application||"Other"+(h?":"+h:""),b=c("Transport"),y={},O=function(t,e){Object.keys(t).forEach(e)};function E(n,i,o){O(i,function(t){var e=o===u||(o||{})[t];t in n||(n[t]={version:1,id:i[t][a]||c.UUID()}),U(n[t],i[t],e)})}function U(e,n,i){O(n,function(t){!function(t,e,n){return"string"!=typeof e&&t!==l?c.error("Attribute is not of type string: "+t):!0===n||1===n||(t===a||!!~(n||[]).indexOf(t))}(t,n[t],i)||(e[t]=n[t])})}function N(o,t,r){O(t,function(t){var e=o[t];if(e[d]){var n={},i={};n[a]=e[a],n[f]=e[f]||r,n[d]=e[d],n[l]=e[l]++,n[p]=i,S(n),U(i,e,1),k(i),b("log",n)}})}function S(t){t[i]=function(t){return"number"==typeof t&&(t=new Date(t).toISOString()),t||c.time("ISO")}(t[i]),t[n]=t[n]||c.UUID(),t[o]=I,t[r]=g.ObfuscatedMarketplaceId||e,t[d]=t[d].replace(v,m)}function k(t){delete t[l],delete t[d],delete t[f]}function w(o){var r={};this.log=function(t,e){var n={},i=(e||{}).ent;return t?"string"!=typeof t[d]?c.error("A valid schema id is required for the event"):(S(t),E(n,y,i),E(n,r,i),E(n,t[s]||{},i),O(n,function(t){k(n[t])}),t[f]=o[f],t[s]=n,void b("log",t)):c.error("The event cannot be undefined")},this.setEntity=function(t){E(r,t,u),N(r,t,o[f])}}g["KillSwitch."+t]||c.register(t,{setEntity:function(t){E(y,t,u),N(y,t,"csa")},removeEntity:function(t){delete y[t]},instance:function(t){return new w(t)}})});csa.plugin(function(s){var c,g="Transport",l="post",f="preflight",r="csa.cajun.",i="store",a="deleteStored",u="sendBeacon",t="__merge",e="messageId",n=".FlushInterval",o=0,d=s.config[g+".BufferSize"]||2e3,h=s.config[g+".RetryDelay"]||1500,p={},v=0,y=[],m=s.global,E=m.document,b=s.timeout,k=m.Object.keys,w=s.config[g+n]||5e3,I=w,O=s.config[g+n+".BackoffFactor"]||1,R=s.config[g+n+".BackoffLimit"]||3e4,S=0;function B(n){if(864e5<s.time()-+new Date(n.timestamp))return s.warn("Event is too old: "+n);v<d&&(n[e]in p||(p[n[e]]=n,v++),"function"==typeof n[t]&&n[t](p[n[e]]),!S&&o&&(S=b(T,function(){var n=I;return I=Math.min(n*O,R),n}())))}function T(){y.forEach(function(e){var o=[];k(p).forEach(function(n){var t=p[n];e.accepts(t)&&o.push(t)}),o.length&&(e.chunks?e.chunks(o).forEach(function(n){D(e,n)}):D(e,o))}),p={},S=0}function D(t,e){function o(){s[a](r+n)}var n=s.UUID();s[i](r+n,JSON.stringify(e)),[function(n,t,e){var o=m.navigator||{},r=m.cordova||{};if(!o[u]||!n[l])return 0;n[f]&&r&&"ios"===r.platformId&&!c&&((new Image).src=n[f]().url,c=1);var i=n[l](t);if(!i.type&&o[u](i.url,i.body))return e(),1},function(n,t,e){if(!n[l])return 0;var o=n[l](t),r=o.url,i=o.body,c=o.type,f=new XMLHttpRequest,a=0;function u(n,t,e){f.open("POST",n),f.withCredentials=!0,e&&f.setRequestHeader("Content-Type",e),f.send(t)}return f.onload=function(){f.status<299?e():s.config[g+".XHRRetries"]&&a<3&&b(function(){u(r,i,c)},++a*h)},u(r,i,c),1}].some(function(n){try{return n(t,e,o)}catch(n){}})}k&&(s.once("$afterload",function(){o=1,function(e){(s[i]()||[]).forEach(function(n){if(!n.indexOf(r))try{var t=s[i](n);s[a](n),JSON.parse(t).forEach(e)}catch(n){s.error(n)}})}(B),s.on(E,"visibilitychange",T,!1),T()}),s.once("$afterunload",function(){o=1,T()}),s.on("$afterPageTransition",function(){v=0,I=w}),s.register(g,{log:B,register:function(n){y.push(n)}}))});csa.plugin(function(n){var r=n.config["Events.SushiEndpoint"];n("Transport")("register",{accepts:function(n){return n.schemaId},post:function(n){var t=n.map(function(n){return{data:n}});return{url:r,body:JSON.stringify({events:t})}},preflight:function(){var n,t=/\/\/(.*?)\//.exec(r);return t&&t[1]&&(n="https://"+t[1]+"/ping"),{url:n}},chunks:function(n){for(var t=[];500<n.length;)t.push(n.splice(0,500));return t.push(n),t}})});csa.plugin(function(n){var t,a,o,r,e=n.config,i="PageViews",d=e[i+".ImpressionMinimumTime"]||1e3,s="hidden",c="innerHeight",g="innerWidth",l="renderedTo",f=l+"Viewed",m=l+"Meaningful",u=l+"Impressed",p=1,v=2,h=3,w=4,y=5,P="loaded",I=7,T=8,b=n.global,E=n.on,V=n("Events",{producerId:"csa"}),$=b.document,M={},S={},H=y;function K(e){if(!M[I]){var i;if(M[e]=n.time(),e!==h&&e!==P||(t=t||M[e]),t&&H===w)a=a||M[e],(i={})[m]=t-o,i[f]=a-o,R("PageView.4",i),r=r||n.timeout(j,d);if(e!==y&&e!==p&&e!==v||(clearTimeout(r),r=0),e!==p&&e!==v||R("PageRender.3",{transitionType:e===p?"hard":"soft"}),e===I)(i={})[m]=t-o,i[f]=a-o,i[u]=M[e]-o,R("PageImpressed.2",i)}}function R(e,i){S[e]||(i.schemaId="<ns>."+e,V("log",i,{ent:"all"}),S[e]=1)}function W(){0===b[c]&&0===b[g]?(H=T,n("Events")("setEntity",{page:{viewport:"hidden-iframe"}})):H=$[s]?y:w,K(H)}function j(){K(I),r=0}function k(){var e=o?v:p;M={},S={},a=t=0,o=n.time(),K(e),W()}function q(){var e=$.readyState;"interactive"===e&&K(h),"complete"===e&&K(P)}e["KillSwitch."+i]||($&&void 0!==$[s]?(k(),E($,"visibilitychange",W,!1),E($,"readystatechange",q,!1),E("$afterPageTransition",k),E("$timing:loaded",q),n.once("$load",q)):n.warn("Page visibility not supported"))});csa.plugin(function(c){var s=c.config["Interactions.ParentChainLength"]||15,e="click",r="touches",f="timeStamp",o="length",u="pageX",g="pageY",p="pageXOffset",h="pageYOffset",m=250,v=5,d=200,l=.5,t={capture:!0,passive:!0},X=c.global,Y=c.emit,n=c.on,x=X.Math.abs,a=(X.document||{}).documentElement||{},y={x:0,y:0,t:0,sX:0,sY:0},N={x:0,y:0,t:0,sX:0,sY:0};function b(t){if(t.id)return"//*[@id='"+t.id+"']";var e=function(t){var e,n=1;for(e=t.previousSibling;e;e=e.previousSibling)e.nodeName===t.nodeName&&(n+=1);return n}(t),n=t.nodeName;return 1!==e&&(n+="["+e+"]"),t.parentNode&&(n=b(t.parentNode)+"/"+n),n}function I(t,e,n){var a=c("Content",{target:n}),i={schemaId:"<ns>.ContentInteraction.1",interaction:t,interactionData:e,messageId:c.UUID()};if(n){var r=b(n);r&&(i.attribution=r);var o=function(t){for(var e=t,n=e.tagName,a=!1,i=t?t.href:null,r=0;r<s;r++){if(!e||!e.parentElement){a=!0;break}n=(e=e.parentElement).tagName+"/"+n,i=i||e.href}return a||(n=".../"+n),{pc:n,hr:i}}(n);o.pc&&(i.interactionData.parentChain=o.pc),o.hr&&(i.interactionData.href=o.hr)}a("log",i),Y("$content.interaction",i)}function i(t){I(e,{interactionX:""+t.pageX,interactionY:""+t.pageY},t.target)}function C(t){if(t&&t[r]&&1===t[r][o]){var e=t[r][0];N=y={e:t.target,x:e[u],y:e[g],t:t[f],sX:X[p],sY:X[h]}}}function D(t){if(t&&t[r]&&1===t[r][o]&&y&&N){var e=t[r][0],n=t[f],a=n-N.t,i={e:t.target,x:e[u],y:e[g],t:n,sX:X[p],sY:X[h]};N=i,d<=a&&(y=i)}}function E(t){if(t){var e=x(y.x-N.x),n=x(y.y-N.y),a=x(y.sX-N.sX),i=x(y.sY-N.sY),r=t[f]-y.t;if(m<1e3*e/r&&v<e||m<1e3*n/r&&v<n){var o=n<e;o&&a&&e*l<=a||!o&&i&&n*l<=i||I((o?"horizontal":"vertical")+"-swipe",{interactionX:""+y.x,interactionY:""+y.y,endX:""+N.x,endY:""+N.y},y.e)}}}n(a,e,i,t),n(a,"touchstart",C,t),n(a,"touchmove",D,t),n(a,"touchend",E,t)});csa.plugin(function(t){var n,r,i,s="MutationObserver",e="PerformanceObserver",u="observe",o="disconnect",f="scroll",a=t.global,c=a.document,l=c.body||c.documentElement,p=Date.now,b=[],d=[],g=[],m=0,y=0,v=0,O=t.blank;function h(e){b.push({t:p(),m:e})}function w(e){d.push({t:p(),m:e}),v=1,n&&n()}function E(){v&&(g.push({t:p(),y:y}),y=a.pageYOffset,v=0)}function T(e){m=e,(r=new a[s](w))[u](l,{childList:!0,subtree:!0}),(i=new a[s](h))[u](l,{attributes:!0,subtree:!0,attributeFilter:["src"],attributeOldValue:!0}),O=t.on(a,f,E,{passive:!0})}p&&a[s]&&(t.config["VisualReady.CollectAfterPaint"]?a[e]&&~(a[e].supportedEntryTypes||[]).indexOf("paint")?new a[e](function(e){T(((e.getEntries()||[])[0]||{}).startTime||p())})[u]({entryTypes:["paint"],buffered:!0}):t.raf(T):T(0),t.register("SpeedIndexBuffers",{getBuffers:function(e){e&&(E(),e(m,b,d,g),r&&r[o](),i&&i[o](),O())},registerListener:function(e){n=e}}))});
csa.plugin(function(b){var a=b.global,c=a.uet,e=a.uex,f=a.ue,a=a.Object,g={largestContentfulPaint:"lcp",speedIndex:"si",atfSpeedIndex:"atfsi",visuallyLoaded50:"vl50",visuallyLoaded90:"vl90",visuallyLoaded100:"vl100"};b&&c&&e&&a.keys&&f&&a.keys(g).forEach(function(a){b.on("$timing:"+a,function(b){var d=g[a];if(f.isl){var h="csa:"+d;c(d,h,void 0,b);e("at",h)}else c(d,void 0,void 0,b)})})});

</script>
<script>window.ue && ue.count && ue.count('CSMLibrarySize', 13428)</script>
<!-- sp:feature:nav-inline-js -->
<!-- NAVYAAN JS -->
<script type="text/javascript">!function(n){function e(n,e){return{m:n,a:function(n){return[].slice.call(n)}(e)}}document.createElement("header");var r=function(n){function u(n,r,u){n[u]=function(){a._replay.push(r.concat(e(u,arguments)))}}var a={};return a._sourceName=n,a._replay=[],a.getNow=function(n,e){return e},a.when=function(){var n=[e("when",arguments)],r={};return u(r,n,"run"),u(r,n,"declare"),u(r,n,"publish"),u(r,n,"build"),r},u(a,[],"declare"),u(a,[],"build"),u(a,[],"publish"),u(a,[],"importEvent"),r._shims.push(a),a};r._shims=[],n.$Nav||(n.$Nav=r("rcx-nav")),n.$Nav.make||(n.$Nav.make=r)}(window)</script><script type="text/javascript">
$Nav.importEvent('navbarJS-beaconbelt');
$Nav.declare('img.sprite', {
  'png32': 'https://images-eu.ssl-images-amazon.com/images/G/31/gno/sprites/nav-sprite-global-1x-hm-dsk-reorg._CB405936311_.png',
  'png32-2x': 'https://images-eu.ssl-images-amazon.com/images/G/31/gno/sprites/nav-sprite-global-2x-hm-dsk-reorg._CB405936311_.png'
});
$Nav.declare('img.timeline', {
  'timeline-icon-2x': 'https://images-eu.ssl-images-amazon.com/images/G/31/gno/sprites/timeline_sprite_2x._CB443580981_.png'
});
window._navbarSpriteUrl = 'https://images-eu.ssl-images-amazon.com/images/G/31/gno/sprites/nav-sprite-global-1x-hm-dsk-reorg._CB405936311_.png';
$Nav.declare('img.pixel', 'https://images-eu.ssl-images-amazon.com/images/G/31/x-locale/common/transparent-pixel._CB485934990_.gif');
</script>
<img src="https://images-eu.ssl-images-amazon.com/images/G/31/gno/sprites/nav-sprite-global-1x-hm-dsk-reorg._CB405936311_.png" style="display:none" alt="">
<script type="text/javascript">var nav_t_after_preload_sprite = + new Date();</script>
<script>
(window.AmazonUIPageJS ? AmazonUIPageJS : P).when('navCF').execute(function() {
  (window.AmazonUIPageJS ? AmazonUIPageJS : P).load.js('https://images-eu.ssl-images-amazon.com/images/I/41cyy9szMwL._RC|71efsmlRFyL.js,01F+A05ogQL.js,016tgkOMMNL.js,61vooZvc21L.js,41gNKoK0s7L.js,115pV8Rl02L.js,21QA-szxgvL.js,11k47yUMOjL.js,41SZNgvX4oL.js,51-xVUkFLqL.js,31sq3pfde4L.js,11-98QAh7gL.js,31k+SiN8mLL.js_.js?AUIClients/NavDesktopUberAsset&x8vfsyzp#desktop.language-en.in.387765-T1.365419-T1.366740-T1.310484-T1');
});
</script>
<!-- sp:end-feature:nav-inline-js -->
<!-- sp:feature:nav-skeleton -->
<!-- sp:end-feature:nav-skeleton -->
<!-- sp:feature:navbar -->

<!--Pilu -->


  <!-- NAVYAAN -->











<!-- navmet initial definition -->



<script type="text/javascript">
    if(window.navmet===undefined) {
      window.navmet=[];
      if (window.performance && window.performance.timing && window.ue_t0) {
        var t = window.performance.timing;
        var now = + new Date();
        window.navmet.basic = {
          'networkLatency': (t.responseStart - t.fetchStart),
          'navFirstPaint': (now - t.responseStart),
          'NavStart': (now - window.ue_t0)
        };
        window.navmet.push({key:"NavFirstPaintStart",end:+new Date(),begin:window.ue_t0});
      }
    }
    if (window.ue_t0) {
      window.navmet.push({key:"NavMainStart",end:+new Date(),begin:window.ue_t0});
    }
</script>




<script type="text/javascript">window.navmet.tmp=+new Date();</script>
  <script type="text/javascript">
    // Nav start should be logged at this place only if request is NOT progressively loaded.
    // For progressive loading case this metric is logged as part of skeleton.
    // Presence of skeleton signals that request is progressively loaded.
    if(!document.getElementById("navbar-skeleton")) {
      window.uet && uet('ns');
    }
    window._navbar = (function (o) {
      o.componentLoaded = o.loading = function(){};
      o.browsepromos = {};
      o.issPromos = [];
      return o;
    }(window._navbar || {}));
    window._navbar.declareOnLoad = function () { window.$Nav && $Nav.declare('page.load'); };
    if (window.addEventListener) {
      window.addEventListener("load", window._navbar.declareOnLoad, false);
    } else if (window.attachEvent) {
      window.attachEvent("onload", window._navbar.declareOnLoad);
    } else if (window.$Nav) {
      $Nav.when('page.domReady').run("OnloadFallbackSetup", function () {
        window._navbar.declareOnLoad();
      });
    }
    window.$Nav && $Nav.declare('logEvent.enabled',
      'false');

    window.$Nav && $Nav.declare('config.lightningDeals', {});
  </script>

    <style mark="aboveNavInjectionCSS" type="text/css">
      .nav-bluebeacon .nav-cobrand{background-image: url(https://images-eu.ssl-images-amazon.com/images/G/31/gno/images/irctc/IRCTC_Logo-dark-small.png);} div.navFooterLine{white-space:normal;} div.navFooterColHead{white-space:normal;}
    </style>
    <script mark="aboveNavInjectionJS" type="text/javascript">
      try {
        window.$Nav && $Nav.when('$').run('defineIsArray', function(jQuery) { if(jQuery.isArray===undefined) { jQuery.isArray=function(param) { if(param.length===undefined) { return false; } return true; }; } }); window.$Nav && $Nav.when('$','$F','config','logEvent','panels','phoneHome','dataPanel','flyouts.renderPromo','flyouts.sloppyTrigger','flyouts.accessibility','util.mouseOut','util.onKey','debug.param').build('flyouts.buildSubPanels',function($,$F,config,logEvent,panels,phoneHome,dataPanel,renderPromo,createSloppyTrigger,a11yHandler,mouseOutUtility,onKey,debugParam){var flyoutDebug=debugParam('navFlyoutClick');return function(flyout,event){var linkKeys=[];$('.nav-item',flyout.elem()).each(function(){var $item=$(this);linkKeys.push({link:$item,panelKey:$item.attr('data-nav-panelkey')});});if(linkKeys.length===0){return;} var visible=false;var $parent=$('<div class=\'nav-subcats\'></div>').appendTo(flyout.elem());var panelGroup=flyout.getName()+'SubCats';var hideTimeout=null;var sloppyTrigger=createSloppyTrigger($parent);var showParent=function(){if(hideTimeout){clearTimeout(hideTimeout);hideTimeout=null;} if(visible){return;} var height=$('#nav-flyout-shopAll').height();$parent.css({'height': height});$parent.animate({width:'show'},{duration:200,complete:function(){$parent.css({overflow:'visible'});}});visible=true;};var hideParentNow=function(){$parent.stop().css({overflow:'hidden',display:'none',width:'auto',height:'auto'});panels.hideAll({group:panelGroup});visible=false;if(hideTimeout){clearTimeout(hideTimeout);hideTimeout=null;}};var hideParent=function(){if(!visible){return;} if(hideTimeout){clearTimeout(hideTimeout);hideTimeout=null;} hideTimeout=setTimeout(hideParentNow,10);};flyout.onHide(function(){sloppyTrigger.disable();hideParentNow();this.elem().hide();});var addPanel=function($link,panelKey){var panel=dataPanel({className:'nav-subcat',dataKey:panelKey,groups:[panelGroup],spinner:false,visible:false});if(!flyoutDebug){var mouseout=mouseOutUtility();mouseout.add(flyout.elem());mouseout.action(function(){panel.hide();});mouseout.enable();} var a11y=a11yHandler({link:$link,onEscape:function(){panel.hide();$link.focus();}});var logPanelInteraction=function(promoID,wlTriggers){var logNow=$F.once().on(function(){var panelEvent=$.extend({},event,{id:promoID});if(config.browsePromos&&!!config.browsePromos[promoID]){panelEvent.bp=1;} logEvent(panelEvent);phoneHome.trigger(wlTriggers);});if(panel.isVisible()&&panel.hasInteracted()){logNow();}else{panel.onInteract(logNow);}};panel.onData(function(data){renderPromo(data.promoID,panel.elem());logPanelInteraction(data.promoID,data.wlTriggers);});panel.onShow(function(){var columnCount=$('.nav-column',panel.elem()).length;panel.elem().addClass('nav-colcount-'+columnCount);showParent();var $subCatLinks=$('.nav-subcat-links > a',panel.elem());var length=$subCatLinks.length;if(length>0){var firstElementLeftPos=$subCatLinks.eq(0).offset().left;for(var i=1;i<length;i++){if(firstElementLeftPos===$subCatLinks.eq(i).offset().left){$subCatLinks.eq(i).addClass('nav_linestart');}} if($('span.nav-title.nav-item',panel.elem()).length===0){var catTitle=$.trim($link.html());catTitle=catTitle.replace(/ref=sa_menu_top/g,'ref=sa_menu');var $subPanelTitle=$('<span class=\'nav-title nav-item\'>'+ catTitle+'</span>');panel.elem().prepend($subPanelTitle);}} $link.addClass('nav-active');});panel.onHide(function(){$link.removeClass('nav-active');hideParent();a11y.disable();sloppyTrigger.disable();});panel.onShow(function(){a11y.elems($('a, area',panel.elem()));});sloppyTrigger.register($link,panel);if(flyoutDebug){$link.click(function(){if(panel.isVisible()){panel.hide();}else{panel.show();}});} var panelKeyHandler=onKey($link,function(){if(this.isEnter()||this.isSpace()){panel.show();}},'keydown',false);$link.focus(function(){panelKeyHandler.bind();}).blur(function(){panelKeyHandler.unbind();});panel.elem().appendTo($parent);};var hideParentAndResetTrigger=function(){hideParent();sloppyTrigger.disable();};for(var i=0;i<linkKeys.length;i++){var item=linkKeys[i];if(item.panelKey){addPanel(item.link,item.panelKey);}else{item.link.mouseover(hideParentAndResetTrigger);}}};});
      } catch ( err ) {
        if ( window.$Nav ) {
          window.$Nav.when('metrics', 'logUeError').run(function(metrics, log) {
            metrics.increment('NavJS:AboveNavInjection:error');
            log(err.toString(), {
              'attribution': 'rcx-nav',
              'logLevel': 'FATAL'
            });
          });
        }
      }
    </script>

  <noscript>
    <style type="text/css"><!--
      #navbar #nav-shop .nav-a:hover {
        color: #ff9900;
        text-decoration: underline;
      }
      #navbar #nav-search .nav-search-facade,
      #navbar #nav-tools .nav-icon,
      #navbar #nav-shop .nav-icon,
      #navbar #nav-subnav .nav-hasArrow .nav-arrow {
        display: none;
      }
      #navbar #nav-search .nav-search-submit,
      #navbar #nav-search .nav-search-scope {
        display: block;
      }
      #nav-search .nav-search-scope {
        padding: 0 5px;
      }
      #navbar #nav-search .nav-search-dropdown {
        position: relative;
        top: 5px;
        height: 23px;
        font-size: 14px;
        opacity: 1;
        filter: alpha(opacity = 100);
      }
    --></style>
 </noscript>
<script type="text/javascript">window.navmet.push({key:'PreNav',end:+new Date(),begin:window.navmet.tmp});</script>

<a id="nav-top"></a>







<a id="skiplink" tabindex="0" class="skip-link">Skip to main content</a>

<script type="text/javascript">window.navmet.tmp=+new Date();</script>
<!-- Navyaan Upnav -->
    <div id="nav-upnav" aria-hidden="true">
      <!-- unw1 failed -->
      
    </div>
<script type="text/javascript">window.navmet.push({key:'UpNav',end:+new Date(),begin:window.navmet.tmp});</script>


<script type="text/javascript">window.navmet.main=+new Date();</script>



<header id="navbar-main" class="nav-opt-sprite nav-flex nav-locale-in nav-lang-en nav-ssl nav-unrec nav-progressive-attribute">

   
  <div id="navbar" cel_widget_id="Navigation-desktop-navbar" role="navigation" class="nav-sprite-v1 celwidget nav-bluebeacon nav-a11y-t1 bold-focus-hover layout2 nav-flex layout3 layout3-alt nav-packard-glow hamburger nav-progressive-attribute" data-csa-c-id="tmhf8z-q5498p-8ufdt5-m2jz18" data-cel-widget="Navigation-desktop-navbar">
    
    <div id="nav-belt">
      <div class="nav-left">
        <script type="text/javascript">window.navmet.tmp=+new Date();</script>
  <div id="nav-logo">
    <a href="/ref=nav_logo" id="nav-logo-sprites" class="nav-logo-link nav-progressive-attribute" aria-label="Amazon">
      <span class="nav-sprite nav-logo-base"></span>
      <span id="logo-ext" class="nav-sprite nav-logo-ext nav-progressive-content"></span>
      <span class="nav-logo-locale">.in</span>
    </a>
  </div>
<script type="text/javascript">window.navmet.push({key:'Logo',end:+new Date(),begin:window.navmet.tmp});</script>
        
<div id="nav-global-location-slot">
    <span id="nav-global-location-data-modal-action" class="a-declarative nav-progressive-attribute" data-a-modal="{&quot;width&quot;:375, &quot;closeButton&quot;:&quot;false&quot;,&quot;popoverLabel&quot;:&quot;Choose your location&quot;, &quot;ajaxHeaders&quot;:{&quot;anti-csrftoken-a2z&quot;:&quot;gPmc/OgxgZf8zER0Rkylhzfs+RRyZFXGhIQKTagAAAAMAAAAAGHpSNByYXcAAAAA;hDBjrs7zzAAo2tKSgylG+Ej3QFH66WcIBderT9ropYxwAAAAAGHpSNAAAAAB&quot;}, &quot;name&quot;:&quot;glow-modal&quot;, &quot;url&quot;:&quot;/gp/glow/get-address-selections.html?deviceType=desktop&amp;pageType=Gateway&amp;storeContext=NoStoreName&amp;actionSource=desktop-modal&quot;, &quot;footer&quot;:null,&quot;header&quot;:&quot;Choose your location&quot;}" data-action="a-modal">
        <a id="nav-global-location-popover-link" class="nav-a nav-a-2 a-popover-trigger a-declarative nav-progressive-attribute" tabindex="0">
            <div class="nav-sprite nav-progressive-attribute" id="nav-packard-glow-loc-icon"></div>
            <div id="glow-ingress-block">
                <span class="nav-line-1 nav-progressive-content" id="glow-ingress-line1">
                   Hello
                </span>
                <span class="nav-line-2 nav-progressive-content" id="glow-ingress-line2">
                   Select your address
                </span>
            </div>
        </a>
        </span>
        <input data-addnewaddress="add-new" id="unifiedLocation1ClickAddress" name="dropdown-selection" type="hidden" value="add-new" class="nav-progressive-attribute">
        <input data-addnewaddress="add-new" id="ubbShipTo" name="dropdown-selection-ubb" type="hidden" value="add-new" class="nav-progressive-attribute">
        <input id="glowValidationToken" name="glow-validation-token" type="hidden" value="gPmc/OgxgZf8zER0Rkylhzfs+RRyZFXGhIQKTagAAAAMAAAAAGHpSNByYXcAAAAA;hDBjrs7zzAAo2tKSgylG+Ej3QFH66WcIBderT9ropYxwAAAAAGHpSNAAAAAB" class="nav-progressive-attribute">
</div>

<div id="nav-global-location-toaster-script-container" class="nav-progressive-content">
</div>

      </div>
          <div class="nav-fill">
            <script type="text/javascript">window.navmet.tmp=+new Date();</script>
<div id="nav-search">
  <div id="nav-bar-left"></div>
  <form id="nav-search-bar-form" accept-charset="utf-8" action="/s/ref=nb_sb_noss" class="nav-searchbar nav-progressive-attribute" method="GET" name="site-search" role="search">

    <div class="nav-left">
      <div id="nav-search-dropdown-card">
        
  <div class="nav-search-scope nav-sprite">
    <div class="nav-search-facade" data-value="search-alias=aps">
      <span id="nav-search-label-id" class="nav-search-label nav-progressive-content">All</span>
      <i class="nav-icon"></i>
    </div>
    <span id="searchDropdownDescription" class="nav-progressive-attribute" style="display:none">Select the department you want to search in</span>
    <select aria-describedby="searchDropdownDescription" class="nav-search-dropdown searchSelect nav-progressive-attrubute nav-progressive-search-dropdown" data-nav-digest="pl/aT4RnKTBxeVF3cG91CxhMMbc=" data-nav-selected="0" id="searchDropdownBox" name="url" style="display: block;" tabindex="0" title="Search in">
        <option selected="selected" value="search-alias=aps">All Categories</option>
        <option value="search-alias=alexa-skills">Alexa Skills</option>
        <option value="search-alias=amazon-devices">Amazon Devices</option>
        <option value="search-alias=fashion">Amazon Fashion</option>
        <option value="search-alias=nowstore">Amazon Fresh</option>
        <option value="search-alias=amazon-pharmacy">Amazon Pharmacy</option>
        <option value="search-alias=appliances">Appliances</option>
        <option value="search-alias=mobile-apps">Apps &amp; Games</option>
        <option value="search-alias=baby">Baby</option>
        <option value="search-alias=beauty">Beauty</option>
        <option value="search-alias=stripbooks">Books</option>
        <option value="search-alias=automotive">Car &amp; Motorbike</option>
        <option value="search-alias=apparel">Clothing &amp; Accessories</option>
        <option value="search-alias=collectibles">Collectibles</option>
        <option value="search-alias=computers">Computers &amp; Accessories</option>
        <option value="search-alias=todays-deals">Deals</option>
        <option value="search-alias=electronics">Electronics</option>
        <option value="search-alias=furniture">Furniture</option>
        <option value="search-alias=lawngarden">Garden &amp; Outdoors</option>
        <option value="search-alias=gift-cards">Gift Cards</option>
        <option value="search-alias=grocery">Grocery &amp; Gourmet Foods</option>
        <option value="search-alias=hpc">Health &amp; Personal Care</option>
        <option value="search-alias=kitchen">Home &amp; Kitchen</option>
        <option value="search-alias=industrial">Industrial &amp; Scientific</option>
        <option value="search-alias=jewelry">Jewellery</option>
        <option value="search-alias=digital-text">Kindle Store</option>
        <option value="search-alias=luggage">Luggage &amp; Bags</option>
        <option value="search-alias=luxury-beauty">Luxury Beauty</option>
        <option value="search-alias=more">More Store</option>
        <option value="search-alias=dvd">Movies &amp; TV Shows</option>
        <option value="search-alias=popular">Music</option>
        <option value="search-alias=mi">Musical Instruments</option>
        <option value="search-alias=office-products">Office Products</option>
        <option value="search-alias=pets">Pet Supplies</option>
        <option value="search-alias=instant-video">Prime Video</option>
        <option value="search-alias=shoes">Shoes &amp; Handbags</option>
        <option value="search-alias=software">Software</option>
        <option value="search-alias=sporting">Sports, Fitness &amp; Outdoors</option>
        <option value="search-alias=specialty-aps-sns">Subscribe &amp; Save</option>
        <option value="search-alias=home-improvement">Tools &amp; Home Improvement</option>
        <option value="search-alias=toys">Toys &amp; Games</option>
        <option value="search-alias=under-ten-dollars">Under ?500</option>
        <option value="search-alias=videogames">Video Games</option>
        <option value="search-alias=watches">Watches</option>
    </select>
  </div>

      </div>
    </div>
    <div class="nav-fill">
      <div class="nav-search-field ">
        <input type="text" id="twotabsearchtextbox" value="" name="field-keywords" autocomplete="off" placeholder="" class="nav-input nav-progressive-attribute" dir="auto" tabindex="0" aria-label="Search">
      </div>
      <div id="nav-iss-attach"></div>
    </div>
    <div class="nav-right">
      <div class="nav-search-submit nav-sprite">
        <span id="nav-search-submit-text" class="nav-search-submit-text nav-sprite nav-progressive-attribute" aria-label="Go">
          <input id="nav-search-submit-button" type="submit" class="nav-input nav-progressive-attribute" value="Go" tabindex="0">
        </span>
      </div>
    </div>
  </form>
</div>
<script type="text/javascript">window.navmet.push({key:'Search',end:+new Date(),begin:window.navmet.tmp});</script>
          </div>
      <div class="nav-right">
          <script type="text/javascript">window.navmet.tmp=+new Date();</script>
          <div id="nav-tools" class="layoutToolbarPadding">
              
              
              
              
  <a href="/gp/customer-preferences/select-language/ref=topnav_lang?ie=UTF8&amp;preferencesReturnUrl=%2F" id="icp-nav-flyout" class="nav-a nav-a-2 icp-link-style-2" aria-label="Choose a language for shopping.">
    <span class="icp-nav-link-inner">
      <span class="nav-line-1">
      </span>
      <span class="nav-line-2">
        <span class="icp-nav-flag icp-nav-flag-in"></span>
        <span class="nav-icon nav-arrow" style="visibility: visible;"></span>
      </span>
    </span>
  </a>

              
  <a href="https://www.amazon.in/ap/signin?openid.pape.max_auth_age=0&amp;openid.return_to=https%3A%2F%2Fwww.amazon.in%2F%3Fref_%3Dnav_ya_signin&amp;openid.identity=http%3A%2F%2Fspecs.openid.net%2Fauth%2F2.0%2Fidentifier_select&amp;openid.assoc_handle=inflex&amp;openid.mode=checkid_setup&amp;openid.claimed_id=http%3A%2F%2Fspecs.openid.net%2Fauth%2F2.0%2Fidentifier_select&amp;openid.ns=http%3A%2F%2Fspecs.openid.net%2Fauth%2F2.0&amp;" class="nav-a nav-a-2   nav-progressive-attribute" data-nav-ref="nav_ya_signin" data-nav-role="signin" data-ux-jq-mouseenter="true" id="nav-link-accountList" tabindex="0" data-csa-c-type="link" data-csa-c-slot-id="nav-link-accountList" data-csa-c-content-id="nav_ya_signin" data-csa-c-id="nzk32c-g6u4ia-63d59v-t5trpr">
  <div class="nav-line-1-container"><span id="nav-link-accountList-nav-line-1" class="nav-line-1 nav-progressive-content">Hello, Sign in</span></div>
  <span class="nav-line-2 ">Account &amp; Lists<span class="nav-icon nav-arrow" style="visibility: visible;"></span>
  </span>
</a>

              
<a href="/gp/css/order-history?ref_=nav_orders_first" class="nav-a nav-a-2   nav-progressive-attribute" id="nav-orders" tabindex="0">
  <span class="nav-line-1">Returns</span>
  <span class="nav-line-2">&amp; Orders</span>
</a>

              
              
  <a href="https://www.amazon.in/gp/cart/view.html?ref_=nav_cart" aria-label="0 items in cart" class="nav-a nav-a-2 nav-progressive-attribute" id="nav-cart">
    <div id="nav-cart-count-container">
      <span id="nav-cart-count" aria-hidden="true" class="nav-cart-count nav-cart-0 nav-progressive-attribute nav-progressive-content">0</span>
      <span class="nav-cart-icon nav-sprite"></span>
    </div>
    <div id="nav-cart-text-container" class=" nav-progressive-attribute">
      <span aria-hidden="true" class="nav-line-1">
         
      </span>
      <span aria-hidden="true" class="nav-line-2">
        Cart
        <span class="nav-icon nav-arrow"></span>
      </span>
    </div>
  </a>

          </div>
          <script type="text/javascript">window.navmet.push({key:'Tools',end:+new Date(),begin:window.navmet.tmp});</script>

      </div>
    </div><div id="nav-flyout-iss-anchor"><div id="nav-flyout-searchAjax" class="nav-issFlyout nav-flyout" style=""><div class="nav-template nav-flyout-content"></div><div class="nav-flyout-buffer-left"></div><div class="nav-flyout-buffer-right"></div><div class="nav-flyout-buffer-top"></div><div class="nav-flyout-buffer-bottom"></div><div class="autocomplete-results-container"></div></div></div><div id="nav-flyout-anchor"><div id="nav-flyout-prime" class="nav-coreFlyout nav-flyout" style=""><div class="nav-arrow"><div class="nav-arrow-inner"></div></div><div class="nav-template nav-flyout-content nav-spinner"></div><div class="nav-flyout-buffer-left"></div><div class="nav-flyout-buffer-right"></div><div class="nav-flyout-buffer-top"></div><div class="nav-flyout-buffer-bottom"></div></div><div id="nav-flyout-amazonprime" class="nav-coreFlyout nav-flyout" style=""><div class="nav-arrow"><div class="nav-arrow-inner"></div></div><div class="nav-template nav-flyout-content nav-spinner"></div><div class="nav-flyout-buffer-left"></div><div class="nav-flyout-buffer-right"></div><div class="nav-flyout-buffer-top"></div><div class="nav-flyout-buffer-bottom"></div></div><div id="nav-flyout-accountList" class="nav-coreFlyout nav-flyout" style=""><div class="nav-arrow"><div class="nav-arrow-inner"></div></div><div class="nav-template nav-flyout-content"><div id="nav-al-container"><div id="nav-al-signin"><div id="nav-flyout-ya-signin" class="nav-flyout-content nav-flyout-accessibility"><a href="https://www.amazon.in/ap/signin?openid.pape.max_auth_age=0&amp;openid.return_to=https%3A%2F%2Fwww.amazon.in%2F%3Fref_%3Dnav_signin&amp;openid.identity=http%3A%2F%2Fspecs.openid.net%2Fauth%2F2.0%2Fidentifier_select&amp;openid.assoc_handle=inflex&amp;openid.mode=checkid_setup&amp;openid.claimed_id=http%3A%2F%2Fspecs.openid.net%2Fauth%2F2.0%2Fidentifier_select&amp;openid.ns=http%3A%2F%2Fspecs.openid.net%2Fauth%2F2.0&amp;" rel="nofollow" class="nav-action-button" data-nav-role="signin" data-nav-ref="nav_signin"><span class="nav-action-inner">Sign in</span></a><div id="nav-flyout-ya-newCust" class="nav_pop_new_cust nav-flyout-content nav-flyout-accessibility">New customer? <a href="https://www.amazon.in/ap/register?openid.pape.max_auth_age=0&amp;openid.return_to=https%3A%2F%2Fwww.amazon.in%2F%3F_encoding%3DUTF8%26ref_%3Dnav_newcust&amp;openid.identity=http%3A%2F%2Fspecs.openid.net%2Fauth%2F2.0%2Fidentifier_select&amp;openid.assoc_handle=inflex&amp;openid.mode=checkid_setup&amp;openid.claimed_id=http%3A%2F%2Fspecs.openid.net%2Fauth%2F2.0%2Fidentifier_select&amp;openid.ns=http%3A%2F%2Fspecs.openid.net%2Fauth%2F2.0&amp;" rel="nofollow" class="nav-a">Start here.</a></div></div></div><div id="nav-al-wishlist" class="nav-al-column nav-tpl-itemList nav-flyout-content nav-flyout-accessibility"><div class="nav-title" id="nav-al-title">Your Lists</div><a href="/hz/wishlist/ls?triggerElementID=createList&amp;ref_=nav_ListFlyout_navFlyout_createList_lv_redirect" class="nav-link nav-item"><span class="nav-text">Create a Wish List</span></a> <a href="/wishlist/universal?ref_=nav_ListFlyout_gno_listpop_uwl" class="nav-link nav-item"><span class="nav-text">Wish from Any Website</span></a> <a href="/baby-reg/homepage?ref_=nav_ListFlyout_gno_listpop_br" class="nav-link nav-item"><span class="nav-text">Baby Wish List</span></a> <a href="/discover/?ref_=nav_ListFlyout_sbl" class="nav-link nav-item"><span class="nav-text">Discover Your Style</span></a> <a href="/showroom?ref_=nav_ListFlyout_srm_your_desk_wl_in" class="nav-link nav-item"><span class="nav-text">Explore Showroom</span></a></div><div id="nav-al-your-account" class="nav-al-column nav-template nav-flyout-content nav-tpl-itemList nav-flyout-accessibility"><div class="nav-title">Your Account</div><a href="/gp/css/homepage.html?ref_=nav_AccountFlyout_ya" class="nav-link nav-item"><span class="nav-text">Your Account</span></a> <a id="nav_prefetch_yourorders" href="/gp/css/order-history?ref_=nav_AccountFlyout_orders" class="nav-link nav-item"><span class="nav-text">Your Orders</span></a> <a href="/hz/wishlist/ls?requiresSignIn=1&amp;ref_=nav_AccountFlyout_wl" class="nav-link nav-item"><span class="nav-text">Your Wish List</span></a> <a href="/gp/yourstore?ref_=nav_AccountFlyout_recs" class="nav-link nav-item"><span class="nav-text">Your Recommendations</span></a> <a href="/gp/primecentral?ref_=nav_AccountFlyout_prime" class="nav-link nav-item"><span class="nav-text">Your Prime Membership</span></a> <a href="/gp/redirect.html?location=https%3A%2F%2Fwww.primevideo.com%2F%3Fref_%3D_apv&amp;source=nav_linktree&amp;token=13D4F90D28CD96790B94E6091246BB1B2AE9FA05" class="nav-link nav-item"><span class="nav-text">Your Prime Video</span></a> <a href="/auto-deliveries?ref_=nav_AccountFlyout_sns" class="nav-link nav-item"><span class="nav-text">Your Subscribe &amp; Save Items</span></a> <a href="/hz5/yourmembershipsandsubscriptions?ref_=nav_AccountFlyout_digital_subscriptions" class="nav-link nav-item"><span class="nav-text">Memberships &amp; Subscriptions</span></a> <a href="/gp/browse.html?node=21102587031&amp;ref_=nav_ya_flyout_b2b_reg" class="nav-link nav-item"><span class="nav-text">Your Amazon Business Account</span></a> <a href="/b/?node=2838698031&amp;ld=AZINSOAYAFlyout&amp;ref_=nav_AccountFlyout_sell" class="nav-link nav-item"><span class="nav-text">Your Seller Account</span></a> <a href="/hz/mycd/myx?ref_=nav_AccountFlyout_myk" class="nav-link nav-item"><span class="nav-text">Manage Your Content and Devices</span></a></div></div></div><div class="nav-flyout-buffer-left"></div><div class="nav-flyout-buffer-right"></div><div class="nav-flyout-buffer-top"></div><div class="nav-flyout-buffer-bottom"></div></div><div id="nav-flyout-amazonfresh" class="nav-coreFlyout nav-flyout" style=""><div class="nav-arrow"><div class="nav-arrow-inner"></div></div><div class="nav-template nav-flyout-content nav-spinner"></div><div class="nav-flyout-buffer-left"></div><div class="nav-flyout-buffer-right"></div><div class="nav-flyout-buffer-top"></div><div class="nav-flyout-buffer-bottom"></div></div><div id="nav-flyout-groceries" class="nav-coreFlyout nav-flyout" style=""><div class="nav-arrow"><div class="nav-arrow-inner"></div></div><div class="nav-template nav-flyout-content nav-spinner"></div><div class="nav-flyout-buffer-left"></div><div class="nav-flyout-buffer-right"></div><div class="nav-flyout-buffer-top"></div><div class="nav-flyout-buffer-bottom"></div></div><div id="nav-flyout-transientFlyout" class="nav-coreFlyout nav-flyout" style=""><div class="nav-arrow"><div class="nav-arrow-inner"></div></div><div class="nav-template nav-flyout-content nav-spinner"></div><div class="nav-flyout-buffer-left"></div><div class="nav-flyout-buffer-right"></div><div class="nav-flyout-buffer-top"></div><div class="nav-flyout-buffer-bottom"></div></div><div id="nav-flyout-abAcquisition" class="nav-coreFlyout nav-flyout" style=""><div class="nav-arrow"><div class="nav-arrow-inner"></div></div><div class="nav-template nav-flyout-content nav-spinner"></div><div class="nav-flyout-buffer-left"></div><div class="nav-flyout-buffer-right"></div><div class="nav-flyout-buffer-top"></div><div class="nav-flyout-buffer-bottom"></div></div><div id="nav-flyout-abActivation" class="nav-coreFlyout nav-flyout" style=""><div class="nav-arrow"><div class="nav-arrow-inner"></div></div><div class="nav-template nav-flyout-content nav-spinner"></div><div class="nav-flyout-buffer-left"></div><div class="nav-flyout-buffer-right"></div><div class="nav-flyout-buffer-top"></div><div class="nav-flyout-buffer-bottom"></div></div><div id="nav-flyout-abAccountLink" class="nav-coreFlyout nav-flyout" style=""><div class="nav-arrow"><div class="nav-arrow-inner"></div></div><div class="nav-template nav-flyout-content nav-spinner"></div><div class="nav-flyout-buffer-left"></div><div class="nav-flyout-buffer-right"></div><div class="nav-flyout-buffer-top"></div><div class="nav-flyout-buffer-bottom"></div></div><div id="nav-flyout-abCatAcquisition" class="nav-coreFlyout nav-flyout" style=""><div class="nav-arrow"><div class="nav-arrow-inner"></div></div><div class="nav-template nav-flyout-content nav-spinner"></div><div class="nav-flyout-buffer-left"></div><div class="nav-flyout-buffer-right"></div><div class="nav-flyout-buffer-top"></div><div class="nav-flyout-buffer-bottom"></div></div><div id="nav-flyout-abCatActivation" class="nav-coreFlyout nav-flyout" style=""><div class="nav-arrow"><div class="nav-arrow-inner"></div></div><div class="nav-template nav-flyout-content nav-spinner"></div><div class="nav-flyout-buffer-left"></div><div class="nav-flyout-buffer-right"></div><div class="nav-flyout-buffer-top"></div><div class="nav-flyout-buffer-bottom"></div></div><div class="nav-signin-tt nav-flyout" style="display: block; position: absolute; top: -5px; left: 1021.48px; opacity: 1;"><div class="nav-arrow"><div class="nav-arrow-inner"></div></div><div id="nav-signin-tooltip"><a href="https://www.amazon.in/ap/signin?openid.pape.max_auth_age=0&amp;openid.return_to=https%3A%2F%2Fwww.amazon.in%2F%3Fref_%3Dnav_custrec_signin&amp;openid.identity=http%3A%2F%2Fspecs.openid.net%2Fauth%2F2.0%2Fidentifier_select&amp;openid.assoc_handle=inflex&amp;openid.mode=checkid_setup&amp;openid.claimed_id=http%3A%2F%2Fspecs.openid.net%2Fauth%2F2.0%2Fidentifier_select&amp;openid.ns=http%3A%2F%2Fspecs.openid.net%2Fauth%2F2.0&amp;" class="nav-action-button" data-nav-role="signin" data-nav-ref="nav_custrec_signin"><span class="nav-action-inner">Sign in</span></a><div class="nav-signin-tooltip-footer">New customer? <a href="https://www.amazon.in/ap/register?openid.pape.max_auth_age=0&amp;openid.return_to=https%3A%2F%2Fwww.amazon.in%2F%3F_encoding%3DUTF8%26ref_%3Dnav_custrec_newcust&amp;openid.identity=http%3A%2F%2Fspecs.openid.net%2Fauth%2F2.0%2Fidentifier_select&amp;openid.assoc_handle=inflex&amp;openid.mode=checkid_setup&amp;openid.claimed_id=http%3A%2F%2Fspecs.openid.net%2Fauth%2F2.0%2Fidentifier_select&amp;openid.ns=http%3A%2F%2Fspecs.openid.net%2Fauth%2F2.0&amp;" class="nav-a">Start here.</a></div></div><div class="nav-flyout-buffer-left"></div><div class="nav-flyout-buffer-right"></div><div class="nav-flyout-buffer-top"></div><div class="nav-flyout-buffer-bottom"></div></div><div id="nav-flyout-icp" class="nav-coreFlyout nav-flyout" style=""><div class="nav-arrow"><div class="nav-arrow-inner"></div></div><div class="nav-template nav-flyout-content nav-spinner"></div><div class="nav-flyout-buffer-left"></div><div class="nav-flyout-buffer-right"></div><div class="nav-flyout-buffer-top"></div><div class="nav-flyout-buffer-bottom"></div></div><div id="nav-flyout-icp-footer-flyout" class="nav-coreFlyout nav-flyout" style=""><div class="nav-arrow"><div class="nav-arrow-inner"></div></div><div class="nav-template nav-flyout-content nav-spinner"></div><div class="nav-flyout-buffer-left"></div><div class="nav-flyout-buffer-right"></div><div class="nav-flyout-buffer-top"></div><div class="nav-flyout-buffer-bottom"></div></div></div>
    <div style="position: relative; display: none; width: 100%; height: 39px;"></div><div id="nav-main" class="nav-sprite">
      <div class="nav-left">
        <script type="text/javascript">window.navmet.tmp=+new Date();</script>
  <a href="javascript: void(0)" id="nav-hamburger-menu" role="button" aria-label="Open Menu" data-csa-c-type="widget" data-csa-c-slot-id="HamburgerMenuDesktop" data-csa-c-interaction-events="click" data-csa-c-id="elwh2p-d6lgis-vs89b-hypvpz">
    <i class="hm-icon nav-sprite"></i>
    <span class="hm-icon-label">All</span>
  </a>
  
<script type="text/javascript">
  var hmenu = document.getElementById("nav-hamburger-menu");
  hmenu.setAttribute("href", "javascript: void(0)");
  window.navHamburgerMetricLogger = function() {
    if (window.ue && window.ue.count) {
      var metricName = "Nav:Hmenu:IconClickActionPending";
      window.ue.count(metricName, (ue.count(metricName) || 0) + 1);
    }
    window.$Nav && $Nav.declare("navHMenuIconClicked",!0);
    window.$Nav && $Nav.declare("navHMenuIconClickedNotReadyTimeStamp", Date.now());
  };
  hmenu.addEventListener("click", window.navHamburgerMetricLogger);
  window.$Nav && $Nav.declare('hamburgerMenuIconAvailableOnLoad', false);
</script>  
<script type="text/javascript">window.navmet.push({key:'HamburgerMenuIcon',end:+new Date(),begin:window.navmet.tmp});</script>
        
        
        
        
      <div id="nav-shop">
 </div></div>
      <div class="nav-fill">
        
          
 
          <div id="nav-xshop-container">
            <div id="nav-xshop" class="nav-progressive-content">
              <script type="text/javascript">window.navmet.tmp=+new Date();</script>
<a href="/gp/bestsellers/?ref_=nav_cs_bestsellers" class="nav-a  " tabindex="0" data-csa-c-type="link" data-csa-c-slot-id="nav_cs_0" data-csa-c-content-id="nav_cs_bestsellers" data-csa-c-id="f39gx9-awtm5a-u6jqwt-y9gajn">Best Sellers</a>

<a href="/mobile-phones/b/?ie=UTF8&amp;node=1389401031&amp;ref_=nav_cs_mobiles" class="nav-a  " tabindex="0" data-csa-c-type="link" data-csa-c-slot-id="nav_cs_1" data-csa-c-content-id="nav_cs_mobiles" data-csa-c-id="ekukaw-u32cb-bzvpkp-cihryt">Mobiles</a>

<a href="/deals?ref_=nav_cs_gb" class="nav-a  " tabindex="0" data-csa-c-type="link" data-csa-c-slot-id="nav_cs_2" data-csa-c-content-id="nav_cs_gb" data-csa-c-id="azr641-ee11mc-9uoinj-n0y83e">Today's Deals</a>

<a href="/electronics/b/?ie=UTF8&amp;node=976419031&amp;ref_=nav_cs_electronics" class="nav-a  " tabindex="0" data-csa-c-type="link" data-csa-c-slot-id="nav_cs_3" data-csa-c-content-id="nav_cs_electronics" data-csa-c-id="2w34s6-fw1gar-l9lk2-3a7iox"> Electronics </a>

<a href="/gp/help/customer/display.html?nodeId=200507590&amp;ref_=nav_cs_help" class="nav-a  " tabindex="0" data-csa-c-type="link" data-csa-c-slot-id="nav_cs_4" data-csa-c-content-id="nav_cs_help" data-csa-c-id="nhs1q2-wyboer-pmzim3-hjazak">Customer Service</a>

<a href="/prime?ref_=nav_cs_primelink_nonmember" class="nav-a  " data-ux-jq-mouseenter="true" id="nav-link-prime" tabindex="0" data-csa-c-type="link" data-csa-c-slot-id="nav-link-prime" data-csa-c-content-id="nav_cs_primelink_nonmember" data-csa-c-id="th1hws-cn0m4u-vt0ajv-uzx0gw"><span>Prime</span><span class="nav-icon nav-arrow" style="visibility: visible;"></span></a>

<a href="/gp/browse.html?node=6648217031&amp;ref_=nav_cs_fashion" class="nav-a  " tabindex="0" data-csa-c-type="link" data-csa-c-slot-id="nav_cs_6" data-csa-c-content-id="nav_cs_fashion" data-csa-c-id="w0nhlq-xilc5l-8bjme-hmq2k0">Fashion</a>

<a href="/gp/new-releases/?ref_=nav_cs_newreleases" class="nav-a  " tabindex="0" data-csa-c-type="link" data-csa-c-slot-id="nav_cs_7" data-csa-c-content-id="nav_cs_newreleases" data-csa-c-id="fpasy7-kxhjmi-mexeij-e6geoh">New Releases</a>

<a href="/Home-Kitchen/b/?ie=UTF8&amp;node=976442031&amp;ref_=nav_cs_home" class="nav-a  " tabindex="0" data-csa-c-type="link" data-csa-c-slot-id="nav_cs_8" data-csa-c-content-id="nav_cs_home" data-csa-c-id="fa6mvq-b8p8pk-7cgsgb-1898bz">Home &amp; Kitchen</a>

<a href="/gp/sva/dashboard?ref_=nav_cs_apay" class="nav-a  " tabindex="0" data-csa-c-type="link" data-csa-c-slot-id="nav_cs_9" data-csa-c-content-id="nav_cs_apay" data-csa-c-id="6iqc4t-bd4cy2-6yygtu-y4za0b">Amazon Pay</a>

<a href="/Books/b/?ie=UTF8&amp;node=976389031&amp;ref_=nav_cs_books" class="nav-a  " tabindex="0" data-csa-c-type="link" data-csa-c-slot-id="nav_cs_10" data-csa-c-content-id="nav_cs_books" data-csa-c-id="rrcohf-a7keiy-88v4n8-7rtos6">Books</a>

<a href="/computers-and-accessories/b/?ie=UTF8&amp;node=976392031&amp;ref_=nav_cs_pc" class="nav-a  " tabindex="0" data-csa-c-type="link" data-csa-c-slot-id="nav_cs_11" data-csa-c-content-id="nav_cs_pc" data-csa-c-id="r3bwox-z6vvns-v8q5lr-pxqogr">Computers</a>

<a href="/amazon-coupons/b/?_encoding=UTF8&amp;node=10465704031&amp;ref_=nav_cs_coupons" class="nav-a  " tabindex="0" data-csa-c-type="link" data-csa-c-slot-id="nav_cs_12" data-csa-c-content-id="nav_cs_coupons" data-csa-c-id="ggld5g-a31v2e-2tbvai-d09g5c">Coupons</a>

<a href="/gift-card-store/b/?ie=UTF8&amp;node=3704982031&amp;ref_=nav_cs_gc" class="nav-a  " tabindex="0" data-csa-c-type="link" data-csa-c-slot-id="nav_cs_13" data-csa-c-content-id="nav_cs_gc" data-csa-c-id="blkrmv-rt0z47-p6zxv2-ba90ph">Gift Cards</a>

<a href="/Toys-Games/b/?ie=UTF8&amp;node=1350380031&amp;ref_=nav_cs_toys" class="nav-a  " tabindex="0" data-csa-c-type="link" data-csa-c-slot-id="nav_cs_14" data-csa-c-content-id="nav_cs_toys" data-csa-c-id="poxti9-d2jcqz-dtfukb-9luf7r">Toys &amp; Games</a>

<a href="/b/?node=2838698031&amp;ld=AZINSOANavDesktop&amp;ref_=nav_cs_sell" class="nav-a  " tabindex="0" data-csa-c-type="link" data-csa-c-slot-id="nav_cs_15" data-csa-c-content-id="nav_cs_sell" data-csa-c-id="pjb63i-d18sde-q7ccko-9iswbr">Sell</a>

<a href="/Car-Motorbike-Store/b/?ie=UTF8&amp;node=4772060031&amp;ref_=nav_cs_automotive" class="nav-a  " tabindex="0" data-csa-c-type="link" data-csa-c-slot-id="nav_cs_16" data-csa-c-content-id="nav_cs_automotive" data-csa-c-id="xpy618-4vakd0-gqg1g7-qjdko6">Car &amp; Motorbike</a>

<a href="/video-games/b/?ie=UTF8&amp;node=976460031&amp;ref_=nav_cs_video_games" class="nav-a  " tabindex="0" data-csa-c-type="link" data-csa-c-slot-id="nav_cs_17" data-csa-c-content-id="nav_cs_video_games" data-csa-c-id="hp4mrt-8ts073-s7uzqs-4ov4zx">Video Games</a>

<a href="/beauty/b/?ie=UTF8&amp;node=1355016031&amp;ref_=nav_cs_beauty" class="nav-a  " tabindex="0" data-csa-c-type="link" data-csa-c-slot-id="nav_cs_18" data-csa-c-content-id="nav_cs_beauty" data-csa-c-id="v1p66i-oi64du-ib7018-opd0n4">Beauty &amp; Personal Care</a>

<a href="/Gourmet-Specialty-Foods/b/?ie=UTF8&amp;node=2454178031&amp;ref_=nav_cs_grocery" class="nav-a  " tabindex="0" data-csa-c-type="link" data-csa-c-slot-id="nav_cs_19" data-csa-c-content-id="nav_cs_grocery" data-csa-c-id="kdo7ku-1fj9yi-fjz28n-r8oibj">Grocery &amp; Gourmet Foods</a>

<a href="/Sports/b/?ie=UTF8&amp;node=1984443031&amp;ref_=nav_cs_sports" class="nav-a  " tabindex="0" data-csa-c-type="link" data-csa-c-slot-id="nav_cs_20" data-csa-c-content-id="nav_cs_sports" data-csa-c-id="df8t9p-eucs0e-o261y0-u5j7kw">Sports, Fitness &amp; Outdoors</a>

<a href="/health-and-personal-care/b/?ie=UTF8&amp;node=1350384031&amp;ref_=nav_cs_hpc" class="nav-a  " tabindex="0" data-csa-c-type="link" data-csa-c-slot-id="nav_cs_21" data-csa-c-content-id="nav_cs_hpc" data-csa-c-id="qvynnv-4496o5-405npb-vgbyeb">Health, Household &amp; Personal Care</a>

<a href="/Baby/b/?ie=UTF8&amp;node=1571274031&amp;ref_=nav_cs_baby" class="nav-a  " tabindex="0" data-csa-c-type="link" data-csa-c-slot-id="nav_cs_22" data-csa-c-content-id="nav_cs_baby" data-csa-c-id="uy4fu-bmon62-u7ilxp-mda0x9">Baby</a>

<a href="/Pet-Supplies/b/?ie=UTF8&amp;node=2454181031&amp;ref_=nav_cs_pets" class="nav-a  " tabindex="0" data-csa-c-type="link" data-csa-c-slot-id="nav_cs_23" data-csa-c-content-id="nav_cs_pets" data-csa-c-id="25opyv-bzdj46-ywx7z5-uups39">Pet Supplies</a>

<a href="/Kindle-Store/b/?ie=UTF8&amp;node=1571277031&amp;ref_=nav_cs_kindle_books" class="nav-a  " tabindex="0" data-csa-c-type="link" data-csa-c-slot-id="nav_cs_24" data-csa-c-content-id="nav_cs_kindle_books" data-csa-c-id="shhtzq-9qaqb0-a66la5-julw1t">Kindle eBooks</a>

<a href="/gp/browse.html?node=3704992031&amp;ref_=nav_cs_hi" class="nav-a  " tabindex="0" data-csa-c-type="link" data-csa-c-slot-id="nav_cs_25" data-csa-c-content-id="nav_cs_hi" data-csa-c-id="tnddd9-d8llm-otb1bb-lwodgt">Home Improvement</a>

<a href="/gcx/-/gfhz/?ref_=nav_cs_giftfinder" class="nav-a  " tabindex="0" data-csa-c-type="link" data-csa-c-slot-id="nav_cs_26" data-csa-c-content-id="nav_cs_giftfinder" data-csa-c-id="5uqr5o-eebmlr-r2vkhc-ufx7cv">Gift Ideas</a>

<a href="/b/?node=6637738031&amp;ref_=nav_cs_amazonbasics" class="nav-a  " tabindex="0" data-csa-c-type="link" data-csa-c-slot-id="nav_cs_27" data-csa-c-content-id="nav_cs_amazonbasics" data-csa-c-id="quhskb-5ekhxh-bwhuwk-xl166a">AmazonBasics</a>

<a href="/auto-deliveries/landing?ref_=nav_cs_sns" class="nav-a  " tabindex="0" data-csa-c-type="link" data-csa-c-slot-id="nav_cs_28" data-csa-c-content-id="nav_cs_sns" data-csa-c-id="mao8ax-cd8ruz-3ozu3g-o1pfcg">Subscribe &amp; Save</a>
<script type="text/javascript">window.navmet.push({key:'CrossShop',end:+new Date(),begin:window.navmet.tmp});</script>
            </div>
          </div>
        
      </div>
      <div class="nav-right">
          <script type="text/javascript">window.navmet.tmp=+new Date();</script><!-- Navyaan SWM -->
<div id="nav-swmslot">
  <div id="navSwmHoliday" style="height: 39px; width: 400px; overflow: hidden; position: relative; " data-cel-widget="nav_sitewide_msg">
    <a aria-label="Big Savings, More Happiness" href="/events/greatrepublicdaysale/?_encoding=UTF8&amp;ref_=nav_swm_swm_gd&amp;pf_rd_p=f7c19e3f-3fd5-42d4-b34f-2a932e40f319&amp;pf_rd_s=nav-sitewide-msg&amp;pf_rd_t=4201&amp;pf_rd_i=navbar-4201&amp;pf_rd_m=A21TJRUUN4KGV&amp;pf_rd_r=BHPJXCXEQ08Q3G08SG3Z" class="nav-imageHref" tabindex="0">
  <img alt="Big Savings, More Happiness" src="https://images-eu.ssl-images-amazon.com/images/G/31/img20/Events/GW/JANART22/hero/JanART_SWM_400x39_Shop_now._CB647117819_.jpg">
</a>
      </div>
  
</div><script type="text/javascript">window.navmet.push({key:'SWM',end:+new Date(),begin:window.navmet.tmp});</script>
      </div>
    </div>

    <div id="nav-subnav-toaster"></div>

    
    <div id="nav-progressive-subnav">
      
    </div>

    
  </div>

  
  

</header>


<script type="text/javascript">window.navmet.push({key:'NavBar',end:+new Date(),begin:window.navmet.main});</script>


<script type="text/javascript">
  if (window.ue_t0) {
    window.navmet.push({key:"NavMainPaintEnd",end:+new Date(),begin:window.ue_t0});
    window.navmet.push({key:"NavFirstPaintEnd",end:+new Date(),begin:window.ue_t0});
  }
</script>


<script type="text/javascript">
    <!--
    window.$Nav && $Nav.declare('config.fixedBarBeacon',true);
    window.$Nav && $Nav.when("data").run(function(data) { data({"freshTimeout":{"template":{"name":"flyoutError","data":{"error":{"title":"<style>#nav-flyout-fresh{width:269px;padding:0;}#nav-flyout-fresh .nav-flyout-content{padding:0;}</style><a href='/amazonfresh'><img src='https://images-eu.ssl-images-amazon.com/images/G/02/omaha/images/yoda/flyout_72dpi._V270092858_.png' /></a>"}}}},"cartTimeout":{"template":{"name":"flyoutError","data":{"error":{"button":{"text":"Your Cart","url":"/gp/cart/view.html?ref_=nav_err_cart_timeout"},"title":"Oops!","paragraph":"There is a problem loading your cart right now"}}}},"primeTimeout":{"template":{"name":"flyoutError","data":{"error":{"title":"<a href='/gp/prime?ref_=nav_prime_btn_fb'><img src='https://images-eu.ssl-images-amazon.com/images/G/02/prime/yourprime/yourprime-widget-piv-fallback._V310089192_.jpg' /></a>"}}}},"ewcTimeout":{"template":{"name":"flyoutError","data":{"error":{"button":{"text":"Your Cart","url":"/gp/cart/view.html?ref_=nav_err_ewc_timeout"},"title":"Oops!","paragraph":"There is a problem loading your cart right now"}}}},"errorWishlist":{"template":{"name":"flyoutError","data":{"error":{"button":{"text":"Your Wish List","url":"/gp/registry/wishlist/?ref_=nav_err_wishlist"},"title":"Oops!","paragraph":"There is a problem retrieving the list right now"}}}},"emptyWishlist":{"template":{"name":"flyoutError","data":{"error":{"button":{"text":"Your Wish List","url":"/gp/registry/wishlist/?ref_=nav_err_empty_wishlist"},"title":"Oops!","paragraph":"Your list is empty"}}}},"yourAccountContent":{"template":{"name":"flyoutError","data":{"error":{"button":{"text":"Your Account","url":"/gp/css/homepage.html?ref_=nav_err_youraccount"},"title":"Oops!","paragraph":"There is a problem retrieving the list right now"}}}},"shopAllTimeout":{"template":{"name":"flyoutError","data":{"error":{"paragraph":"There is a problem retrieving the list right now"}}}},"kindleTimeout":{"template":{"name":"flyoutError","data":{"error":{"paragraph":"There is a problem retrieving the list right now"}}}}}); });
window.$Nav && $Nav.when("util.templates").run("FlyoutErrorTemplate", function(templates) {
      templates.add("flyoutError", "<# if(error.title) { #><span class='nav-title'><#=error.title #></span><# } #><# if(error.paragraph) { #><p class='nav-paragraph'><#=error.paragraph #></p><# } #><# if(error.button) { #><a href='<#=error.button.url #>' class='nav-action-button' ><span class='nav-action-inner'><#=error.button.text #></span></a><# } #>");
    });

    if (typeof uet == 'function') {
    uet('bb', 'iss-init-pc', {wb: 1});
  }
  if (!window.$SearchJS && window.$Nav) {
    window.$SearchJS = $Nav.make('sx');
  }

  var opts = {
    host: "completion.amazon.co.uk/search/complete"
  , marketId: "44571"
  , obfuscatedMarketId: "A21TJRUUN4KGV"
  , searchAliases: ["aps","amazonfresh","amazon-devices","stripbooks","audible","computers","digital-text","dvd","instant-video","electronics","hpc","kitchen","furniture","popular","software","videogames","toys","beauty","baby","watches","jewelry","luggage","mobile-apps","apparel","shoes","sporting","gift-cards","grocery","mi","office-products","pets","automotive","industrial","fashion","appliances","pantry","lawngarden","local-services","luxury-beauty","nowstore","more","spar","hypercity","bigbazaar","home-improvement","alexa-skills","collectibles","todays-deals","under-ten-dollars","specialty-aps-sns"]
  , filterAliases: []
  , pageType: "Gateway"
  , requestId: "BHPJXCXEQ08Q3G08SG3Z"
  , sessionId: "262-1911976-2471830"
  , language: "en_IN"
  , customerId: ""
  , b2b: 0
  , fresh: 0
  , isJpOrCn: 0
  , isUseAuiIss: 1
};

var issOpts = {
    fallbackFlag: 1
  , isDigitalFeaturesEnabled: 0
  , isWayfindingEnabled: 0
  , dropdown: "select.searchSelect"
  , departmentText: "in {department}"
  , suggestionText: "Search suggestions"
  , recentSearchesTreatment: "C"
  , authorSuggestionText: "all books by {author}"
  , translatedStringsMap: {"sx-recent-searches":"Recent searches","sx-your-recent-search":"Inspired by your recent search"}
  , biaTitleText: ""
  , biaPurchasedText: ""
  , biaViewAllText: ""
  , biaViewAllManageText: ""
  , biaAndText: ""
  , biaManageText: ""
  , biaWeblabTreatment: ""
  , issNavConfig: {}
  , np: 0
  , issCorpus: []
  , cf: 1
  , removeDeepNodeISS: ""
  , trendingTreatment: "C"
  , useAPIV2: ""
  , opfSwitch: ""
  , isISSDesktopRefactorEnabled: "1"
  , useServiceHighlighting: "true"
  , isInternal: 0
  , isAPICachingDisabled: true
  , isBrowseNodeScopingEnabled: false
  , isStorefrontTemplateEnabled: false
  , disableAutocompleteOnFocus: ""
};

  if (opts.isUseAuiIss === 1 && window.$Nav) {
  window.$Nav.when('sx.iss').run('iss-mason-init', function(iss){
    var issInitObj = buildIssInitObject(opts, issOpts, true);

    new iss.IssParentCoordinator(issInitObj);

    $SearchJS.declare('canCreateAutocomplete', issInitObj);
  });
} else if (window.$SearchJS) {
  var iss;

  // BEGIN Deprecated globals
  var issHost = opts.host
    , issMktid = opts.marketId
    , issSearchAliases = opts.searchAliases
    , updateISSCompletion = function() { iss.updateAutoCompletion(); };
  // END deprecated globals


  $SearchJS.when('jQuery', 'search-js-autocomplete-lib').run('autocomplete-init', initializeAutocomplete);
  $SearchJS.when('canCreateAutocomplete').run('createAutocomplete', createAutocomplete);

} // END conditional for window.$SearchJS
  function initializeAutocomplete(jQuery) {
  var issInitObj = buildIssInitObject(opts, issOpts);
  $SearchJS.declare("canCreateAutocomplete", issInitObj);
} // END initializeAutocomplete
  function initSearchCsl(searchCSL, issInitObject) {
  searchCSL.init(
    opts.pageType,
    (window.ue && window.ue.rid) || opts.requestId
  );
  $SearchJS.declare("canCreateAutocomplete", issInitObject);
} // END initSearchCsl
  function createAutocomplete(issObject) {
  iss = new AutoComplete(issObject);

  $SearchJS.publish("search-js-autocomplete", iss);

  logMetrics();
} // END createAutocomplete
  function buildIssInitObject(opts, issOpts, isNewIss) {
    var issInitObj = {
        src: opts.host
      , sessionId: opts.sessionId
      , requestId: opts.requestId
      , mkt: opts.marketId
      , obfMkt: opts.obfuscatedMarketId
      , pageType: opts.pageType
      , language: opts.language
      , customerId: opts.customerId
      , fresh: opts.fresh
      , b2b: opts.b2b
      , aliases: opts.searchAliases
      , fb: issOpts.fallbackFlag
      , isDigitalFeaturesEnabled: issOpts.isDigitalFeaturesEnabled
      , isWayfindingEnabled: issOpts.isWayfindingEnabled
      , issPrimeEligible: issOpts.issPrimeEligible
      , deptText: issOpts.departmentText
      , sugText: issOpts.suggestionText
      , filterAliases: opts.filterAliases
      , biaWidgetUrl: opts.biaWidgetUrl
      , recentSearchesTreatment: issOpts.recentSearchesTreatment
      , authorSuggestionText: issOpts.authorSuggestionText
      , translatedStringsMap: issOpts.translatedStringsMap
      , biaTitleText: ""
      , biaPurchasedText: ""
      , biaViewAllText: ""
      , biaViewAllManageText: ""
      , biaAndText: ""
      , biaManageText: ""
      , biaWeblabTreatment: ""
      , issNavConfig: issOpts.issNavConfig
      , cf: issOpts.cf
      , ime: opts.isJpOrCn
      , mktid: opts.marketId
      , qs: opts.isJpOrCn
      , issCorpus: issOpts.issCorpus
      , deepNodeISS: {
          searchAliasAccessor: function($) {
            return (window.SearchPageAccess && window.SearchPageAccess.searchAlias()) ||
                   $('select.searchSelect').children().attr('data-root-alias');
          },
          searchAliasDisplayNameAccessor: function() {
            return (window.SearchPageAccess && window.SearchPageAccess.searchAliasDisplayName());
          }
        }
      , removeDeepNodeISS: issOpts.removeDeepNodeISS
      , trendingTreatment: issOpts.trendingTreatment
      , useAPIV2: issOpts.useAPIV2
      , opfSwitch: issOpts.opfSwitch
      , isISSDesktopRefactorEnabled: issOpts.isISSDesktopRefactorEnabled
      , useServiceHighlighting: issOpts.useServiceHighlighting
      , isInternal: issOpts.isInternal
      , isAPICachingDisabled: issOpts.isAPICachingDisabled
      , isBrowseNodeScopingEnabled: issOpts.isBrowseNodeScopingEnabled
      , isStorefrontTemplateEnabled: issOpts.isStorefrontTemplateEnabled
      , disableAutocompleteOnFocus: issOpts.disableAutocompleteOnFocus
    };
  
    // If we aren't using the new ISS then we need to add these properties
    
    if (!isNewIss) {
      issInitObj.dd = issOpts.dropdown; // The element with id searchDropdownBox doesn't exist in C.
      issInitObj.imeSpacing = issOpts.imeSpacing;
      issInitObj.isNavInline = 1;
      issInitObj.triggerISSOnClick = 0;
      issInitObj.sc = 1;
      issInitObj.np = issOpts.np;
    }
  
    return issInitObj;
  } // END buildIssInitObject
  function logMetrics() {
  if (typeof uet == 'function' && typeof uex == 'function') {
      uet('be', 'iss-init-pc',
          {
              wb: 1
          });
      uex('ld', 'iss-init-pc',
          {
              wb: 1
          });
  }
} // END logMetrics
  
    
window.$Nav && $Nav.declare('config.navDeviceType','desktop');

window.$Nav && $Nav.declare('config.navDebugHighres',false);

window.$Nav && $Nav.declare('config.pageType','Gateway');
window.$Nav && $Nav.declare('config.subPageType','desktop');

window.$Nav && $Nav.declare('config.dynamicMenuUrl','\x2Fgp\x2Fnavigation\x2Fajax\x2Fdynamic\x2Dmenu.html');

window.$Nav && $Nav.declare('config.dismissNotificationUrl','\x2Fgp\x2Fnavigation\x2Fajax\x2Fdismissnotification.html');

window.$Nav && $Nav.declare('config.enableDynamicMenus',true);

window.$Nav && $Nav.declare('config.isInternal',false);

window.$Nav && $Nav.declare('config.isBackup',false);

window.$Nav && $Nav.declare('config.isRecognized',false);

window.$Nav && $Nav.declare('config.transientFlyoutTrigger','\x23nav\x2Dtransient\x2Dflyout\x2Dtrigger');

window.$Nav && $Nav.declare('config.subnavFlyoutUrl','\x2Fgp\x2Fnavigation\x2Fajax\x2Fgeneric.html');
window.$Nav && $Nav.declare('config.isSubnavFlyoutMigrationEnabled',true);

window.$Nav && $Nav.declare('config.recordEvUrl','\x2Fgp\x2Fnavigation\x2Fajax\x2Frecordevent.html');
window.$Nav && $Nav.declare('config.recordEvInterval',15000);
window.$Nav && $Nav.declare('config.sessionId','262\x2D1911976\x2D2471830');
window.$Nav && $Nav.declare('config.requestId','BHPJXCXEQ08Q3G08SG3Z');

window.$Nav && $Nav.declare('config.alexaListEnabled',true);

window.$Nav && $Nav.declare('config.readyOnATF',true);

window.$Nav && $Nav.declare('config.dynamicMenuArgs',{"rid":"BHPJXCXEQ08Q3G08SG3Z","isFullWidthPrime":0,"isPrime":0,"dynamicRequest":1,"weblabs":"","isFreshRegionAndCustomer":"","primeMenuWidth":310});

window.$Nav && $Nav.declare('config.customerName',false);

window.$Nav && $Nav.declare('config.yourAccountPrimeURL',null);

window.$Nav && $Nav.declare('config.yourAccountPrimeHover',true);

window.$Nav && $Nav.declare('config.searchBackState',{});

window.$Nav && $Nav.declare('nav.inline');

(function (i) {
  if(window._navbarSpriteUrl) {
    i.onload = function() {window.uet && uet('ne')};
    i.src = window._navbarSpriteUrl;
  }
}(new Image()));

window.$Nav && $Nav.declare('config.autoFocus',false);

window.$Nav && $Nav.declare('config.responsiveTouchAgents',["ieTouch"]);

window.$Nav && $Nav.declare('config.responsiveGW',true);

window.$Nav && $Nav.declare('config.pageHideEnabled',false);

window.$Nav && $Nav.declare('config.sslTriggerType','null');
window.$Nav && $Nav.declare('config.sslTriggerRetry',0);

window.$Nav && $Nav.declare('config.doubleCart',false);

window.$Nav && $Nav.declare('config.signInOverride',true);

window.$Nav && $Nav.declare('config.signInTooltip',true);

window.$Nav && $Nav.declare('config.isPrimeMember',false);

window.$Nav && $Nav.declare('config.packardGlowTooltip',false);

window.$Nav && $Nav.declare('config.packardGlowFlyout',false);

window.$Nav && $Nav.declare('config.rightMarginAlignEnabled',true);

window.$Nav && $Nav.declare('config.flyoutAnimation',false);

window.$Nav && $Nav.declare('config.campusActivation','null');

window.$Nav && $Nav.declare('config.primeTooltip',false);

window.$Nav && $Nav.declare('config.primeDay',false);

window.$Nav && $Nav.declare('config.disableBuyItAgain',false);

window.$Nav && $Nav.declare('config.enableCrossShopBiaFlyout',false);

window.$Nav && $Nav.declare('config.pseudoPrimeFirstBrowse',null);

window.$Nav && $Nav.declare('config.sdaYourAccount',false);

window.$Nav && $Nav.declare('config.csYourAccount',false);

window.$Nav && $Nav.declare('config.cartFlyoutDisabled',true);

window.$Nav && $Nav.declare('config.isTabletBrowser',false);

window.$Nav && $Nav.declare('config.HmenuProximityArea',[200,200,200,200]);

window.$Nav && $Nav.declare('config.HMenuIsProximity',true);

window.$Nav && $Nav.declare('config.isPureAjaxALF',false);

window.$Nav && $Nav.declare('config.accountListFlyoutRedesign',false);

window.$Nav && $Nav.declare('config.navfresh',false);

window.$Nav && $Nav.declare('config.isFreshRegion',false);

if (window.ue && ue.tag) { ue.tag('navbar'); };

window.$Nav && $Nav.declare('config.blackbelt',true);

window.$Nav && $Nav.declare('config.beaconbelt',true);

window.$Nav && $Nav.declare('config.accountList',true);

window.$Nav && $Nav.declare('config.iPadTablet',false);

window.$Nav && $Nav.declare('config.searchapiEndpoint',false);

window.$Nav && $Nav.declare('config.timeline',false);

window.$Nav && $Nav.declare('config.timelineAsinPriceEnabled',false);

window.$Nav && $Nav.declare('config.timelineDeleteEnabled',false);



window.$Nav && $Nav.declare('config.extendedFlyout',false);

window.$Nav && $Nav.declare('config.flyoutCloseDelay',600);

window.$Nav && $Nav.declare('config.pssFlag',0);

window.$Nav && $Nav.declare('config.isPrimeTooltipMigrated',false);

window.$Nav && $Nav.declare('config.isDynamicWishListMigrationEnabled',true);

window.$Nav && $Nav.declare('config.hashCustomerAndSessionId','b1c37f385200e86074528bd40791b1aa76c1c984');

window.$Nav && $Nav.declare('config.isExportMode',false);

window.$Nav && $Nav.declare('config.languageCode','en_IN');

window.$Nav && $Nav.declare('config.environmentVFI','AmazonNavigationCards\x2Fdevelopment\x40B6069164711\x2DAL2_x86_64');



window.$Nav && $Nav.declare('config.isHMenuBrowserCacheDisable',false);

window.$Nav && $Nav.declare('config.signInUrlWithRefTag','https\x3A\x2F\x2Fwww.amazon.in\x2Fap\x2Fsignin\x3Fopenid.pape.max_auth_age\x3D0\x26openid.return_to\x3Dhttps\x253A\x252F\x252Fwww.amazon.in\x252F\x253F_encoding\x253DUTF8\x2526ref_\x253DnavSignInUrlRefTagPlaceHolder\x26openid.identity\x3Dhttp\x253A\x252F\x252Fspecs.openid.net\x252Fauth\x252F2.0\x252Fidentifier_select\x26openid.assoc_handle\x3Dinflex\x26openid.mode\x3Dcheckid_setup\x26openid.claimed_id\x3Dhttp\x253A\x252F\x252Fspecs.openid.net\x252Fauth\x252F2.0\x252Fidentifier_select\x26openid.ns\x3Dhttp\x253A\x252F\x252Fspecs.openid.net\x252Fauth\x252F2.0\x26');

window.$Nav && $Nav.declare('config.isSmile',false);

window.$Nav && $Nav.declare('config.regionalStores',["ctnow","More"]);

window.$Nav && $Nav.declare('config.isALFRedesignPT2',false);

window.$Nav && $Nav.declare('config.isNavALFRegistryGiftList',false);

window.$Nav && $Nav.declare('config.marketplaceId','A21TJRUUN4KGV');

window.$Nav && $Nav.declare('config.exportTransitionState','none');

window.$Nav && $Nav.declare('config.enableAeeXopFlyout',true);

window.$Nav && $Nav.declare('config.isPrimeFlyoutMigrationEnabled',false);

if (window.P && typeof window.P.declare === "function" && typeof window.P.now === "function") {
  window.P.now('packardGlowIngressJsEnabled').execute(function(glowEnabled) {
    if (!glowEnabled) {
      window.P.declare('packardGlowIngressJsEnabled', true);
    }
  });
  window.P.now('packardGlowStoreName').execute(function(storeName) {
    if (!storeName) {
      window.P.declare('packardGlowStoreName','generic');
    }
  });
}

window.$Nav && $Nav.declare('configComplete');

    -->
</script>


<a id="skippedLink" tabindex="-1"></a>

<script type="text/javascript">window.navmet.MainEnd = new Date();</script>
<script type="text/javascript">
    if (window.ue_t0) {
      window.navmet.push({key:"NavMainEnd",end:+new Date(),begin:window.ue_t0});
    }
</script>
<!-- sp:end-feature:navbar -->
<!-- sp:feature:host-atf -->
<div id="pageContent" class="a-section a-spacing-none" role="main"><a name="top"></a>
<div cel_widget_id="desktop-hero-order" id="desktop-banner" data-csa-c-type="widget" data-csa-c-slot-id="" data-csa-c-content-id="" class="celwidget" data-csa-c-id="c0zenq-94vkp4-hf5wfg-vg2p0i" data-cel-widget="desktop-hero-order"><div id="gw-desktop-herotator" data-autorotation-delay="5000" class="a-section a-spacing-none aok-relative tall gw-desktop-herotator-ready"><div data-a-carousel-options="{&quot;set_size&quot;:8,&quot;minimum_gutter_width&quot;:0,&quot;maintain_state&quot;:false,&quot;show_partial_next&quot;:false,&quot;name&quot;:&quot;gateway-desktop-layout.herotator&quot;,&quot;circular&quot;:false,&quot;animation_speed&quot;:6000}" data-a-display-strategy="single" data-a-transition-strategy="slideCircular" data-a-class="desktop" class="a-begin a-carousel-container a-carousel-display-single a-carousel-transition-slideCircular gw-desktop-herotator a-carousel-initialized"><input autocomplete="on" type="hidden" class="a-carousel-firstvisibleitem"><div class="a-row a-carousel-controls a-carousel-row a-carousel-has-buttons a-carousel-overlay-buttons a-carousel-rounded-buttons"><div class="a-carousel-row-inner"><div class="a-carousel-col a-carousel-left celwidget" cel_widget_id="gw-desktop-hero-left-cel" data-csa-c-type="action" data-csa-c-action="herotatorLeftArrow" data-csa-c-slot-id="gw-desktop-hero-left" style="visibility: visible; z-index: 10;" data-csa-c-id="4p2k4r-sguex4-4t3woh-b5w20x" data-cel-widget="gw-desktop-hero-left-cel"><a class="a-carousel-goto-prevpage" tabindex="0" href="#" aria-disabled="true"><i class="a-icon a-icon-previous-rounded"><span class="a-icon-alt">Previous slide</span></i></a></div><div class="a-carousel-col a-carousel-center"><div class="a-carousel-viewport" id="anonCarousel1" style="height: 600px;"><ol class="a-carousel" role="list" style="width: 10792px; transition: all 0ms ease 0s; transform: translateX(-4047px) translateZ(0px);"><li class="a-carousel-card" role="listitem" aria-setsize="8" aria-posinset="6" aria-hidden="true" style="visibility: hidden; width: 1349px; margin: 0px;"><div id="gw-ftGr-desktop-hero-6" class="gw-ftGr-desktop-hero csm-placement-id-79df7927-94a0-4579-bb68-c30d86bcbe19 desktop-gateway-atf_d7c14436-4533-4297-a1a6-a8602e7d5539 celwidget pd_rd_wg-KOZkV pd_rd_w-6XzkG pd_rd_r-02c0df75-c0bc-41f2-b4e3-f8c32af3a8be" data-pf_rd_p="79df7927-94a0-4579-bb68-c30d86bcbe19" data-pd_rd_wg="KOZkV" data-pd_rd_w="6XzkG" data-pd_rd_r="02c0df75-c0bc-41f2-b4e3-f8c32af3a8be" data-ref_="pd_gw_unk" data-csa-c-type="widget" data-csa-c-slot-id="desktop-hero-6" data-csa-c-content-id="79df7927-94a0-4579-bb68-c30d86bcbe19" data-csa-c-id="8wa8xo-swmr31-2la7i7-daq5pe" data-cel-widget="gw-ftGr-desktop-hero-6"><link rel="stylesheet" href="https://images-eu.ssl-images-amazon.com/images/I/01JqOTGW4hL.css?xcp">
<div class="a-section a-spacing-none _cropped-image-link_style_cropped-image-link__3winf cropped-image-link" id="1-FgLl31og7tX88V1aUcmw"><a class="a-link-normal _cropped-image-link_style_centerImage__1rzYI aok-block image-window" href="/b/?_encoding=UTF8&amp;node=2454172031"><div class="a-section a-spacing-none _cropped-image-link_style_fluidImageContainer__2jd50"><img alt="Electronics" src="https://m.media-amazon.com/images/I/71Y4BbRTsuL._SX3000_.jpg" class="_cropped-image-link_style_fluidLandscapeImage__3eTVC _cropped-image-link_style_fluidImage__iJ3aE" data-a-hires="https://m.media-amazon.com/images/I/71Y4BbRTsuL._SX3000_.jpg"></div></a></div>

</div>
</li><li class="a-carousel-card" role="listitem" aria-setsize="8" aria-posinset="7" aria-hidden="true" style="visibility: hidden; width: 1349px; margin: 0px;"><div id="gw-ftGr-desktop-hero-7" class="gw-ftGr-desktop-hero csm-placement-id-5e68798d-b0bc-48ca-80d5-1d6e059f7690 desktop-gateway-atf_60568d0b-996b-4b8c-ac77-a64dc8abcc4f celwidget pd_rd_wg-KOZkV pd_rd_w-1jNds pd_rd_r-02c0df75-c0bc-41f2-b4e3-f8c32af3a8be" data-pf_rd_p="5e68798d-b0bc-48ca-80d5-1d6e059f7690" data-pd_rd_wg="KOZkV" data-pd_rd_w="1jNds" data-pd_rd_r="02c0df75-c0bc-41f2-b4e3-f8c32af3a8be" data-ref_="pd_gw_unk" data-csa-c-type="widget" data-csa-c-slot-id="desktop-hero-7" data-csa-c-content-id="5e68798d-b0bc-48ca-80d5-1d6e059f7690" data-csa-c-id="imd7w4-2l5arx-77mes8-xxh3jd" data-cel-widget="gw-ftGr-desktop-hero-7"><link rel="stylesheet" href="https://images-eu.ssl-images-amazon.com/images/I/01p5cXj74bL.css?xcp">
<a class="a-link-normal billboard-card" href="https://www.amazon.in/dp/B08LRDT7PL/?_encoding=UTF8&amp;pf_rd_p=5e68798d-b0bc-48ca-80d5-1d6e059f7690&amp;pd_rd_wg=KOZkV&amp;pf_rd_r=BHPJXCXEQ08Q3G08SG3Z&amp;pd_rd_w=1jNds&amp;pd_rd_r=02c0df75-c0bc-41f2-b4e3-f8c32af3a8be&amp;ref_=pd_gw_unk" id="noULC_9CQaNRsV0L5cEoag"><div class="a-cardui _billboard-card_tallStyle_gwm-tallBillboard__kQsY4" data-a-card-type="fullBleed"><img alt="OPPO A15s" src="https://m.media-amazon.com/images/I/61mq70XLjBL._SR1242,870_.jpg" data-a-hires="https://m.media-amazon.com/images/I/61mq70XLjBL._SR1242,870_.jpg"></div></a>

</div>
</li><li class="a-carousel-card" role="listitem" aria-setsize="8" aria-posinset="8" aria-hidden="true" style="visibility: hidden; width: 1349px; margin: 0px;"><div id="gw-ftGr-desktop-hero-8" class="gw-ftGr-desktop-hero csm-placement-id-fbdacf60-6a3a-46e9-b21b-abfc3871b5f9 desktop-gateway-atf_1033cb02-6d29-4428-80ea-57e98066be03 celwidget pd_rd_wg-KOZkV pd_rd_w-pcOJF pd_rd_r-02c0df75-c0bc-41f2-b4e3-f8c32af3a8be" data-pf_rd_p="fbdacf60-6a3a-46e9-b21b-abfc3871b5f9" data-pd_rd_wg="KOZkV" data-pd_rd_w="pcOJF" data-pd_rd_r="02c0df75-c0bc-41f2-b4e3-f8c32af3a8be" data-ref_="pd_gw_unk" data-csa-c-type="widget" data-csa-c-slot-id="desktop-hero-8" data-csa-c-content-id="fbdacf60-6a3a-46e9-b21b-abfc3871b5f9" data-csa-c-id="fd7b1n-mtbutf-cev6vn-8bd6wq" data-cel-widget="gw-ftGr-desktop-hero-8"><link rel="stylesheet" href="https://images-eu.ssl-images-amazon.com/images/I/01JqOTGW4hL.css?xcp">
<div class="a-section a-spacing-none _cropped-image-link_style_cropped-image-link__3winf cropped-image-link" id="e6VbAyiZhcps6VnKnXdF_Q"><a class="a-link-normal _cropped-image-link_style_centerImage__1rzYI aok-block image-window" href="/b/?_encoding=UTF8&amp;node=6628733031"><div class="a-section a-spacing-none _cropped-image-link_style_fluidImageContainer__2jd50"><img alt="Media" src="https://m.media-amazon.com/images/I/711Ug+ue12L._SX3000_.jpg" class="_cropped-image-link_style_fluidLandscapeImage__3eTVC _cropped-image-link_style_fluidImage__iJ3aE" data-a-hires="https://m.media-amazon.com/images/I/711Ug+ue12L._SX3000_.jpg"></div></a></div>

</div>
</li><li class="a-carousel-card" role="listitem" aria-setsize="8" aria-posinset="1" aria-hidden="false" style="visibility: visible; width: 1349px; margin: 0px;"><div id="gw-ftGr-desktop-hero-1" class="gw-ftGr-desktop-hero gw-critical-content csm-placement-id-bfd05e7f-6467-4a76-840c-3f13c1c42a47 desktop-gateway-atf_57212d09-272f-4191-ad6e-82fd337297ab celwidget pd_rd_wg-KOZkV pd_rd_w-XBMw8 pd_rd_r-02c0df75-c0bc-41f2-b4e3-f8c32af3a8be" data-pf_rd_p="bfd05e7f-6467-4a76-840c-3f13c1c42a47" data-pd_rd_wg="KOZkV" data-pd_rd_w="XBMw8" data-pd_rd_r="02c0df75-c0bc-41f2-b4e3-f8c32af3a8be" data-ref_="pd_gw_unk" data-csa-c-type="widget" data-csa-c-slot-id="desktop-hero-1" data-csa-c-content-id="bfd05e7f-6467-4a76-840c-3f13c1c42a47" data-csa-c-id="ee6sqi-zewhvd-4y20jo-q1or54" data-cel-widget="gw-ftGr-desktop-hero-1"><style>._cropped-image-link_style_cropped-image-link__3winf{height:600px}@media (max-width:767px){._cropped-image-link_style_cropped-image-link__3winf._cropped-image-link_style_tablet-app__1Ez8O{height:368px}}@media (min-width:768px) and (max-width:919px){._cropped-image-link_style_cropped-image-link__3winf._cropped-image-link_style_tablet-app__1Ez8O{height:470px}}[data-grid-size="3"] ._cropped-image-link_style_cropped-image-link__3winf,[data-grid-size="4"] ._cropped-image-link_style_cropped-image-link__3winf{height:615.6px}[data-grid-size="5"] ._cropped-image-link_style_cropped-image-link__3winf{height:748px}
._cropped-image-link_style_centerImage__1rzYI{height:100%;width:100%}
._cropped-image-link_style_fluidImageContainer__2jd50{height:100%;overflow:hidden;position:relative;width:100%}._cropped-image-link_style_fluidImageContainer__2jd50 ._cropped-image-link_style_fluidImage__iJ3aE{margin:auto;position:absolute}._cropped-image-link_style_fluidImageContainer__2jd50 ._cropped-image-link_style_fluidImage__iJ3aE._cropped-image-link_style_fluidLandscapeImage__3eTVC{height:100%;left:-9999px;max-width:none;right:-9999px}._cropped-image-link_style_fluidImageContainer__2jd50 ._cropped-image-link_style_fluidImage__iJ3aE._cropped-image-link_style_fluidPortraitImage__3yQ-X{bottom:-9999px;max-height:none;top:-9999px;width:100%}</style>
<div class="a-section a-spacing-none _cropped-image-link_style_cropped-image-link__3winf cropped-image-link" id="3WUt-5vYFK6dWtH_uIQ8-A"><a class="a-link-normal _cropped-image-link_style_centerImage__1rzYI aok-block image-window" href="/events/greatrepublicdaysale/"><div class="a-section a-spacing-none _cropped-image-link_style_fluidImageContainer__2jd50"><img alt="Great Republic Day Sale" src="https://m.media-amazon.com/images/I/71Z9ULBTUdL._SX3000_.jpg" class="_cropped-image-link_style_fluidLandscapeImage__3eTVC _cropped-image-link_style_fluidImage__iJ3aE" data-a-hires="https://m.media-amazon.com/images/I/71Z9ULBTUdL._SX3000_.jpg"></div></a></div><script>(function(f){f(P._namespace('gwiAutoInstVisible'));}(function(P) {if(window.GWI){GWI.Card.autoInstVisible('3WUt-5vYFK6dWtH_uIQ8-A');}}));</script>
<script>if(window.mixTimeout){window.mixTimeout('cropped-image-link', '3WUt-5vYFK6dWtH_uIQ8-A', 90000)};
P.when('mix:@amzn/mix.client-runtime', 'mix:cropped-image-link').execute(function (runtime, cardModule) {runtime.registerCardFactory('3WUt-5vYFK6dWtH_uIQ8-A', cardModule);if(window.GWI){window.GWI.Card.autoInstActive('3WUt-5vYFK6dWtH_uIQ8-A');}});
</script>
</div>
</li><li class="a-carousel-card" role="listitem" aria-setsize="8" aria-posinset="2" aria-hidden="true" style="visibility: hidden; width: 1349px; margin: 0px;"><div id="gw-ftGr-desktop-hero-2" class="gw-ftGr-desktop-hero csm-placement-id-0a0c5411-6c13-44f0-90c6-d4e720b28176 desktop-gateway-atf_f28eda73-4c60-4d96-9990-a267a605f65b celwidget pd_rd_wg-KOZkV pd_rd_w-G6jDj pd_rd_r-02c0df75-c0bc-41f2-b4e3-f8c32af3a8be" data-pf_rd_p="0a0c5411-6c13-44f0-90c6-d4e720b28176" data-pd_rd_wg="KOZkV" data-pd_rd_w="G6jDj" data-pd_rd_r="02c0df75-c0bc-41f2-b4e3-f8c32af3a8be" data-ref_="pd_gw_unk" data-csa-c-type="widget" data-csa-c-slot-id="desktop-hero-2" data-csa-c-content-id="0a0c5411-6c13-44f0-90c6-d4e720b28176" data-csa-c-id="crs9q5-e5o3gj-r8vun-vlewla" data-cel-widget="gw-ftGr-desktop-hero-2"><link rel="stylesheet" href="https://images-eu.ssl-images-amazon.com/images/I/01JqOTGW4hL.css?xcp">
<div class="a-section a-spacing-none _cropped-image-link_style_cropped-image-link__3winf cropped-image-link" id="MDweBxpvndljFYc_R7ZxlQ"><a class="a-link-normal _cropped-image-link_style_centerImage__1rzYI aok-block image-window" href="/l/27406701031/"><div class="a-section a-spacing-none _cropped-image-link_style_fluidImageContainer__2jd50"><img alt="Sony" src="https://m.media-amazon.com/images/I/71yW2GKXmTL._SX3000_.jpg" class="_cropped-image-link_style_fluidLandscapeImage__3eTVC _cropped-image-link_style_fluidImage__iJ3aE" data-a-hires="https://m.media-amazon.com/images/I/71yW2GKXmTL._SX3000_.jpg"></div></a></div>

</div>
</li><li class="a-carousel-card" role="listitem" aria-setsize="8" aria-posinset="3" aria-hidden="true" style="visibility: hidden; width: 1349px; margin: 0px;"><div id="gw-ftGr-desktop-hero-3" class="gw-ftGr-desktop-hero csm-placement-id-a8e84163-41b3-4988-a6d4-df2f52c9453e desktop-gateway-atf_eedc61f7-8fa4-4ab1-b08b-5ed04c041c22 celwidget pd_rd_wg-KOZkV pd_rd_w-7Amnx pd_rd_r-02c0df75-c0bc-41f2-b4e3-f8c32af3a8be" data-pf_rd_p="a8e84163-41b3-4988-a6d4-df2f52c9453e" data-pd_rd_wg="KOZkV" data-pd_rd_w="7Amnx" data-pd_rd_r="02c0df75-c0bc-41f2-b4e3-f8c32af3a8be" data-ref_="pd_gw_unk" data-csa-c-type="widget" data-csa-c-slot-id="desktop-hero-3" data-csa-c-content-id="a8e84163-41b3-4988-a6d4-df2f52c9453e" data-csa-c-id="3qx059-p30mry-f6xni5-jskyw9" data-cel-widget="gw-ftGr-desktop-hero-3"><link rel="stylesheet" href="https://images-eu.ssl-images-amazon.com/images/I/01JqOTGW4hL.css?xcp">
<div class="a-section a-spacing-none _cropped-image-link_style_cropped-image-link__3winf cropped-image-link" id="vDwzqhZtJtn0yozrxvZ2-Q"><a class="a-link-normal _cropped-image-link_style_centerImage__1rzYI aok-block image-window" href="/b/ref=surl_fashion/?_encoding=UTF8&amp;node=6648217031"><div class="a-section a-spacing-none _cropped-image-link_style_fluidImageContainer__2jd50"><img alt="Spring summer" src="https://m.media-amazon.com/images/I/71Gb3M4kS2L._SX3000_.jpg" class="_cropped-image-link_style_fluidLandscapeImage__3eTVC _cropped-image-link_style_fluidImage__iJ3aE" data-a-hires="https://m.media-amazon.com/images/I/71Gb3M4kS2L._SX3000_.jpg"></div></a></div>

</div>
</li><li class="a-carousel-card" role="listitem" aria-setsize="8" aria-posinset="4" aria-hidden="true" style="visibility: hidden; width: 1349px; margin: 0px;"><div id="gw-ftGr-desktop-hero-4" class="gw-ftGr-desktop-hero csm-placement-id-9e328c76-4e39-48d8-a2a3-4a07608a163d desktop-gateway-atf_b31b3c48-9515-4518-92e9-7273804eb06b celwidget pd_rd_wg-KOZkV pd_rd_w-UsWXY pd_rd_r-02c0df75-c0bc-41f2-b4e3-f8c32af3a8be" data-pf_rd_p="9e328c76-4e39-48d8-a2a3-4a07608a163d" data-pd_rd_wg="KOZkV" data-pd_rd_w="UsWXY" data-pd_rd_r="02c0df75-c0bc-41f2-b4e3-f8c32af3a8be" data-ref_="pd_gw_unk" data-csa-c-type="widget" data-csa-c-slot-id="desktop-hero-4" data-csa-c-content-id="9e328c76-4e39-48d8-a2a3-4a07608a163d" data-csa-c-id="vg3aio-zf9f9u-k8673p-bhg98l" data-cel-widget="gw-ftGr-desktop-hero-4"><link rel="stylesheet" href="https://images-eu.ssl-images-amazon.com/images/I/01JqOTGW4hL.css?xcp">
<div class="a-section a-spacing-none _cropped-image-link_style_cropped-image-link__3winf cropped-image-link" id="tEL3gAHQkzPluEtos9oCpw"><a class="a-link-normal _cropped-image-link_style_centerImage__1rzYI aok-block image-window" href="/l/976442031/"><div class="a-section a-spacing-none _cropped-image-link_style_fluidImageContainer__2jd50"><img alt="Home kitchen" src="https://m.media-amazon.com/images/I/71yRYk+qZ-L._SX3000_.jpg" class="_cropped-image-link_style_fluidLandscapeImage__3eTVC _cropped-image-link_style_fluidImage__iJ3aE" data-a-hires="https://m.media-amazon.com/images/I/71yRYk+qZ-L._SX3000_.jpg"></div></a></div>

</div>
</li><li class="a-carousel-card" role="listitem" aria-setsize="8" aria-posinset="5" aria-hidden="true" style="visibility: hidden; width: 1349px; margin: 0px;"><div id="gw-ftGr-desktop-hero-5" class="gw-ftGr-desktop-hero csm-placement-id-91265785-3882-494f-b4eb-1eeda95b1b9f desktop-gateway-atf_3c6380a5-ff0b-45c3-983a-347bf786cd83 celwidget pd_rd_wg-KOZkV pd_rd_w-815Do pd_rd_r-02c0df75-c0bc-41f2-b4e3-f8c32af3a8be" data-pf_rd_p="91265785-3882-494f-b4eb-1eeda95b1b9f" data-pd_rd_wg="KOZkV" data-pd_rd_w="815Do" data-pd_rd_r="02c0df75-c0bc-41f2-b4e3-f8c32af3a8be" data-ref_="pd_gw_unk" data-csa-c-type="widget" data-csa-c-slot-id="desktop-hero-5" data-csa-c-content-id="91265785-3882-494f-b4eb-1eeda95b1b9f" data-csa-c-id="m2tavx-o2bgww-w1s6ju-74qu0p" data-cel-widget="gw-ftGr-desktop-hero-5"><link rel="stylesheet" href="https://images-eu.ssl-images-amazon.com/images/I/01JqOTGW4hL.css?xcp">
<div class="a-section a-spacing-none _cropped-image-link_style_cropped-image-link__3winf cropped-image-link" id="5Wvgt-HrzcdD4EV-bPblsg"><a class="a-link-normal _cropped-image-link_style_centerImage__1rzYI aok-block image-window" href="/b/ref=EE_tallhero_Janart_unrec/?_encoding=UTF8&amp;node=27300169031"><div class="a-section a-spacing-none _cropped-image-link_style_fluidImageContainer__2jd50"><img alt="Daily essentials" src="https://m.media-amazon.com/images/I/81ZWb5yMKPL._SX3000_.jpg" class="_cropped-image-link_style_fluidLandscapeImage__3eTVC _cropped-image-link_style_fluidImage__iJ3aE" data-a-hires="https://m.media-amazon.com/images/I/81ZWb5yMKPL._SX3000_.jpg"></div></a></div>

</div>
</li></ol></div></div><div class="a-carousel-col a-carousel-right celwidget" cel_widget_id="gw-desktop-hero-right-cel" data-csa-c-type="action" data-csa-c-action="herotatorRightArrow" data-csa-c-slot-id="gw-desktop-hero-right" style="visibility: visible; z-index: 10;" data-csa-c-id="7gd0vu-gl7uok-6xeq2d-e2bew2" data-cel-widget="gw-desktop-hero-right-cel"><a class="a-carousel-goto-nextpage" tabindex="0" href="#" aria-disabled="false"><i class="a-icon a-icon-next-rounded"><span class="a-icon-alt">Next slide</span></i></a></div></div></div>
<span class="a-end aok-hidden"></span></div>
</div>
</div>
<script>GwInstrumentation.markH1Af({ uri: "/ah/ajax/counter?ctr=desktop_ajax_atf&exp=1642678600105&rId=BHPJXCXEQ08Q3G08SG3Z&mkId=A21TJRUUN4KGV&h=edc6c98dd6822d340285acbcc1561a6fcf2b6cd95dbcd8951d7588e7975b711d" })</script>
<script>P.when("LinkDecorator").execute("LDEventListenerInit", function(ld){ ld("pageContent"); })</script>
<script>
       //<![CDATA[
         window.P && P.when('herotator').execute(function heroBtf(h) {
           var btfContent = [{"fgID":"desktop-hero-2","content":"<link rel=\"stylesheet\" href=\"https://images-eu.ssl-images-amazon.com/images/I/01JqOTGW4hL.css?xcp\" />\n<div class=\"a-section a-spacing-none _cropped-image-link_style_cropped-image-link__3winf cropped-image-link\" id=\"MDweBxpvndljFYc_R7ZxlQ\"><a class=\"a-link-normal _cropped-image-link_style_centerImage__1rzYI aok-block image-window\" href=\"/l/27406701031/\"><div class=\"a-section a-spacing-none _cropped-image-link_style_fluidImageContainer__2jd50\"><img alt=\"Sony\" src=\"https://m.media-amazon.com/images/I/61T1mWXIwjL._SX1500_.jpg\" class=\"_cropped-image-link_style_fluidLandscapeImage__3eTVC _cropped-image-link_style_fluidImage__iJ3aE\" data-a-hires=\"https://m.media-amazon.com/images/I/71yW2GKXmTL._SX3000_.jpg\"/><\/div><\/a><\/div><script>(function(f){f(P._namespace('gwiAutoInstVisible'));}(function(P) {if(window.GWI){GWI.Card.autoInstVisible('MDweBxpvndljFYc_R7ZxlQ');}}));<\/script>\n<script>if(window.mixTimeout){window.mixTimeout('cropped-image-link', 'MDweBxpvndljFYc_R7ZxlQ', 90000)};\nP.when('mix:@amzn/mix.client-runtime', 'mix:cropped-image-link').execute(function (runtime, cardModule) {runtime.registerCardFactory('MDweBxpvndljFYc_R7ZxlQ', cardModule);if(window.GWI){window.GWI.Card.autoInstActive('MDweBxpvndljFYc_R7ZxlQ');}});\n<\/script>\n"},{"fgID":"desktop-hero-3","content":"<link rel=\"stylesheet\" href=\"https://images-eu.ssl-images-amazon.com/images/I/01JqOTGW4hL.css?xcp\" />\n<div class=\"a-section a-spacing-none _cropped-image-link_style_cropped-image-link__3winf cropped-image-link\" id=\"vDwzqhZtJtn0yozrxvZ2-Q\"><a class=\"a-link-normal _cropped-image-link_style_centerImage__1rzYI aok-block image-window\" href=\"/b/ref=surl_fashion/?_encoding=UTF8&amp;node=6648217031\"><div class=\"a-section a-spacing-none _cropped-image-link_style_fluidImageContainer__2jd50\"><img alt=\"Spring summer\" src=\"https://m.media-amazon.com/images/I/51qAlQ7S1eL._SX1500_.jpg\" class=\"_cropped-image-link_style_fluidLandscapeImage__3eTVC _cropped-image-link_style_fluidImage__iJ3aE\" data-a-hires=\"https://m.media-amazon.com/images/I/71Gb3M4kS2L._SX3000_.jpg\"/><\/div><\/a><\/div><script>(function(f){f(P._namespace('gwiAutoInstVisible'));}(function(P) {if(window.GWI){GWI.Card.autoInstVisible('vDwzqhZtJtn0yozrxvZ2-Q');}}));<\/script>\n<script>if(window.mixTimeout){window.mixTimeout('cropped-image-link', 'vDwzqhZtJtn0yozrxvZ2-Q', 90000)};\nP.when('mix:@amzn/mix.client-runtime', 'mix:cropped-image-link').execute(function (runtime, cardModule) {runtime.registerCardFactory('vDwzqhZtJtn0yozrxvZ2-Q', cardModule);if(window.GWI){window.GWI.Card.autoInstActive('vDwzqhZtJtn0yozrxvZ2-Q');}});\n<\/script>\n"},{"fgID":"desktop-hero-4","content":"<link rel=\"stylesheet\" href=\"https://images-eu.ssl-images-amazon.com/images/I/01JqOTGW4hL.css?xcp\" />\n<div class=\"a-section a-spacing-none _cropped-image-link_style_cropped-image-link__3winf cropped-image-link\" id=\"tEL3gAHQkzPluEtos9oCpw\"><a class=\"a-link-normal _cropped-image-link_style_centerImage__1rzYI aok-block image-window\" href=\"/l/976442031/\"><div class=\"a-section a-spacing-none _cropped-image-link_style_fluidImageContainer__2jd50\"><img alt=\"Home kitchen\" src=\"https://m.media-amazon.com/images/I/51F1r92Hu3L._SX1500_.jpg\" class=\"_cropped-image-link_style_fluidLandscapeImage__3eTVC _cropped-image-link_style_fluidImage__iJ3aE\" data-a-hires=\"https://m.media-amazon.com/images/I/71yRYk+qZ-L._SX3000_.jpg\"/><\/div><\/a><\/div><script>(function(f){f(P._namespace('gwiAutoInstVisible'));}(function(P) {if(window.GWI){GWI.Card.autoInstVisible('tEL3gAHQkzPluEtos9oCpw');}}));<\/script>\n<script>if(window.mixTimeout){window.mixTimeout('cropped-image-link', 'tEL3gAHQkzPluEtos9oCpw', 90000)};\nP.when('mix:@amzn/mix.client-runtime', 'mix:cropped-image-link').execute(function (runtime, cardModule) {runtime.registerCardFactory('tEL3gAHQkzPluEtos9oCpw', cardModule);if(window.GWI){window.GWI.Card.autoInstActive('tEL3gAHQkzPluEtos9oCpw');}});\n<\/script>\n"},{"fgID":"desktop-hero-5","content":"<link rel=\"stylesheet\" href=\"https://images-eu.ssl-images-amazon.com/images/I/01JqOTGW4hL.css?xcp\" />\n<div class=\"a-section a-spacing-none _cropped-image-link_style_cropped-image-link__3winf cropped-image-link\" id=\"5Wvgt-HrzcdD4EV-bPblsg\"><a class=\"a-link-normal _cropped-image-link_style_centerImage__1rzYI aok-block image-window\" href=\"/b/ref=EE_tallhero_Janart_unrec/?_encoding=UTF8&amp;node=27300169031\"><div class=\"a-section a-spacing-none _cropped-image-link_style_fluidImageContainer__2jd50\"><img alt=\"Daily essentials\" src=\"https://m.media-amazon.com/images/I/61bz+sJxfsL._SX1500_.jpg\" class=\"_cropped-image-link_style_fluidLandscapeImage__3eTVC _cropped-image-link_style_fluidImage__iJ3aE\" data-a-hires=\"https://m.media-amazon.com/images/I/81ZWb5yMKPL._SX3000_.jpg\"/><\/div><\/a><\/div><script>(function(f){f(P._namespace('gwiAutoInstVisible'));}(function(P) {if(window.GWI){GWI.Card.autoInstVisible('5Wvgt-HrzcdD4EV-bPblsg');}}));<\/script>\n<script>if(window.mixTimeout){window.mixTimeout('cropped-image-link', '5Wvgt-HrzcdD4EV-bPblsg', 90000)};\nP.when('mix:@amzn/mix.client-runtime', 'mix:cropped-image-link').execute(function (runtime, cardModule) {runtime.registerCardFactory('5Wvgt-HrzcdD4EV-bPblsg', cardModule);if(window.GWI){window.GWI.Card.autoInstActive('5Wvgt-HrzcdD4EV-bPblsg');}});\n<\/script>\n"},{"fgID":"desktop-hero-6","content":"<link rel=\"stylesheet\" href=\"https://images-eu.ssl-images-amazon.com/images/I/01JqOTGW4hL.css?xcp\" />\n<div class=\"a-section a-spacing-none _cropped-image-link_style_cropped-image-link__3winf cropped-image-link\" id=\"1-FgLl31og7tX88V1aUcmw\"><a class=\"a-link-normal _cropped-image-link_style_centerImage__1rzYI aok-block image-window\" href=\"/b/?_encoding=UTF8&amp;node=2454172031\"><div class=\"a-section a-spacing-none _cropped-image-link_style_fluidImageContainer__2jd50\"><img alt=\"Electronics\" src=\"https://m.media-amazon.com/images/I/61SmZDJa-jL._SX1500_.jpg\" class=\"_cropped-image-link_style_fluidLandscapeImage__3eTVC _cropped-image-link_style_fluidImage__iJ3aE\" data-a-hires=\"https://m.media-amazon.com/images/I/71Y4BbRTsuL._SX3000_.jpg\"/><\/div><\/a><\/div><script>(function(f){f(P._namespace('gwiAutoInstVisible'));}(function(P) {if(window.GWI){GWI.Card.autoInstVisible('1-FgLl31og7tX88V1aUcmw');}}));<\/script>\n<script>if(window.mixTimeout){window.mixTimeout('cropped-image-link', '1-FgLl31og7tX88V1aUcmw', 90000)};\nP.when('mix:@amzn/mix.client-runtime', 'mix:cropped-image-link').execute(function (runtime, cardModule) {runtime.registerCardFactory('1-FgLl31og7tX88V1aUcmw', cardModule);if(window.GWI){window.GWI.Card.autoInstActive('1-FgLl31og7tX88V1aUcmw');}});\n<\/script>\n"},{"fgID":"desktop-hero-7","content":"<link rel=\"stylesheet\" href=\"https://images-eu.ssl-images-amazon.com/images/I/01p5cXj74bL.css?xcp\" />\n<a class=\"a-link-normal billboard-card\" href=\"https://www.amazon.in/dp/B08LRDT7PL/?_encoding=UTF8&amp;pf_rd_p=5e68798d-b0bc-48ca-80d5-1d6e059f7690&amp;pd_rd_wg=KOZkV&amp;pf_rd_r=BHPJXCXEQ08Q3G08SG3Z&amp;pd_rd_w=1jNds&amp;pd_rd_r=02c0df75-c0bc-41f2-b4e3-f8c32af3a8be&amp;ref_=pd_gw_unk\" id=\"noULC_9CQaNRsV0L5cEoag\"><div class=\"a-cardui _billboard-card_tallStyle_gwm-tallBillboard__kQsY4\" data-a-card-type=\"fullBleed\"><img alt=\"OPPO A15s\" src=\"https://m.media-amazon.com/images/I/61mq70XLjBL._SR414,290_.jpg\" data-a-hires=\"https://m.media-amazon.com/images/I/61mq70XLjBL._SR1242,870_.jpg\"/><\/div><\/a><script>(function(f){f(P._namespace('gwiAutoInstVisible'));}(function(P) {if(window.GWI){GWI.Card.autoInstVisible('noULC_9CQaNRsV0L5cEoag');}}));<\/script>\n<script>if(window.mixTimeout){window.mixTimeout('billboard-card', 'noULC_9CQaNRsV0L5cEoag', 90000)};\nP.when('mix:@amzn/mix.client-runtime', 'mix:billboard-card').execute(function (runtime, cardModule) {runtime.registerCardFactory('noULC_9CQaNRsV0L5cEoag', cardModule);if(window.GWI){window.GWI.Card.autoInstActive('noULC_9CQaNRsV0L5cEoag');}});\n<\/script>\n"},{"fgID":"desktop-hero-8","content":"<link rel=\"stylesheet\" href=\"https://images-eu.ssl-images-amazon.com/images/I/01JqOTGW4hL.css?xcp\" />\n<div class=\"a-section a-spacing-none _cropped-image-link_style_cropped-image-link__3winf cropped-image-link\" id=\"e6VbAyiZhcps6VnKnXdF_Q\"><a class=\"a-link-normal _cropped-image-link_style_centerImage__1rzYI aok-block image-window\" href=\"/b/?_encoding=UTF8&amp;node=6628733031\"><div class=\"a-section a-spacing-none _cropped-image-link_style_fluidImageContainer__2jd50\"><img alt=\"Media\" src=\"https://m.media-amazon.com/images/I/61dXelemZeL._SX1500_.jpg\" class=\"_cropped-image-link_style_fluidLandscapeImage__3eTVC _cropped-image-link_style_fluidImage__iJ3aE\" data-a-hires=\"https://m.media-amazon.com/images/I/711Ug+ue12L._SX3000_.jpg\"/><\/div><\/a><\/div><script>(function(f){f(P._namespace('gwiAutoInstVisible'));}(function(P) {if(window.GWI){GWI.Card.autoInstVisible('e6VbAyiZhcps6VnKnXdF_Q');}}));<\/script>\n<script>if(window.mixTimeout){window.mixTimeout('cropped-image-link', 'e6VbAyiZhcps6VnKnXdF_Q', 90000)};\nP.when('mix:@amzn/mix.client-runtime', 'mix:cropped-image-link').execute(function (runtime, cardModule) {runtime.registerCardFactory('e6VbAyiZhcps6VnKnXdF_Q', cardModule);if(window.GWI){window.GWI.Card.autoInstActive('e6VbAyiZhcps6VnKnXdF_Q');}});\n<\/script>\n"}];
             h(btfContent);
         });
       //]]]]><![CDATA[>
     </script>
<div id="gw-layout" class="a-section a-spacing-none aok-relative"><div id="gw-card-layout" data-grid-breakpoint="ws" data-flow-dir="h" class="a-section a-spacing-none gw-card-layout"><script>
  (function setMeshBreakPoint(w, d) {
    var g = d.getElementById('gw-card-layout'),
        WS = 1239,
        wdh =  w.innerWidth || d.documentElement.clientWidth || d.body.clientWidth,
        bp = wdh <= WS ? "sm" : "ws";
    g && g.setAttribute('data-grid-breakpoint', bp);
  }(window, document));
</script>
<div id="desktop-grid-1" data-gwi="{&quot;visible&quot;:&quot;desktop-grid-1-visible&quot;,&quot;active&quot;:&quot;desktop-grid-1-active&quot;}" data-display-at="smws" data-order-ws="1" class="gw-col csm-placement-id-8aa5249a-e3c3-4c80-a08f-6b922c8585a4 desktop-gateway-atf_02d96f08-34ca-4d9e-a344-f79d679c26c3 celwidget pd_rd_wg-KOZkV pd_rd_w-ehZQg pd_rd_r-02c0df75-c0bc-41f2-b4e3-f8c32af3a8be" data-order-sm="1" data-pf_rd_p="8aa5249a-e3c3-4c80-a08f-6b922c8585a4" data-pd_rd_wg="KOZkV" data-pd_rd_w="ehZQg" data-pd_rd_r="02c0df75-c0bc-41f2-b4e3-f8c32af3a8be" data-ref_="pd_gw_unk" data-csa-c-type="widget" data-csa-c-slot-id="desktop-grid-1" data-csa-c-content-id="8aa5249a-e3c3-4c80-a08f-6b922c8585a4" data-csa-c-id="xaikc4-jjtmje-ai87xm-7mlx4h" data-cel-widget="desktop-grid-1"><style>.a-cardui.fluid-fat-image-link .a-cardui-body .center-image{height:100%;width:100%}
.fluid-card{-webkit-box-orient:vertical;-webkit-box-direction:normal;display:-webkit-box;display:-ms-flexbox;display:flex;-ms-flex-direction:column;flex-direction:column}.fluid-card.a-cardui .a-cardui-body{-webkit-box-flex:1;-ms-flex-positive:1;flex-grow:1;height:275px;margin-bottom:44px;padding:0 20px}
.fluid-image-container{height:100%;overflow:hidden;position:relative;width:100%}.fluid-image-container img{bottom:-9999px;left:-9999px;margin:auto;position:absolute;right:-9999px;top:-9999px}.fluid-image-container .landscape-image{height:100%;max-height:100%;max-width:none}.fluid-image-container .portrait-image{max-height:none;max-width:100%;width:100%}</style>
<div id="wzdutMj5WVBB11iujs5YHw" class="a-cardui fluid-fat-image-link fluid-card fluid-fat-image-link" data-a-card-type="basic"><div class="a-cardui-header"><h2 class="a-color-base headline truncate-2line">Up to 40% off  on mobiles &amp; accessories</h2></div><div class="a-cardui-body"><a class="a-link-normal center-image aok-block image-window" href="/b?node=1389401031"><div class="a-section a-spacing-none fluid-image-container"><img alt="Up to 40% off | Mobiles and accessories" src="https://images-eu.ssl-images-amazon.com/images/G/31/img22/Wireless/Meghana/Event/JanART/D37353571_WLD_Jan_ART_22-_MSO_Common_SIM_Desktop-Gateway_Category-Card._SY304_CB647220102_.jpg" class="landscape-image" data-a-hires="https://images-eu.ssl-images-amazon.com/images/G/31/img22/Wireless/Meghana/Event/JanART/D37353571_WLD_Jan_ART_22-_MSO_Common_SIM_Desktop-Gateway_Category-Card-1X._SY608_CB647220103_.jpg"></div></a></div><div class="a-cardui-footer"><a class="a-link-normal see-more truncate-1line" href="/b?node=1389401031">See all offers</a></div></div><script>(function(f){f(P._namespace('gwiAutoInstVisible'));}(function(P) {if(window.GWI){GWI.Card.autoInstVisible('wzdutMj5WVBB11iujs5YHw');}}));</script>
<script>P.when('mix:fluid-fat-image-link').execute(function (cardModule) {cardModule.init('wzdutMj5WVBB11iujs5YHw');if(window.GWI){window.GWI.Card.autoInstActive('wzdutMj5WVBB11iujs5YHw');}});
</script>
</div>
<div id="desktop-grid-2" data-gwi="{&quot;visible&quot;:&quot;desktop-grid-2-visible&quot;,&quot;active&quot;:&quot;desktop-grid-2-active&quot;}" data-display-at="smws" data-order-ws="2" class="gw-col csm-placement-id-3727a43c-7344-4093-a593-7af04ecf458b desktop-gateway-atf_fa6ce1a8-57d3-4235-977e-19f3c3046f5b celwidget pd_rd_wg-KOZkV pd_rd_w-pAsfq pd_rd_r-02c0df75-c0bc-41f2-b4e3-f8c32af3a8be" data-order-sm="2" data-pf_rd_p="3727a43c-7344-4093-a593-7af04ecf458b" data-pd_rd_wg="KOZkV" data-pd_rd_w="pAsfq" data-pd_rd_r="02c0df75-c0bc-41f2-b4e3-f8c32af3a8be" data-ref_="pd_gw_unk" data-csa-c-type="widget" data-csa-c-slot-id="desktop-grid-2" data-csa-c-content-id="3727a43c-7344-4093-a593-7af04ecf458b" data-csa-c-id="wt52ls-fltumu-exa12v-acd19q" data-cel-widget="desktop-grid-2"><div id="dHbtm7a9YXaxdFVXwexs-g" class="a-cardui fluid-fat-image-link fluid-card fluid-fat-image-link" data-a-card-type="basic"><div class="a-cardui-header"><h2 class="a-color-base headline truncate-2line">Starting ?99 | Electronics &amp; accessories</h2></div><div class="a-cardui-body"><a class="a-link-normal center-image aok-block image-window" href="/b?node=976419031"><div class="a-section a-spacing-none fluid-image-container"><img alt="Up to 60% off | Deals on electronics &amp; accessories" src="https://images-eu.ssl-images-amazon.com/images/G/31/img22/CEPC/JanArt/GW/Electronics/D37355079_IN_CEPC_Electronics_GW-graphics_JanART22_rush_Desktop-Gateway_Category_Card_x1._SY304_CB647178505_.jpg" class="landscape-image" data-a-hires="https://images-eu.ssl-images-amazon.com/images/G/31/img22/CEPC/JanArt/GW/Electronics/D37355079_IN_CEPC_Electronics_GW-graphics_JanART22_rush_Desktop-Gateway_Category_Card_x2._SY608_CB647178505_.jpg"></div></a></div><div class="a-cardui-footer"><a class="a-link-normal see-more truncate-1line" href="/b?node=976419031">See all offers</a></div></div><script>(function(f){f(P._namespace('gwiAutoInstVisible'));}(function(P) {if(window.GWI){GWI.Card.autoInstVisible('dHbtm7a9YXaxdFVXwexs-g');}}));</script>
<script>P.when('mix:fluid-fat-image-link').execute(function (cardModule) {cardModule.init('dHbtm7a9YXaxdFVXwexs-g');if(window.GWI){window.GWI.Card.autoInstActive('dHbtm7a9YXaxdFVXwexs-g');}});
</script>
</div>
<div id="desktop-grid-3" data-gwi="{&quot;visible&quot;:&quot;desktop-grid-3-visible&quot;,&quot;active&quot;:&quot;desktop-grid-3-active&quot;}" data-display-at="smws" data-order-ws="3" class="gw-col csm-placement-id-967db69a-dded-4997-8369-989ce79045bd desktop-gateway-atf_6d88c1aa-3cd5-4950-8e91-c464c53305aa celwidget pd_rd_wg-KOZkV pd_rd_w-eE5NP pd_rd_r-02c0df75-c0bc-41f2-b4e3-f8c32af3a8be" data-order-sm="3" data-pf_rd_p="967db69a-dded-4997-8369-989ce79045bd" data-pd_rd_wg="KOZkV" data-pd_rd_w="eE5NP" data-pd_rd_r="02c0df75-c0bc-41f2-b4e3-f8c32af3a8be" data-ref_="pd_gw_unk" data-csa-c-type="widget" data-csa-c-slot-id="desktop-grid-3" data-csa-c-content-id="967db69a-dded-4997-8369-989ce79045bd" data-csa-c-id="jpx8ku-qub9c5-qgtzht-x0c0pf" data-cel-widget="desktop-grid-3"><div id="5DZ-9aVoYFjaBWIb4iaiUQ" class="a-cardui fluid-fat-image-link fluid-card fluid-fat-image-link" data-a-card-type="basic"><div class="a-cardui-header"><h2 class="a-color-base headline truncate-2line">Great offers on your first purchase</h2></div><div class="a-cardui-body"><a class="a-link-normal center-image aok-block image-window" href="/l/22568314031"><div class="a-section a-spacing-none fluid-image-container"><img alt="Great Republic Day Sale , Coming soon" src="https://images-eu.ssl-images-amazon.com/images/G/31/IMG21/Desk_Category_Card_1x._SY304_CB647218258_.jpg" class="landscape-image" data-a-hires="https://images-eu.ssl-images-amazon.com/images/G/31/IMG21/Desk_Category_Card_2x_New._SY608_CB646980821_.jpg"></div></a></div><div class="a-cardui-footer"><a class="a-link-normal see-more truncate-1line" href="/l/22568314031">Explore Now</a></div></div><script>(function(f){f(P._namespace('gwiAutoInstVisible'));}(function(P) {if(window.GWI){GWI.Card.autoInstVisible('5DZ-9aVoYFjaBWIb4iaiUQ');}}));</script>
<script>P.when('mix:fluid-fat-image-link').execute(function (cardModule) {cardModule.init('5DZ-9aVoYFjaBWIb4iaiUQ');if(window.GWI){window.GWI.Card.autoInstActive('5DZ-9aVoYFjaBWIb4iaiUQ');}});
</script>
</div>
<div id="desktop-grid-4" data-gwi="{&quot;visible&quot;:&quot;desktop-grid-4-visible&quot;,&quot;active&quot;:&quot;desktop-grid-4-active&quot;}" data-display-at="smws" data-order-ws="4" class="gw-col csm-placement-id-f3831203-ff78-49a6-9e50-041809516ba6 desktop-gateway-atf_9337eeff-468f-4318-8f96-13e0da53bd1c celwidget pd_rd_wg-KOZkV pd_rd_w-QqPqU pd_rd_r-02c0df75-c0bc-41f2-b4e3-f8c32af3a8be" data-order-sm="6" data-pf_rd_p="f3831203-ff78-49a6-9e50-041809516ba6" data-pd_rd_wg="KOZkV" data-pd_rd_w="QqPqU" data-pd_rd_r="02c0df75-c0bc-41f2-b4e3-f8c32af3a8be" data-ref_="pd_gw_unk" data-csa-c-type="widget" data-csa-c-slot-id="desktop-grid-4" data-csa-c-content-id="f3831203-ff78-49a6-9e50-041809516ba6" data-csa-c-id="lmof94-48mdm0-w0vr8b-4e02jr" data-cel-widget="desktop-grid-4"><style>.fluid-card{-webkit-box-orient:vertical;-webkit-box-direction:normal;display:-webkit-box;display:-ms-flexbox;display:flex;-ms-flex-direction:column;flex-direction:column}.fluid-card.a-cardui .a-cardui-body{-webkit-box-flex:1;-ms-flex-positive:1;flex-grow:1;height:275px;margin-bottom:44px;padding:0 20px}
.fluid-quad-image-label .image-label{height:36px}.fluid-quad-image-label .image-redirect{height:100%}.fluid-quad-image-label .grid-row-1{margin-bottom:6px}.fluid-quad-image-label .grid-row-1,.fluid-quad-image-label .grid-row-2{height:50%;overflow:hidden}.fluid-quad-image-label .quadrant-container{display:inline-block;height:100%;margin:0;padding:0 0 36px;position:relative;width:47.5%}.fluid-quad-image-label .quadrant-container-1{float:right}html[dir=rtl] .fluid-quad-image-label .quadrant-container-1{float:left}.fluid-quad-image-label .quadrant-overlay{height:100%;left:0;position:absolute;top:0;width:100%}
.fluid-image-container{height:100%;overflow:hidden;position:relative;width:100%}.fluid-image-container img{bottom:-9999px;left:-9999px;margin:auto;position:absolute;right:-9999px;top:-9999px}.fluid-image-container .landscape-image{height:100%;max-height:100%;max-width:none}.fluid-image-container .portrait-image{max-height:none;max-width:100%;width:100%}</style>
<div id="MrAxTa0hSAs-ArQvlttIAQ" class="a-cardui fluid-quad-card fluid-card fluid-quad-image-label fluid-quad-image-label" data-a-card-type="basic"><div class="a-cardui-header"><h2 class="a-color-base headline truncate-2line">Up to 70% off | Amazon Brands &amp; more</h2></div><div class="a-cardui-body"><div class="a-section a-spacing-small grid-row-1"><div class="a-section a-spacing-none quadrant-container quadrant-container-0"><a aria-label="Home &amp; kitchen" class="a-link-normal image-redirect aok-block image-window" href="/b/ref=aughk?node=21868698031"><div class="a-section a-spacing-none fluid-image-container"><img alt="Home &amp; kitchen" src="https://images-eu.ssl-images-amazon.com/images/G/31/home_private_label/bhardwl/hpb_gw/xcm_banners_hpb_xgl_a_new_186x116_in-en._SY116_CB647055984_.jpg" class="landscape-image" data-a-hires="https://images-eu.ssl-images-amazon.com/images/G/31/home_private_label/bhardwl/hpb_gw/xcm_banners_hpb_xgl_a_new_372x232_in-en._SY232_CB647055984_.jpg"></div><div class="a-section a-spacing-none image-label aok-inline-block aok-align-center"><span class="a-size-small a-color-base truncate-2line">Up to 65% off | Home &amp; kitchen</span></div></a></div><div class="a-section a-spacing-none quadrant-container quadrant-container-1"><a aria-label="Up to 55% off | TVs &amp; appliances" class="a-link-normal image-redirect aok-block image-window" href="/b?node=26190167031"><div class="a-section a-spacing-none fluid-image-container"><img alt="Up to 55% off | TVs &amp; appliances" src="https://images-eu.ssl-images-amazon.com/images/G/31/home_private_label/bhardwl/hpb_gw/xcm_banners_hpb_xgl_b_186x116_in-en._SY116_CB647056389_.jpg" class="landscape-image" data-a-hires="https://images-eu.ssl-images-amazon.com/images/G/31/home_private_label/bhardwl/hpb_gw/xcm_banners_hpb_xgl_b_372x232_in-en._SY232_CB647056395_.jpg"></div><div class="a-section a-spacing-none image-label aok-inline-block aok-align-center"><span class="a-size-small a-color-base truncate-2line">Up to 55% off | TVs &amp; appliances</span></div></a></div></div><div class="a-section grid-row-2"><div class="a-section a-spacing-none quadrant-container quadrant-container-0"><a aria-label="Daily essentials" class="a-link-normal image-redirect aok-block image-window" href="/b/ref=aug_overallcpb?ie=&amp;node=21868724031"><div class="a-section a-spacing-none fluid-image-container"><img alt="Daily essentials" src="https://images-eu.ssl-images-amazon.com/images/G/31/home_private_label/bhardwl/hpb_gw/xcm_banners_hpb_xgl_c_186x116_in-en._SY116_CB647056391_.jpg" class="landscape-image" data-a-hires="https://images-eu.ssl-images-amazon.com/images/G/31/home_private_label/bhardwl/hpb_gw/xcm_banners_hpb_xgl_c_372x232_in-en._SY232_CB647056391_.jpg"></div><div class="a-section a-spacing-none image-label aok-inline-block aok-align-center"><span class="a-size-small a-color-base truncate-2line">Up to 65% off | Daily essentials</span></div></a></div><div class="a-section a-spacing-none quadrant-container quadrant-container-1"><a aria-label="Minimum 65% off | Clothing &amp; more" class="a-link-normal image-redirect aok-block image-window" href="/s?i=fashion&amp;bbn=27353413031&amp;rh=n%3A6648217031%2Cn%3A27353413031%2Cp_36%3A39900-%2Cp_n_pct-off-with-tax%3A27060456031"><div class="a-section a-spacing-none fluid-image-container"><img alt="Minimum 65% off | Clothing &amp; more" src="https://images-eu.ssl-images-amazon.com/images/G/31/home_private_label/bhardwl/hpb_gw/xcm_banners_hpb_xgl_d_186x116_in-en._SY116_CB647056393_.jpg" class="landscape-image" data-a-hires="https://images-eu.ssl-images-amazon.com/images/G/31/home_private_label/bhardwl/hpb_gw/xcm_banners_hpb_xgl_d_372x232_in-en._SY232_CB647056393_.jpg"></div><div class="a-section a-spacing-none image-label aok-inline-block aok-align-center"><span class="a-size-small a-color-base truncate-2line">Minimum 65% off | Clothing &amp; more</span></div></a></div></div></div><div class="a-cardui-footer"><a class="a-link-normal see-more truncate-1line" href="/b/ref=deseeall?node=15390370031">See all offers</a></div></div><script>(function(f){f(P._namespace('gwiAutoInstVisible'));}(function(P) {if(window.GWI){GWI.Card.autoInstVisible('MrAxTa0hSAs-ArQvlttIAQ');}}));</script>
<script>P.when('mix:fluid-quad-image-label').execute(function (cardModule) {cardModule.init('MrAxTa0hSAs-ArQvlttIAQ');if(window.GWI){window.GWI.Card.autoInstActive('MrAxTa0hSAs-ArQvlttIAQ');}});
</script>
</div>
<hr data-display-at="smws" data-order-sm="4" data-order-ws="5" class="card-flow-row-break">
<div id="desktop-grid-5" data-gwi="{&quot;visible&quot;:&quot;desktop-grid-5-visible&quot;,&quot;active&quot;:&quot;desktop-grid-5-active&quot;}" data-display-at="smws" data-order-ws="6" class="gw-col csm-placement-id-cedd51d3-482c-49be-8ff3-f061e3fe432c desktop-gateway-atf_240e64f6-10cb-49f4-858f-a652e0525aa0 celwidget pd_rd_wg-KOZkV pd_rd_w-Kb6Ai pd_rd_r-02c0df75-c0bc-41f2-b4e3-f8c32af3a8be" data-order-sm="7" data-pf_rd_p="cedd51d3-482c-49be-8ff3-f061e3fe432c" data-pd_rd_wg="KOZkV" data-pd_rd_w="Kb6Ai" data-pd_rd_r="02c0df75-c0bc-41f2-b4e3-f8c32af3a8be" data-ref_="pd_gw_unk" data-csa-c-type="widget" data-csa-c-slot-id="desktop-grid-5" data-csa-c-content-id="cedd51d3-482c-49be-8ff3-f061e3fe432c" data-csa-c-id="n5kyg1-v3w0x2-996t6-6vty5t" data-cel-widget="desktop-grid-5"><div id="PSctqY74ehVQMjkmEUpDMw" class="a-cardui fluid-quad-card fluid-card fluid-quad-image-label fluid-quad-image-label" data-a-card-type="basic"><div class="a-cardui-header"><h2 class="a-color-base headline truncate-2line">Up to 55% off | Daily essentials</h2></div><div class="a-cardui-body"><div class="a-section a-spacing-small grid-row-1"><div class="a-section a-spacing-none quadrant-container quadrant-container-0"><a aria-label="Health &amp; personal care" class="a-link-normal image-redirect aok-block image-window" href="/b/ref=HPC_Janart_PC?node=13777229031"><div class="a-section a-spacing-none fluid-image-container"><img alt="Health &amp; personal care" src="https://images-eu.ssl-images-amazon.com/images/G/31/img19/Baby/FJanuary/JanArt/CONSNEWQC/DesktopATF/Desktop-Gateway_QuadCard_5_1x._SY116_CB647172863_.jpg" class="landscape-image" data-a-hires="https://images-eu.ssl-images-amazon.com/images/G/31/img19/Baby/FJanuary/JanArt/CONSNEWQC/DesktopATF/Desktop-Gateway_QuadCard_5._SY232_CB647172863_.jpg"></div><div class="a-section a-spacing-none image-label aok-inline-block aok-align-center"><span class="a-size-small a-color-base truncate-2line">Health &amp; personal care</span></div></a></div><div class="a-section a-spacing-none quadrant-container quadrant-container-1"><a aria-label="Grocery essentials" class="a-link-normal image-redirect aok-block image-window" href="/b/ref=Groc_Janart__PC_QC?node=11302610031"><div class="a-section a-spacing-none fluid-image-container"><img alt="Grocery essentials" src="https://images-eu.ssl-images-amazon.com/images/G/31/img19/Baby/FJanuary/JanArt/CONSNEWQC/DesktopATF/Desktop-Gateway_QuadCard_2_1x._SY116_CB647172862_.jpg" class="landscape-image" data-a-hires="https://images-eu.ssl-images-amazon.com/images/G/31/img19/Baby/FJanuary/JanArt/CONSNEWQC/DesktopATF/Desktop-Gateway_QuadCard_2._SY232_CB647172862_.jpg"></div><div class="a-section a-spacing-none image-label aok-inline-block aok-align-center"><span class="a-size-small a-color-base truncate-2line">Grocery essentials</span></div></a></div></div><div class="a-section grid-row-2"><div class="a-section a-spacing-none quadrant-container quadrant-container-0"><a aria-label="Baby products" class="a-link-normal image-redirect aok-block image-window" href="/b/ref=Baby_Janart_QC_PC?node=1571274031"><div class="a-section a-spacing-none fluid-image-container"><img alt="Baby products" src="https://images-eu.ssl-images-amazon.com/images/G/31/img19/Baby/FJanuary/JanArt/CONSNEWQC/DesktopATF/Desktop-Gateway_QuadCard_3_1x._SY116_CB647172863_.jpg" class="landscape-image" data-a-hires="https://images-eu.ssl-images-amazon.com/images/G/31/img19/Baby/FJanuary/JanArt/CONSNEWQC/DesktopATF/Desktop-Gateway_QuadCard_3._SY232_CB647172862_.jpg"></div><div class="a-section a-spacing-none image-label aok-inline-block aok-align-center"><span class="a-size-small a-color-base truncate-2line">Baby products</span></div></a></div><div class="a-section a-spacing-none quadrant-container quadrant-container-1"><a aria-label="Pet supplies" class="a-link-normal image-redirect aok-block image-window" href="/b/ref=PetSupplies_Janrt_QC_PC?node=2454181031"><div class="a-section a-spacing-none fluid-image-container"><img alt="Pet supplies" src="https://images-eu.ssl-images-amazon.com/images/G/31/img19/Baby/FJanuary/JanArt/CONSNEWQC/DesktopATF/Desktop-Gateway_QuadCard_4_1x._SY116_CB647172863_.jpg" class="landscape-image" data-a-hires="https://images-eu.ssl-images-amazon.com/images/G/31/img19/Baby/FJanuary/JanArt/CONSNEWQC/DesktopATF/Desktop-Gateway_QuadCard_4._SY232_CB647172862_.jpg"></div><div class="a-section a-spacing-none image-label aok-inline-block aok-align-center"><span class="a-size-small a-color-base truncate-2line">Pet supplies</span></div></a></div></div></div><div class="a-cardui-footer"><a class="a-link-normal see-more truncate-1line" href="/b/ref=EE_Janart_QC?node=27300169031">See all offers</a></div></div><script>(function(f){f(P._namespace('gwiAutoInstVisible'));}(function(P) {if(window.GWI){GWI.Card.autoInstVisible('PSctqY74ehVQMjkmEUpDMw');}}));</script>
<script>P.when('mix:fluid-quad-image-label').execute(function (cardModule) {cardModule.init('PSctqY74ehVQMjkmEUpDMw');if(window.GWI){window.GWI.Card.autoInstActive('PSctqY74ehVQMjkmEUpDMw');}});
</script>
</div>
<div id="desktop-grid-6" data-gwi="{&quot;visible&quot;:&quot;desktop-grid-6-visible&quot;,&quot;active&quot;:&quot;desktop-grid-6-active&quot;}" data-display-at="smws" data-order-ws="7" class="gw-col csm-placement-id-2530969a-3708-4193-8bf0-c4e8ba9cbf46 desktop-gateway-atf_e9ad0971-3751-4538-a4b7-8d34c54716e3 celwidget pd_rd_wg-KOZkV pd_rd_w-fpUTK pd_rd_r-02c0df75-c0bc-41f2-b4e3-f8c32af3a8be" data-order-sm="8" data-pf_rd_p="2530969a-3708-4193-8bf0-c4e8ba9cbf46" data-pd_rd_wg="KOZkV" data-pd_rd_w="fpUTK" data-pd_rd_r="02c0df75-c0bc-41f2-b4e3-f8c32af3a8be" data-ref_="pd_gw_unk" data-csa-c-type="widget" data-csa-c-slot-id="desktop-grid-6" data-csa-c-content-id="2530969a-3708-4193-8bf0-c4e8ba9cbf46" data-csa-c-id="rvycxm-9cdubf-iv9ptr-k9af1k" data-cel-widget="desktop-grid-6"><div id="c27jliJxEs04rVfRfMTluw" class="a-cardui fluid-quad-card fluid-card fluid-quad-image-label fluid-quad-image-label" data-a-card-type="basic"><div class="a-cardui-header"><h2 class="a-color-base headline truncate-2line">Up to 70% off | Restyle your home &amp; kitchen</h2></div><div class="a-cardui-body"><div class="a-section a-spacing-small grid-row-1"><div class="a-section a-spacing-none quadrant-container quadrant-container-0"><a aria-label="Kitchen &amp; home appliances" class="a-link-normal image-redirect aok-block image-window" href="/b?node=4951860031"><div class="a-section a-spacing-none fluid-image-container"><img alt="Kitchen &amp; home appliances" src="https://images-eu.ssl-images-amazon.com/images/G/31/kitchen/kshrut/janart_kshrut/xcm_banners_2022_janart_qc-186x116-product-badge-yxb4b_372x232_in-en._SY116_CB648749456_.jpg" class="landscape-image" data-a-hires="https://images-eu.ssl-images-amazon.com/images/G/31/kitchen/kshrut/janart_kshrut/xcm_banners_2022_janart_qc-372x232-product-badge-yxb4b_372x232_in-en._SY232_CB648749456_.jpg"></div><div class="a-section a-spacing-none image-label aok-inline-block aok-align-center"><span class="a-size-small a-color-base truncate-2line">Kitchen &amp; home appliances</span></div></a></div><div class="a-section a-spacing-none quadrant-container quadrant-container-1"><a aria-label="Home &amp; decor" class="a-link-normal image-redirect aok-block image-window" href="/b?node=12414705031"><div class="a-section a-spacing-none fluid-image-container"><img alt="Home &amp; decor" src="https://images-eu.ssl-images-amazon.com/images/G/31/IMG20/Home/2022/JANART/OHLGW/DC4_1x._SY116_CB648643844_.jpg" class="landscape-image" data-a-hires="https://images-eu.ssl-images-amazon.com/images/G/31/IMG20/Home/2022/JANART/OHLGW/DC4_2x._SY232_CB648644067_.jpg"></div><div class="a-section a-spacing-none image-label aok-inline-block aok-align-center"><span class="a-size-small a-color-base truncate-2line">Home &amp; decor</span></div></a></div></div><div class="a-section grid-row-2"><div class="a-section a-spacing-none quadrant-container quadrant-container-0"><a aria-label="Cookware &amp; dining" class="a-link-normal image-redirect aok-block image-window" href="/b?node=5925789031"><div class="a-section a-spacing-none fluid-image-container"><img alt="Cookware &amp; dining" src="https://images-eu.ssl-images-amazon.com/images/G/31/img21/kitchen/JanART22/GW/186x116_2._SY116_CB648692698_.jpg" class="landscape-image" data-a-hires="https://images-eu.ssl-images-amazon.com/images/G/31/img21/kitchen/JanART22/GW/372x232_2._SY232_CB648692698_.jpg"></div><div class="a-section a-spacing-none image-label aok-inline-block aok-align-center"><span class="a-size-small a-color-base truncate-2line">Cookware &amp; dining</span></div></a></div><div class="a-section a-spacing-none quadrant-container quadrant-container-1"><a aria-label="Furniture &amp; mattress" class="a-link-normal image-redirect aok-block image-window" href="/b?node=1380441031"><div class="a-section a-spacing-none fluid-image-container"><img alt="Furniture &amp; mattress" src="https://images-eu.ssl-images-amazon.com/images/G/31/home_private_label/daanchan/xc/xcm_banners_-peslf_186x116_in-en._SY116_CB647097930_.jpg" class="landscape-image" data-a-hires="https://images-eu.ssl-images-amazon.com/images/G/31/home_private_label/daanchan/xc/xcm_banners_-peslf_372x232_in-en._SY232_CB647097930_.jpg"></div><div class="a-section a-spacing-none image-label aok-inline-block aok-align-center"><span class="a-size-small a-color-base truncate-2line">Furniture &amp; mattress</span></div></a></div></div></div><div class="a-cardui-footer"><a class="a-link-normal see-more truncate-1line" href="/b?node=976442031">See all offers</a></div></div><script>(function(f){f(P._namespace('gwiAutoInstVisible'));}(function(P) {if(window.GWI){GWI.Card.autoInstVisible('c27jliJxEs04rVfRfMTluw');}}));</script>
<script>P.when('mix:fluid-quad-image-label').execute(function (cardModule) {cardModule.init('c27jliJxEs04rVfRfMTluw');if(window.GWI){window.GWI.Card.autoInstActive('c27jliJxEs04rVfRfMTluw');}});
</script>
</div>
<div id="desktop-grid-7" data-gwi="{&quot;visible&quot;:&quot;desktop-grid-7-visible&quot;,&quot;active&quot;:&quot;desktop-grid-7-active&quot;}" data-display-at="smws" data-order-ws="8" class="gw-col csm-placement-id-2151ae81-18b5-4bcb-9295-7c4a0d6cd501 desktop-gateway-atf_936cdecd-b163-44b4-b60b-647d55a9230e celwidget pd_rd_wg-KOZkV pd_rd_w-bsPow pd_rd_r-02c0df75-c0bc-41f2-b4e3-f8c32af3a8be" data-order-sm="11" data-pf_rd_p="2151ae81-18b5-4bcb-9295-7c4a0d6cd501" data-pd_rd_wg="KOZkV" data-pd_rd_w="bsPow" data-pd_rd_r="02c0df75-c0bc-41f2-b4e3-f8c32af3a8be" data-ref_="pd_gw_unk" data-csa-c-type="widget" data-csa-c-slot-id="desktop-grid-7" data-csa-c-content-id="2151ae81-18b5-4bcb-9295-7c4a0d6cd501" data-csa-c-id="al907s-dwbnb0-wmxcqq-kzt52f" data-cel-widget="desktop-grid-7"><div id="0YSzqvXi159eMHwqF_UKqw" class="a-cardui fluid-fat-image-link fluid-card fluid-fat-image-link" data-a-card-type="basic"><div class="a-cardui-header"><h2 class="a-color-base headline truncate-2line">Up to 50% off | TVs &amp; Appliances</h2></div><div class="a-cardui-body"><a class="a-link-normal center-image aok-block image-window" href="/b?node=14907158031"><div class="a-section a-spacing-none fluid-image-container"><img alt="TVs &amp; appliances" src="https://images-eu.ssl-images-amazon.com/images/G/31/IMG15/Irfan/Desktop-Gateway_Category-Card_1x_1._SY304_CB647194015_.jpg" class="landscape-image" data-a-hires="https://images-eu.ssl-images-amazon.com/images/G/31/IMG15/Irfan/JanART22/DW/Desktop-Gateway_Category-Card_1_1._SY608_CB647053540_.jpg"></div></a></div><div class="a-cardui-footer"><a class="a-link-normal see-more truncate-1line" href="/b?node=14907158031">See all offers</a></div></div><script>(function(f){f(P._namespace('gwiAutoInstVisible'));}(function(P) {if(window.GWI){GWI.Card.autoInstVisible('0YSzqvXi159eMHwqF_UKqw');}}));</script>
<script>P.when('mix:fluid-fat-image-link').execute(function (cardModule) {cardModule.init('0YSzqvXi159eMHwqF_UKqw');if(window.GWI){window.GWI.Card.autoInstActive('0YSzqvXi159eMHwqF_UKqw');}});
</script>
</div>
<div id="desktop-grid-8" data-gwi="{&quot;visible&quot;:&quot;desktop-grid-8-visible&quot;,&quot;active&quot;:&quot;desktop-grid-8-active&quot;}" data-display-at="smws" data-order-ws="9" class="gw-col csm-placement-id-ad736b8c-d7b2-41a1-a60f-27885f9c99ab desktop-gateway-atf_0bfba8ac-dbe9-43fc-8218-1ecda029a64c celwidget pd_rd_wg-KOZkV pd_rd_w-MgXZv pd_rd_r-02c0df75-c0bc-41f2-b4e3-f8c32af3a8be" data-order-sm="12" data-pf_rd_p="ad736b8c-d7b2-41a1-a60f-27885f9c99ab" data-pd_rd_wg="KOZkV" data-pd_rd_w="MgXZv" data-pd_rd_r="02c0df75-c0bc-41f2-b4e3-f8c32af3a8be" data-ref_="pd_gw_unk" data-csa-c-type="widget" data-csa-c-slot-id="desktop-grid-8" data-csa-c-content-id="ad736b8c-d7b2-41a1-a60f-27885f9c99ab" data-csa-c-id="zfi2yq-wa9xmq-2fyn0b-clf3j9" data-cel-widget="desktop-grid-8"><div id="RzHeghNSmpuuzzWJwsqAgA" class="a-cardui fluid-quad-card fluid-card fluid-quad-image-label fluid-quad-image-label" data-a-card-type="basic"><div class="a-cardui-header"><h2 class="a-color-base headline truncate-2line">Up to 80% off | Pocket-friendly fashion</h2></div><div class="a-cardui-body"><div class="a-section a-spacing-small grid-row-1"><div class="a-section a-spacing-none quadrant-container quadrant-container-0"><a aria-label="Clothing | Under ?499" class="a-link-normal image-redirect aok-block image-window" href="/b?node=21874564031"><div class="a-section a-spacing-none fluid-image-container"><img alt="Clothing | Under ?499" src="https://images-eu.ssl-images-amazon.com/images/G/31/img22/Fashion/Event/Gw/JanART/PC-QC/PFF/pc-qcs_01-186-116._SY116_CB647145429_.jpg" class="landscape-image" data-a-hires="https://images-eu.ssl-images-amazon.com/images/G/31/img22/Fashion/Event/Gw/JanART/PC-QC/PFF/pc-qcs_01-372-232._SY232_CB647145429_.jpg"></div><div class="a-section a-spacing-none image-label aok-inline-block aok-align-center"><span class="a-size-small a-color-base truncate-2line">Clothing | Under ?599</span></div></a></div><div class="a-section a-spacing-none quadrant-container quadrant-container-1"><a aria-label="Backpacks | Under ?499" class="a-link-normal image-redirect aok-block image-window" href="https://www.amazon.in/l/27017903031"><div class="a-section a-spacing-none fluid-image-container"><img alt="Backpacks | Under ?499" src="https://images-eu.ssl-images-amazon.com/images/G/31/img22/Fashion/Event/Gw/JanART/PC-QC/PFF/pc-qcs_02-186-116._SY116_CB647145429_.jpg" class="landscape-image" data-a-hires="https://images-eu.ssl-images-amazon.com/images/G/31/img22/Fashion/Event/Gw/JanART/PC-QC/PFF/pc-qcs_02-372-232._SY232_CB647145429_.jpg"></div><div class="a-section a-spacing-none image-label aok-inline-block aok-align-center"><span class="a-size-small a-color-base truncate-2line">Beauty | Under ?499</span></div></a></div></div><div class="a-section grid-row-2"><div class="a-section a-spacing-none quadrant-container quadrant-container-0"><a aria-label="Footwear" class="a-link-normal image-redirect aok-block image-window" href="/b?ie=UTF8&amp;node=27037351031"><div class="a-section a-spacing-none fluid-image-container"><img alt="Footwear" src="https://images-eu.ssl-images-amazon.com/images/G/31/img22/Fashion/Event/Gw/JanART/PC-QC/PFF/pc-qcs_03-186-116._SY116_CB647145429_.jpg" class="landscape-image" data-a-hires="https://images-eu.ssl-images-amazon.com/images/G/31/img22/Fashion/Event/Gw/JanART/PC-QC/PFF/pc-qcs_03-372-232._SY232_CB647145429_.jpg"></div><div class="a-section a-spacing-none image-label aok-inline-block aok-align-center"><span class="a-size-small a-color-base truncate-2line">Footwear | Under ?499</span></div></a></div><div class="a-section a-spacing-none quadrant-container quadrant-container-1"><a aria-label="Backpacks, luggage &amp; more" class="a-link-normal image-redirect aok-block image-window" href="/s?i=luggage&amp;bbn=2454169031&amp;rh=n%3A2454169031%2Cp_n_feature_nineteen_browse-bin%3A11301361031%7C19056239031%7C27064185031%2Cp_n_pct-off-with-tax%3A50-%2Cp_36%3A-59900&amp;dc&amp;pf_rd_i=13714205031%2C2454169031%2C2454169031&amp;pf_rd_m=A1VBAL9TL5WCBF%2CA1VBAL9TL5WCBF%2CA1VBAL9TL5WCBF&amp;pf_rd_p=6659f01d-34b3-486b-b2e0-53b10f0b301f%2Cd6cec440-def7-4463-8f8e-c3d00e7ad299%2Ce2d136b9-24d1-4afe-ac9f-f49c0ec7ac20&amp;pf_rd_r=8N7R895YJW1Y86JSS165%2CAKNX2FMB91YRQVA4T9X8%2CKJ3W916K1A58DYBDDPCN&amp;pf_rd_s=merchandised-search-4%2Cmerchandised-search-4%2Cmerchandised-search-4&amp;pf_rd_t=30901&amp;qid=1641900826&amp;ref=sr_ex_n_1"><div class="a-section a-spacing-none fluid-image-container"><img alt="Backpacks, luggage &amp; more" src="https://images-eu.ssl-images-amazon.com/images/G/31/img22/Fashion/Event/Gw/JanART/PC-QC/PFF/pc-qcs_04-186-116._SY116_CB647145429_.jpg" class="landscape-image" data-a-hires="https://images-eu.ssl-images-amazon.com/images/G/31/img22/Fashion/Event/Gw/JanART/PC-QC/PFF/pc-qcs_04-372-232._SY232_CB647145429_.jpg"></div><div class="a-section a-spacing-none image-label aok-inline-block aok-align-center"><span class="a-size-small a-color-base truncate-2line">Backpacks, luggage &amp; more | Under ?599</span></div></a></div></div></div><div class="a-cardui-footer"><a class="a-link-normal see-more truncate-1line" href="/b?node=6648217031">See all offers</a></div></div><script>(function(f){f(P._namespace('gwiAutoInstVisible'));}(function(P) {if(window.GWI){GWI.Card.autoInstVisible('RzHeghNSmpuuzzWJwsqAgA');}}));</script>
<script>P.when('mix:fluid-quad-image-label').execute(function (cardModule) {cardModule.init('RzHeghNSmpuuzzWJwsqAgA');if(window.GWI){window.GWI.Card.autoInstActive('RzHeghNSmpuuzzWJwsqAgA');}});
</script>
</div>
<hr data-display-at="smws" data-order-sm="10" data-order-ws="10" class="card-flow-row-break" data-hide-at-ws="true">
<div data-display-at="sm" class="gw-col celwidget" data-order-sm="13" data-csa-c-type="widget" data-csa-c-slot-id="" data-csa-c-content-id="" data-csa-c-id="pl1zk-7c45f1-geg7k7-9mibqy" data-cel-widget=""><div id="-nyuUXM_8a6vz_BvVV1c1g" class="a-cardui fluid-quad-card fluid-card fluid-quad-image-label fluid-quad-image-label" data-a-card-type="basic"><div class="a-cardui-header"><h2 class="a-color-base headline truncate-2line">Up to 70% off | Deals on books, toys &amp; more</h2></div><div class="a-cardui-body"><div class="a-section a-spacing-small grid-row-1"><div class="a-section a-spacing-none quadrant-container quadrant-container-0"><a aria-label="Trending fiction &amp; non fiction" class="a-link-normal image-redirect aok-block image-window" href="/s/ref=jupw3-pcqc-med-bx?bbn=976389031&amp;rh=n%3A976389031%2Cp_n_specials_match%3A21618256031"><div class="a-section a-spacing-none fluid-image-container"><img alt="Trending fiction &amp; non fiction" src="https://images-eu.ssl-images-amazon.com/images/G/31/img21/Toys/JanART/GW/Desktop_QC2_1x._SY116_CB647173673_.jpg" class="landscape-image" data-a-hires="https://images-eu.ssl-images-amazon.com/images/G/31/img21/Toys/JanART/GW/Desktop_QC2_2x._SY232_CB647173673_.jpg"></div><div class="a-section a-spacing-none image-label aok-inline-block aok-align-center"><span class="a-size-small a-color-base truncate-2line">Up to 50% off | Trending fiction &amp; non fiction</span></div></a></div><div class="a-section a-spacing-none quadrant-container quadrant-container-1"><a aria-label="Toys &amp; games" class="a-link-normal image-redirect aok-block image-window" href="/b?node=1350380031"><div class="a-section a-spacing-none fluid-image-container"><img alt="Toys &amp; games" src="https://images-eu.ssl-images-amazon.com/images/G/31/img21/Toys/JanART/GW/Desktop_QC1_1x._SY116_CB647173673_.jpg" class="landscape-image" data-a-hires="https://images-eu.ssl-images-amazon.com/images/G/31/img21/Toys/JanART/GW/Desktop_QC1_2x._SY232_CB647173673_.jpg"></div><div class="a-section a-spacing-none image-label aok-inline-block aok-align-center"><span class="a-size-small a-color-base truncate-2line">Up to 70% off | Toys &amp; games</span></div></a></div></div><div class="a-section grid-row-2"><div class="a-section a-spacing-none quadrant-container quadrant-container-0"><a aria-label="Up to 70% off | Grooming &amp; Wellness devices" class="a-link-normal image-redirect aok-block image-window" href="/b?node=3150026031"><div class="a-section a-spacing-none fluid-image-container"><img alt="Up to 70% off | Grooming &amp; Wellness devices" src="https://images-eu.ssl-images-amazon.com/images/G/31/img21/Toys/JanART/GW/Desktop_QC4_1x._SY116_CB647173673_.jpg" class="landscape-image" data-a-hires="https://images-eu.ssl-images-amazon.com/images/G/31/img21/Toys/JanART/GW/Desktop_QC4_2x._SY232_CB647173673_.jpg"></div><div class="a-section a-spacing-none image-label aok-inline-block aok-align-center"><span class="a-size-small a-color-base truncate-2line">Up to 70% off | Grooming &amp; Wellness devices</span></div></a></div><div class="a-section a-spacing-none quadrant-container quadrant-container-1"><a aria-label="Up to 55% off | Video games &amp; accessories" class="a-link-normal image-redirect aok-block image-window" href="/b?ie=UTF8&amp;node=976460031"><div class="a-section a-spacing-none fluid-image-container"><img alt="Up to 55% off | Video games &amp; accessories" src="https://images-eu.ssl-images-amazon.com/images/G/31/img21/Toys/JanART/GW/Desktop_QC3_1x._SY116_CB647173673_.jpg" class="landscape-image" data-a-hires="https://images-eu.ssl-images-amazon.com/images/G/31/img21/Toys/JanART/GW/Desktop_QC3_2x._SY232_CB647173673_.jpg"></div><div class="a-section a-spacing-none image-label aok-inline-block aok-align-center"><span class="a-size-small a-color-base truncate-2line">Up to 55% off | Video games &amp; accessories</span></div></a></div></div></div><div class="a-cardui-footer"><a class="a-link-normal see-more truncate-1line" href="/b/ref=jupw3-pcqc-med-seeall?node=6628733031">See all offers</a></div></div><script>(function(f){f(P._namespace('gwiAutoInstVisible'));}(function(P) {if(window.GWI){GWI.Card.autoInstVisible('-nyuUXM_8a6vz_BvVV1c1g');}}));</script>
<script>P.when('mix:fluid-quad-image-label').execute(function (cardModule) {cardModule.init('-nyuUXM_8a6vz_BvVV1c1g');if(window.GWI){window.GWI.Card.autoInstActive('-nyuUXM_8a6vz_BvVV1c1g');}});
</script>
</div>
<script>
  P.when('GwGridLogic').execute('GridInit', function(g) {
    window.uet && uet('cf', 'gwGridInit', {wb: 1});
    window.uex && uex('ld', 'gwGridInit', {wb: 1});
    g('#gw-card-layout').init();
  });
</script>
</div>
<!--&&&Portal&Delimiter&&&--><!-- sp:end-feature:host-atf -->
<!-- sp:feature:nav-btf -->
<!-- NAVYAAN BTF START -->




  



  <script type="text/javascript">(function ($Nav) {
"use strict";

if (typeof $Nav === 'undefined' || $Nav === null || typeof $Nav.when !== 'function') {
    return;
}

$Nav.when('$', 'data', 'flyout.yourAccount', 'sidepanel.csYourAccount',
          'config')
    .run("BuyitAgain-YourAccount-SidePanel",
    function ($, data, yaFlyout, csYourAccount, config) {
        if (config.disableBuyItAgain) {
            return;
        }
        var render = function (data) {
            if (data.dramResult) {
                var widgetHtml = data.dramResult;
                navbar.sidePanel({
                    flyoutName: 'yourAccount',
                    data: {html: widgetHtml}
                });
            }
        };

        var renderBuyItAgain = function (biaData) {
            if (csYourAccount) {
                csYourAccount.register(render, biaData);
            } else {
                render(biaData);
            }
        };

        yaFlyout.sidePanel.onData(function() {
            if (window.P) {
                P.when('A', 'a-truncate').execute(function(A, truncate) {
                    var truncateElements = A.$('.a-truncate');
                    A.each(truncateElements, function(element) {
                        truncate.get(element).update();
                    });
                });
            }

        });

    yaFlyout.onRender(function() {
            $.ajax({
                url: '/gp/bia/external/bia-hcb-ajax-handler.html',
                data: { biaHcbRid: 'BHPJXCXEQ08Q3G08SG3Z' },
                dataType: 'json',
                timeout: 4*1000,
                success: renderBuyItAgain,
                error: function (jqXHR, textStatus, errorThrown) {
                }
            });
        });
    });
})(window.$Nav);</script>


<script type="text/javascript">
  window.$Nav && $Nav.when("data").run(function (data) {
    data({
      "accountListContent": { "html": "<div id='nav-al-container'><div id='nav-al-signin'><div id='nav-flyout-ya-signin' class='nav-flyout-content nav-flyout-accessibility'><a href='https://www.amazon.in/ap/signin?openid.pape.max_auth_age=0&openid.return_to=https%3A%2F%2Fwww.amazon.in%2F%3F_encoding%3DUTF8%26ref_%3Dnav_signin&openid.identity=http%3A%2F%2Fspecs.openid.net%2Fauth%2F2.0%2Fidentifier_select&openid.assoc_handle=inflex&openid.mode=checkid_setup&openid.claimed_id=http%3A%2F%2Fspecs.openid.net%2Fauth%2F2.0%2Fidentifier_select&openid.ns=http%3A%2F%2Fspecs.openid.net%2Fauth%2F2.0&' rel='nofollow' class='nav-action-button' data-nav-role='signin' data-nav-ref='nav_signin'><span class='nav-action-inner'>Sign in</span></a><div id='nav-flyout-ya-newCust' class='nav_pop_new_cust nav-flyout-content nav-flyout-accessibility'>New customer? <a href='https://www.amazon.in/ap/register?openid.pape.max_auth_age=0&openid.return_to=https%3A%2F%2Fwww.amazon.in%2F%3F_encoding%3DUTF8%26ref_%3Dnav_newcust&openid.identity=http%3A%2F%2Fspecs.openid.net%2Fauth%2F2.0%2Fidentifier_select&openid.assoc_handle=inflex&openid.mode=checkid_setup&openid.claimed_id=http%3A%2F%2Fspecs.openid.net%2Fauth%2F2.0%2Fidentifier_select&openid.ns=http%3A%2F%2Fspecs.openid.net%2Fauth%2F2.0&' rel='nofollow' class='nav-a'>Start here.</a></div></div></div><div id='nav-al-wishlist' class='nav-al-column nav-tpl-itemList nav-flyout-content nav-flyout-accessibility'><div class='nav-title' id='nav-al-title'>Your Lists</div><a href='/hz/wishlist/ls?triggerElementID=createList&ref_=nav_ListFlyout_navFlyout_createList_lv_redirect' class='nav-link nav-item'><span class='nav-text'>Create a Wish List</span></a> <a href='/wishlist/universal?ref_=nav_ListFlyout_gno_listpop_uwl' class='nav-link nav-item'><span class='nav-text'>Wish from Any Website</span></a> <a href='/baby-reg/homepage?ref_=nav_ListFlyout_gno_listpop_br' class='nav-link nav-item'><span class='nav-text'>Baby Wish List</span></a> <a href='/discover/?ref_=nav_ListFlyout_sbl' class='nav-link nav-item'><span class='nav-text'>Discover Your Style</span></a> <a href='/showroom?ref_=nav_ListFlyout_srm_your_desk_wl_in' class='nav-link nav-item'><span class='nav-text'>Explore Showroom</span></a></div><div id='nav-al-your-account' class='nav-al-column nav-template nav-flyout-content nav-tpl-itemList nav-flyout-accessibility'><div class='nav-title'>Your Account</div><a href='/gp/css/homepage.html?ref_=nav_AccountFlyout_ya' class='nav-link nav-item'><span class='nav-text'>Your Account</span></a> <a id='nav_prefetch_yourorders' href='/gp/css/order-history?ref_=nav_AccountFlyout_orders' class='nav-link nav-item'><span class='nav-text'>Your Orders</span></a> <a href='/hz/wishlist/ls?requiresSignIn=1&ref_=nav_AccountFlyout_wl' class='nav-link nav-item'><span class='nav-text'>Your Wish List</span></a> <a href='/gp/yourstore?ref_=nav_AccountFlyout_recs' class='nav-link nav-item'><span class='nav-text'>Your Recommendations</span></a> <a href='/gp/primecentral?ref_=nav_AccountFlyout_prime' class='nav-link nav-item'><span class='nav-text'>Your Prime Membership</span></a> <a href='/gp/redirect.html?location=https%3A%2F%2Fwww.primevideo.com%2F%3Fref_%3D_apv&source=nav_linktree&token=13D4F90D28CD96790B94E6091246BB1B2AE9FA05' class='nav-link nav-item'><span class='nav-text'>Your Prime Video</span></a> <a href='/auto-deliveries?ref_=nav_AccountFlyout_sns' class='nav-link nav-item'><span class='nav-text'>Your Subscribe & Save Items</span></a> <a href='/hz5/yourmembershipsandsubscriptions?ref_=nav_AccountFlyout_digital_subscriptions' class='nav-link nav-item'><span class='nav-text'>Memberships & Subscriptions</span></a> <a href='/gp/browse.html?node=21102587031&ref_=nav_ya_flyout_b2b_reg' class='nav-link nav-item'><span class='nav-text'>Your Amazon Business Account</span></a> <a href='/b/?node=2838698031&ld=AZINSOAYAFlyout&ref_=nav_AccountFlyout_sell' class='nav-link nav-item'><span class='nav-text'>Your Seller Account</span></a> <a href='/hz/mycd/myx?ref_=nav_AccountFlyout_myk' class='nav-link nav-item'><span class='nav-text'>Manage Your Content and Devices</span></a></div></div>" },
      "signinContent": { "html": "<div id='nav-signin-tooltip'><a href='https://www.amazon.in/ap/signin?openid.pape.max_auth_age=0&openid.return_to=https%3A%2F%2Fwww.amazon.in%2F%3F_encoding%3DUTF8%26ref_%3Dnav_custrec_signin&openid.identity=http%3A%2F%2Fspecs.openid.net%2Fauth%2F2.0%2Fidentifier_select&openid.assoc_handle=inflex&openid.mode=checkid_setup&openid.claimed_id=http%3A%2F%2Fspecs.openid.net%2Fauth%2F2.0%2Fidentifier_select&openid.ns=http%3A%2F%2Fspecs.openid.net%2Fauth%2F2.0&' class='nav-action-button' data-nav-role='signin' data-nav-ref='nav_custrec_signin'><span class='nav-action-inner'>Sign in</span></a><div class='nav-signin-tooltip-footer'>New customer? <a href='https://www.amazon.in/ap/register?openid.pape.max_auth_age=0&openid.return_to=https%3A%2F%2Fwww.amazon.in%2F%3F_encoding%3DUTF8%26ref_%3Dnav_custrec_newcust&openid.identity=http%3A%2F%2Fspecs.openid.net%2Fauth%2F2.0%2Fidentifier_select&openid.assoc_handle=inflex&openid.mode=checkid_setup&openid.claimed_id=http%3A%2F%2Fspecs.openid.net%2Fauth%2F2.0%2Fidentifier_select&openid.ns=http%3A%2F%2Fspecs.openid.net%2Fauth%2F2.0&' class='nav-a'>Start here.</a></div></div>" },
      "templates": {"itemList":"<# var hasColumns = (function () {  var checkColumns = function (_items) {    if (!_items) {      return false;    }    for (var i=0; i<_items.length; i++) {      if (_items[i].columnBreak || (_items[i].items && checkColumns(_items[i].items))) {        return true;      }    }    return false;  };  return checkColumns(items);}()); #><# if(hasColumns) { #>  <# if(items[0].image && items[0].image.src) { #>    <div class='nav-column nav-column-first nav-column-image'>  <# } else if (items[0].greeting) { #>    <div class='nav-column nav-column-first nav-column-greeting'>  <# } else { #>    <div class='nav-column nav-column-first'>  <# } #><# } #><# var renderItems = function(items) { #>  <# jQuery.each(items, function (i, item) { #>    <# if(hasColumns && item.columnBreak) { #>      <# if(item.image && item.image.src) { #>        </div><div class='nav-column nav-column-notfirst nav-column-break nav-column-image'>      <# } else if (item.greeting) { #>        </div><div class='nav-column nav-column-notfirst nav-column-break nav-column-greeting'>      <# } else { #>        </div><div class='nav-column nav-column-notfirst nav-column-break'>      <# } #>    <# } #>    <# if(item.dividerBefore) { #>      <div class='nav-divider'></div>    <# } #>    <# if(item.text || item.content) { #>      <# if(item.url) { #>        <a href='<#=item.url #>' class='nav-link      <# } else {#>        <span class='      <# } #>      <# if(item.panelKey) { #>        nav-hasPanel      <# } #>      <# if(item.items) { #>        nav-title      <# } #>      <# if(item.decorate == 'carat') { #>        nav-carat      <# } #>      <# if(item.decorate == 'nav-action-button') { #>        nav-action-button      <# } #>      nav-item'      <# if(item.extra) { #>        <#=item.extra #>      <# } #>      <# if(item.id) { #>        id='<#=item.id #>'      <# } #>      <# if(item.dataNavRole) { #>        data-nav-role='<#=item.dataNavRole #>'      <# } #>      <# if(item.dataNavRef) { #>        data-nav-ref='<#=item.dataNavRef #>'      <# } #>      <# if(item.panelKey) { #>        data-nav-panelkey='<#=item.panelKey #>'        role='navigation'        aria-label='<#=item.text#>'      <# } #>      <# if(item.subtextKey) { #>        data-nav-subtextkey='<#=item.subtextKey #>'      <# } #>      <# if(item.image && item.image.height > 16) { #>        style='line-height:<#=item.image.height #>px;'      <# } #>      >      <# if(item.decorate == 'carat') { #>        <i class='nav-icon'></i>      <# } #>      <# if(item.image && item.image.src) { #>        <img class='nav-image' src='<#=item.image.src #>' style='height:<#=item.image.height #>px; width:<#=item.image.width #>px;' />      <# } #>      <# if(item.text) { #>        <span class='nav-text<# if(item.classname) { #> <#=item.classname #><# } #>'><#=item.text#><# if(item.badgeText) { #>          <span class='nav-badge'><#=item.badgeText#></span>        <# } #></span>      <# } else if (item.content) { #>        <span class='nav-content'><# jQuery.each(item.content, function (j, cItem) { #><# if(cItem.url && cItem.text) { #><a href='<#=cItem.url #>' class='nav-a'><#=cItem.text #></a><# } else if (cItem.text) { #><#=cItem.text#><# } #><# }); #></span>      <# } #>      <# if(item.subtext) { #>        <span class='nav-subtext'><#=item.subtext #></span>      <# } #>      <# if(item.url) { #>        </a>      <# } else {#>        </span>      <# } #>    <# } #>    <# if(item.image && item.image.src) { #>      <# if(item.url) { #>        <a href='<#=item.url #>'>       <# } #>      <img class='nav-image'      <# if(item.id) { #>        id='<#=item.id #>'      <# } #>      src='<#=item.image.src #>' <# if (item.alt) { #> alt='<#= item.alt #>'<# } #>/>      <# if(item.url) { #>        </a>       <# } #>    <# } #>    <# if(item.items) { #>      <div class='nav-panel'> <# renderItems(item.items); #> </div>    <# } #>  <# }); #><# }; #><# renderItems(items); #><# if(hasColumns) { #>  </div><# } #>","subnav":"<# if (obj && obj.type === 'vertical') { #>  <# jQuery.each(obj.rows, function (i, row) { #>    <# if (row.flyoutElement === 'button') { #>      <div class='nav_sv_fo_v_button'        <# if (row.elementStyle) { #>          style='<#= row.elementStyle #>'        <# } #>      >        <a href='<#=row.url #>' class='nav-action-button nav-sprite'>          <#=row.text #>        </a>      </div>    <# } else if (row.flyoutElement === 'list' && row.list) { #>      <# jQuery.each(row.list, function (j, list) { #>        <div class='nav_sv_fo_v_column <#=(j === 0) ? 'nav_sv_fo_v_first' : '' #>'>          <ul class='<#=list.elementClass #>'>          <# jQuery.each(list.linkList, function (k, link) { #>            <# if (k === 0) { link.elementClass += ' nav_sv_fo_v_first'; } #>            <li class='<#=link.elementClass #>'>              <# if (link.url) { #>                <a href='<#=link.url #>' class='nav_a'><#=link.text #></a>              <# } else { #>                <span class='nav_sv_fo_v_span'><#=link.text #></span>              <# } #>            </li>          <# }); #>          </ul>        </div>      <# }); #>    <# } else if (row.flyoutElement === 'link') { #>      <# if (row.topSpacer) { #>        <div class='nav_sv_fo_v_clear'></div>      <# } #>      <div class='<#=row.elementClass #>'>        <a href='<#=row.url #>' class='nav_sv_fo_v_lmargin nav_a'>          <#=row.text #>        </a>      </div>    <# } #>  <# }); #><# } else if (obj) { #>  <div class='nav_sv_fo_scheduled'>    <#= obj #>  </div><# } #>","htmlList":"<# jQuery.each(items, function (i, item) { #>  <div class='nav-item'>    <#=item #>  </div><# }); #>"}
    })
  })
</script>

<script type="text/javascript">
  window.$Nav && $Nav.declare('config.flyoutURL', null);
  window.$Nav && $Nav.declare('btf.lite');
  window.$Nav && $Nav.declare('btf.full');
  window.$Nav && $Nav.declare('btf.exists');
  (window.AmazonUIPageJS ? AmazonUIPageJS : P).register('navCF');
</script>




<!-- NAVYAAN BTF END --><!-- sp:end-feature:nav-btf -->
<!-- sp:feature:host-btf -->
<div id="gw-content-grid" class="a-section a-spacing-large"><div id="main-content" data-grid-breakpoint="ws" data-flow-dir="h" class="a-section a-spacing-none gw-card-layout"><div id="desktop-top" data-gwi="{&quot;visible&quot;:&quot;desktop-top-visible&quot;,&quot;active&quot;:&quot;desktop-top-active&quot;}" data-col-span-ws="4" data-col-span-sm="3" data-order-ws="1" data-order-sm="1" data-display-at="smws" class="gw-col desktop-row gwi-row gw-widget-instrument gw-auto-height csm-placement-id-310459f7-427d-43c3-b902-93c6a6b90ad4 desktop-gateway-atf_drss-81ddf4c0-d73c-4425-a207-5aa83a4ab534 celwidget pd_rd_wg-KOZkV pd_rd_w-9I0mE pd_rd_r-02c0df75-c0bc-41f2-b4e3-f8c32af3a8be" data-pf_rd_p="310459f7-427d-43c3-b902-93c6a6b90ad4" data-pd_rd_wg="KOZkV" data-pd_rd_w="9I0mE" data-pd_rd_r="02c0df75-c0bc-41f2-b4e3-f8c32af3a8be" data-ref_="pd_gw_unk" data-csa-c-type="widget" data-csa-c-slot-id="desktop-top" data-csa-c-content-id="310459f7-427d-43c3-b902-93c6a6b90ad4" data-csa-c-id="ujwmlq-q1uipv-9gedwe-13ai2v" data-cel-widget="desktop-top"><style>._deals-shoveler-v2_style_badgeContainer__NehI_{line-height:0}
._deals-shoveler-v2_style_dealCard__1HqkZ{max-height:1000px!important}._deals-shoveler-v2_style_dealInfo__1U5R1{max-width:270px;text-align:left}html[dir=rtl] ._deals-shoveler-v2_style_dealInfo__1U5R1{text-align:right}._deals-shoveler-v2_style_dealImage__3nlqg{height:100%}._deals-shoveler-v2_style_imageContainer__2Wm4A{height:200px}
._deals-shoveler-v2_style_dealBadge__4Dv4_{display:inline-block;padding:3px 7px}._deals-shoveler-v2_style_blackFriday__2Mp4u,._deals-shoveler-v2_style_cyberMonday__2txGJ{background-color:#ffc266;color:#232f3e}._deals-shoveler-v2_style_primeDay__tz569{background-color:#97edfc;color:#000}._deals-shoveler-v2_style_dashDeal__3Gckg{background-color:#b12704;color:#fff}._deals-shoveler-v2_style_simpleDeal__2Bvg3{background-color:#ddd;color:#111}
._deals-shoveler-v2_style_listPrice__1r4Am{margin-left:5px}
._deals-shoveler-v2_style_dealTimer__3sQxX{position:relative}</style>
<div id="qBTZgUQKilxkAENn3ELmug" class="deals-shoveler-v2" data-mix-claimed="true"><div id="qBTZgUQKilxkAENn3ELmug" class="a-section a-spacing-none shogun-widget deals-shoveler fresh-shoveler"><div class="a-cardui-header as-title-block"><h2 class="a-color-base as-title-block-left">Blockbuster Deals</h2><a class="a-link-normal as-title-block-right see-more truncate-1line" href="/events/greatrepublicdaysale/?_encoding=UTF8&amp;deals-widget=%257B%2522presetId%2522%3A%2522deals-collection-bbd%2522%257D&amp;pd_rd_w=9I0mE&amp;pf_rd_p=310459f7-427d-43c3-b902-93c6a6b90ad4&amp;pf_rd_r=BHPJXCXEQ08Q3G08SG3Z&amp;pd_rd_r=02c0df75-c0bc-41f2-b4e3-f8c32af3a8be&amp;pd_rd_wg=KOZkV&amp;ref_=pd_gw_unk">See all deals</a></div><div class="a-section a-spacing-none feed-carousel first-carousel"><div class="a-section feed-carousel-viewport"><ul class="a-unordered-list a-nostyle a-horizontal feed-carousel-shelf" role="list"><li class="feed-carousel-card _deals-shoveler-v2_style_dealCard__1HqkZ" aria-posinset="1" aria-hidden="false" role="listitem" aria-setsize="19" style="display: inline-block;"><span class="a-list-item"><a class="a-link-normal" href="/Redmi-9A-Sport-Carbon-Storage/dp/B09GFM8CGS?smid=AQUYM0O99MFUT"><div class="a-section a-spacing-small"><div class="a-section a-spacing-none _deals-shoveler-v2_style_imageContainer__2Wm4A"><img alt="Redmi 9A Sport" src="https://m.media-amazon.com/images/I/41P4Al+S3zL._AC_SY200_.jpg" class="product-image _deals-shoveler-v2_style_dealImage__3nlqg" data-a-hires="https://m.media-amazon.com/images/I/41P4Al+S3zL._AC_SY400_.jpg"></div></div><div class="a-section _deals-shoveler-v2_style_dealInfo__1U5R1"><div class="a-section a-spacing-none"><span class="a-price min-deal-price" data-a-size="m" data-a-color="base"><span class="a-offscreen">?6,999.00</span><span aria-hidden="true"><span class="a-price-symbol">?</span><span class="a-price-whole">6,999<span class="a-price-decimal">.</span></span><span class="a-price-fraction">00</span></span></span><span aria-hidden="true" class="a-price-dash" data-a-size="l" data-a-color="base">-</span><span class="a-price max-deal-price" data-a-size="m" data-a-color="base"><span class="a-offscreen">?7,999.00</span><span aria-hidden="true"><span class="a-price-symbol">?</span><span class="a-price-whole">7,999<span class="a-price-decimal">.</span></span><span class="a-price-fraction">00</span></span></span></div><span class="dealAvailabilityMessage _deals-shoveler-v2_style_dealTimer__3sQxX"><span class="a-size-base a-color-tertiary dealTimer"><span class="gwTimer" role="timer" data-shared-model="{&quot;clockTime&quot;:{&quot;hour&quot;:6,&quot;minute&quot;:50,&quot;second&quot;:23},&quot;countDownEndLabel&quot;:{&quot;ariaLabel&quot;:&quot;Deal has ended.&quot;,&quot;label&quot;:&quot;Deal has ended.&quot;},&quot;timeFormattedLabel&quot;:{&quot;formattedString&quot;:&quot;Ends in _hours_ hours _minutes_ minutes _seconds_ seconds&quot;,&quot;placeHolders&quot;:{&quot;hour&quot;:&quot;_hours_&quot;,&quot;minute&quot;:&quot;_minutes_&quot;,&quot;second&quot;:&quot;_seconds_&quot;}}}"><span class="gwTimerAriaLabel aok-offscreen">Ends in 6 hours 50 minutes 20 seconds</span><span class="gwTimerDisplay" aria-hidden="true"><span class="gwTimerLabel">Ends in</span><span class="a-letter-space"></span><span class="gwTimerHour">06</span><span class="gwTimerSeparator">:</span><span class="gwTimerMinute">50</span><span class="gwTimerSeparator">:</span><span class="gwTimerSecond">20</span></span></span></span></span></div></a></span></li><li class="feed-carousel-card _deals-shoveler-v2_style_dealCard__1HqkZ" aria-posinset="2" aria-hidden="false" role="listitem" aria-setsize="19" style="display: inline-block;"><span class="a-list-item"><a class="a-link-normal" href="/stores/page/preview?isPreview=1&amp;isSlp=1&amp;asins=B098P62W63%2CB094XK1B8P%2CB09DY8BGSY%2CB09M3XFW86%2CB098QB1TPX%2CB098QBT5KT%2CB08CRMTKMK%2CB099ZZ13JB%2CB098QBZF1N%2CB08GG8WCW7%2CB09NNR6C3F%2CB09DMKWNPR%2CB09JBZ7JXD%2CB09CCT55R3%2CB09LM3RZ1Q%2CB09BRCKLLR%2CB09B2F2DMK%2CB09HHL1VQN%2CB09Q35NBG6%2CB096VHX239%2CB09LM6CYC4%2CB09M3ZKH1T%2CB097TYRFJJ%2CB09DMYZW5Q%2CB08JLR7LPQ%2CB09NP4W2PC%2CB09Q3645YF%2CB096KWK1DB%2CB09CCMBHH1%2CB09CCVQG2L%2CB096KX76QX%2CB09K79L8P3%2CB09CCKX5K9%2CB09NP41X5L%2CB09C5X6H5J%2CB09DN5CBLY%2CB09K774BFH%2CB09FT6YC4T%2CB08HF8Y1YD%2CB095Z261FW%2CB0995GQK34%2CB08SX5QTXR%2CB09K78TW9G%2CB09MTWTSXP%2CB09MTXWWX2%2CB09Q3FZ5FX%2CB08HQXCPTT%2CB09MTVR7W6%2CB09MTW7X4D%2CB09NPPQZQY%2CB08HQXN3FL%2CB08J8V4FRC%2CB0995HXL3G%2CB09MTTNMTL%2CB09MTW3RSD%2CB09MTWCGNJ%2CB09MTVBK2X%2CB09MTVHRF3%2CB09MTVPL83%2CB09MTW2DGY%2CB09MTWCHHD%2CB09MTWPRQV%2CB09MTWQBL4%2CB09MTX1BFD%2CB09MTX9RS9%2CB09MTX79G2%2CB09MTXML4L&amp;smid=A14CZOWI0VEHLG"><div class="a-section a-spacing-small"><div class="a-section a-spacing-none _deals-shoveler-v2_style_imageContainer__2Wm4A"><img alt="Gaming Laptops and Desktops | Ultra Fast Performance | AAA Gaming Compatible" src="https://m.media-amazon.com/images/I/51NFeSAwNrL._AC_SY200_.jpg" class="product-image _deals-shoveler-v2_style_dealImage__3nlqg" data-a-hires="https://m.media-amazon.com/images/I/51NFeSAwNrL._AC_SY400_.jpg"></div></div><div class="a-section _deals-shoveler-v2_style_dealInfo__1U5R1"><div class="a-section a-spacing-none"><span class="a-price min-deal-price" data-a-size="m" data-a-color="base"><span class="a-offscreen">?56,990.00</span><span aria-hidden="true"><span class="a-price-symbol">?</span><span class="a-price-whole">56,990<span class="a-price-decimal">.</span></span><span class="a-price-fraction">00</span></span></span><span aria-hidden="true" class="a-price-dash" data-a-size="l" data-a-color="base">-</span><span class="a-price max-deal-price" data-a-size="m" data-a-color="base"><span class="a-offscreen">?1,40,990.00</span><span aria-hidden="true"><span class="a-price-symbol">?</span><span class="a-price-whole">1,40,990<span class="a-price-decimal">.</span></span><span class="a-price-fraction">00</span></span></span></div><span class="dealAvailabilityMessage _deals-shoveler-v2_style_dealTimer__3sQxX"><span class="a-size-base a-color-tertiary dealTimer"><span class="gwTimer" role="timer" data-shared-model="{&quot;clockTime&quot;:{&quot;hour&quot;:6,&quot;minute&quot;:55,&quot;second&quot;:22},&quot;countDownEndLabel&quot;:{&quot;ariaLabel&quot;:&quot;Deal has ended.&quot;,&quot;label&quot;:&quot;Deal has ended.&quot;},&quot;timeFormattedLabel&quot;:{&quot;formattedString&quot;:&quot;Ends in _hours_ hours _minutes_ minutes _seconds_ seconds&quot;,&quot;placeHolders&quot;:{&quot;hour&quot;:&quot;_hours_&quot;,&quot;minute&quot;:&quot;_minutes_&quot;,&quot;second&quot;:&quot;_seconds_&quot;}}}"><span class="gwTimerAriaLabel aok-offscreen">Ends in 6 hours 55 minutes 19 seconds</span><span class="gwTimerDisplay" aria-hidden="true"><span class="gwTimerLabel">Ends in</span><span class="a-letter-space"></span><span class="gwTimerHour">06</span><span class="gwTimerSeparator">:</span><span class="gwTimerMinute">55</span><span class="gwTimerSeparator">:</span><span class="gwTimerSecond">19</span></span></span></span></span></div></a></span></li><li class="feed-carousel-card _deals-shoveler-v2_style_dealCard__1HqkZ" aria-posinset="3" aria-hidden="false" role="listitem" aria-setsize="19" style="display: inline-block;"><span class="a-list-item"><a class="a-link-normal" href="/Samsung-Charcoal-Storage-Replacement-SM-M215GZKDINS/dp/B098NFJXXL?smid=A1EWEIV3F4B24B"><div class="a-section a-spacing-small"><div class="a-section a-spacing-none _deals-shoveler-v2_style_imageContainer__2Wm4A"><img alt="Samsung Galaxy M21 2021" src="https://m.media-amazon.com/images/I/41QKoCvqsdL._AC_SY200_.jpg" class="product-image _deals-shoveler-v2_style_dealImage__3nlqg" data-a-hires="https://m.media-amazon.com/images/I/41QKoCvqsdL._AC_SY400_.jpg"></div></div><div class="a-section _deals-shoveler-v2_style_dealInfo__1U5R1"><div class="a-section a-spacing-none"><span class="a-price min-deal-price" data-a-size="m" data-a-color="base"><span class="a-offscreen">Price: ?11,999.00</span><span aria-hidden="true"><span class="a-price-symbol">?</span><span class="a-price-whole">11,999<span class="a-price-decimal">.</span></span><span class="a-price-fraction">00</span></span></span></div><span class="dealAvailabilityMessage _deals-shoveler-v2_style_dealTimer__3sQxX"><span class="a-size-base a-color-tertiary dealTimer"><span class="gwTimer" role="timer" data-shared-model="{&quot;clockTime&quot;:{&quot;hour&quot;:6,&quot;minute&quot;:50,&quot;second&quot;:23},&quot;countDownEndLabel&quot;:{&quot;ariaLabel&quot;:&quot;Deal has ended.&quot;,&quot;label&quot;:&quot;Deal has ended.&quot;},&quot;timeFormattedLabel&quot;:{&quot;formattedString&quot;:&quot;Ends in _hours_ hours _minutes_ minutes _seconds_ seconds&quot;,&quot;placeHolders&quot;:{&quot;hour&quot;:&quot;_hours_&quot;,&quot;minute&quot;:&quot;_minutes_&quot;,&quot;second&quot;:&quot;_seconds_&quot;}}}"><span class="gwTimerAriaLabel aok-offscreen">Ends in 6 hours 50 minutes 20 seconds</span><span class="gwTimerDisplay" aria-hidden="true"><span class="gwTimerLabel">Ends in</span><span class="a-letter-space"></span><span class="gwTimerHour">06</span><span class="gwTimerSeparator">:</span><span class="gwTimerMinute">50</span><span class="gwTimerSeparator">:</span><span class="gwTimerSecond">20</span></span></span></span></span></div></a></span></li><li class="feed-carousel-card _deals-shoveler-v2_style_dealCard__1HqkZ" aria-posinset="4" aria-hidden="false" role="listitem" aria-setsize="19" style="display: inline-block;"><span class="a-list-item"><a class="a-link-normal" href="/deal/b258b9af?showVariations=true&amp;smid=A14CZOWI0VEHLG"><div class="a-section a-spacing-small"><div class="a-section a-spacing-none _deals-shoveler-v2_style_imageContainer__2Wm4A"><img alt="Best ever prices on boAt Headphones" src="https://m.media-amazon.com/images/I/31e3W13UMoL._AC_SY200_.jpg" class="product-image _deals-shoveler-v2_style_dealImage__3nlqg" data-a-hires="https://m.media-amazon.com/images/I/31e3W13UMoL._AC_SY400_.jpg"></div></div><div class="a-section _deals-shoveler-v2_style_dealInfo__1U5R1"><div class="a-section a-spacing-none"><span class="a-price min-deal-price" data-a-size="m" data-a-color="base"><span class="a-offscreen">?299.00</span><span aria-hidden="true"><span class="a-price-symbol">?</span><span class="a-price-whole">299<span class="a-price-decimal">.</span></span><span class="a-price-fraction">00</span></span></span><span aria-hidden="true" class="a-price-dash" data-a-size="l" data-a-color="base">-</span><span class="a-price max-deal-price" data-a-size="m" data-a-color="base"><span class="a-offscreen">?2,499.00</span><span aria-hidden="true"><span class="a-price-symbol">?</span><span class="a-price-whole">2,499<span class="a-price-decimal">.</span></span><span class="a-price-fraction">00</span></span></span></div><span class="dealAvailabilityMessage _deals-shoveler-v2_style_dealTimer__3sQxX"><span class="a-size-base a-color-tertiary dealTimer"><span class="gwTimer" role="timer" data-shared-model="{&quot;clockTime&quot;:{&quot;hour&quot;:6,&quot;minute&quot;:55,&quot;second&quot;:22},&quot;countDownEndLabel&quot;:{&quot;ariaLabel&quot;:&quot;Deal has ended.&quot;,&quot;label&quot;:&quot;Deal has ended.&quot;},&quot;timeFormattedLabel&quot;:{&quot;formattedString&quot;:&quot;Ends in _hours_ hours _minutes_ minutes _seconds_ seconds&quot;,&quot;placeHolders&quot;:{&quot;hour&quot;:&quot;_hours_&quot;,&quot;minute&quot;:&quot;_minutes_&quot;,&quot;second&quot;:&quot;_seconds_&quot;}}}"><span class="gwTimerAriaLabel aok-offscreen">Ends in 6 hours 55 minutes 19 seconds</span><span class="gwTimerDisplay" aria-hidden="true"><span class="gwTimerLabel">Ends in</span><span class="a-letter-space"></span><span class="gwTimerHour">06</span><span class="gwTimerSeparator">:</span><span class="gwTimerMinute">55</span><span class="gwTimerSeparator">:</span><span class="gwTimerSecond">19</span></span></span></span></span></div></a></span></li><li class="feed-carousel-card _deals-shoveler-v2_style_dealCard__1HqkZ" aria-posinset="5" aria-hidden="false" role="listitem" aria-setsize="19" style="display: inline-block;"><span class="a-list-item"><a class="a-link-normal" href="/s?hidden-keywords=B09P8G14R8%7CB09P8JMCB3%7CB09P8JS5CF%7CB096VF5YYF%7CB096VFND31%7CB096VF1PJ8%7CB0949SBKMP%7CB09FP4T8JV%7CB09FSRV2QV%7CB09LCVWZCT%7CB09FNXMGQC%7CB09HHCJ2CK%7CB09HHB691Z%7CB094BLFQTM%7CB0949TYBW6%7CB09FPDNG83%7CB09HHDS3VP%7CB09LCV23LW&amp;crid=5ZQ7MKW0WO89&amp;sprefix=b09p8g14r8+b09p8jmcb3+b09p8js5cf+b096vf5yyf+b096vfnd31+b096vf1pj8+b0949sbkmp+b09fp4t8jv+b09fsrv2qv+b09lcvwzct+b09fnxmgqc+b09hhcj2ck+b09hhb691z+b094blfqtm+b0949tybw6+b09fpdng83+b09hhds3vp+b09lcv23lw+%2Celectronics%2C572&amp;smid=A14CZOWI0VEHLG"><div class="a-section a-spacing-small"><div class="a-section a-spacing-none _deals-shoveler-v2_style_imageContainer__2Wm4A"><img alt="Unbelievable Prices on bOAT &amp; Tagg Smart Watches" src="https://m.media-amazon.com/images/I/41pfjyUPZLL._AC_SY200_.jpg" class="product-image _deals-shoveler-v2_style_dealImage__3nlqg" data-a-hires="https://m.media-amazon.com/images/I/41pfjyUPZLL._AC_SY400_.jpg"></div></div><div class="a-section _deals-shoveler-v2_style_dealInfo__1U5R1"><div class="a-section a-spacing-none"><span class="a-price min-deal-price" data-a-size="m" data-a-color="base"><span class="a-offscreen">?1,799.00</span><span aria-hidden="true"><span class="a-price-symbol">?</span><span class="a-price-whole">1,799<span class="a-price-decimal">.</span></span><span class="a-price-fraction">00</span></span></span><span aria-hidden="true" class="a-price-dash" data-a-size="l" data-a-color="base">-</span><span class="a-price max-deal-price" data-a-size="m" data-a-color="base"><span class="a-offscreen">?3,999.00</span><span aria-hidden="true"><span class="a-price-symbol">?</span><span class="a-price-whole">3,999<span class="a-price-decimal">.</span></span><span class="a-price-fraction">00</span></span></span></div><span class="dealAvailabilityMessage _deals-shoveler-v2_style_dealTimer__3sQxX"><span class="a-size-base a-color-tertiary dealTimer"><span class="gwTimer" role="timer" data-shared-model="{&quot;clockTime&quot;:{&quot;hour&quot;:6,&quot;minute&quot;:55,&quot;second&quot;:22},&quot;countDownEndLabel&quot;:{&quot;ariaLabel&quot;:&quot;Deal has ended.&quot;,&quot;label&quot;:&quot;Deal has ended.&quot;},&quot;timeFormattedLabel&quot;:{&quot;formattedString&quot;:&quot;Ends in _hours_ hours _minutes_ minutes _seconds_ seconds&quot;,&quot;placeHolders&quot;:{&quot;hour&quot;:&quot;_hours_&quot;,&quot;minute&quot;:&quot;_minutes_&quot;,&quot;second&quot;:&quot;_seconds_&quot;}}}"><span class="gwTimerAriaLabel aok-offscreen">Ends in 6 hours 55 minutes 19 seconds</span><span class="gwTimerDisplay" aria-hidden="true"><span class="gwTimerLabel">Ends in</span><span class="a-letter-space"></span><span class="gwTimerHour">06</span><span class="gwTimerSeparator">:</span><span class="gwTimerMinute">55</span><span class="gwTimerSeparator">:</span><span class="gwTimerSecond">19</span></span></span></span></span></div></a></span></li><li class="feed-carousel-card _deals-shoveler-v2_style_dealCard__1HqkZ" aria-posinset="6" aria-hidden="false" role="listitem" aria-setsize="19" style="display: inline-block;"><span class="a-list-item"><a class="a-link-normal" href="/deal/af9e36a8?showVariations=true&amp;moreDeals=bee07f2e%2C314a45e4%2C5bd818e6%2C726093c2%2Cd9720b07%2C08c97355%2C3122cb49%2C11fed5d7%2Cea5372f3%2Ca726b3ae%2C025fc527%2C4c4b8730%2C8e8a54ff%2Ca188f6c9%2C60293fac%2Ca7a85c82%2Ceca796cc%2Cc3778409&amp;smid=AT95IG9ONZD7S"><div class="a-section a-spacing-small"><div class="a-section a-spacing-none _deals-shoveler-v2_style_imageContainer__2Wm4A"><img alt="Baby Diapers and Wipes" src="https://m.media-amazon.com/images/I/51jiSil94-L._AC_SY200_.jpg" class="product-image _deals-shoveler-v2_style_dealImage__3nlqg" data-a-hires="https://m.media-amazon.com/images/I/51jiSil94-L._AC_SY400_.jpg"></div></div><div class="a-section _deals-shoveler-v2_style_dealInfo__1U5R1"><div class="a-section a-spacing-none"><span class="a-price min-deal-price" data-a-size="m" data-a-color="base"><span class="a-offscreen">?126.00</span><span aria-hidden="true"><span class="a-price-symbol">?</span><span class="a-price-whole">126<span class="a-price-decimal">.</span></span><span class="a-price-fraction">00</span></span></span><span aria-hidden="true" class="a-price-dash" data-a-size="l" data-a-color="base">-</span><span class="a-price max-deal-price" data-a-size="m" data-a-color="base"><span class="a-offscreen">?1,979.00</span><span aria-hidden="true"><span class="a-price-symbol">?</span><span class="a-price-whole">1,979<span class="a-price-decimal">.</span></span><span class="a-price-fraction">00</span></span></span></div><span class="dealAvailabilityMessage _deals-shoveler-v2_style_dealTimer__3sQxX"><span class="a-size-base a-color-tertiary dealTimer"><span class="gwTimer" role="timer" data-shared-model="{&quot;clockTime&quot;:{&quot;hour&quot;:6,&quot;minute&quot;:55,&quot;second&quot;:22},&quot;countDownEndLabel&quot;:{&quot;ariaLabel&quot;:&quot;Deal has ended.&quot;,&quot;label&quot;:&quot;Deal has ended.&quot;},&quot;timeFormattedLabel&quot;:{&quot;formattedString&quot;:&quot;Ends in _hours_ hours _minutes_ minutes _seconds_ seconds&quot;,&quot;placeHolders&quot;:{&quot;hour&quot;:&quot;_hours_&quot;,&quot;minute&quot;:&quot;_minutes_&quot;,&quot;second&quot;:&quot;_seconds_&quot;}}}"><span class="gwTimerAriaLabel aok-offscreen">Ends in 6 hours 55 minutes 19 seconds</span><span class="gwTimerDisplay" aria-hidden="true"><span class="gwTimerLabel">Ends in</span><span class="a-letter-space"></span><span class="gwTimerHour">06</span><span class="gwTimerSeparator">:</span><span class="gwTimerMinute">55</span><span class="gwTimerSeparator">:</span><span class="gwTimerSecond">19</span></span></span></span></span></div></a></span></li><li class="feed-carousel-card _deals-shoveler-v2_style_dealCard__1HqkZ" aria-posinset="7" aria-hidden="false" role="listitem" aria-setsize="19" style="display: inline-block;"><span class="a-list-item"><a class="a-link-normal" href="/s?hidden-keywords=B08L11LBH2%7CB08L13YPGZ%7CB08QJFF5SB%7CB08QJGY22G%7CB08QJH2SQG%7CB093GWY1WQ%7CB093GZYWTW%7CB093H219V8%7CB094QXS8NJ%7CB094R1M7VM%7CB09727J4SQ%7CB09728JN7L%7CB09728Q829%7CB09728QFXY%7CB0972BQ2RS%7CB099DSJNVW%7CB099LM9X8C%7CB09F6PBKC3%7CB09F6PBKHQ%7CB09F6PQ618%7CB09F6Q1G6W%7CB09F6Q9YG8%7CB09F6QB7QS%7CB09F6QBD25%7CB09F6QF2M2%7CB09F6QJQGC%7CB09F6QNRSP%7CB09F6QPB4F%7CB09F6QTR2K%7CB09F6RJQJL%7CB09F6RR1Z2%7CB09F6RVSNM%7CB09F6SWGFT%7CB09F6T33YZ%7CB09F6T4KWJ%7CB09NM8LBP2%7CB09NM8S1V4%7CB09NMB64PT%7CB09PRGXJJF%7CB09PRH4H93%7CB09PRHNTTT&amp;smid=A14CZOWI0VEHLG"><div class="a-section a-spacing-small"><div class="a-section a-spacing-none _deals-shoveler-v2_style_imageContainer__2Wm4A"><img alt="Lowest Ever Prices on Fire-Boltt Smart Watches" src="https://m.media-amazon.com/images/I/31MFQIpYG+L._AC_SY200_.jpg" class="product-image _deals-shoveler-v2_style_dealImage__3nlqg" data-a-hires="https://m.media-amazon.com/images/I/31MFQIpYG+L._AC_SY400_.jpg"></div></div><div class="a-section _deals-shoveler-v2_style_dealInfo__1U5R1"><div class="a-section a-spacing-none"><span class="a-price min-deal-price" data-a-size="m" data-a-color="base"><span class="a-offscreen">?1,599.00</span><span aria-hidden="true"><span class="a-price-symbol">?</span><span class="a-price-whole">1,599<span class="a-price-decimal">.</span></span><span class="a-price-fraction">00</span></span></span><span aria-hidden="true" class="a-price-dash" data-a-size="l" data-a-color="base">-</span><span class="a-price max-deal-price" data-a-size="m" data-a-color="base"><span class="a-offscreen">?5,999.00</span><span aria-hidden="true"><span class="a-price-symbol">?</span><span class="a-price-whole">5,999<span class="a-price-decimal">.</span></span><span class="a-price-fraction">00</span></span></span></div><span class="dealAvailabilityMessage _deals-shoveler-v2_style_dealTimer__3sQxX"><span class="a-size-base a-color-tertiary dealTimer"><span class="gwTimer" role="timer" data-shared-model="{&quot;clockTime&quot;:{&quot;hour&quot;:6,&quot;minute&quot;:55,&quot;second&quot;:22},&quot;countDownEndLabel&quot;:{&quot;ariaLabel&quot;:&quot;Deal has ended.&quot;,&quot;label&quot;:&quot;Deal has ended.&quot;},&quot;timeFormattedLabel&quot;:{&quot;formattedString&quot;:&quot;Ends in _hours_ hours _minutes_ minutes _seconds_ seconds&quot;,&quot;placeHolders&quot;:{&quot;hour&quot;:&quot;_hours_&quot;,&quot;minute&quot;:&quot;_minutes_&quot;,&quot;second&quot;:&quot;_seconds_&quot;}}}"><span class="gwTimerAriaLabel aok-offscreen">Ends in 6 hours 55 minutes 19 seconds</span><span class="gwTimerDisplay" aria-hidden="true"><span class="gwTimerLabel">Ends in</span><span class="a-letter-space"></span><span class="gwTimerHour">06</span><span class="gwTimerSeparator">:</span><span class="gwTimerMinute">55</span><span class="gwTimerSeparator">:</span><span class="gwTimerSecond">19</span></span></span></span></span></div></a></span></li><li class="feed-carousel-card _deals-shoveler-v2_style_dealCard__1HqkZ" aria-posinset="8" aria-hidden="false" role="listitem" aria-setsize="19" style="display: inline-block;"><span class="a-list-item"><a class="a-link-normal" href="/deal/3ae25436?moreDeals=c34e5125%2Ce0623bfc%2C38fbc8af%2Ccd27ce19&amp;smid=A1TJ5W2Q6QYFKA"><div class="a-section a-spacing-small"><div class="a-section a-spacing-none _deals-shoveler-v2_style_imageContainer__2Wm4A"><img alt="Alexa, Fire TV and Kindle" src="https://m.media-amazon.com/images/G/31/Devices_ksha/EchoDot3rd_FTVS1._AC_SY200_.png" class="product-image _deals-shoveler-v2_style_dealImage__3nlqg" data-a-hires="https://m.media-amazon.com/images/G/31/Devices_ksha/EchoDot3rd_FTVS1._AC_SY400_.png"></div></div><div class="a-section _deals-shoveler-v2_style_dealInfo__1U5R1"><div class="a-section a-spacing-none"><span class="a-price min-deal-price" data-a-size="m" data-a-color="base"><span class="a-offscreen">?2,799.00</span><span aria-hidden="true"><span class="a-price-symbol">?</span><span class="a-price-whole">2,799<span class="a-price-decimal">.</span></span><span class="a-price-fraction">00</span></span></span><span aria-hidden="true" class="a-price-dash" data-a-size="l" data-a-color="base">-</span><span class="a-price max-deal-price" data-a-size="m" data-a-color="base"><span class="a-offscreen">?21,999.00</span><span aria-hidden="true"><span class="a-price-symbol">?</span><span class="a-price-whole">21,999<span class="a-price-decimal">.</span></span><span class="a-price-fraction">00</span></span></span></div><span class="dealAvailabilityMessage _deals-shoveler-v2_style_dealTimer__3sQxX"><span class="a-size-base a-color-tertiary dealTimer"><span class="gwTimer" role="timer" data-shared-model="{&quot;clockTime&quot;:{&quot;hour&quot;:6,&quot;minute&quot;:50,&quot;second&quot;:23},&quot;countDownEndLabel&quot;:{&quot;ariaLabel&quot;:&quot;Deal has ended.&quot;,&quot;label&quot;:&quot;Deal has ended.&quot;},&quot;timeFormattedLabel&quot;:{&quot;formattedString&quot;:&quot;Ends in _hours_ hours _minutes_ minutes _seconds_ seconds&quot;,&quot;placeHolders&quot;:{&quot;hour&quot;:&quot;_hours_&quot;,&quot;minute&quot;:&quot;_minutes_&quot;,&quot;second&quot;:&quot;_seconds_&quot;}}}"><span class="gwTimerAriaLabel aok-offscreen">Ends in 6 hours 50 minutes 20 seconds</span><span class="gwTimerDisplay" aria-hidden="true"><span class="gwTimerLabel">Ends in</span><span class="a-letter-space"></span><span class="gwTimerHour">06</span><span class="gwTimerSeparator">:</span><span class="gwTimerMinute">50</span><span class="gwTimerSeparator">:</span><span class="gwTimerSecond">20</span></span></span></span></span></div></a></span></li><li class="feed-carousel-card _deals-shoveler-v2_style_dealCard__1HqkZ" aria-setsize="19" aria-posinset="9" aria-hidden="false" role="listitem" style="display: inline-block;"><span class="a-list-item"><a class="a-link-normal" href="/deal/0f0d3eef?showVariations=true&amp;smid=A14CZOWI0VEHLG"><div class="a-section a-spacing-small"><div class="a-section a-spacing-none _deals-shoveler-v2_style_imageContainer__2Wm4A"><img alt="Tecno Pop 5 | Dual Rear Camera | 5000mAh Battery | Extra 10% off with SBI Cards" src="https://m.media-amazon.com/images/I/41tVF+aJd-L._AC_SY200_.jpg" class="product-image _deals-shoveler-v2_style_dealImage__3nlqg" data-a-hires="https://m.media-amazon.com/images/I/41tVF+aJd-L._AC_SY400_.jpg"></div></div><div class="a-section _deals-shoveler-v2_style_dealInfo__1U5R1"><div class="a-section a-spacing-none"><span class="a-price min-deal-price" data-a-size="m" data-a-color="base"><span class="a-offscreen">Price: ?6,299.00</span><span aria-hidden="true"><span class="a-price-symbol">?</span><span class="a-price-whole">6,299<span class="a-price-decimal">.</span></span><span class="a-price-fraction">00</span></span></span></div><span class="dealAvailabilityMessage _deals-shoveler-v2_style_dealTimer__3sQxX"><span class="a-size-base a-color-tertiary dealTimer"><span class="gwTimer" role="timer" data-shared-model="{&quot;clockTime&quot;:{&quot;hour&quot;:6,&quot;minute&quot;:55,&quot;second&quot;:22},&quot;countDownEndLabel&quot;:{&quot;ariaLabel&quot;:&quot;Deal has ended.&quot;,&quot;label&quot;:&quot;Deal has ended.&quot;},&quot;timeFormattedLabel&quot;:{&quot;formattedString&quot;:&quot;Ends in _hours_ hours _minutes_ minutes _seconds_ seconds&quot;,&quot;placeHolders&quot;:{&quot;hour&quot;:&quot;_hours_&quot;,&quot;minute&quot;:&quot;_minutes_&quot;,&quot;second&quot;:&quot;_seconds_&quot;}}}"><span class="gwTimerAriaLabel aok-offscreen">Ends in 6 hours 55 minutes 19 seconds</span><span class="gwTimerDisplay" aria-hidden="true"><span class="gwTimerLabel">Ends in</span><span class="a-letter-space"></span><span class="gwTimerHour">06</span><span class="gwTimerSeparator">:</span><span class="gwTimerMinute">55</span><span class="gwTimerSeparator">:</span><span class="gwTimerSecond">19</span></span></span></span></span></div></a></span></li><li class="feed-carousel-card _deals-shoveler-v2_style_dealCard__1HqkZ" aria-setsize="19" aria-posinset="10" aria-hidden="false" role="listitem" style="display: inline-block;"><span class="a-list-item"><a class="a-link-normal" href="/l/15426044031?smid=AT95IG9ONZD7S"><div class="a-section a-spacing-small"><div class="a-section a-spacing-none _deals-shoveler-v2_style_imageContainer__2Wm4A"><img alt="Skincare: Upto 55% Off" src="https://m.media-amazon.com/images/I/31ElhohhoML._AC_SY200_.jpg" class="product-image _deals-shoveler-v2_style_dealImage__3nlqg" data-a-hires="https://m.media-amazon.com/images/I/31ElhohhoML._AC_SY400_.jpg"></div></div><div class="a-section _deals-shoveler-v2_style_dealInfo__1U5R1"><div class="a-section a-spacing-none"><span class="a-price min-deal-price" data-a-size="m" data-a-color="base"><span class="a-offscreen">?60.00</span><span aria-hidden="true"><span class="a-price-symbol">?</span><span class="a-price-whole">60<span class="a-price-decimal">.</span></span><span class="a-price-fraction">00</span></span></span><span aria-hidden="true" class="a-price-dash" data-a-size="l" data-a-color="base">-</span><span class="a-price max-deal-price" data-a-size="m" data-a-color="base"><span class="a-offscreen">?1,604.55</span><span aria-hidden="true"><span class="a-price-symbol">?</span><span class="a-price-whole">1,604<span class="a-price-decimal">.</span></span><span class="a-price-fraction">55</span></span></span></div><span class="dealAvailabilityMessage _deals-shoveler-v2_style_dealTimer__3sQxX"><span class="a-size-base a-color-tertiary dealTimer"><span class="gwTimer" role="timer" data-shared-model="{&quot;clockTime&quot;:{&quot;hour&quot;:6,&quot;minute&quot;:55,&quot;second&quot;:22},&quot;countDownEndLabel&quot;:{&quot;ariaLabel&quot;:&quot;Deal has ended.&quot;,&quot;label&quot;:&quot;Deal has ended.&quot;},&quot;timeFormattedLabel&quot;:{&quot;formattedString&quot;:&quot;Ends in _hours_ hours _minutes_ minutes _seconds_ seconds&quot;,&quot;placeHolders&quot;:{&quot;hour&quot;:&quot;_hours_&quot;,&quot;minute&quot;:&quot;_minutes_&quot;,&quot;second&quot;:&quot;_seconds_&quot;}}}"><span class="gwTimerAriaLabel aok-offscreen">Ends in 6 hours 55 minutes 19 seconds</span><span class="gwTimerDisplay" aria-hidden="true"><span class="gwTimerLabel">Ends in</span><span class="a-letter-space"></span><span class="gwTimerHour">06</span><span class="gwTimerSeparator">:</span><span class="gwTimerMinute">55</span><span class="gwTimerSeparator">:</span><span class="gwTimerSecond">19</span></span></span></span></span></div></a></span></li><li class="feed-carousel-card _deals-shoveler-v2_style_dealCard__1HqkZ" aria-setsize="19" aria-posinset="11" aria-hidden="false" role="listitem" style="display: inline-block;"><span class="a-list-item"><a class="a-link-normal" href="/s/browse/?ie=UTF8&amp;node=27412235031&amp;smid=A14CZOWI0VEHLG"><div class="a-section a-spacing-small"><div class="a-section a-spacing-none _deals-shoveler-v2_style_imageContainer__2Wm4A"><img alt="Best of Deals on Budget True Wireless Earbuds" src="https://m.media-amazon.com/images/I/31LC-FBgpBL._AC_SY200_.jpg" class="product-image _deals-shoveler-v2_style_dealImage__3nlqg" data-a-hires="https://m.media-amazon.com/images/I/31LC-FBgpBL._AC_SY400_.jpg"></div></div><div class="a-section _deals-shoveler-v2_style_dealInfo__1U5R1"><div class="a-section a-spacing-none"><span class="a-price min-deal-price" data-a-size="m" data-a-color="base"><span class="a-offscreen">?149.00</span><span aria-hidden="true"><span class="a-price-symbol">?</span><span class="a-price-whole">149<span class="a-price-decimal">.</span></span><span class="a-price-fraction">00</span></span></span><span aria-hidden="true" class="a-price-dash" data-a-size="l" data-a-color="base">-</span><span class="a-price max-deal-price" data-a-size="m" data-a-color="base"><span class="a-offscreen">?3,349.00</span><span aria-hidden="true"><span class="a-price-symbol">?</span><span class="a-price-whole">3,349<span class="a-price-decimal">.</span></span><span class="a-price-fraction">00</span></span></span></div><span class="dealAvailabilityMessage _deals-shoveler-v2_style_dealTimer__3sQxX"><span class="a-size-base a-color-tertiary dealTimer"><span class="gwTimer" role="timer" data-shared-model="{&quot;clockTime&quot;:{&quot;hour&quot;:6,&quot;minute&quot;:55,&quot;second&quot;:22},&quot;countDownEndLabel&quot;:{&quot;ariaLabel&quot;:&quot;Deal has ended.&quot;,&quot;label&quot;:&quot;Deal has ended.&quot;},&quot;timeFormattedLabel&quot;:{&quot;formattedString&quot;:&quot;Ends in _hours_ hours _minutes_ minutes _seconds_ seconds&quot;,&quot;placeHolders&quot;:{&quot;hour&quot;:&quot;_hours_&quot;,&quot;minute&quot;:&quot;_minutes_&quot;,&quot;second&quot;:&quot;_seconds_&quot;}}}"><span class="gwTimerAriaLabel aok-offscreen">Ends in 6 hours 55 minutes 19 seconds</span><span class="gwTimerDisplay" aria-hidden="true"><span class="gwTimerLabel">Ends in</span><span class="a-letter-space"></span><span class="gwTimerHour">06</span><span class="gwTimerSeparator">:</span><span class="gwTimerMinute">55</span><span class="gwTimerSeparator">:</span><span class="gwTimerSecond">19</span></span></span></span></span></div></a></span></li><li class="feed-carousel-card _deals-shoveler-v2_style_dealCard__1HqkZ" aria-setsize="19" aria-posinset="12" aria-hidden="false" role="listitem" style="display: inline-block;"><span class="a-list-item"><a class="a-link-normal" href="/deal/87d65e36?moreDeals=a289c159%2C24be215d%2C51525633%2C4cf5efe9%2C9cafb013%2C43c42a19%2Ce4116334%2C23a5e38e%2C6f013023%2Cb58b4ced%2C0070896e%2C01736af6&amp;smid=AT95IG9ONZD7S"><div class="a-section a-spacing-small"><div class="a-section a-spacing-none _deals-shoveler-v2_style_imageContainer__2Wm4A"><img alt="Sports and Protein supplements" src="https://m.media-amazon.com/images/I/51huVCoeBNL._AC_SY200_.jpg" class="product-image _deals-shoveler-v2_style_dealImage__3nlqg" data-a-hires="https://m.media-amazon.com/images/I/51huVCoeBNL._AC_SY400_.jpg"></div></div><div class="a-section _deals-shoveler-v2_style_dealInfo__1U5R1"><div class="a-section a-spacing-none"><span class="a-price min-deal-price" data-a-size="m" data-a-color="base"><span class="a-offscreen">?195.61</span><span aria-hidden="true"><span class="a-price-symbol">?</span><span class="a-price-whole">195<span class="a-price-decimal">.</span></span><span class="a-price-fraction">61</span></span></span><span aria-hidden="true" class="a-price-dash" data-a-size="l" data-a-color="base">-</span><span class="a-price max-deal-price" data-a-size="m" data-a-color="base"><span class="a-offscreen">?10,099.00</span><span aria-hidden="true"><span class="a-price-symbol">?</span><span class="a-price-whole">10,099<span class="a-price-decimal">.</span></span><span class="a-price-fraction">00</span></span></span></div><span class="dealAvailabilityMessage _deals-shoveler-v2_style_dealTimer__3sQxX"><span class="a-size-base a-color-tertiary dealTimer"><span class="gwTimer" role="timer" data-shared-model="{&quot;clockTime&quot;:{&quot;hour&quot;:6,&quot;minute&quot;:40,&quot;second&quot;:23},&quot;countDownEndLabel&quot;:{&quot;ariaLabel&quot;:&quot;Deal has ended.&quot;,&quot;label&quot;:&quot;Deal has ended.&quot;},&quot;timeFormattedLabel&quot;:{&quot;formattedString&quot;:&quot;Ends in _hours_ hours _minutes_ minutes _seconds_ seconds&quot;,&quot;placeHolders&quot;:{&quot;hour&quot;:&quot;_hours_&quot;,&quot;minute&quot;:&quot;_minutes_&quot;,&quot;second&quot;:&quot;_seconds_&quot;}}}"><span class="gwTimerAriaLabel aok-offscreen">Ends in 6 hours 40 minutes 20 seconds</span><span class="gwTimerDisplay" aria-hidden="true"><span class="gwTimerLabel">Ends in</span><span class="a-letter-space"></span><span class="gwTimerHour">06</span><span class="gwTimerSeparator">:</span><span class="gwTimerMinute">40</span><span class="gwTimerSeparator">:</span><span class="gwTimerSecond">20</span></span></span></span></span></div></a></span></li><li class="feed-carousel-card _deals-shoveler-v2_style_dealCard__1HqkZ" aria-setsize="19" aria-posinset="13" aria-hidden="false" role="listitem" style="display: inline-block;"><span class="a-list-item"><a class="a-link-normal" href="/deal/4aec3eed?smid=ARENK22K2PQRH"><div class="a-section a-spacing-small"><div class="a-section a-spacing-none _deals-shoveler-v2_style_imageContainer__2Wm4A"><img alt="Best Deal on Food Product and Others" src="https://m.media-amazon.com/images/I/51me9Bxq3BL._AC_SY200_.jpg" class="product-image _deals-shoveler-v2_style_dealImage__3nlqg" data-a-hires="https://m.media-amazon.com/images/I/51me9Bxq3BL._AC_SY400_.jpg"></div></div><div class="a-section _deals-shoveler-v2_style_dealInfo__1U5R1"><div class="a-section a-spacing-none"><span class="a-price min-deal-price" data-a-size="m" data-a-color="base"><span class="a-offscreen">?98.00</span><span aria-hidden="true"><span class="a-price-symbol">?</span><span class="a-price-whole">98<span class="a-price-decimal">.</span></span><span class="a-price-fraction">00</span></span></span><span aria-hidden="true" class="a-price-dash" data-a-size="l" data-a-color="base">-</span><span class="a-price max-deal-price" data-a-size="m" data-a-color="base"><span class="a-offscreen">?2,860.00</span><span aria-hidden="true"><span class="a-price-symbol">?</span><span class="a-price-whole">2,860<span class="a-price-decimal">.</span></span><span class="a-price-fraction">00</span></span></span></div><span class="dealAvailabilityMessage _deals-shoveler-v2_style_dealTimer__3sQxX"><span class="a-size-base a-color-tertiary dealTimer"><span class="gwTimer" role="timer" data-shared-model="{&quot;clockTime&quot;:{&quot;hour&quot;:6,&quot;minute&quot;:50,&quot;second&quot;:23},&quot;countDownEndLabel&quot;:{&quot;ariaLabel&quot;:&quot;Deal has ended.&quot;,&quot;label&quot;:&quot;Deal has ended.&quot;},&quot;timeFormattedLabel&quot;:{&quot;formattedString&quot;:&quot;Ends in _hours_ hours _minutes_ minutes _seconds_ seconds&quot;,&quot;placeHolders&quot;:{&quot;hour&quot;:&quot;_hours_&quot;,&quot;minute&quot;:&quot;_minutes_&quot;,&quot;second&quot;:&quot;_seconds_&quot;}}}"><span class="gwTimerAriaLabel aok-offscreen">Ends in 6 hours 50 minutes 20 seconds</span><span class="gwTimerDisplay" aria-hidden="true"><span class="gwTimerLabel">Ends in</span><span class="a-letter-space"></span><span class="gwTimerHour">06</span><span class="gwTimerSeparator">:</span><span class="gwTimerMinute">50</span><span class="gwTimerSeparator">:</span><span class="gwTimerSecond">20</span></span></span></span></span></div></a></span></li><li class="feed-carousel-card _deals-shoveler-v2_style_dealCard__1HqkZ" aria-setsize="19" aria-posinset="14" aria-hidden="false" role="listitem" style="display: inline-block;"><span class="a-list-item"><a class="a-link-normal" href="/deal/0884df2d?showVariations=true&amp;moreDeals=bdb59d9b%2Cbe94d746%2Caf893364%2Cfd88afe5%2C8cf67403%2C8cc687c0%2Ccbfc904d%2C6790c25b%2Cd9da963d%2Cadda0308%2C1917c758%2Ce696eb60&amp;smid=AT95IG9ONZD7S"><div class="a-section a-spacing-small"><div class="a-section a-spacing-none _deals-shoveler-v2_style_imageContainer__2Wm4A"><img alt="Offers on Dog Supplies" src="https://m.media-amazon.com/images/I/41uukr8rcJL._AC_SY200_.jpg" class="product-image _deals-shoveler-v2_style_dealImage__3nlqg" data-a-hires="https://m.media-amazon.com/images/I/41uukr8rcJL._AC_SY400_.jpg"></div></div><div class="a-section _deals-shoveler-v2_style_dealInfo__1U5R1"><div class="a-section a-spacing-none"><span class="a-price min-deal-price" data-a-size="m" data-a-color="base"><span class="a-offscreen">?136.00</span><span aria-hidden="true"><span class="a-price-symbol">?</span><span class="a-price-whole">136<span class="a-price-decimal">.</span></span><span class="a-price-fraction">00</span></span></span><span aria-hidden="true" class="a-price-dash" data-a-size="l" data-a-color="base">-</span><span class="a-price max-deal-price" data-a-size="m" data-a-color="base"><span class="a-offscreen">?7,790.00</span><span aria-hidden="true"><span class="a-price-symbol">?</span><span class="a-price-whole">7,790<span class="a-price-decimal">.</span></span><span class="a-price-fraction">00</span></span></span></div><span class="dealAvailabilityMessage _deals-shoveler-v2_style_dealTimer__3sQxX"><span class="a-size-base a-color-tertiary dealTimer"><span class="gwTimer" role="timer" data-shared-model="{&quot;clockTime&quot;:{&quot;hour&quot;:6,&quot;minute&quot;:55,&quot;second&quot;:22},&quot;countDownEndLabel&quot;:{&quot;ariaLabel&quot;:&quot;Deal has ended.&quot;,&quot;label&quot;:&quot;Deal has ended.&quot;},&quot;timeFormattedLabel&quot;:{&quot;formattedString&quot;:&quot;Ends in _hours_ hours _minutes_ minutes _seconds_ seconds&quot;,&quot;placeHolders&quot;:{&quot;hour&quot;:&quot;_hours_&quot;,&quot;minute&quot;:&quot;_minutes_&quot;,&quot;second&quot;:&quot;_seconds_&quot;}}}"><span class="gwTimerAriaLabel aok-offscreen">Ends in 6 hours 55 minutes 19 seconds</span><span class="gwTimerDisplay" aria-hidden="true"><span class="gwTimerLabel">Ends in</span><span class="a-letter-space"></span><span class="gwTimerHour">06</span><span class="gwTimerSeparator">:</span><span class="gwTimerMinute">55</span><span class="gwTimerSeparator">:</span><span class="gwTimerSecond">19</span></span></span></span></span></div></a></span></li><li class="feed-carousel-card _deals-shoveler-v2_style_dealCard__1HqkZ" aria-setsize="19" aria-posinset="15" aria-hidden="false" role="listitem" style="display: inline-block;"><span class="a-list-item"><a class="a-link-normal" href="/deal/6378fe84?showVariations=true&amp;smid=A1JFLV2BUSJ5AK"><div class="a-section a-spacing-small"><div class="a-section a-spacing-none _deals-shoveler-v2_style_imageContainer__2Wm4A"><img alt="Jan art" src="https://m.media-amazon.com/images/I/418sfNe0t8L._AC_SY200_.jpg" class="product-image _deals-shoveler-v2_style_dealImage__3nlqg" data-a-hires="https://m.media-amazon.com/images/I/418sfNe0t8L._AC_SY400_.jpg"></div></div><div class="a-section _deals-shoveler-v2_style_dealInfo__1U5R1"><div class="a-section a-spacing-none"><span class="a-price min-deal-price" data-a-size="m" data-a-color="base"><span class="a-offscreen">?549.00</span><span aria-hidden="true"><span class="a-price-symbol">?</span><span class="a-price-whole">549<span class="a-price-decimal">.</span></span><span class="a-price-fraction">00</span></span></span><span aria-hidden="true" class="a-price-dash" data-a-size="l" data-a-color="base">-</span><span class="a-price max-deal-price" data-a-size="m" data-a-color="base"><span class="a-offscreen">?64,970.00</span><span aria-hidden="true"><span class="a-price-symbol">?</span><span class="a-price-whole">64,970<span class="a-price-decimal">.</span></span><span class="a-price-fraction">00</span></span></span></div><span class="dealAvailabilityMessage _deals-shoveler-v2_style_dealTimer__3sQxX"><span class="a-size-base a-color-tertiary staticMessage"></span></span></div></a></span></li><li class="feed-carousel-card _deals-shoveler-v2_style_dealCard__1HqkZ" aria-setsize="19" aria-posinset="16" aria-hidden="false" role="listitem" style="display: inline-block;"><span class="a-list-item"><a class="a-link-normal" href="/deal/7139d602?showVariations=true&amp;moreDeals=162251c6%3FsearchAlias%3Dkitchen&amp;smid=AT95IG9ONZD7S"><div class="a-section a-spacing-small"><div class="a-section a-spacing-none _deals-shoveler-v2_style_imageContainer__2Wm4A"><img alt="Breakfast Essentials from Top Brands" src="https://m.media-amazon.com/images/I/41LFdROYICL._AC_SY200_.jpg" class="product-image _deals-shoveler-v2_style_dealImage__3nlqg" data-a-hires="https://m.media-amazon.com/images/I/41LFdROYICL._AC_SY400_.jpg"></div></div><div class="a-section _deals-shoveler-v2_style_dealInfo__1U5R1"><div class="a-section a-spacing-none"><span class="a-price min-deal-price" data-a-size="m" data-a-color="base"><span class="a-offscreen">?349.00</span><span aria-hidden="true"><span class="a-price-symbol">?</span><span class="a-price-whole">349<span class="a-price-decimal">.</span></span><span class="a-price-fraction">00</span></span></span><span aria-hidden="true" class="a-price-dash" data-a-size="l" data-a-color="base">-</span><span class="a-price max-deal-price" data-a-size="m" data-a-color="base"><span class="a-offscreen">?6,999.00</span><span aria-hidden="true"><span class="a-price-symbol">?</span><span class="a-price-whole">6,999<span class="a-price-decimal">.</span></span><span class="a-price-fraction">00</span></span></span></div><span class="dealAvailabilityMessage _deals-shoveler-v2_style_dealTimer__3sQxX"><span class="a-size-base a-color-tertiary dealTimer"><span class="gwTimer" role="timer" data-shared-model="{&quot;clockTime&quot;:{&quot;hour&quot;:6,&quot;minute&quot;:55,&quot;second&quot;:22},&quot;countDownEndLabel&quot;:{&quot;ariaLabel&quot;:&quot;Deal has ended.&quot;,&quot;label&quot;:&quot;Deal has ended.&quot;},&quot;timeFormattedLabel&quot;:{&quot;formattedString&quot;:&quot;Ends in _hours_ hours _minutes_ minutes _seconds_ seconds&quot;,&quot;placeHolders&quot;:{&quot;hour&quot;:&quot;_hours_&quot;,&quot;minute&quot;:&quot;_minutes_&quot;,&quot;second&quot;:&quot;_seconds_&quot;}}}"><span class="gwTimerAriaLabel aok-offscreen">Ends in 6 hours 55 minutes 19 seconds</span><span class="gwTimerDisplay" aria-hidden="true"><span class="gwTimerLabel">Ends in</span><span class="a-letter-space"></span><span class="gwTimerHour">06</span><span class="gwTimerSeparator">:</span><span class="gwTimerMinute">55</span><span class="gwTimerSeparator">:</span><span class="gwTimerSecond">19</span></span></span></span></span></div></a></span></li><li class="feed-carousel-card _deals-shoveler-v2_style_dealCard__1HqkZ" aria-setsize="19" aria-posinset="17" aria-hidden="false" role="listitem" style="display: inline-block;"><span class="a-list-item"><a class="a-link-normal" href="/deal/9e0cb141?showVariations=true&amp;smid=AT95IG9ONZD7S"><div class="a-section a-spacing-small"><div class="a-section a-spacing-none _deals-shoveler-v2_style_imageContainer__2Wm4A"><img alt="Shoes &amp; Handbags starting 299" src="https://m.media-amazon.com/images/I/41QDX9QbvOL._AC_SY200_.jpg" class="product-image _deals-shoveler-v2_style_dealImage__3nlqg" data-a-hires="https://m.media-amazon.com/images/I/41QDX9QbvOL._AC_SY400_.jpg"></div></div><div class="a-section _deals-shoveler-v2_style_dealInfo__1U5R1"><div class="a-section a-spacing-none"><span class="a-price min-deal-price" data-a-size="m" data-a-color="base"><span class="a-offscreen">?349.00</span><span aria-hidden="true"><span class="a-price-symbol">?</span><span class="a-price-whole">349<span class="a-price-decimal">.</span></span><span class="a-price-fraction">00</span></span></span><span aria-hidden="true" class="a-price-dash" data-a-size="l" data-a-color="base">-</span><span class="a-price max-deal-price" data-a-size="m" data-a-color="base"><span class="a-offscreen">?1,999.00</span><span aria-hidden="true"><span class="a-price-symbol">?</span><span class="a-price-whole">1,999<span class="a-price-decimal">.</span></span><span class="a-price-fraction">00</span></span></span></div><span class="dealAvailabilityMessage _deals-shoveler-v2_style_dealTimer__3sQxX"><span class="a-size-base a-color-tertiary dealTimer"><span class="gwTimer" role="timer" data-shared-model="{&quot;clockTime&quot;:{&quot;hour&quot;:6,&quot;minute&quot;:25,&quot;second&quot;:23},&quot;countDownEndLabel&quot;:{&quot;ariaLabel&quot;:&quot;Deal has ended.&quot;,&quot;label&quot;:&quot;Deal has ended.&quot;},&quot;timeFormattedLabel&quot;:{&quot;formattedString&quot;:&quot;Ends in _hours_ hours _minutes_ minutes _seconds_ seconds&quot;,&quot;placeHolders&quot;:{&quot;hour&quot;:&quot;_hours_&quot;,&quot;minute&quot;:&quot;_minutes_&quot;,&quot;second&quot;:&quot;_seconds_&quot;}}}"><span class="gwTimerAriaLabel aok-offscreen">Ends in 6 hours 25 minutes 20 seconds</span><span class="gwTimerDisplay" aria-hidden="true"><span class="gwTimerLabel">Ends in</span><span class="a-letter-space"></span><span class="gwTimerHour">06</span><span class="gwTimerSeparator">:</span><span class="gwTimerMinute">25</span><span class="gwTimerSeparator">:</span><span class="gwTimerSecond">20</span></span></span></span></span></div></a></span></li><li class="feed-carousel-card _deals-shoveler-v2_style_dealCard__1HqkZ" aria-setsize="19" aria-posinset="18" aria-hidden="false" role="listitem" style="display: inline-block;"><span class="a-list-item"><a class="a-link-normal" href="/deal/4ad87d97?smid=AT95IG9ONZD7S"><div class="a-section a-spacing-small"><div class="a-section a-spacing-none _deals-shoveler-v2_style_imageContainer__2Wm4A"><img alt="Men's Apparel | Amazon Brand - Symbol, Diverse &amp; more" src="https://m.media-amazon.com/images/I/41uA9LygF-L._AC_SY200_.jpg" class="product-image _deals-shoveler-v2_style_dealImage__3nlqg" data-a-hires="https://m.media-amazon.com/images/I/41uA9LygF-L._AC_SY400_.jpg"></div></div><div class="a-section _deals-shoveler-v2_style_dealInfo__1U5R1"><div class="a-section a-spacing-none"><span class="a-price min-deal-price" data-a-size="m" data-a-color="base"><span class="a-offscreen">?149.00</span><span aria-hidden="true"><span class="a-price-symbol">?</span><span class="a-price-whole">149<span class="a-price-decimal">.</span></span><span class="a-price-fraction">00</span></span></span><span aria-hidden="true" class="a-price-dash" data-a-size="l" data-a-color="base">-</span><span class="a-price max-deal-price" data-a-size="m" data-a-color="base"><span class="a-offscreen">?1,209.00</span><span aria-hidden="true"><span class="a-price-symbol">?</span><span class="a-price-whole">1,209<span class="a-price-decimal">.</span></span><span class="a-price-fraction">00</span></span></span></div><span class="dealAvailabilityMessage _deals-shoveler-v2_style_dealTimer__3sQxX"><span class="a-size-base a-color-tertiary dealTimer"><span class="gwTimer" role="timer" data-shared-model="{&quot;clockTime&quot;:{&quot;hour&quot;:6,&quot;minute&quot;:55,&quot;second&quot;:22},&quot;countDownEndLabel&quot;:{&quot;ariaLabel&quot;:&quot;Deal has ended.&quot;,&quot;label&quot;:&quot;Deal has ended.&quot;},&quot;timeFormattedLabel&quot;:{&quot;formattedString&quot;:&quot;Ends in _hours_ hours _minutes_ minutes _seconds_ seconds&quot;,&quot;placeHolders&quot;:{&quot;hour&quot;:&quot;_hours_&quot;,&quot;minute&quot;:&quot;_minutes_&quot;,&quot;second&quot;:&quot;_seconds_&quot;}}}"><span class="gwTimerAriaLabel aok-offscreen">Ends in 6 hours 55 minutes 19 seconds</span><span class="gwTimerDisplay" aria-hidden="true"><span class="gwTimerLabel">Ends in</span><span class="a-letter-space"></span><span class="gwTimerHour">06</span><span class="gwTimerSeparator">:</span><span class="gwTimerMinute">55</span><span class="gwTimerSeparator">:</span><span class="gwTimerSecond">19</span></span></span></span></span></div></a></span></li><li class="feed-carousel-card _deals-shoveler-v2_style_dealCard__1HqkZ" aria-setsize="19" aria-posinset="19" aria-hidden="false" role="listitem" style="display: inline-block;"><span class="a-list-item"><a class="a-link-normal" href="/deal/a5a16fc6?smid=AT95IG9ONZD7S"><div class="a-section a-spacing-small"><div class="a-section a-spacing-none _deals-shoveler-v2_style_imageContainer__2Wm4A"><img alt="Men's Winter Bestsellers : Allen Solly, Red Tape, Fort Collins &amp; more" src="https://m.media-amazon.com/images/I/31-v8lDGUbL._AC_SY200_.jpg" class="product-image _deals-shoveler-v2_style_dealImage__3nlqg" data-a-hires="https://m.media-amazon.com/images/I/31-v8lDGUbL._AC_SY400_.jpg"></div></div><div class="a-section _deals-shoveler-v2_style_dealInfo__1U5R1"><div class="a-section a-spacing-none"><span class="a-price min-deal-price" data-a-size="m" data-a-color="base"><span class="a-offscreen">?199.00</span><span aria-hidden="true"><span class="a-price-symbol">?</span><span class="a-price-whole">199<span class="a-price-decimal">.</span></span><span class="a-price-fraction">00</span></span></span><span aria-hidden="true" class="a-price-dash" data-a-size="l" data-a-color="base">-</span><span class="a-price max-deal-price" data-a-size="m" data-a-color="base"><span class="a-offscreen">?12,539.00</span><span aria-hidden="true"><span class="a-price-symbol">?</span><span class="a-price-whole">12,539<span class="a-price-decimal">.</span></span><span class="a-price-fraction">00</span></span></span></div><span class="dealAvailabilityMessage _deals-shoveler-v2_style_dealTimer__3sQxX"><span class="a-size-base a-color-tertiary dealTimer"><span class="gwTimer" role="timer" data-shared-model="{&quot;clockTime&quot;:{&quot;hour&quot;:6,&quot;minute&quot;:40,&quot;second&quot;:23},&quot;countDownEndLabel&quot;:{&quot;ariaLabel&quot;:&quot;Deal has ended.&quot;,&quot;label&quot;:&quot;Deal has ended.&quot;},&quot;timeFormattedLabel&quot;:{&quot;formattedString&quot;:&quot;Ends in _hours_ hours _minutes_ minutes _seconds_ seconds&quot;,&quot;placeHolders&quot;:{&quot;hour&quot;:&quot;_hours_&quot;,&quot;minute&quot;:&quot;_minutes_&quot;,&quot;second&quot;:&quot;_seconds_&quot;}}}"><span class="gwTimerAriaLabel aok-offscreen">Ends in 6 hours 40 minutes 20 seconds</span><span class="gwTimerDisplay" aria-hidden="true"><span class="gwTimerLabel">Ends in</span><span class="a-letter-space"></span><span class="gwTimerHour">06</span><span class="gwTimerSeparator">:</span><span class="gwTimerMinute">40</span><span class="gwTimerSeparator">:</span><span class="gwTimerSecond">20</span></span></span></span></span></div></a></span></li></ul><div class="spinner" aria-hidden="true" style="display: none;"><i class="gw-spinner" role="presentation"></i></div></div><a aria-label="Carousel previous slide" class="a-link-normal feed-carousel-control feed-left feed-control-disabled" tabindex="-1" href="#" aria-hidden="true" style="display: inline;"><span class="gw-icon feed-arrow"></span></a><a aria-label="Carousel next slide" class="a-link-normal feed-carousel-control feed-right" tabindex="-1" href="#" aria-hidden="true" style="display: inline;"><span class="gw-icon feed-arrow"></span></a><span class="feed-scrollbar"><span class="feed-scrollbar-track"><span class="feed-scrollbar-thumb" style="width: 412.279px; left: 0px; display: inline;"></span></span></span></div><script type="text/javascript">P.when("component-feed-carousel").execute(function(c) {c.createCarousel("#qBTZgUQKilxkAENn3ELmug .feed-carousel", 10,  0 ); });</script><script id="qBTZgUQKilxkAENn3ELmug-btfCarouselContent" type="text/x-lazy-loaded-content"><li class="feed-carousel-card _deals-shoveler-v2_style_dealCard__1HqkZ"><span class="a-list-item"><a class="a-link-normal" href="/deal/3ae25436?moreDeals=c34e5125%2Ce0623bfc%2C38fbc8af%2Ccd27ce19&amp;smid=A1TJ5W2Q6QYFKA"><div class="a-section a-spacing-small"><div class="a-section a-spacing-none _deals-shoveler-v2_style_imageContainer__2Wm4A"><img alt="Alexa, Fire TV and Kindle" src="https://m.media-amazon.com/images/G/31/Devices_ksha/EchoDot3rd_FTVS1._AC_SY200_.png" class="product-image _deals-shoveler-v2_style_dealImage__3nlqg" data-a-hires="https://m.media-amazon.com/images/G/31/Devices_ksha/EchoDot3rd_FTVS1._AC_SY400_.png"/></div></div><div class="a-section _deals-shoveler-v2_style_dealInfo__1U5R1"><div class="a-section a-spacing-none"><span class="a-price min-deal-price" data-a-size="m" data-a-color="base"><span class="a-offscreen">?2,799.00</span><span aria-hidden="true"><span class="a-price-symbol">?</span><span class="a-price-whole">2,799<span class="a-price-decimal">.</span></span><span class="a-price-fraction">00</span></span></span><span aria-hidden="true" class="a-price-dash" data-a-size="l" data-a-color="base">-</span><span class="a-price max-deal-price" data-a-size="m" data-a-color="base"><span class="a-offscreen">?21,999.00</span><span aria-hidden="true"><span class="a-price-symbol">?</span><span class="a-price-whole">21,999<span class="a-price-decimal">.</span></span><span class="a-price-fraction">00</span></span></span></div><span class="dealAvailabilityMessage _deals-shoveler-v2_style_dealTimer__3sQxX"><span class="a-size-base a-color-tertiary dealTimer"><span class="gwTimer" role="timer" data-shared-model="{&quot;clockTime&quot;:{&quot;hour&quot;:6,&quot;minute&quot;:50,&quot;second&quot;:23},&quot;countDownEndLabel&quot;:{&quot;ariaLabel&quot;:&quot;Deal has ended.&quot;,&quot;label&quot;:&quot;Deal has ended.&quot;},&quot;timeFormattedLabel&quot;:{&quot;formattedString&quot;:&quot;Ends in _hours_ hours _minutes_ minutes _seconds_ seconds&quot;,&quot;placeHolders&quot;:{&quot;hour&quot;:&quot;_hours_&quot;,&quot;minute&quot;:&quot;_minutes_&quot;,&quot;second&quot;:&quot;_seconds_&quot;}}}"><span class="gwTimerAriaLabel aok-offscreen">Ends in 6 hours 50 minutes 23 seconds</span><span class="gwTimerDisplay" aria-hidden="true"><span class="gwTimerLabel">Ends in</span><span class="a-letter-space"></span><span class="gwTimerHour">06</span><span class="gwTimerSeparator">:</span><span class="gwTimerMinute">50</span><span class="gwTimerSeparator">:</span><span class="gwTimerSecond">23</span></span></span></span></span></div></a></span></li><li class="feed-carousel-card _deals-shoveler-v2_style_dealCard__1HqkZ"><span class="a-list-item"><a class="a-link-normal" href="/deal/0f0d3eef?showVariations=true&amp;smid=A14CZOWI0VEHLG"><div class="a-section a-spacing-small"><div class="a-section a-spacing-none _deals-shoveler-v2_style_imageContainer__2Wm4A"><img alt="Tecno Pop 5 | Dual Rear Camera | 5000mAh Battery | Extra 10% off with SBI Cards" src="https://m.media-amazon.com/images/I/41tVF+aJd-L._AC_SY200_.jpg" class="product-image _deals-shoveler-v2_style_dealImage__3nlqg" data-a-hires="https://m.media-amazon.com/images/I/41tVF+aJd-L._AC_SY400_.jpg"/></div></div><div class="a-section _deals-shoveler-v2_style_dealInfo__1U5R1"><div class="a-section a-spacing-none"><span class="a-price min-deal-price" data-a-size="m" data-a-color="base"><span class="a-offscreen">Price: ?6,299.00</span><span aria-hidden="true"><span class="a-price-symbol">?</span><span class="a-price-whole">6,299<span class="a-price-decimal">.</span></span><span class="a-price-fraction">00</span></span></span></div><span class="dealAvailabilityMessage _deals-shoveler-v2_style_dealTimer__3sQxX"><span class="a-size-base a-color-tertiary dealTimer"><span class="gwTimer" role="timer" data-shared-model="{&quot;clockTime&quot;:{&quot;hour&quot;:6,&quot;minute&quot;:55,&quot;second&quot;:22},&quot;countDownEndLabel&quot;:{&quot;ariaLabel&quot;:&quot;Deal has ended.&quot;,&quot;label&quot;:&quot;Deal has ended.&quot;},&quot;timeFormattedLabel&quot;:{&quot;formattedString&quot;:&quot;Ends in _hours_ hours _minutes_ minutes _seconds_ seconds&quot;,&quot;placeHolders&quot;:{&quot;hour&quot;:&quot;_hours_&quot;,&quot;minute&quot;:&quot;_minutes_&quot;,&quot;second&quot;:&quot;_seconds_&quot;}}}"><span class="gwTimerAriaLabel aok-offscreen">Ends in 6 hours 55 minutes 22 seconds</span><span class="gwTimerDisplay" aria-hidden="true"><span class="gwTimerLabel">Ends in</span><span class="a-letter-space"></span><span class="gwTimerHour">06</span><span class="gwTimerSeparator">:</span><span class="gwTimerMinute">55</span><span class="gwTimerSeparator">:</span><span class="gwTimerSecond">22</span></span></span></span></span></div></a></span></li><li class="feed-carousel-card _deals-shoveler-v2_style_dealCard__1HqkZ"><span class="a-list-item"><a class="a-link-normal" href="/l/15426044031?smid=AT95IG9ONZD7S"><div class="a-section a-spacing-small"><div class="a-section a-spacing-none _deals-shoveler-v2_style_imageContainer__2Wm4A"><img alt="Skincare: Upto 55% Off" src="https://m.media-amazon.com/images/I/31ElhohhoML._AC_SY200_.jpg" class="product-image _deals-shoveler-v2_style_dealImage__3nlqg" data-a-hires="https://m.media-amazon.com/images/I/31ElhohhoML._AC_SY400_.jpg"/></div></div><div class="a-section _deals-shoveler-v2_style_dealInfo__1U5R1"><div class="a-section a-spacing-none"><span class="a-price min-deal-price" data-a-size="m" data-a-color="base"><span class="a-offscreen">?60.00</span><span aria-hidden="true"><span class="a-price-symbol">?</span><span class="a-price-whole">60<span class="a-price-decimal">.</span></span><span class="a-price-fraction">00</span></span></span><span aria-hidden="true" class="a-price-dash" data-a-size="l" data-a-color="base">-</span><span class="a-price max-deal-price" data-a-size="m" data-a-color="base"><span class="a-offscreen">?1,604.55</span><span aria-hidden="true"><span class="a-price-symbol">?</span><span class="a-price-whole">1,604<span class="a-price-decimal">.</span></span><span class="a-price-fraction">55</span></span></span></div><span class="dealAvailabilityMessage _deals-shoveler-v2_style_dealTimer__3sQxX"><span class="a-size-base a-color-tertiary dealTimer"><span class="gwTimer" role="timer" data-shared-model="{&quot;clockTime&quot;:{&quot;hour&quot;:6,&quot;minute&quot;:55,&quot;second&quot;:22},&quot;countDownEndLabel&quot;:{&quot;ariaLabel&quot;:&quot;Deal has ended.&quot;,&quot;label&quot;:&quot;Deal has ended.&quot;},&quot;timeFormattedLabel&quot;:{&quot;formattedString&quot;:&quot;Ends in _hours_ hours _minutes_ minutes _seconds_ seconds&quot;,&quot;placeHolders&quot;:{&quot;hour&quot;:&quot;_hours_&quot;,&quot;minute&quot;:&quot;_minutes_&quot;,&quot;second&quot;:&quot;_seconds_&quot;}}}"><span class="gwTimerAriaLabel aok-offscreen">Ends in 6 hours 55 minutes 22 seconds</span><span class="gwTimerDisplay" aria-hidden="true"><span class="gwTimerLabel">Ends in</span><span class="a-letter-space"></span><span class="gwTimerHour">06</span><span class="gwTimerSeparator">:</span><span class="gwTimerMinute">55</span><span class="gwTimerSeparator">:</span><span class="gwTimerSecond">22</span></span></span></span></span></div></a></span></li><li class="feed-carousel-card _deals-shoveler-v2_style_dealCard__1HqkZ"><span class="a-list-item"><a class="a-link-normal" href="/s/browse/?ie=UTF8&amp;node=27412235031&amp;smid=A14CZOWI0VEHLG"><div class="a-section a-spacing-small"><div class="a-section a-spacing-none _deals-shoveler-v2_style_imageContainer__2Wm4A"><img alt="Best of Deals on Budget True Wireless Earbuds" src="https://m.media-amazon.com/images/I/31LC-FBgpBL._AC_SY200_.jpg" class="product-image _deals-shoveler-v2_style_dealImage__3nlqg" data-a-hires="https://m.media-amazon.com/images/I/31LC-FBgpBL._AC_SY400_.jpg"/></div></div><div class="a-section _deals-shoveler-v2_style_dealInfo__1U5R1"><div class="a-section a-spacing-none"><span class="a-price min-deal-price" data-a-size="m" data-a-color="base"><span class="a-offscreen">?149.00</span><span aria-hidden="true"><span class="a-price-symbol">?</span><span class="a-price-whole">149<span class="a-price-decimal">.</span></span><span class="a-price-fraction">00</span></span></span><span aria-hidden="true" class="a-price-dash" data-a-size="l" data-a-color="base">-</span><span class="a-price max-deal-price" data-a-size="m" data-a-color="base"><span class="a-offscreen">?3,349.00</span><span aria-hidden="true"><span class="a-price-symbol">?</span><span class="a-price-whole">3,349<span class="a-price-decimal">.</span></span><span class="a-price-fraction">00</span></span></span></div><span class="dealAvailabilityMessage _deals-shoveler-v2_style_dealTimer__3sQxX"><span class="a-size-base a-color-tertiary dealTimer"><span class="gwTimer" role="timer" data-shared-model="{&quot;clockTime&quot;:{&quot;hour&quot;:6,&quot;minute&quot;:55,&quot;second&quot;:22},&quot;countDownEndLabel&quot;:{&quot;ariaLabel&quot;:&quot;Deal has ended.&quot;,&quot;label&quot;:&quot;Deal has ended.&quot;},&quot;timeFormattedLabel&quot;:{&quot;formattedString&quot;:&quot;Ends in _hours_ hours _minutes_ minutes _seconds_ seconds&quot;,&quot;placeHolders&quot;:{&quot;hour&quot;:&quot;_hours_&quot;,&quot;minute&quot;:&quot;_minutes_&quot;,&quot;second&quot;:&quot;_seconds_&quot;}}}"><span class="gwTimerAriaLabel aok-offscreen">Ends in 6 hours 55 minutes 22 seconds</span><span class="gwTimerDisplay" aria-hidden="true"><span class="gwTimerLabel">Ends in</span><span class="a-letter-space"></span><span class="gwTimerHour">06</span><span class="gwTimerSeparator">:</span><span class="gwTimerMinute">55</span><span class="gwTimerSeparator">:</span><span class="gwTimerSecond">22</span></span></span></span></span></div></a></span></li><li class="feed-carousel-card _deals-shoveler-v2_style_dealCard__1HqkZ"><span class="a-list-item"><a class="a-link-normal" href="/deal/87d65e36?moreDeals=a289c159%2C24be215d%2C51525633%2C4cf5efe9%2C9cafb013%2C43c42a19%2Ce4116334%2C23a5e38e%2C6f013023%2Cb58b4ced%2C0070896e%2C01736af6&amp;smid=AT95IG9ONZD7S"><div class="a-section a-spacing-small"><div class="a-section a-spacing-none _deals-shoveler-v2_style_imageContainer__2Wm4A"><img alt="Sports and Protein supplements" src="https://m.media-amazon.com/images/I/51huVCoeBNL._AC_SY200_.jpg" class="product-image _deals-shoveler-v2_style_dealImage__3nlqg" data-a-hires="https://m.media-amazon.com/images/I/51huVCoeBNL._AC_SY400_.jpg"/></div></div><div class="a-section _deals-shoveler-v2_style_dealInfo__1U5R1"><div class="a-section a-spacing-none"><span class="a-price min-deal-price" data-a-size="m" data-a-color="base"><span class="a-offscreen">?195.61</span><span aria-hidden="true"><span class="a-price-symbol">?</span><span class="a-price-whole">195<span class="a-price-decimal">.</span></span><span class="a-price-fraction">61</span></span></span><span aria-hidden="true" class="a-price-dash" data-a-size="l" data-a-color="base">-</span><span class="a-price max-deal-price" data-a-size="m" data-a-color="base"><span class="a-offscreen">?10,099.00</span><span aria-hidden="true"><span class="a-price-symbol">?</span><span class="a-price-whole">10,099<span class="a-price-decimal">.</span></span><span class="a-price-fraction">00</span></span></span></div><span class="dealAvailabilityMessage _deals-shoveler-v2_style_dealTimer__3sQxX"><span class="a-size-base a-color-tertiary dealTimer"><span class="gwTimer" role="timer" data-shared-model="{&quot;clockTime&quot;:{&quot;hour&quot;:6,&quot;minute&quot;:40,&quot;second&quot;:23},&quot;countDownEndLabel&quot;:{&quot;ariaLabel&quot;:&quot;Deal has ended.&quot;,&quot;label&quot;:&quot;Deal has ended.&quot;},&quot;timeFormattedLabel&quot;:{&quot;formattedString&quot;:&quot;Ends in _hours_ hours _minutes_ minutes _seconds_ seconds&quot;,&quot;placeHolders&quot;:{&quot;hour&quot;:&quot;_hours_&quot;,&quot;minute&quot;:&quot;_minutes_&quot;,&quot;second&quot;:&quot;_seconds_&quot;}}}"><span class="gwTimerAriaLabel aok-offscreen">Ends in 6 hours 40 minutes 23 seconds</span><span class="gwTimerDisplay" aria-hidden="true"><span class="gwTimerLabel">Ends in</span><span class="a-letter-space"></span><span class="gwTimerHour">06</span><span class="gwTimerSeparator">:</span><span class="gwTimerMinute">40</span><span class="gwTimerSeparator">:</span><span class="gwTimerSecond">23</span></span></span></span></span></div></a></span></li><li class="feed-carousel-card _deals-shoveler-v2_style_dealCard__1HqkZ"><span class="a-list-item"><a class="a-link-normal" href="/deal/4aec3eed?smid=ARENK22K2PQRH"><div class="a-section a-spacing-small"><div class="a-section a-spacing-none _deals-shoveler-v2_style_imageContainer__2Wm4A"><img alt="Best Deal on Food Product and Others" src="https://m.media-amazon.com/images/I/51me9Bxq3BL._AC_SY200_.jpg" class="product-image _deals-shoveler-v2_style_dealImage__3nlqg" data-a-hires="https://m.media-amazon.com/images/I/51me9Bxq3BL._AC_SY400_.jpg"/></div></div><div class="a-section _deals-shoveler-v2_style_dealInfo__1U5R1"><div class="a-section a-spacing-none"><span class="a-price min-deal-price" data-a-size="m" data-a-color="base"><span class="a-offscreen">?98.00</span><span aria-hidden="true"><span class="a-price-symbol">?</span><span class="a-price-whole">98<span class="a-price-decimal">.</span></span><span class="a-price-fraction">00</span></span></span><span aria-hidden="true" class="a-price-dash" data-a-size="l" data-a-color="base">-</span><span class="a-price max-deal-price" data-a-size="m" data-a-color="base"><span class="a-offscreen">?2,860.00</span><span aria-hidden="true"><span class="a-price-symbol">?</span><span class="a-price-whole">2,860<span class="a-price-decimal">.</span></span><span class="a-price-fraction">00</span></span></span></div><span class="dealAvailabilityMessage _deals-shoveler-v2_style_dealTimer__3sQxX"><span class="a-size-base a-color-tertiary dealTimer"><span class="gwTimer" role="timer" data-shared-model="{&quot;clockTime&quot;:{&quot;hour&quot;:6,&quot;minute&quot;:50,&quot;second&quot;:23},&quot;countDownEndLabel&quot;:{&quot;ariaLabel&quot;:&quot;Deal has ended.&quot;,&quot;label&quot;:&quot;Deal has ended.&quot;},&quot;timeFormattedLabel&quot;:{&quot;formattedString&quot;:&quot;Ends in _hours_ hours _minutes_ minutes _seconds_ seconds&quot;,&quot;placeHolders&quot;:{&quot;hour&quot;:&quot;_hours_&quot;,&quot;minute&quot;:&quot;_minutes_&quot;,&quot;second&quot;:&quot;_seconds_&quot;}}}"><span class="gwTimerAriaLabel aok-offscreen">Ends in 6 hours 50 minutes 23 seconds</span><span class="gwTimerDisplay" aria-hidden="true"><span class="gwTimerLabel">Ends in</span><span class="a-letter-space"></span><span class="gwTimerHour">06</span><span class="gwTimerSeparator">:</span><span class="gwTimerMinute">50</span><span class="gwTimerSeparator">:</span><span class="gwTimerSecond">23</span></span></span></span></span></div></a></span></li><li class="feed-carousel-card _deals-shoveler-v2_style_dealCard__1HqkZ"><span class="a-list-item"><a class="a-link-normal" href="/deal/0884df2d?showVariations=true&amp;moreDeals=bdb59d9b%2Cbe94d746%2Caf893364%2Cfd88afe5%2C8cf67403%2C8cc687c0%2Ccbfc904d%2C6790c25b%2Cd9da963d%2Cadda0308%2C1917c758%2Ce696eb60&amp;smid=AT95IG9ONZD7S"><div class="a-section a-spacing-small"><div class="a-section a-spacing-none _deals-shoveler-v2_style_imageContainer__2Wm4A"><img alt="Offers on Dog Supplies" src="https://m.media-amazon.com/images/I/41uukr8rcJL._AC_SY200_.jpg" class="product-image _deals-shoveler-v2_style_dealImage__3nlqg" data-a-hires="https://m.media-amazon.com/images/I/41uukr8rcJL._AC_SY400_.jpg"/></div></div><div class="a-section _deals-shoveler-v2_style_dealInfo__1U5R1"><div class="a-section a-spacing-none"><span class="a-price min-deal-price" data-a-size="m" data-a-color="base"><span class="a-offscreen">?136.00</span><span aria-hidden="true"><span class="a-price-symbol">?</span><span class="a-price-whole">136<span class="a-price-decimal">.</span></span><span class="a-price-fraction">00</span></span></span><span aria-hidden="true" class="a-price-dash" data-a-size="l" data-a-color="base">-</span><span class="a-price max-deal-price" data-a-size="m" data-a-color="base"><span class="a-offscreen">?7,790.00</span><span aria-hidden="true"><span class="a-price-symbol">?</span><span class="a-price-whole">7,790<span class="a-price-decimal">.</span></span><span class="a-price-fraction">00</span></span></span></div><span class="dealAvailabilityMessage _deals-shoveler-v2_style_dealTimer__3sQxX"><span class="a-size-base a-color-tertiary dealTimer"><span class="gwTimer" role="timer" data-shared-model="{&quot;clockTime&quot;:{&quot;hour&quot;:6,&quot;minute&quot;:55,&quot;second&quot;:22},&quot;countDownEndLabel&quot;:{&quot;ariaLabel&quot;:&quot;Deal has ended.&quot;,&quot;label&quot;:&quot;Deal has ended.&quot;},&quot;timeFormattedLabel&quot;:{&quot;formattedString&quot;:&quot;Ends in _hours_ hours _minutes_ minutes _seconds_ seconds&quot;,&quot;placeHolders&quot;:{&quot;hour&quot;:&quot;_hours_&quot;,&quot;minute&quot;:&quot;_minutes_&quot;,&quot;second&quot;:&quot;_seconds_&quot;}}}"><span class="gwTimerAriaLabel aok-offscreen">Ends in 6 hours 55 minutes 22 seconds</span><span class="gwTimerDisplay" aria-hidden="true"><span class="gwTimerLabel">Ends in</span><span class="a-letter-space"></span><span class="gwTimerHour">06</span><span class="gwTimerSeparator">:</span><span class="gwTimerMinute">55</span><span class="gwTimerSeparator">:</span><span class="gwTimerSecond">22</span></span></span></span></span></div></a></span></li><li class="feed-carousel-card _deals-shoveler-v2_style_dealCard__1HqkZ"><span class="a-list-item"><a class="a-link-normal" href="/deal/6378fe84?showVariations=true&amp;smid=A1JFLV2BUSJ5AK"><div class="a-section a-spacing-small"><div class="a-section a-spacing-none _deals-shoveler-v2_style_imageContainer__2Wm4A"><img alt="Jan art" src="https://m.media-amazon.com/images/I/418sfNe0t8L._AC_SY200_.jpg" class="product-image _deals-shoveler-v2_style_dealImage__3nlqg" data-a-hires="https://m.media-amazon.com/images/I/418sfNe0t8L._AC_SY400_.jpg"/></div></div><div class="a-section _deals-shoveler-v2_style_dealInfo__1U5R1"><div class="a-section a-spacing-none"><span class="a-price min-deal-price" data-a-size="m" data-a-color="base"><span class="a-offscreen">?549.00</span><span aria-hidden="true"><span class="a-price-symbol">?</span><span class="a-price-whole">549<span class="a-price-decimal">.</span></span><span class="a-price-fraction">00</span></span></span><span aria-hidden="true" class="a-price-dash" data-a-size="l" data-a-color="base">-</span><span class="a-price max-deal-price" data-a-size="m" data-a-color="base"><span class="a-offscreen">?64,970.00</span><span aria-hidden="true"><span class="a-price-symbol">?</span><span class="a-price-whole">64,970<span class="a-price-decimal">.</span></span><span class="a-price-fraction">00</span></span></span></div><span class="dealAvailabilityMessage _deals-shoveler-v2_style_dealTimer__3sQxX"><span class="a-size-base a-color-tertiary staticMessage"></span></span></div></a></span></li><li class="feed-carousel-card _deals-shoveler-v2_style_dealCard__1HqkZ"><span class="a-list-item"><a class="a-link-normal" href="/deal/7139d602?showVariations=true&amp;moreDeals=162251c6%3FsearchAlias%3Dkitchen&amp;smid=AT95IG9ONZD7S"><div class="a-section a-spacing-small"><div class="a-section a-spacing-none _deals-shoveler-v2_style_imageContainer__2Wm4A"><img alt="Breakfast Essentials from Top Brands" src="https://m.media-amazon.com/images/I/41LFdROYICL._AC_SY200_.jpg" class="product-image _deals-shoveler-v2_style_dealImage__3nlqg" data-a-hires="https://m.media-amazon.com/images/I/41LFdROYICL._AC_SY400_.jpg"/></div></div><div class="a-section _deals-shoveler-v2_style_dealInfo__1U5R1"><div class="a-section a-spacing-none"><span class="a-price min-deal-price" data-a-size="m" data-a-color="base"><span class="a-offscreen">?349.00</span><span aria-hidden="true"><span class="a-price-symbol">?</span><span class="a-price-whole">349<span class="a-price-decimal">.</span></span><span class="a-price-fraction">00</span></span></span><span aria-hidden="true" class="a-price-dash" data-a-size="l" data-a-color="base">-</span><span class="a-price max-deal-price" data-a-size="m" data-a-color="base"><span class="a-offscreen">?6,999.00</span><span aria-hidden="true"><span class="a-price-symbol">?</span><span class="a-price-whole">6,999<span class="a-price-decimal">.</span></span><span class="a-price-fraction">00</span></span></span></div><span class="dealAvailabilityMessage _deals-shoveler-v2_style_dealTimer__3sQxX"><span class="a-size-base a-color-tertiary dealTimer"><span class="gwTimer" role="timer" data-shared-model="{&quot;clockTime&quot;:{&quot;hour&quot;:6,&quot;minute&quot;:55,&quot;second&quot;:22},&quot;countDownEndLabel&quot;:{&quot;ariaLabel&quot;:&quot;Deal has ended.&quot;,&quot;label&quot;:&quot;Deal has ended.&quot;},&quot;timeFormattedLabel&quot;:{&quot;formattedString&quot;:&quot;Ends in _hours_ hours _minutes_ minutes _seconds_ seconds&quot;,&quot;placeHolders&quot;:{&quot;hour&quot;:&quot;_hours_&quot;,&quot;minute&quot;:&quot;_minutes_&quot;,&quot;second&quot;:&quot;_seconds_&quot;}}}"><span class="gwTimerAriaLabel aok-offscreen">Ends in 6 hours 55 minutes 22 seconds</span><span class="gwTimerDisplay" aria-hidden="true"><span class="gwTimerLabel">Ends in</span><span class="a-letter-space"></span><span class="gwTimerHour">06</span><span class="gwTimerSeparator">:</span><span class="gwTimerMinute">55</span><span class="gwTimerSeparator">:</span><span class="gwTimerSecond">22</span></span></span></span></span></div></a></span></li><li class="feed-carousel-card _deals-shoveler-v2_style_dealCard__1HqkZ"><span class="a-list-item"><a class="a-link-normal" href="/deal/9e0cb141?showVariations=true&amp;smid=AT95IG9ONZD7S"><div class="a-section a-spacing-small"><div class="a-section a-spacing-none _deals-shoveler-v2_style_imageContainer__2Wm4A"><img alt="Shoes &amp; Handbags starting 299" src="https://m.media-amazon.com/images/I/41QDX9QbvOL._AC_SY200_.jpg" class="product-image _deals-shoveler-v2_style_dealImage__3nlqg" data-a-hires="https://m.media-amazon.com/images/I/41QDX9QbvOL._AC_SY400_.jpg"/></div></div><div class="a-section _deals-shoveler-v2_style_dealInfo__1U5R1"><div class="a-section a-spacing-none"><span class="a-price min-deal-price" data-a-size="m" data-a-color="base"><span class="a-offscreen">?349.00</span><span aria-hidden="true"><span class="a-price-symbol">?</span><span class="a-price-whole">349<span class="a-price-decimal">.</span></span><span class="a-price-fraction">00</span></span></span><span aria-hidden="true" class="a-price-dash" data-a-size="l" data-a-color="base">-</span><span class="a-price max-deal-price" data-a-size="m" data-a-color="base"><span class="a-offscreen">?1,999.00</span><span aria-hidden="true"><span class="a-price-symbol">?</span><span class="a-price-whole">1,999<span class="a-price-decimal">.</span></span><span class="a-price-fraction">00</span></span></span></div><span class="dealAvailabilityMessage _deals-shoveler-v2_style_dealTimer__3sQxX"><span class="a-size-base a-color-tertiary dealTimer"><span class="gwTimer" role="timer" data-shared-model="{&quot;clockTime&quot;:{&quot;hour&quot;:6,&quot;minute&quot;:25,&quot;second&quot;:23},&quot;countDownEndLabel&quot;:{&quot;ariaLabel&quot;:&quot;Deal has ended.&quot;,&quot;label&quot;:&quot;Deal has ended.&quot;},&quot;timeFormattedLabel&quot;:{&quot;formattedString&quot;:&quot;Ends in _hours_ hours _minutes_ minutes _seconds_ seconds&quot;,&quot;placeHolders&quot;:{&quot;hour&quot;:&quot;_hours_&quot;,&quot;minute&quot;:&quot;_minutes_&quot;,&quot;second&quot;:&quot;_seconds_&quot;}}}"><span class="gwTimerAriaLabel aok-offscreen">Ends in 6 hours 25 minutes 23 seconds</span><span class="gwTimerDisplay" aria-hidden="true"><span class="gwTimerLabel">Ends in</span><span class="a-letter-space"></span><span class="gwTimerHour">06</span><span class="gwTimerSeparator">:</span><span class="gwTimerMinute">25</span><span class="gwTimerSeparator">:</span><span class="gwTimerSecond">23</span></span></span></span></span></div></a></span></li><li class="feed-carousel-card _deals-shoveler-v2_style_dealCard__1HqkZ"><span class="a-list-item"><a class="a-link-normal" href="/deal/4ad87d97?smid=AT95IG9ONZD7S"><div class="a-section a-spacing-small"><div class="a-section a-spacing-none _deals-shoveler-v2_style_imageContainer__2Wm4A"><img alt="Men&#x27;s Apparel | Amazon Brand - Symbol, Diverse &amp; more" src="https://m.media-amazon.com/images/I/41uA9LygF-L._AC_SY200_.jpg" class="product-image _deals-shoveler-v2_style_dealImage__3nlqg" data-a-hires="https://m.media-amazon.com/images/I/41uA9LygF-L._AC_SY400_.jpg"/></div></div><div class="a-section _deals-shoveler-v2_style_dealInfo__1U5R1"><div class="a-section a-spacing-none"><span class="a-price min-deal-price" data-a-size="m" data-a-color="base"><span class="a-offscreen">?149.00</span><span aria-hidden="true"><span class="a-price-symbol">?</span><span class="a-price-whole">149<span class="a-price-decimal">.</span></span><span class="a-price-fraction">00</span></span></span><span aria-hidden="true" class="a-price-dash" data-a-size="l" data-a-color="base">-</span><span class="a-price max-deal-price" data-a-size="m" data-a-color="base"><span class="a-offscreen">?1,209.00</span><span aria-hidden="true"><span class="a-price-symbol">?</span><span class="a-price-whole">1,209<span class="a-price-decimal">.</span></span><span class="a-price-fraction">00</span></span></span></div><span class="dealAvailabilityMessage _deals-shoveler-v2_style_dealTimer__3sQxX"><span class="a-size-base a-color-tertiary dealTimer"><span class="gwTimer" role="timer" data-shared-model="{&quot;clockTime&quot;:{&quot;hour&quot;:6,&quot;minute&quot;:55,&quot;second&quot;:22},&quot;countDownEndLabel&quot;:{&quot;ariaLabel&quot;:&quot;Deal has ended.&quot;,&quot;label&quot;:&quot;Deal has ended.&quot;},&quot;timeFormattedLabel&quot;:{&quot;formattedString&quot;:&quot;Ends in _hours_ hours _minutes_ minutes _seconds_ seconds&quot;,&quot;placeHolders&quot;:{&quot;hour&quot;:&quot;_hours_&quot;,&quot;minute&quot;:&quot;_minutes_&quot;,&quot;second&quot;:&quot;_seconds_&quot;}}}"><span class="gwTimerAriaLabel aok-offscreen">Ends in 6 hours 55 minutes 22 seconds</span><span class="gwTimerDisplay" aria-hidden="true"><span class="gwTimerLabel">Ends in</span><span class="a-letter-space"></span><span class="gwTimerHour">06</span><span class="gwTimerSeparator">:</span><span class="gwTimerMinute">55</span><span class="gwTimerSeparator">:</span><span class="gwTimerSecond">22</span></span></span></span></span></div></a></span></li><li class="feed-carousel-card _deals-shoveler-v2_style_dealCard__1HqkZ"><span class="a-list-item"><a class="a-link-normal" href="/deal/a5a16fc6?smid=AT95IG9ONZD7S"><div class="a-section a-spacing-small"><div class="a-section a-spacing-none _deals-shoveler-v2_style_imageContainer__2Wm4A"><img alt="Men&#x27;s Winter Bestsellers : Allen Solly, Red Tape, Fort Collins &amp; more" src="https://m.media-amazon.com/images/I/31-v8lDGUbL._AC_SY200_.jpg" class="product-image _deals-shoveler-v2_style_dealImage__3nlqg" data-a-hires="https://m.media-amazon.com/images/I/31-v8lDGUbL._AC_SY400_.jpg"/></div></div><div class="a-section _deals-shoveler-v2_style_dealInfo__1U5R1"><div class="a-section a-spacing-none"><span class="a-price min-deal-price" data-a-size="m" data-a-color="base"><span class="a-offscreen">?199.00</span><span aria-hidden="true"><span class="a-price-symbol">?</span><span class="a-price-whole">199<span class="a-price-decimal">.</span></span><span class="a-price-fraction">00</span></span></span><span aria-hidden="true" class="a-price-dash" data-a-size="l" data-a-color="base">-</span><span class="a-price max-deal-price" data-a-size="m" data-a-color="base"><span class="a-offscreen">?12,539.00</span><span aria-hidden="true"><span class="a-price-symbol">?</span><span class="a-price-whole">12,539<span class="a-price-decimal">.</span></span><span class="a-price-fraction">00</span></span></span></div><span class="dealAvailabilityMessage _deals-shoveler-v2_style_dealTimer__3sQxX"><span class="a-size-base a-color-tertiary dealTimer"><span class="gwTimer" role="timer" data-shared-model="{&quot;clockTime&quot;:{&quot;hour&quot;:6,&quot;minute&quot;:40,&quot;second&quot;:23},&quot;countDownEndLabel&quot;:{&quot;ariaLabel&quot;:&quot;Deal has ended.&quot;,&quot;label&quot;:&quot;Deal has ended.&quot;},&quot;timeFormattedLabel&quot;:{&quot;formattedString&quot;:&quot;Ends in _hours_ hours _minutes_ minutes _seconds_ seconds&quot;,&quot;placeHolders&quot;:{&quot;hour&quot;:&quot;_hours_&quot;,&quot;minute&quot;:&quot;_minutes_&quot;,&quot;second&quot;:&quot;_seconds_&quot;}}}"><span class="gwTimerAriaLabel aok-offscreen">Ends in 6 hours 40 minutes 23 seconds</span><span class="gwTimerDisplay" aria-hidden="true"><span class="gwTimerLabel">Ends in</span><span class="a-letter-space"></span><span class="gwTimerHour">06</span><span class="gwTimerSeparator">:</span><span class="gwTimerMinute">40</span><span class="gwTimerSeparator">:</span><span class="gwTimerSecond">23</span></span></span></span></span></div></a></span></li></script><script type="text/javascript">(function carouselBtf(d, w) {var p = d.getElementById("qBTZgUQKilxkAENn3ELmug-btfCarouselContent"), h = p && p.innerHTML, v = h ? [h] : []; w.GWData = w.GWData || {}; w.GWData['qBTZgUQKilxkAENn3ELmug'] = { loaded: false, data: v }; }(document, window));</script></div></div><script>(function(f){f(P._namespace('gwiAutoInstVisible'));}(function(P) {if(window.GWI){GWI.Card.autoInstVisible('qBTZgUQKilxkAENn3ELmug');}}));</script>
<script>P.when('af').execute(function(){P.load.js('https://images-eu.ssl-images-amazon.com/images/I/31xmO5eI87L.js?xcp');
});</script>
<script>if(window.mixTimeout){window.mixTimeout('deals-shoveler-v2', 'qBTZgUQKilxkAENn3ELmug', 90000)};
P.when('mix:@amzn/mix.client-runtime', 'mix:deals-shoveler-v2__8d3XtZh4').execute(function (runtime, cardModule) {runtime.registerCardFactory('qBTZgUQKilxkAENn3ELmug', cardModule);if(window.GWI){window.GWI.Card.autoInstActive('qBTZgUQKilxkAENn3ELmug');}});
</script>
</div>
<hr data-display-at="smws" data-order-sm="1" data-order-ws="1" class="card-flow-row-break">
<div id="desktop-1" data-gwi="{&quot;visible&quot;:&quot;desktop-1-visible&quot;,&quot;active&quot;:&quot;desktop-1-active&quot;}" data-col-span-ws="4" data-col-span-sm="3" data-order-ws="2" data-order-sm="2" data-display-at="smws" class="gw-col desktop-row gwi-row gw-widget-instrument gw-auto-height csm-placement-id-ede976c9-e1ea-46e2-8e72-ad78b96f2cb1 desktop-gateway-btf_drss-973c43e6-229f-461e-88a3-3a9a84fcd54c celwidget pd_rd_wg-RapKB pd_rd_w-8rRmK pd_rd_r-1ab9bf9a-97a9-4fca-872c-62755d41ff07" data-pf_rd_p="ede976c9-e1ea-46e2-8e72-ad78b96f2cb1" data-pd_rd_wg="RapKB" data-pd_rd_w="8rRmK" data-pd_rd_r="1ab9bf9a-97a9-4fca-872c-62755d41ff07" data-ref_="pd_gw_unk" data-csa-c-type="widget" data-csa-c-slot-id="desktop-1" data-csa-c-content-id="ede976c9-e1ea-46e2-8e72-ad78b96f2cb1" data-csa-c-id="crm4m9-10cdg-yp8eop-raa3wg" data-cel-widget="desktop-1"><div id="k0gvnGtA6E2XttDgMF5Kdw" class="deals-shoveler-v2" data-mix-claimed="true"><div id="k0gvnGtA6E2XttDgMF5Kdw" class="a-section a-spacing-none shogun-widget deals-shoveler fresh-shoveler"><div class="a-cardui-header as-title-block"><h2 class="a-color-base as-title-block-left">Trending deals</h2><a class="a-link-normal as-title-block-right see-more truncate-1line" href="/events/greatrepublicdaysale/?_encoding=UTF8&amp;deals-widget=%257B%2522presetId%2522%3A%2522deals-collection-td%2522%257D&amp;pd_rd_w=8rRmK&amp;pf_rd_p=ede976c9-e1ea-46e2-8e72-ad78b96f2cb1&amp;pf_rd_r=BHPJXCXEQ08Q3G08SG3Z&amp;pd_rd_r=1ab9bf9a-97a9-4fca-872c-62755d41ff07&amp;pd_rd_wg=RapKB&amp;ref_=pd_gw_unk">See all deals</a></div><div class="a-section a-spacing-none feed-carousel"><div class="a-section feed-carousel-viewport"><ul class="a-unordered-list a-nostyle a-horizontal feed-carousel-shelf" role="list"><li class="feed-carousel-card _deals-shoveler-v2_style_dealCard__1HqkZ" aria-posinset="1" aria-hidden="false" role="listitem" aria-setsize="19" style="display: inline-block;"><span class="a-list-item"><a class="a-link-normal" href="/Amazon-Brand-Presto-Dish-Wash/dp/B07RM388BJ?smid=AT95IG9ONZD7S"><div class="a-section a-spacing-small"><div class="a-section a-spacing-none _deals-shoveler-v2_style_imageContainer__2Wm4A"><img alt="Amazon Brand - Presto! Dish Wash Gel - 2 L (Lime)" src="https://m.media-amazon.com/images/I/41MjslMjT9L._AC_SY200_.jpg" class="product-image _deals-shoveler-v2_style_dealImage__3nlqg" data-a-hires="https://m.media-amazon.com/images/I/41MjslMjT9L._AC_SY400_.jpg"></div></div><div class="a-section _deals-shoveler-v2_style_dealInfo__1U5R1"><div class="a-section a-spacing-none"><span class="a-price min-deal-price" data-a-size="m" data-a-color="base"><span class="a-offscreen">Price: ?189.00</span><span aria-hidden="true"><span class="a-price-symbol">?</span><span class="a-price-whole">189<span class="a-price-decimal">.</span></span><span class="a-price-fraction">00</span></span></span><span class="a-letter-space"></span><span class="a-price a-text-price _deals-shoveler-v2_style_listPrice__1r4Am list-price" data-a-size="b" data-a-strike="true" data-a-color="tertiary"><span class="a-offscreen">List: ?360.00</span><span aria-hidden="true">?360.00</span></span></div><span class="dealAvailabilityMessage _deals-shoveler-v2_style_dealTimer__3sQxX"><span class="a-size-base a-color-tertiary dealTimer"><span class="gwTimer" role="timer" data-shared-model="{&quot;clockTime&quot;:{&quot;hour&quot;:6,&quot;minute&quot;:40,&quot;second&quot;:23},&quot;countDownEndLabel&quot;:{&quot;ariaLabel&quot;:&quot;Deal has ended.&quot;,&quot;label&quot;:&quot;Deal has ended.&quot;},&quot;timeFormattedLabel&quot;:{&quot;formattedString&quot;:&quot;Ends in _hours_ hours _minutes_ minutes _seconds_ seconds&quot;,&quot;placeHolders&quot;:{&quot;hour&quot;:&quot;_hours_&quot;,&quot;minute&quot;:&quot;_minutes_&quot;,&quot;second&quot;:&quot;_seconds_&quot;}}}"><span class="gwTimerAriaLabel aok-offscreen">Ends in 6 hours 40 minutes 20 seconds</span><span class="gwTimerDisplay" aria-hidden="true"><span class="gwTimerLabel">Ends in</span><span class="a-letter-space"></span><span class="gwTimerHour">06</span><span class="gwTimerSeparator">:</span><span class="gwTimerMinute">40</span><span class="gwTimerSeparator">:</span><span class="gwTimerSecond">20</span></span></span></span></span></div></a></span></li><li class="feed-carousel-card _deals-shoveler-v2_style_dealCard__1HqkZ" aria-posinset="2" aria-hidden="false" role="listitem" aria-setsize="19" style="display: inline-block;"><span class="a-list-item"><a class="a-link-normal" href="/deal/0a1e5620?showVariations=true&amp;smid=AT95IG9ONZD7S"><div class="a-section a-spacing-small"><div class="a-section a-spacing-none _deals-shoveler-v2_style_imageContainer__2Wm4A"><img alt="NBODY ESS RCH_CRG_MLK 600ML" src="https://m.media-amazon.com/images/I/31L3Xrmm+oL._AC_SY200_.jpg" class="product-image _deals-shoveler-v2_style_dealImage__3nlqg" data-a-hires="https://m.media-amazon.com/images/I/31L3Xrmm+oL._AC_SY400_.jpg"></div></div><div class="a-section _deals-shoveler-v2_style_dealInfo__1U5R1"><div class="a-section a-spacing-none"><span class="a-price min-deal-price" data-a-size="m" data-a-color="base"><span class="a-offscreen">Price: ?301.40</span><span aria-hidden="true"><span class="a-price-symbol">?</span><span class="a-price-whole">301<span class="a-price-decimal">.</span></span><span class="a-price-fraction">40</span></span></span><span class="a-letter-space"></span><span class="a-price a-text-price _deals-shoveler-v2_style_listPrice__1r4Am list-price" data-a-size="b" data-a-strike="true" data-a-color="tertiary"><span class="a-offscreen">List: ?548.00</span><span aria-hidden="true">?548.00</span></span></div><span class="dealAvailabilityMessage _deals-shoveler-v2_style_dealTimer__3sQxX"><span class="a-size-base a-color-tertiary dealTimer"><span class="gwTimer" role="timer" data-shared-model="{&quot;clockTime&quot;:{&quot;hour&quot;:6,&quot;minute&quot;:40,&quot;second&quot;:23},&quot;countDownEndLabel&quot;:{&quot;ariaLabel&quot;:&quot;Deal has ended.&quot;,&quot;label&quot;:&quot;Deal has ended.&quot;},&quot;timeFormattedLabel&quot;:{&quot;formattedString&quot;:&quot;Ends in _hours_ hours _minutes_ minutes _seconds_ seconds&quot;,&quot;placeHolders&quot;:{&quot;hour&quot;:&quot;_hours_&quot;,&quot;minute&quot;:&quot;_minutes_&quot;,&quot;second&quot;:&quot;_seconds_&quot;}}}"><span class="gwTimerAriaLabel aok-offscreen">Ends in 6 hours 40 minutes 20 seconds</span><span class="gwTimerDisplay" aria-hidden="true"><span class="gwTimerLabel">Ends in</span><span class="a-letter-space"></span><span class="gwTimerHour">06</span><span class="gwTimerSeparator">:</span><span class="gwTimerMinute">40</span><span class="gwTimerSeparator">:</span><span class="gwTimerSecond">20</span></span></span></span></span></div></a></span></li><li class="feed-carousel-card _deals-shoveler-v2_style_dealCard__1HqkZ" aria-posinset="3" aria-hidden="false" role="listitem" aria-setsize="19" style="display: inline-block;"><span class="a-list-item"><a class="a-link-normal" href="/deal/0f9c238a?showVariations=true&amp;smid=AT95IG9ONZD7S"><div class="a-section a-spacing-small"><div class="a-section a-spacing-none _deals-shoveler-v2_style_imageContainer__2Wm4A"><img alt="Nivea Body Nourish Body Lotion 400 ml &amp; 120 ml (Pack of 2)" src="https://m.media-amazon.com/images/I/41C24JbyWtL._AC_SY200_.jpg" class="product-image _deals-shoveler-v2_style_dealImage__3nlqg" data-a-hires="https://m.media-amazon.com/images/I/41C24JbyWtL._AC_SY400_.jpg"></div></div><div class="a-section _deals-shoveler-v2_style_dealInfo__1U5R1"><div class="a-section a-spacing-none"><span class="a-price min-deal-price" data-a-size="m" data-a-color="base"><span class="a-offscreen">Price: ?288.20</span><span aria-hidden="true"><span class="a-price-symbol">?</span><span class="a-price-whole">288<span class="a-price-decimal">.</span></span><span class="a-price-fraction">20</span></span></span><span class="a-letter-space"></span><span class="a-price a-text-price _deals-shoveler-v2_style_listPrice__1r4Am list-price" data-a-size="b" data-a-strike="true" data-a-color="tertiary"><span class="a-offscreen">List: ?524.00</span><span aria-hidden="true">?524.00</span></span></div><span class="dealAvailabilityMessage _deals-shoveler-v2_style_dealTimer__3sQxX"><span class="a-size-base a-color-tertiary dealTimer"><span class="gwTimer" role="timer" data-shared-model="{&quot;clockTime&quot;:{&quot;hour&quot;:3,&quot;minute&quot;:25,&quot;second&quot;:23},&quot;countDownEndLabel&quot;:{&quot;ariaLabel&quot;:&quot;Deal has ended.&quot;,&quot;label&quot;:&quot;Deal has ended.&quot;},&quot;timeFormattedLabel&quot;:{&quot;formattedString&quot;:&quot;Ends in _hours_ hours _minutes_ minutes _seconds_ seconds&quot;,&quot;placeHolders&quot;:{&quot;hour&quot;:&quot;_hours_&quot;,&quot;minute&quot;:&quot;_minutes_&quot;,&quot;second&quot;:&quot;_seconds_&quot;}}}"><span class="gwTimerAriaLabel aok-offscreen">Ends in 3 hours 25 minutes 20 seconds</span><span class="gwTimerDisplay" aria-hidden="true"><span class="gwTimerLabel">Ends in</span><span class="a-letter-space"></span><span class="gwTimerHour">03</span><span class="gwTimerSeparator">:</span><span class="gwTimerMinute">25</span><span class="gwTimerSeparator">:</span><span class="gwTimerSecond">20</span></span></span></span></span></div></a></span></li><li class="feed-carousel-card _deals-shoveler-v2_style_dealCard__1HqkZ" aria-posinset="4" aria-hidden="false" role="listitem" aria-setsize="19" style="display: inline-block;"><span class="a-list-item"><a class="a-link-normal" href="/Spotzero-Milton-Stainless-Wringer-refills/dp/B07D4T4YT2?smid=AT95IG9ONZD7S"><div class="a-section a-spacing-small"><div class="a-section a-spacing-none _deals-shoveler-v2_style_imageContainer__2Wm4A"><img alt="Spotzero by Milton Prime Spin Mop with Big Wheels and Stainless Steel Wringer, Bucket Floor Cleaning and Mopping System,2..." src="https://m.media-amazon.com/images/I/415hB0+T6QL._AC_SY200_.jpg" class="product-image _deals-shoveler-v2_style_dealImage__3nlqg" data-a-hires="https://m.media-amazon.com/images/I/415hB0+T6QL._AC_SY400_.jpg"></div></div><div class="a-section _deals-shoveler-v2_style_dealInfo__1U5R1"><div class="a-section a-spacing-none"><span class="a-price min-deal-price" data-a-size="m" data-a-color="base"><span class="a-offscreen">Price: ?1,199.00</span><span aria-hidden="true"><span class="a-price-symbol">?</span><span class="a-price-whole">1,199<span class="a-price-decimal">.</span></span><span class="a-price-fraction">00</span></span></span><span class="a-letter-space"></span><span class="a-price a-text-price _deals-shoveler-v2_style_listPrice__1r4Am list-price" data-a-size="b" data-a-strike="true" data-a-color="tertiary"><span class="a-offscreen">List: ?2,099.00</span><span aria-hidden="true">?2,099.00</span></span></div><span class="dealAvailabilityMessage _deals-shoveler-v2_style_dealTimer__3sQxX"><span class="a-size-base a-color-tertiary dealTimer"><span class="gwTimer" role="timer" data-shared-model="{&quot;clockTime&quot;:{&quot;hour&quot;:6,&quot;minute&quot;:40,&quot;second&quot;:23},&quot;countDownEndLabel&quot;:{&quot;ariaLabel&quot;:&quot;Deal has ended.&quot;,&quot;label&quot;:&quot;Deal has ended.&quot;},&quot;timeFormattedLabel&quot;:{&quot;formattedString&quot;:&quot;Ends in _hours_ hours _minutes_ minutes _seconds_ seconds&quot;,&quot;placeHolders&quot;:{&quot;hour&quot;:&quot;_hours_&quot;,&quot;minute&quot;:&quot;_minutes_&quot;,&quot;second&quot;:&quot;_seconds_&quot;}}}"><span class="gwTimerAriaLabel aok-offscreen">Ends in 6 hours 40 minutes 20 seconds</span><span class="gwTimerDisplay" aria-hidden="true"><span class="gwTimerLabel">Ends in</span><span class="a-letter-space"></span><span class="gwTimerHour">06</span><span class="gwTimerSeparator">:</span><span class="gwTimerMinute">40</span><span class="gwTimerSeparator">:</span><span class="gwTimerSecond">20</span></span></span></span></span></div></a></span></li><li class="feed-carousel-card _deals-shoveler-v2_style_dealCard__1HqkZ" aria-posinset="5" aria-hidden="false" role="listitem" aria-setsize="19" style="display: inline-block;"><span class="a-list-item"><a class="a-link-normal" href="/Ganesh-Plastic-Quick-Chopper-725ml/dp/B07G7FYKDC?smid=AT95IG9ONZD7S"><div class="a-section a-spacing-small"><div class="a-section a-spacing-none _deals-shoveler-v2_style_imageContainer__2Wm4A"><img alt="Ganesh Plastic Vegetable Chopper Cutter" src="https://m.media-amazon.com/images/I/41NbtNiWoeL._AC_SY200_.jpg" class="product-image _deals-shoveler-v2_style_dealImage__3nlqg" data-a-hires="https://m.media-amazon.com/images/I/41NbtNiWoeL._AC_SY400_.jpg"></div></div><div class="a-section _deals-shoveler-v2_style_dealInfo__1U5R1"><div class="a-section a-spacing-none"><span class="a-price min-deal-price" data-a-size="m" data-a-color="base"><span class="a-offscreen">Price: ?149.00</span><span aria-hidden="true"><span class="a-price-symbol">?</span><span class="a-price-whole">149<span class="a-price-decimal">.</span></span><span class="a-price-fraction">00</span></span></span><span class="a-letter-space"></span><span class="a-price a-text-price _deals-shoveler-v2_style_listPrice__1r4Am list-price" data-a-size="b" data-a-strike="true" data-a-color="tertiary"><span class="a-offscreen">List: ?620.00</span><span aria-hidden="true">?620.00</span></span></div><span class="dealAvailabilityMessage _deals-shoveler-v2_style_dealTimer__3sQxX"><span class="a-size-base a-color-tertiary dealTimer"><span class="gwTimer" role="timer" data-shared-model="{&quot;clockTime&quot;:{&quot;hour&quot;:6,&quot;minute&quot;:40,&quot;second&quot;:23},&quot;countDownEndLabel&quot;:{&quot;ariaLabel&quot;:&quot;Deal has ended.&quot;,&quot;label&quot;:&quot;Deal has ended.&quot;},&quot;timeFormattedLabel&quot;:{&quot;formattedString&quot;:&quot;Ends in _hours_ hours _minutes_ minutes _seconds_ seconds&quot;,&quot;placeHolders&quot;:{&quot;hour&quot;:&quot;_hours_&quot;,&quot;minute&quot;:&quot;_minutes_&quot;,&quot;second&quot;:&quot;_seconds_&quot;}}}"><span class="gwTimerAriaLabel aok-offscreen">Ends in 6 hours 40 minutes 20 seconds</span><span class="gwTimerDisplay" aria-hidden="true"><span class="gwTimerLabel">Ends in</span><span class="a-letter-space"></span><span class="gwTimerHour">06</span><span class="gwTimerSeparator">:</span><span class="gwTimerMinute">40</span><span class="gwTimerSeparator">:</span><span class="gwTimerSecond">20</span></span></span></span></span></div></a></span></li><li class="feed-carousel-card _deals-shoveler-v2_style_dealCard__1HqkZ" aria-posinset="6" aria-hidden="false" role="listitem" aria-setsize="19" style="display: inline-block;"><span class="a-list-item"><a class="a-link-normal" href="/Papimo-Diaper-Pants-Monthly-Count/dp/B08C825X41?smid=AT95IG9ONZD7S"><div class="a-section a-spacing-small"><div class="a-section a-spacing-none _deals-shoveler-v2_style_imageContainer__2Wm4A"><img alt="Papimo Baby Diaper Pants with Aloe Vera" src="https://m.media-amazon.com/images/I/51Ju87sZmjL._AC_SY200_.jpg" class="product-image _deals-shoveler-v2_style_dealImage__3nlqg" data-a-hires="https://m.media-amazon.com/images/I/51Ju87sZmjL._AC_SY400_.jpg"></div></div><div class="a-section _deals-shoveler-v2_style_dealInfo__1U5R1"><div class="a-section a-spacing-none"><span class="a-price min-deal-price" data-a-size="m" data-a-color="base"><span class="a-offscreen">Price: ?699.00</span><span aria-hidden="true"><span class="a-price-symbol">?</span><span class="a-price-whole">699<span class="a-price-decimal">.</span></span><span class="a-price-fraction">00</span></span></span><span class="a-letter-space"></span><span class="a-price a-text-price _deals-shoveler-v2_style_listPrice__1r4Am list-price" data-a-size="b" data-a-strike="true" data-a-color="tertiary"><span class="a-offscreen">List: ?1,789.00</span><span aria-hidden="true">?1,789.00</span></span></div><span class="dealAvailabilityMessage _deals-shoveler-v2_style_dealTimer__3sQxX"><span class="a-size-base a-color-tertiary dealTimer"><span class="gwTimer" role="timer" data-shared-model="{&quot;clockTime&quot;:{&quot;hour&quot;:6,&quot;minute&quot;:40,&quot;second&quot;:23},&quot;countDownEndLabel&quot;:{&quot;ariaLabel&quot;:&quot;Deal has ended.&quot;,&quot;label&quot;:&quot;Deal has ended.&quot;},&quot;timeFormattedLabel&quot;:{&quot;formattedString&quot;:&quot;Ends in _hours_ hours _minutes_ minutes _seconds_ seconds&quot;,&quot;placeHolders&quot;:{&quot;hour&quot;:&quot;_hours_&quot;,&quot;minute&quot;:&quot;_minutes_&quot;,&quot;second&quot;:&quot;_seconds_&quot;}}}"><span class="gwTimerAriaLabel aok-offscreen">Ends in 6 hours 40 minutes 20 seconds</span><span class="gwTimerDisplay" aria-hidden="true"><span class="gwTimerLabel">Ends in</span><span class="a-letter-space"></span><span class="gwTimerHour">06</span><span class="gwTimerSeparator">:</span><span class="gwTimerMinute">40</span><span class="gwTimerSeparator">:</span><span class="gwTimerSecond">20</span></span></span></span></span></div></a></span></li><li class="feed-carousel-card _deals-shoveler-v2_style_dealCard__1HqkZ" aria-posinset="7" aria-hidden="false" role="listitem" aria-setsize="19" style="display: inline-block;"><span class="a-list-item"><a class="a-link-normal" href="/Scotch-Brite-Heavy-Duty-Gloves-Medium/dp/B00NBM0WD4?smid=AT95IG9ONZD7S"><div class="a-section a-spacing-small"><div class="a-section a-spacing-none _deals-shoveler-v2_style_imageContainer__2Wm4A"><img alt="Scotch-Brite Rubber Heavy Duty Gloves (with Fresh lemon scent &amp; inner cotton lining for comfort) Medium, Red (Pack of 2)" src="https://m.media-amazon.com/images/I/41P-NigAPbL._AC_SY200_.jpg" class="product-image _deals-shoveler-v2_style_dealImage__3nlqg" data-a-hires="https://m.media-amazon.com/images/I/41P-NigAPbL._AC_SY400_.jpg"></div></div><div class="a-section _deals-shoveler-v2_style_dealInfo__1U5R1"><div class="a-section a-spacing-none"><span class="a-price min-deal-price" data-a-size="m" data-a-color="base"><span class="a-offscreen">Price: ?122.00</span><span aria-hidden="true"><span class="a-price-symbol">?</span><span class="a-price-whole">122<span class="a-price-decimal">.</span></span><span class="a-price-fraction">00</span></span></span><span class="a-letter-space"></span><span class="a-price a-text-price _deals-shoveler-v2_style_listPrice__1r4Am list-price" data-a-size="b" data-a-strike="true" data-a-color="tertiary"><span class="a-offscreen">List: ?150.00</span><span aria-hidden="true">?150.00</span></span></div><span class="dealAvailabilityMessage _deals-shoveler-v2_style_dealTimer__3sQxX"><span class="a-size-base a-color-tertiary dealTimer"><span class="gwTimer" role="timer" data-shared-model="{&quot;clockTime&quot;:{&quot;hour&quot;:6,&quot;minute&quot;:40,&quot;second&quot;:23},&quot;countDownEndLabel&quot;:{&quot;ariaLabel&quot;:&quot;Deal has ended.&quot;,&quot;label&quot;:&quot;Deal has ended.&quot;},&quot;timeFormattedLabel&quot;:{&quot;formattedString&quot;:&quot;Ends in _hours_ hours _minutes_ minutes _seconds_ seconds&quot;,&quot;placeHolders&quot;:{&quot;hour&quot;:&quot;_hours_&quot;,&quot;minute&quot;:&quot;_minutes_&quot;,&quot;second&quot;:&quot;_seconds_&quot;}}}"><span class="gwTimerAriaLabel aok-offscreen">Ends in 6 hours 40 minutes 20 seconds</span><span class="gwTimerDisplay" aria-hidden="true"><span class="gwTimerLabel">Ends in</span><span class="a-letter-space"></span><span class="gwTimerHour">06</span><span class="gwTimerSeparator">:</span><span class="gwTimerMinute">40</span><span class="gwTimerSeparator">:</span><span class="gwTimerSecond">20</span></span></span></span></span></div></a></span></li><li class="feed-carousel-card _deals-shoveler-v2_style_dealCard__1HqkZ" aria-posinset="8" aria-hidden="false" role="listitem" aria-setsize="19" style="display: inline-block;"><span class="a-list-item"><a class="a-link-normal" href="/Cello-Swift-Steel-Flask-Silver/dp/B00N3L3XB6?smid=AT95IG9ONZD7S"><div class="a-section a-spacing-small"><div class="a-section a-spacing-none _deals-shoveler-v2_style_imageContainer__2Wm4A"><img alt="Cello Swift Stainless Steel Double Walled Flask" src="https://m.media-amazon.com/images/I/31aiisN-zaL._AC_SY200_.jpg" class="product-image _deals-shoveler-v2_style_dealImage__3nlqg" data-a-hires="https://m.media-amazon.com/images/I/31aiisN-zaL._AC_SY400_.jpg"></div></div><div class="a-section _deals-shoveler-v2_style_dealInfo__1U5R1"><div class="a-section a-spacing-none"><span class="a-price min-deal-price" data-a-size="m" data-a-color="base"><span class="a-offscreen">Price: ?779.00</span><span aria-hidden="true"><span class="a-price-symbol">?</span><span class="a-price-whole">779<span class="a-price-decimal">.</span></span><span class="a-price-fraction">00</span></span></span><span class="a-letter-space"></span><span class="a-price a-text-price _deals-shoveler-v2_style_listPrice__1r4Am list-price" data-a-size="b" data-a-strike="true" data-a-color="tertiary"><span class="a-offscreen">List: ?1,319.00</span><span aria-hidden="true">?1,319.00</span></span></div><span class="dealAvailabilityMessage _deals-shoveler-v2_style_dealTimer__3sQxX"><span class="a-size-base a-color-tertiary dealTimer"><span class="gwTimer" role="timer" data-shared-model="{&quot;clockTime&quot;:{&quot;hour&quot;:6,&quot;minute&quot;:40,&quot;second&quot;:23},&quot;countDownEndLabel&quot;:{&quot;ariaLabel&quot;:&quot;Deal has ended.&quot;,&quot;label&quot;:&quot;Deal has ended.&quot;},&quot;timeFormattedLabel&quot;:{&quot;formattedString&quot;:&quot;Ends in _hours_ hours _minutes_ minutes _seconds_ seconds&quot;,&quot;placeHolders&quot;:{&quot;hour&quot;:&quot;_hours_&quot;,&quot;minute&quot;:&quot;_minutes_&quot;,&quot;second&quot;:&quot;_seconds_&quot;}}}"><span class="gwTimerAriaLabel aok-offscreen">Ends in 6 hours 40 minutes 20 seconds</span><span class="gwTimerDisplay" aria-hidden="true"><span class="gwTimerLabel">Ends in</span><span class="a-letter-space"></span><span class="gwTimerHour">06</span><span class="gwTimerSeparator">:</span><span class="gwTimerMinute">40</span><span class="gwTimerSeparator">:</span><span class="gwTimerSecond">20</span></span></span></span></span></div></a></span></li><li class="feed-carousel-card _deals-shoveler-v2_style_dealCard__1HqkZ" aria-setsize="19" aria-posinset="9" aria-hidden="false" role="listitem" style="display: inline-block;"><span class="a-list-item"><a class="a-link-normal" href="/Amazon-Brand-Vedaka-Popular-Raisins/dp/B07GR82XJR?smid=AT95IG9ONZD7S"><div class="a-section a-spacing-small"><div class="a-section a-spacing-none _deals-shoveler-v2_style_imageContainer__2Wm4A"><img alt="Amazon Brand - Vedaka Popular Raisins" src="https://m.media-amazon.com/images/I/51muh-kHSOL._AC_SY200_.jpg" class="product-image _deals-shoveler-v2_style_dealImage__3nlqg" data-a-hires="https://m.media-amazon.com/images/I/51muh-kHSOL._AC_SY400_.jpg"></div></div><div class="a-section _deals-shoveler-v2_style_dealInfo__1U5R1"><div class="a-section a-spacing-none"><span class="a-price min-deal-price" data-a-size="m" data-a-color="base"><span class="a-offscreen">Price: ?319.00</span><span aria-hidden="true"><span class="a-price-symbol">?</span><span class="a-price-whole">319<span class="a-price-decimal">.</span></span><span class="a-price-fraction">00</span></span></span><span class="a-letter-space"></span><span class="a-price a-text-price _deals-shoveler-v2_style_listPrice__1r4Am list-price" data-a-size="b" data-a-strike="true" data-a-color="tertiary"><span class="a-offscreen">List: ?500.00</span><span aria-hidden="true">?500.00</span></span></div><span class="dealAvailabilityMessage _deals-shoveler-v2_style_dealTimer__3sQxX"><span class="a-size-base a-color-tertiary dealTimer"><span class="gwTimer" role="timer" data-shared-model="{&quot;clockTime&quot;:{&quot;hour&quot;:6,&quot;minute&quot;:40,&quot;second&quot;:23},&quot;countDownEndLabel&quot;:{&quot;ariaLabel&quot;:&quot;Deal has ended.&quot;,&quot;label&quot;:&quot;Deal has ended.&quot;},&quot;timeFormattedLabel&quot;:{&quot;formattedString&quot;:&quot;Ends in _hours_ hours _minutes_ minutes _seconds_ seconds&quot;,&quot;placeHolders&quot;:{&quot;hour&quot;:&quot;_hours_&quot;,&quot;minute&quot;:&quot;_minutes_&quot;,&quot;second&quot;:&quot;_seconds_&quot;}}}"><span class="gwTimerAriaLabel aok-offscreen">Ends in 6 hours 40 minutes 20 seconds</span><span class="gwTimerDisplay" aria-hidden="true"><span class="gwTimerLabel">Ends in</span><span class="a-letter-space"></span><span class="gwTimerHour">06</span><span class="gwTimerSeparator">:</span><span class="gwTimerMinute">40</span><span class="gwTimerSeparator">:</span><span class="gwTimerSecond">20</span></span></span></span></span></div></a></span></li><li class="feed-carousel-card _deals-shoveler-v2_style_dealCard__1HqkZ" aria-setsize="19" aria-posinset="10" aria-hidden="false" role="listitem" style="display: inline-block;"><span class="a-list-item"><a class="a-link-normal" href="/Amazon-Brand-Solimo-Bathroom-Tissue/dp/B07GVZFN92?smid=AT95IG9ONZD7S"><div class="a-section a-spacing-small"><div class="a-section a-spacing-none _deals-shoveler-v2_style_imageContainer__2Wm4A"><img alt="Amazon Brand - Solimo 3 Ply Bathroom Tissue Toilet Paper Roll - 12 Rolls (160 Sheets Per Roll)" src="https://m.media-amazon.com/images/I/51fQeFFDGJL._AC_SY200_.jpg" class="product-image _deals-shoveler-v2_style_dealImage__3nlqg" data-a-hires="https://m.media-amazon.com/images/I/51fQeFFDGJL._AC_SY400_.jpg"></div></div><div class="a-section _deals-shoveler-v2_style_dealInfo__1U5R1"><div class="a-section a-spacing-none"><span class="a-price min-deal-price" data-a-size="m" data-a-color="base"><span class="a-offscreen">Price: ?269.00</span><span aria-hidden="true"><span class="a-price-symbol">?</span><span class="a-price-whole">269<span class="a-price-decimal">.</span></span><span class="a-price-fraction">00</span></span></span><span class="a-letter-space"></span><span class="a-price a-text-price _deals-shoveler-v2_style_listPrice__1r4Am list-price" data-a-size="b" data-a-strike="true" data-a-color="tertiary"><span class="a-offscreen">List: ?350.00</span><span aria-hidden="true">?350.00</span></span></div><span class="dealAvailabilityMessage _deals-shoveler-v2_style_dealTimer__3sQxX"><span class="a-size-base a-color-tertiary dealTimer"><span class="gwTimer" role="timer" data-shared-model="{&quot;clockTime&quot;:{&quot;hour&quot;:6,&quot;minute&quot;:40,&quot;second&quot;:23},&quot;countDownEndLabel&quot;:{&quot;ariaLabel&quot;:&quot;Deal has ended.&quot;,&quot;label&quot;:&quot;Deal has ended.&quot;},&quot;timeFormattedLabel&quot;:{&quot;formattedString&quot;:&quot;Ends in _hours_ hours _minutes_ minutes _seconds_ seconds&quot;,&quot;placeHolders&quot;:{&quot;hour&quot;:&quot;_hours_&quot;,&quot;minute&quot;:&quot;_minutes_&quot;,&quot;second&quot;:&quot;_seconds_&quot;}}}"><span class="gwTimerAriaLabel aok-offscreen">Ends in 6 hours 40 minutes 20 seconds</span><span class="gwTimerDisplay" aria-hidden="true"><span class="gwTimerLabel">Ends in</span><span class="a-letter-space"></span><span class="gwTimerHour">06</span><span class="gwTimerSeparator">:</span><span class="gwTimerMinute">40</span><span class="gwTimerSeparator">:</span><span class="gwTimerSecond">20</span></span></span></span></span></div></a></span></li><li class="feed-carousel-card _deals-shoveler-v2_style_dealCard__1HqkZ" aria-setsize="19" aria-posinset="11" aria-hidden="false" role="listitem" style="display: inline-block;"><span class="a-list-item"><a class="a-link-normal" href="/Mamaearth-Natural-Turmeric-Saffron-brightning/dp/B07FPV716J?smid=A61C6NUFGVGS7"><div class="a-section a-spacing-small"><div class="a-section a-spacing-none _deals-shoveler-v2_style_imageContainer__2Wm4A"><img alt="Mamaearth Ubtan Face Wash With Turmeric &amp; Saffron For Tan Re" src="https://m.media-amazon.com/images/I/41Is7HVqqdL._AC_SY200_.jpg" class="product-image _deals-shoveler-v2_style_dealImage__3nlqg" data-a-hires="https://m.media-amazon.com/images/I/41Is7HVqqdL._AC_SY400_.jpg"></div></div><div class="a-section _deals-shoveler-v2_style_dealInfo__1U5R1"><div class="a-section a-spacing-none"><span class="a-price min-deal-price" data-a-size="m" data-a-color="base"><span class="a-offscreen">Price: ?198.00</span><span aria-hidden="true"><span class="a-price-symbol">?</span><span class="a-price-whole">198<span class="a-price-decimal">.</span></span><span class="a-price-fraction">00</span></span></span><span class="a-letter-space"></span><span class="a-price a-text-price _deals-shoveler-v2_style_listPrice__1r4Am list-price" data-a-size="b" data-a-strike="true" data-a-color="tertiary"><span class="a-offscreen">List: ?249.00</span><span aria-hidden="true">?249.00</span></span></div><span class="dealAvailabilityMessage _deals-shoveler-v2_style_dealTimer__3sQxX"><span class="a-size-base a-color-tertiary dealTimer"><span class="gwTimer" role="timer" data-shared-model="{&quot;clockTime&quot;:{&quot;hour&quot;:6,&quot;minute&quot;:25,&quot;second&quot;:23},&quot;countDownEndLabel&quot;:{&quot;ariaLabel&quot;:&quot;Deal has ended.&quot;,&quot;label&quot;:&quot;Deal has ended.&quot;},&quot;timeFormattedLabel&quot;:{&quot;formattedString&quot;:&quot;Ends in _hours_ hours _minutes_ minutes _seconds_ seconds&quot;,&quot;placeHolders&quot;:{&quot;hour&quot;:&quot;_hours_&quot;,&quot;minute&quot;:&quot;_minutes_&quot;,&quot;second&quot;:&quot;_seconds_&quot;}}}"><span class="gwTimerAriaLabel aok-offscreen">Ends in 6 hours 25 minutes 20 seconds</span><span class="gwTimerDisplay" aria-hidden="true"><span class="gwTimerLabel">Ends in</span><span class="a-letter-space"></span><span class="gwTimerHour">06</span><span class="gwTimerSeparator">:</span><span class="gwTimerMinute">25</span><span class="gwTimerSeparator">:</span><span class="gwTimerSecond">20</span></span></span></span></span></div></a></span></li><li class="feed-carousel-card _deals-shoveler-v2_style_dealCard__1HqkZ" aria-setsize="19" aria-posinset="12" aria-hidden="false" role="listitem" style="display: inline-block;"><span class="a-list-item"><a class="a-link-normal" href="/deal/bfbab381?showVariations=true&amp;smid=AT95IG9ONZD7S"><div class="a-section a-spacing-small"><div class="a-section a-spacing-none _deals-shoveler-v2_style_imageContainer__2Wm4A"><img alt="Vaseline Intensive Care Deep Moisture Body Lotion 400 ml" src="https://m.media-amazon.com/images/I/31tQ2BoB1vL._AC_SY200_.jpg" class="product-image _deals-shoveler-v2_style_dealImage__3nlqg" data-a-hires="https://m.media-amazon.com/images/I/31tQ2BoB1vL._AC_SY400_.jpg"></div></div><div class="a-section _deals-shoveler-v2_style_dealInfo__1U5R1"><div class="a-section a-spacing-none"><span class="a-price min-deal-price" data-a-size="m" data-a-color="base"><span class="a-offscreen">Price: ?217.75</span><span aria-hidden="true"><span class="a-price-symbol">?</span><span class="a-price-whole">217<span class="a-price-decimal">.</span></span><span class="a-price-fraction">75</span></span></span><span class="a-letter-space"></span><span class="a-price a-text-price _deals-shoveler-v2_style_listPrice__1r4Am list-price" data-a-size="b" data-a-strike="true" data-a-color="tertiary"><span class="a-offscreen">List: ?310.00</span><span aria-hidden="true">?310.00</span></span></div><span class="dealAvailabilityMessage _deals-shoveler-v2_style_dealTimer__3sQxX"><span class="a-size-base a-color-tertiary dealTimer"><span class="gwTimer" role="timer" data-shared-model="{&quot;clockTime&quot;:{&quot;hour&quot;:6,&quot;minute&quot;:40,&quot;second&quot;:23},&quot;countDownEndLabel&quot;:{&quot;ariaLabel&quot;:&quot;Deal has ended.&quot;,&quot;label&quot;:&quot;Deal has ended.&quot;},&quot;timeFormattedLabel&quot;:{&quot;formattedString&quot;:&quot;Ends in _hours_ hours _minutes_ minutes _seconds_ seconds&quot;,&quot;placeHolders&quot;:{&quot;hour&quot;:&quot;_hours_&quot;,&quot;minute&quot;:&quot;_minutes_&quot;,&quot;second&quot;:&quot;_seconds_&quot;}}}"><span class="gwTimerAriaLabel aok-offscreen">Ends in 6 hours 40 minutes 20 seconds</span><span class="gwTimerDisplay" aria-hidden="true"><span class="gwTimerLabel">Ends in</span><span class="a-letter-space"></span><span class="gwTimerHour">06</span><span class="gwTimerSeparator">:</span><span class="gwTimerMinute">40</span><span class="gwTimerSeparator">:</span><span class="gwTimerSecond">20</span></span></span></span></span></div></a></span></li><li class="feed-carousel-card _deals-shoveler-v2_style_dealCard__1HqkZ" aria-setsize="19" aria-posinset="13" aria-hidden="false" role="listitem" style="display: inline-block;"><span class="a-list-item"><a class="a-link-normal" href="/GM-Modular-3060-Book-Multicolour/dp/B008XT42JU?smid=AT95IG9ONZD7S"><div class="a-section a-spacing-small"><div class="a-section a-spacing-none _deals-shoveler-v2_style_imageContainer__2Wm4A"><img alt="GM 3060 E-Book 4 + 1 Power Strip with Master Switch, Indicator, Safety Shutter &amp; 4 international sockets" src="https://m.media-amazon.com/images/I/21qKn0ChHNL._AC_SY200_.jpg" class="product-image _deals-shoveler-v2_style_dealImage__3nlqg" data-a-hires="https://m.media-amazon.com/images/I/21qKn0ChHNL._AC_SY400_.jpg"></div></div><div class="a-section _deals-shoveler-v2_style_dealInfo__1U5R1"><div class="a-section a-spacing-none"><span class="a-price min-deal-price" data-a-size="m" data-a-color="base"><span class="a-offscreen">Price: ?419.00</span><span aria-hidden="true"><span class="a-price-symbol">?</span><span class="a-price-whole">419<span class="a-price-decimal">.</span></span><span class="a-price-fraction">00</span></span></span><span class="a-letter-space"></span><span class="a-price a-text-price _deals-shoveler-v2_style_listPrice__1r4Am list-price" data-a-size="b" data-a-strike="true" data-a-color="tertiary"><span class="a-offscreen">List: ?620.00</span><span aria-hidden="true">?620.00</span></span></div><span class="dealAvailabilityMessage _deals-shoveler-v2_style_dealTimer__3sQxX"><span class="a-size-base a-color-tertiary dealTimer"><span class="gwTimer" role="timer" data-shared-model="{&quot;clockTime&quot;:{&quot;hour&quot;:6,&quot;minute&quot;:40,&quot;second&quot;:23},&quot;countDownEndLabel&quot;:{&quot;ariaLabel&quot;:&quot;Deal has ended.&quot;,&quot;label&quot;:&quot;Deal has ended.&quot;},&quot;timeFormattedLabel&quot;:{&quot;formattedString&quot;:&quot;Ends in _hours_ hours _minutes_ minutes _seconds_ seconds&quot;,&quot;placeHolders&quot;:{&quot;hour&quot;:&quot;_hours_&quot;,&quot;minute&quot;:&quot;_minutes_&quot;,&quot;second&quot;:&quot;_seconds_&quot;}}}"><span class="gwTimerAriaLabel aok-offscreen">Ends in 6 hours 40 minutes 20 seconds</span><span class="gwTimerDisplay" aria-hidden="true"><span class="gwTimerLabel">Ends in</span><span class="a-letter-space"></span><span class="gwTimerHour">06</span><span class="gwTimerSeparator">:</span><span class="gwTimerMinute">40</span><span class="gwTimerSeparator">:</span><span class="gwTimerSecond">20</span></span></span></span></span></div></a></span></li><li class="feed-carousel-card _deals-shoveler-v2_style_dealCard__1HqkZ" aria-setsize="19" aria-posinset="14" aria-hidden="false" role="listitem" style="display: inline-block;"><span class="a-list-item"><a class="a-link-normal" href="/Amazon-Brand-Presto-Oxo-Biodegradable-Garbage/dp/B0821PKWBW?smid=AT95IG9ONZD7S"><div class="a-section a-spacing-small"><div class="a-section a-spacing-none _deals-shoveler-v2_style_imageContainer__2Wm4A"><img alt="Amazon Brand - Presto! Oxo-Biodegradable Garbage Bags, Small (17 x 19 inches) - 30 bags/roll (Pack of 6)" src="https://m.media-amazon.com/images/I/41o19eykxuL._AC_SY200_.jpg" class="product-image _deals-shoveler-v2_style_dealImage__3nlqg" data-a-hires="https://m.media-amazon.com/images/I/41o19eykxuL._AC_SY400_.jpg"></div></div><div class="a-section _deals-shoveler-v2_style_dealInfo__1U5R1"><div class="a-section a-spacing-none"><span class="a-price min-deal-price" data-a-size="m" data-a-color="base"><span class="a-offscreen">Price: ?239.00</span><span aria-hidden="true"><span class="a-price-symbol">?</span><span class="a-price-whole">239<span class="a-price-decimal">.</span></span><span class="a-price-fraction">00</span></span></span><span class="a-letter-space"></span><span class="a-price a-text-price _deals-shoveler-v2_style_listPrice__1r4Am list-price" data-a-size="b" data-a-strike="true" data-a-color="tertiary"><span class="a-offscreen">List: ?420.00</span><span aria-hidden="true">?420.00</span></span></div><span class="dealAvailabilityMessage _deals-shoveler-v2_style_dealTimer__3sQxX"><span class="a-size-base a-color-tertiary dealTimer"><span class="gwTimer" role="timer" data-shared-model="{&quot;clockTime&quot;:{&quot;hour&quot;:6,&quot;minute&quot;:40,&quot;second&quot;:23},&quot;countDownEndLabel&quot;:{&quot;ariaLabel&quot;:&quot;Deal has ended.&quot;,&quot;label&quot;:&quot;Deal has ended.&quot;},&quot;timeFormattedLabel&quot;:{&quot;formattedString&quot;:&quot;Ends in _hours_ hours _minutes_ minutes _seconds_ seconds&quot;,&quot;placeHolders&quot;:{&quot;hour&quot;:&quot;_hours_&quot;,&quot;minute&quot;:&quot;_minutes_&quot;,&quot;second&quot;:&quot;_seconds_&quot;}}}"><span class="gwTimerAriaLabel aok-offscreen">Ends in 6 hours 40 minutes 20 seconds</span><span class="gwTimerDisplay" aria-hidden="true"><span class="gwTimerLabel">Ends in</span><span class="a-letter-space"></span><span class="gwTimerHour">06</span><span class="gwTimerSeparator">:</span><span class="gwTimerMinute">40</span><span class="gwTimerSeparator">:</span><span class="gwTimerSecond">20</span></span></span></span></span></div></a></span></li><li class="feed-carousel-card _deals-shoveler-v2_style_dealCard__1HqkZ" aria-setsize="19" aria-posinset="15" aria-hidden="false" role="listitem" style="display: inline-block;"><span class="a-list-item"><a class="a-link-normal" href="/deal/7ade8f95?showVariations=true&amp;smid=AT95IG9ONZD7S"><div class="a-section a-spacing-small"><div class="a-section a-spacing-none _deals-shoveler-v2_style_imageContainer__2Wm4A"><img alt="Dove Hair Fall Rescue Shampoo For Weak Hair Prone To Hairfall, Deeply Nourishes From Roots Up And Reduces Hair Fall, 1 Ltr" src="https://m.media-amazon.com/images/I/318NGQlOpIL._AC_SY200_.jpg" class="product-image _deals-shoveler-v2_style_dealImage__3nlqg" data-a-hires="https://m.media-amazon.com/images/I/318NGQlOpIL._AC_SY400_.jpg"></div></div><div class="a-section _deals-shoveler-v2_style_dealInfo__1U5R1"><div class="a-section a-spacing-none"><span class="a-price min-deal-price" data-a-size="m" data-a-color="base"><span class="a-offscreen">Price: ?456.00</span><span aria-hidden="true"><span class="a-price-symbol">?</span><span class="a-price-whole">456<span class="a-price-decimal">.</span></span><span class="a-price-fraction">00</span></span></span><span class="a-letter-space"></span><span class="a-price a-text-price _deals-shoveler-v2_style_listPrice__1r4Am list-price" data-a-size="b" data-a-strike="true" data-a-color="tertiary"><span class="a-offscreen">List: ?799.00</span><span aria-hidden="true">?799.00</span></span></div><span class="dealAvailabilityMessage _deals-shoveler-v2_style_dealTimer__3sQxX"><span class="a-size-base a-color-tertiary dealTimer"><span class="gwTimer" role="timer" data-shared-model="{&quot;clockTime&quot;:{&quot;hour&quot;:6,&quot;minute&quot;:40,&quot;second&quot;:23},&quot;countDownEndLabel&quot;:{&quot;ariaLabel&quot;:&quot;Deal has ended.&quot;,&quot;label&quot;:&quot;Deal has ended.&quot;},&quot;timeFormattedLabel&quot;:{&quot;formattedString&quot;:&quot;Ends in _hours_ hours _minutes_ minutes _seconds_ seconds&quot;,&quot;placeHolders&quot;:{&quot;hour&quot;:&quot;_hours_&quot;,&quot;minute&quot;:&quot;_minutes_&quot;,&quot;second&quot;:&quot;_seconds_&quot;}}}"><span class="gwTimerAriaLabel aok-offscreen">Ends in 6 hours 40 minutes 20 seconds</span><span class="gwTimerDisplay" aria-hidden="true"><span class="gwTimerLabel">Ends in</span><span class="a-letter-space"></span><span class="gwTimerHour">06</span><span class="gwTimerSeparator">:</span><span class="gwTimerMinute">40</span><span class="gwTimerSeparator">:</span><span class="gwTimerSecond">20</span></span></span></span></span></div></a></span></li><li class="feed-carousel-card _deals-shoveler-v2_style_dealCard__1HqkZ" aria-setsize="19" aria-posinset="16" aria-hidden="false" role="listitem" style="display: inline-block;"><span class="a-list-item"><a class="a-link-normal" href="/Amazon-Brand-Solimo-Kitchen-Tissue/dp/B07MJF5THB?smid=AT95IG9ONZD7S"><div class="a-section a-spacing-small"><div class="a-section a-spacing-none _deals-shoveler-v2_style_imageContainer__2Wm4A"><img alt="Amazon Brand - Solimo 2 Ply Kitchen Tissue Paper Roll - 4 Rolls (60 Pulls Per Roll)" src="https://m.media-amazon.com/images/I/41Lh8l1P0qL._AC_SY200_.jpg" class="product-image _deals-shoveler-v2_style_dealImage__3nlqg" data-a-hires="https://m.media-amazon.com/images/I/41Lh8l1P0qL._AC_SY400_.jpg"></div></div><div class="a-section _deals-shoveler-v2_style_dealInfo__1U5R1"><div class="a-section a-spacing-none"><span class="a-price min-deal-price" data-a-size="m" data-a-color="base"><span class="a-offscreen">Price: ?229.00</span><span aria-hidden="true"><span class="a-price-symbol">?</span><span class="a-price-whole">229<span class="a-price-decimal">.</span></span><span class="a-price-fraction">00</span></span></span><span class="a-letter-space"></span><span class="a-price a-text-price _deals-shoveler-v2_style_listPrice__1r4Am list-price" data-a-size="b" data-a-strike="true" data-a-color="tertiary"><span class="a-offscreen">List: ?280.00</span><span aria-hidden="true">?280.00</span></span></div><span class="dealAvailabilityMessage _deals-shoveler-v2_style_dealTimer__3sQxX"><span class="a-size-base a-color-tertiary dealTimer"><span class="gwTimer" role="timer" data-shared-model="{&quot;clockTime&quot;:{&quot;hour&quot;:6,&quot;minute&quot;:40,&quot;second&quot;:23},&quot;countDownEndLabel&quot;:{&quot;ariaLabel&quot;:&quot;Deal has ended.&quot;,&quot;label&quot;:&quot;Deal has ended.&quot;},&quot;timeFormattedLabel&quot;:{&quot;formattedString&quot;:&quot;Ends in _hours_ hours _minutes_ minutes _seconds_ seconds&quot;,&quot;placeHolders&quot;:{&quot;hour&quot;:&quot;_hours_&quot;,&quot;minute&quot;:&quot;_minutes_&quot;,&quot;second&quot;:&quot;_seconds_&quot;}}}"><span class="gwTimerAriaLabel aok-offscreen">Ends in 6 hours 40 minutes 20 seconds</span><span class="gwTimerDisplay" aria-hidden="true"><span class="gwTimerLabel">Ends in</span><span class="a-letter-space"></span><span class="gwTimerHour">06</span><span class="gwTimerSeparator">:</span><span class="gwTimerMinute">40</span><span class="gwTimerSeparator">:</span><span class="gwTimerSecond">20</span></span></span></span></span></div></a></span></li><li class="feed-carousel-card _deals-shoveler-v2_style_dealCard__1HqkZ" aria-setsize="19" aria-posinset="17" aria-hidden="false" role="listitem" style="display: inline-block;"><span class="a-list-item"><a class="a-link-normal" href="/Skrubble-Action-Dishwash-Liquid-Bottle/dp/B07TSHBH9Z?smid=AT95IG9ONZD7S"><div class="a-section a-spacing-small"><div class="a-section a-spacing-none _deals-shoveler-v2_style_imageContainer__2Wm4A"><img alt="Skrubble High Action Dishwash Liquid -2 L Bottle" src="https://m.media-amazon.com/images/I/41oixQQ3DNL._AC_SY200_.jpg" class="product-image _deals-shoveler-v2_style_dealImage__3nlqg" data-a-hires="https://m.media-amazon.com/images/I/41oixQQ3DNL._AC_SY400_.jpg"></div></div><div class="a-section _deals-shoveler-v2_style_dealInfo__1U5R1"><div class="a-section a-spacing-none"><span class="a-price min-deal-price" data-a-size="m" data-a-color="base"><span class="a-offscreen">Price: ?189.00</span><span aria-hidden="true"><span class="a-price-symbol">?</span><span class="a-price-whole">189<span class="a-price-decimal">.</span></span><span class="a-price-fraction">00</span></span></span><span class="a-letter-space"></span><span class="a-price a-text-price _deals-shoveler-v2_style_listPrice__1r4Am list-price" data-a-size="b" data-a-strike="true" data-a-color="tertiary"><span class="a-offscreen">List: ?350.00</span><span aria-hidden="true">?350.00</span></span></div><span class="dealAvailabilityMessage _deals-shoveler-v2_style_dealTimer__3sQxX"><span class="a-size-base a-color-tertiary dealTimer"><span class="gwTimer" role="timer" data-shared-model="{&quot;clockTime&quot;:{&quot;hour&quot;:6,&quot;minute&quot;:40,&quot;second&quot;:23},&quot;countDownEndLabel&quot;:{&quot;ariaLabel&quot;:&quot;Deal has ended.&quot;,&quot;label&quot;:&quot;Deal has ended.&quot;},&quot;timeFormattedLabel&quot;:{&quot;formattedString&quot;:&quot;Ends in _hours_ hours _minutes_ minutes _seconds_ seconds&quot;,&quot;placeHolders&quot;:{&quot;hour&quot;:&quot;_hours_&quot;,&quot;minute&quot;:&quot;_minutes_&quot;,&quot;second&quot;:&quot;_seconds_&quot;}}}"><span class="gwTimerAriaLabel aok-offscreen">Ends in 6 hours 40 minutes 20 seconds</span><span class="gwTimerDisplay" aria-hidden="true"><span class="gwTimerLabel">Ends in</span><span class="a-letter-space"></span><span class="gwTimerHour">06</span><span class="gwTimerSeparator">:</span><span class="gwTimerMinute">40</span><span class="gwTimerSeparator">:</span><span class="gwTimerSecond">20</span></span></span></span></span></div></a></span></li><li class="feed-carousel-card _deals-shoveler-v2_style_dealCard__1HqkZ" aria-setsize="19" aria-posinset="18" aria-hidden="false" role="listitem" style="display: inline-block;"><span class="a-list-item"><a class="a-link-normal" href="/AmazonBasics-Extra-Thick-Exercise-Carrying/dp/B01LP0VI3G?smid=AT95IG9ONZD7S"><div class="a-section a-spacing-small"><div class="a-section a-spacing-none _deals-shoveler-v2_style_imageContainer__2Wm4A"><img alt="AmazonBasics 13mm Extra Thick Yoga and Exercise Mat with Carrying Strap, Steel" src="https://m.media-amazon.com/images/I/41UqK36YsVL._AC_SY200_.jpg" class="product-image _deals-shoveler-v2_style_dealImage__3nlqg" data-a-hires="https://m.media-amazon.com/images/I/41UqK36YsVL._AC_SY400_.jpg"></div></div><div class="a-section _deals-shoveler-v2_style_dealInfo__1U5R1"><div class="a-section a-spacing-none"><span class="a-price min-deal-price" data-a-size="m" data-a-color="base"><span class="a-offscreen">Price: ?559.00</span><span aria-hidden="true"><span class="a-price-symbol">?</span><span class="a-price-whole">559<span class="a-price-decimal">.</span></span><span class="a-price-fraction">00</span></span></span><span class="a-letter-space"></span><span class="a-price a-text-price _deals-shoveler-v2_style_listPrice__1r4Am list-price" data-a-size="b" data-a-strike="true" data-a-color="tertiary"><span class="a-offscreen">List: ?1,595.00</span><span aria-hidden="true">?1,595.00</span></span></div><span class="dealAvailabilityMessage _deals-shoveler-v2_style_dealTimer__3sQxX"><span class="a-size-base a-color-tertiary dealTimer"><span class="gwTimer" role="timer" data-shared-model="{&quot;clockTime&quot;:{&quot;hour&quot;:6,&quot;minute&quot;:40,&quot;second&quot;:23},&quot;countDownEndLabel&quot;:{&quot;ariaLabel&quot;:&quot;Deal has ended.&quot;,&quot;label&quot;:&quot;Deal has ended.&quot;},&quot;timeFormattedLabel&quot;:{&quot;formattedString&quot;:&quot;Ends in _hours_ hours _minutes_ minutes _seconds_ seconds&quot;,&quot;placeHolders&quot;:{&quot;hour&quot;:&quot;_hours_&quot;,&quot;minute&quot;:&quot;_minutes_&quot;,&quot;second&quot;:&quot;_seconds_&quot;}}}"><span class="gwTimerAriaLabel aok-offscreen">Ends in 6 hours 40 minutes 20 seconds</span><span class="gwTimerDisplay" aria-hidden="true"><span class="gwTimerLabel">Ends in</span><span class="a-letter-space"></span><span class="gwTimerHour">06</span><span class="gwTimerSeparator">:</span><span class="gwTimerMinute">40</span><span class="gwTimerSeparator">:</span><span class="gwTimerSecond">20</span></span></span></span></span></div></a></span></li><li class="feed-carousel-card _deals-shoveler-v2_style_dealCard__1HqkZ" aria-setsize="19" aria-posinset="19" aria-hidden="false" role="listitem" style="display: inline-block;"><span class="a-list-item"><a class="a-link-normal" href="/Mamaearth-Onion-Growth-Control-Redensyl/dp/B07W7CTLD1?smid=A61C6NUFGVGS7"><div class="a-section a-spacing-small"><div class="a-section a-spacing-none _deals-shoveler-v2_style_imageContainer__2Wm4A"><img alt="Mamaearth Onion Oil - 150ml" src="https://m.media-amazon.com/images/I/41KhbnL80kL._AC_SY200_.jpg" class="product-image _deals-shoveler-v2_style_dealImage__3nlqg" data-a-hires="https://m.media-amazon.com/images/I/41KhbnL80kL._AC_SY400_.jpg"></div></div><div class="a-section _deals-shoveler-v2_style_dealInfo__1U5R1"><div class="a-section a-spacing-none"><span class="a-price min-deal-price" data-a-size="m" data-a-color="base"><span class="a-offscreen">Price: ?318.00</span><span aria-hidden="true"><span class="a-price-symbol">?</span><span class="a-price-whole">318<span class="a-price-decimal">.</span></span><span class="a-price-fraction">00</span></span></span><span class="a-letter-space"></span><span class="a-price a-text-price _deals-shoveler-v2_style_listPrice__1r4Am list-price" data-a-size="b" data-a-strike="true" data-a-color="tertiary"><span class="a-offscreen">List: ?399.00</span><span aria-hidden="true">?399.00</span></span></div><span class="dealAvailabilityMessage _deals-shoveler-v2_style_dealTimer__3sQxX"><span class="a-size-base a-color-tertiary dealTimer"><span class="gwTimer" role="timer" data-shared-model="{&quot;clockTime&quot;:{&quot;hour&quot;:6,&quot;minute&quot;:25,&quot;second&quot;:23},&quot;countDownEndLabel&quot;:{&quot;ariaLabel&quot;:&quot;Deal has ended.&quot;,&quot;label&quot;:&quot;Deal has ended.&quot;},&quot;timeFormattedLabel&quot;:{&quot;formattedString&quot;:&quot;Ends in _hours_ hours _minutes_ minutes _seconds_ seconds&quot;,&quot;placeHolders&quot;:{&quot;hour&quot;:&quot;_hours_&quot;,&quot;minute&quot;:&quot;_minutes_&quot;,&quot;second&quot;:&quot;_seconds_&quot;}}}"><span class="gwTimerAriaLabel aok-offscreen">Ends in 6 hours 25 minutes 20 seconds</span><span class="gwTimerDisplay" aria-hidden="true"><span class="gwTimerLabel">Ends in</span><span class="a-letter-space"></span><span class="gwTimerHour">06</span><span class="gwTimerSeparator">:</span><span class="gwTimerMinute">25</span><span class="gwTimerSeparator">:</span><span class="gwTimerSecond">20</span></span></span></span></span></div></a></span></li></ul><div class="spinner" aria-hidden="true" style="display: none;"><i class="gw-spinner" role="presentation"></i></div></div><a aria-label="Carousel previous slide" class="a-link-normal feed-carousel-control feed-left feed-control-disabled" tabindex="-1" href="#" aria-hidden="true"><span class="gw-icon feed-arrow"></span></a><a aria-label="Carousel next slide" class="a-link-normal feed-carousel-control feed-right" tabindex="-1" href="#" aria-hidden="true"><span class="gw-icon feed-arrow"></span></a><span class="feed-scrollbar"><span class="feed-scrollbar-track"><span class="feed-scrollbar-thumb" style="width: 420.789px; left: 0px;"></span></span></span></div><script type="text/javascript">P.when("component-feed-carousel").execute(function(c) {c.createCarousel("#k0gvnGtA6E2XttDgMF5Kdw .feed-carousel", 10,  0 ); });</script><script id="k0gvnGtA6E2XttDgMF5Kdw-btfCarouselContent" type="text/x-lazy-loaded-content"><li class="feed-carousel-card _deals-shoveler-v2_style_dealCard__1HqkZ"><span class="a-list-item"><a class="a-link-normal" href="/Cello-Swift-Steel-Flask-Silver/dp/B00N3L3XB6?smid=AT95IG9ONZD7S"><div class="a-section a-spacing-small"><div class="a-section a-spacing-none _deals-shoveler-v2_style_imageContainer__2Wm4A"><img alt="Cello Swift Stainless Steel Double Walled Flask" src="https://m.media-amazon.com/images/I/31aiisN-zaL._AC_SY200_.jpg" class="product-image _deals-shoveler-v2_style_dealImage__3nlqg" data-a-hires="https://m.media-amazon.com/images/I/31aiisN-zaL._AC_SY400_.jpg"/></div></div><div class="a-section _deals-shoveler-v2_style_dealInfo__1U5R1"><div class="a-section a-spacing-none"><span class="a-price min-deal-price" data-a-size="m" data-a-color="base"><span class="a-offscreen">Price: ?779.00</span><span aria-hidden="true"><span class="a-price-symbol">?</span><span class="a-price-whole">779<span class="a-price-decimal">.</span></span><span class="a-price-fraction">00</span></span></span><span class="a-letter-space"></span><span class="a-price a-text-price _deals-shoveler-v2_style_listPrice__1r4Am list-price" data-a-size="b" data-a-strike="true" data-a-color="tertiary"><span class="a-offscreen">List: ?1,319.00</span><span aria-hidden="true">?1,319.00</span></span></div><span class="dealAvailabilityMessage _deals-shoveler-v2_style_dealTimer__3sQxX"><span class="a-size-base a-color-tertiary dealTimer"><span class="gwTimer" role="timer" data-shared-model="{&quot;clockTime&quot;:{&quot;hour&quot;:6,&quot;minute&quot;:40,&quot;second&quot;:23},&quot;countDownEndLabel&quot;:{&quot;ariaLabel&quot;:&quot;Deal has ended.&quot;,&quot;label&quot;:&quot;Deal has ended.&quot;},&quot;timeFormattedLabel&quot;:{&quot;formattedString&quot;:&quot;Ends in _hours_ hours _minutes_ minutes _seconds_ seconds&quot;,&quot;placeHolders&quot;:{&quot;hour&quot;:&quot;_hours_&quot;,&quot;minute&quot;:&quot;_minutes_&quot;,&quot;second&quot;:&quot;_seconds_&quot;}}}"><span class="gwTimerAriaLabel aok-offscreen">Ends in 6 hours 40 minutes 23 seconds</span><span class="gwTimerDisplay" aria-hidden="true"><span class="gwTimerLabel">Ends in</span><span class="a-letter-space"></span><span class="gwTimerHour">06</span><span class="gwTimerSeparator">:</span><span class="gwTimerMinute">40</span><span class="gwTimerSeparator">:</span><span class="gwTimerSecond">23</span></span></span></span></span></div></a></span></li><li class="feed-carousel-card _deals-shoveler-v2_style_dealCard__1HqkZ"><span class="a-list-item"><a class="a-link-normal" href="/Amazon-Brand-Vedaka-Popular-Raisins/dp/B07GR82XJR?smid=AT95IG9ONZD7S"><div class="a-section a-spacing-small"><div class="a-section a-spacing-none _deals-shoveler-v2_style_imageContainer__2Wm4A"><img alt="Amazon Brand - Vedaka Popular Raisins" src="https://m.media-amazon.com/images/I/51muh-kHSOL._AC_SY200_.jpg" class="product-image _deals-shoveler-v2_style_dealImage__3nlqg" data-a-hires="https://m.media-amazon.com/images/I/51muh-kHSOL._AC_SY400_.jpg"/></div></div><div class="a-section _deals-shoveler-v2_style_dealInfo__1U5R1"><div class="a-section a-spacing-none"><span class="a-price min-deal-price" data-a-size="m" data-a-color="base"><span class="a-offscreen">Price: ?319.00</span><span aria-hidden="true"><span class="a-price-symbol">?</span><span class="a-price-whole">319<span class="a-price-decimal">.</span></span><span class="a-price-fraction">00</span></span></span><span class="a-letter-space"></span><span class="a-price a-text-price _deals-shoveler-v2_style_listPrice__1r4Am list-price" data-a-size="b" data-a-strike="true" data-a-color="tertiary"><span class="a-offscreen">List: ?500.00</span><span aria-hidden="true">?500.00</span></span></div><span class="dealAvailabilityMessage _deals-shoveler-v2_style_dealTimer__3sQxX"><span class="a-size-base a-color-tertiary dealTimer"><span class="gwTimer" role="timer" data-shared-model="{&quot;clockTime&quot;:{&quot;hour&quot;:6,&quot;minute&quot;:40,&quot;second&quot;:23},&quot;countDownEndLabel&quot;:{&quot;ariaLabel&quot;:&quot;Deal has ended.&quot;,&quot;label&quot;:&quot;Deal has ended.&quot;},&quot;timeFormattedLabel&quot;:{&quot;formattedString&quot;:&quot;Ends in _hours_ hours _minutes_ minutes _seconds_ seconds&quot;,&quot;placeHolders&quot;:{&quot;hour&quot;:&quot;_hours_&quot;,&quot;minute&quot;:&quot;_minutes_&quot;,&quot;second&quot;:&quot;_seconds_&quot;}}}"><span class="gwTimerAriaLabel aok-offscreen">Ends in 6 hours 40 minutes 23 seconds</span><span class="gwTimerDisplay" aria-hidden="true"><span class="gwTimerLabel">Ends in</span><span class="a-letter-space"></span><span class="gwTimerHour">06</span><span class="gwTimerSeparator">:</span><span class="gwTimerMinute">40</span><span class="gwTimerSeparator">:</span><span class="gwTimerSecond">23</span></span></span></span></span></div></a></span></li><li class="feed-carousel-card _deals-shoveler-v2_style_dealCard__1HqkZ"><span class="a-list-item"><a class="a-link-normal" href="/Amazon-Brand-Solimo-Bathroom-Tissue/dp/B07GVZFN92?smid=AT95IG9ONZD7S"><div class="a-section a-spacing-small"><div class="a-section a-spacing-none _deals-shoveler-v2_style_imageContainer__2Wm4A"><img alt="Amazon Brand - Solimo 3 Ply Bathroom Tissue Toilet Paper Roll - 12 Rolls (160 Sheets Per Roll)" src="https://m.media-amazon.com/images/I/51fQeFFDGJL._AC_SY200_.jpg" class="product-image _deals-shoveler-v2_style_dealImage__3nlqg" data-a-hires="https://m.media-amazon.com/images/I/51fQeFFDGJL._AC_SY400_.jpg"/></div></div><div class="a-section _deals-shoveler-v2_style_dealInfo__1U5R1"><div class="a-section a-spacing-none"><span class="a-price min-deal-price" data-a-size="m" data-a-color="base"><span class="a-offscreen">Price: ?269.00</span><span aria-hidden="true"><span class="a-price-symbol">?</span><span class="a-price-whole">269<span class="a-price-decimal">.</span></span><span class="a-price-fraction">00</span></span></span><span class="a-letter-space"></span><span class="a-price a-text-price _deals-shoveler-v2_style_listPrice__1r4Am list-price" data-a-size="b" data-a-strike="true" data-a-color="tertiary"><span class="a-offscreen">List: ?350.00</span><span aria-hidden="true">?350.00</span></span></div><span class="dealAvailabilityMessage _deals-shoveler-v2_style_dealTimer__3sQxX"><span class="a-size-base a-color-tertiary dealTimer"><span class="gwTimer" role="timer" data-shared-model="{&quot;clockTime&quot;:{&quot;hour&quot;:6,&quot;minute&quot;:40,&quot;second&quot;:23},&quot;countDownEndLabel&quot;:{&quot;ariaLabel&quot;:&quot;Deal has ended.&quot;,&quot;label&quot;:&quot;Deal has ended.&quot;},&quot;timeFormattedLabel&quot;:{&quot;formattedString&quot;:&quot;Ends in _hours_ hours _minutes_ minutes _seconds_ seconds&quot;,&quot;placeHolders&quot;:{&quot;hour&quot;:&quot;_hours_&quot;,&quot;minute&quot;:&quot;_minutes_&quot;,&quot;second&quot;:&quot;_seconds_&quot;}}}"><span class="gwTimerAriaLabel aok-offscreen">Ends in 6 hours 40 minutes 23 seconds</span><span class="gwTimerDisplay" aria-hidden="true"><span class="gwTimerLabel">Ends in</span><span class="a-letter-space"></span><span class="gwTimerHour">06</span><span class="gwTimerSeparator">:</span><span class="gwTimerMinute">40</span><span class="gwTimerSeparator">:</span><span class="gwTimerSecond">23</span></span></span></span></span></div></a></span></li><li class="feed-carousel-card _deals-shoveler-v2_style_dealCard__1HqkZ"><span class="a-list-item"><a class="a-link-normal" href="/Mamaearth-Natural-Turmeric-Saffron-brightning/dp/B07FPV716J?smid=A61C6NUFGVGS7"><div class="a-section a-spacing-small"><div class="a-section a-spacing-none _deals-shoveler-v2_style_imageContainer__2Wm4A"><img alt="Mamaearth Ubtan Face Wash With Turmeric &amp; Saffron For Tan Re" src="https://m.media-amazon.com/images/I/41Is7HVqqdL._AC_SY200_.jpg" class="product-image _deals-shoveler-v2_style_dealImage__3nlqg" data-a-hires="https://m.media-amazon.com/images/I/41Is7HVqqdL._AC_SY400_.jpg"/></div></div><div class="a-section _deals-shoveler-v2_style_dealInfo__1U5R1"><div class="a-section a-spacing-none"><span class="a-price min-deal-price" data-a-size="m" data-a-color="base"><span class="a-offscreen">Price: ?198.00</span><span aria-hidden="true"><span class="a-price-symbol">?</span><span class="a-price-whole">198<span class="a-price-decimal">.</span></span><span class="a-price-fraction">00</span></span></span><span class="a-letter-space"></span><span class="a-price a-text-price _deals-shoveler-v2_style_listPrice__1r4Am list-price" data-a-size="b" data-a-strike="true" data-a-color="tertiary"><span class="a-offscreen">List: ?249.00</span><span aria-hidden="true">?249.00</span></span></div><span class="dealAvailabilityMessage _deals-shoveler-v2_style_dealTimer__3sQxX"><span class="a-size-base a-color-tertiary dealTimer"><span class="gwTimer" role="timer" data-shared-model="{&quot;clockTime&quot;:{&quot;hour&quot;:6,&quot;minute&quot;:25,&quot;second&quot;:23},&quot;countDownEndLabel&quot;:{&quot;ariaLabel&quot;:&quot;Deal has ended.&quot;,&quot;label&quot;:&quot;Deal has ended.&quot;},&quot;timeFormattedLabel&quot;:{&quot;formattedString&quot;:&quot;Ends in _hours_ hours _minutes_ minutes _seconds_ seconds&quot;,&quot;placeHolders&quot;:{&quot;hour&quot;:&quot;_hours_&quot;,&quot;minute&quot;:&quot;_minutes_&quot;,&quot;second&quot;:&quot;_seconds_&quot;}}}"><span class="gwTimerAriaLabel aok-offscreen">Ends in 6 hours 25 minutes 23 seconds</span><span class="gwTimerDisplay" aria-hidden="true"><span class="gwTimerLabel">Ends in</span><span class="a-letter-space"></span><span class="gwTimerHour">06</span><span class="gwTimerSeparator">:</span><span class="gwTimerMinute">25</span><span class="gwTimerSeparator">:</span><span class="gwTimerSecond">23</span></span></span></span></span></div></a></span></li><li class="feed-carousel-card _deals-shoveler-v2_style_dealCard__1HqkZ"><span class="a-list-item"><a class="a-link-normal" href="/deal/bfbab381?showVariations=true&amp;smid=AT95IG9ONZD7S"><div class="a-section a-spacing-small"><div class="a-section a-spacing-none _deals-shoveler-v2_style_imageContainer__2Wm4A"><img alt="Vaseline Intensive Care Deep Moisture Body Lotion 400 ml" src="https://m.media-amazon.com/images/I/31tQ2BoB1vL._AC_SY200_.jpg" class="product-image _deals-shoveler-v2_style_dealImage__3nlqg" data-a-hires="https://m.media-amazon.com/images/I/31tQ2BoB1vL._AC_SY400_.jpg"/></div></div><div class="a-section _deals-shoveler-v2_style_dealInfo__1U5R1"><div class="a-section a-spacing-none"><span class="a-price min-deal-price" data-a-size="m" data-a-color="base"><span class="a-offscreen">Price: ?217.75</span><span aria-hidden="true"><span class="a-price-symbol">?</span><span class="a-price-whole">217<span class="a-price-decimal">.</span></span><span class="a-price-fraction">75</span></span></span><span class="a-letter-space"></span><span class="a-price a-text-price _deals-shoveler-v2_style_listPrice__1r4Am list-price" data-a-size="b" data-a-strike="true" data-a-color="tertiary"><span class="a-offscreen">List: ?310.00</span><span aria-hidden="true">?310.00</span></span></div><span class="dealAvailabilityMessage _deals-shoveler-v2_style_dealTimer__3sQxX"><span class="a-size-base a-color-tertiary dealTimer"><span class="gwTimer" role="timer" data-shared-model="{&quot;clockTime&quot;:{&quot;hour&quot;:6,&quot;minute&quot;:40,&quot;second&quot;:23},&quot;countDownEndLabel&quot;:{&quot;ariaLabel&quot;:&quot;Deal has ended.&quot;,&quot;label&quot;:&quot;Deal has ended.&quot;},&quot;timeFormattedLabel&quot;:{&quot;formattedString&quot;:&quot;Ends in _hours_ hours _minutes_ minutes _seconds_ seconds&quot;,&quot;placeHolders&quot;:{&quot;hour&quot;:&quot;_hours_&quot;,&quot;minute&quot;:&quot;_minutes_&quot;,&quot;second&quot;:&quot;_seconds_&quot;}}}"><span class="gwTimerAriaLabel aok-offscreen">Ends in 6 hours 40 minutes 23 seconds</span><span class="gwTimerDisplay" aria-hidden="true"><span class="gwTimerLabel">Ends in</span><span class="a-letter-space"></span><span class="gwTimerHour">06</span><span class="gwTimerSeparator">:</span><span class="gwTimerMinute">40</span><span class="gwTimerSeparator">:</span><span class="gwTimerSecond">23</span></span></span></span></span></div></a></span></li><li class="feed-carousel-card _deals-shoveler-v2_style_dealCard__1HqkZ"><span class="a-list-item"><a class="a-link-normal" href="/GM-Modular-3060-Book-Multicolour/dp/B008XT42JU?smid=AT95IG9ONZD7S"><div class="a-section a-spacing-small"><div class="a-section a-spacing-none _deals-shoveler-v2_style_imageContainer__2Wm4A"><img alt="GM 3060 E-Book 4 + 1 Power Strip with Master Switch, Indicator, Safety Shutter &amp; 4 international sockets" src="https://m.media-amazon.com/images/I/21qKn0ChHNL._AC_SY200_.jpg" class="product-image _deals-shoveler-v2_style_dealImage__3nlqg" data-a-hires="https://m.media-amazon.com/images/I/21qKn0ChHNL._AC_SY400_.jpg"/></div></div><div class="a-section _deals-shoveler-v2_style_dealInfo__1U5R1"><div class="a-section a-spacing-none"><span class="a-price min-deal-price" data-a-size="m" data-a-color="base"><span class="a-offscreen">Price: ?419.00</span><span aria-hidden="true"><span class="a-price-symbol">?</span><span class="a-price-whole">419<span class="a-price-decimal">.</span></span><span class="a-price-fraction">00</span></span></span><span class="a-letter-space"></span><span class="a-price a-text-price _deals-shoveler-v2_style_listPrice__1r4Am list-price" data-a-size="b" data-a-strike="true" data-a-color="tertiary"><span class="a-offscreen">List: ?620.00</span><span aria-hidden="true">?620.00</span></span></div><span class="dealAvailabilityMessage _deals-shoveler-v2_style_dealTimer__3sQxX"><span class="a-size-base a-color-tertiary dealTimer"><span class="gwTimer" role="timer" data-shared-model="{&quot;clockTime&quot;:{&quot;hour&quot;:6,&quot;minute&quot;:40,&quot;second&quot;:23},&quot;countDownEndLabel&quot;:{&quot;ariaLabel&quot;:&quot;Deal has ended.&quot;,&quot;label&quot;:&quot;Deal has ended.&quot;},&quot;timeFormattedLabel&quot;:{&quot;formattedString&quot;:&quot;Ends in _hours_ hours _minutes_ minutes _seconds_ seconds&quot;,&quot;placeHolders&quot;:{&quot;hour&quot;:&quot;_hours_&quot;,&quot;minute&quot;:&quot;_minutes_&quot;,&quot;second&quot;:&quot;_seconds_&quot;}}}"><span class="gwTimerAriaLabel aok-offscreen">Ends in 6 hours 40 minutes 23 seconds</span><span class="gwTimerDisplay" aria-hidden="true"><span class="gwTimerLabel">Ends in</span><span class="a-letter-space"></span><span class="gwTimerHour">06</span><span class="gwTimerSeparator">:</span><span class="gwTimerMinute">40</span><span class="gwTimerSeparator">:</span><span class="gwTimerSecond">23</span></span></span></span></span></div></a></span></li><li class="feed-carousel-card _deals-shoveler-v2_style_dealCard__1HqkZ"><span class="a-list-item"><a class="a-link-normal" href="/Amazon-Brand-Presto-Oxo-Biodegradable-Garbage/dp/B0821PKWBW?smid=AT95IG9ONZD7S"><div class="a-section a-spacing-small"><div class="a-section a-spacing-none _deals-shoveler-v2_style_imageContainer__2Wm4A"><img alt="Amazon Brand - Presto! Oxo-Biodegradable Garbage Bags, Small (17 x 19 inches) - 30 bags/roll (Pack of 6)" src="https://m.media-amazon.com/images/I/41o19eykxuL._AC_SY200_.jpg" class="product-image _deals-shoveler-v2_style_dealImage__3nlqg" data-a-hires="https://m.media-amazon.com/images/I/41o19eykxuL._AC_SY400_.jpg"/></div></div><div class="a-section _deals-shoveler-v2_style_dealInfo__1U5R1"><div class="a-section a-spacing-none"><span class="a-price min-deal-price" data-a-size="m" data-a-color="base"><span class="a-offscreen">Price: ?239.00</span><span aria-hidden="true"><span class="a-price-symbol">?</span><span class="a-price-whole">239<span class="a-price-decimal">.</span></span><span class="a-price-fraction">00</span></span></span><span class="a-letter-space"></span><span class="a-price a-text-price _deals-shoveler-v2_style_listPrice__1r4Am list-price" data-a-size="b" data-a-strike="true" data-a-color="tertiary"><span class="a-offscreen">List: ?420.00</span><span aria-hidden="true">?420.00</span></span></div><span class="dealAvailabilityMessage _deals-shoveler-v2_style_dealTimer__3sQxX"><span class="a-size-base a-color-tertiary dealTimer"><span class="gwTimer" role="timer" data-shared-model="{&quot;clockTime&quot;:{&quot;hour&quot;:6,&quot;minute&quot;:40,&quot;second&quot;:23},&quot;countDownEndLabel&quot;:{&quot;ariaLabel&quot;:&quot;Deal has ended.&quot;,&quot;label&quot;:&quot;Deal has ended.&quot;},&quot;timeFormattedLabel&quot;:{&quot;formattedString&quot;:&quot;Ends in _hours_ hours _minutes_ minutes _seconds_ seconds&quot;,&quot;placeHolders&quot;:{&quot;hour&quot;:&quot;_hours_&quot;,&quot;minute&quot;:&quot;_minutes_&quot;,&quot;second&quot;:&quot;_seconds_&quot;}}}"><span class="gwTimerAriaLabel aok-offscreen">Ends in 6 hours 40 minutes 23 seconds</span><span class="gwTimerDisplay" aria-hidden="true"><span class="gwTimerLabel">Ends in</span><span class="a-letter-space"></span><span class="gwTimerHour">06</span><span class="gwTimerSeparator">:</span><span class="gwTimerMinute">40</span><span class="gwTimerSeparator">:</span><span class="gwTimerSecond">23</span></span></span></span></span></div></a></span></li><li class="feed-carousel-card _deals-shoveler-v2_style_dealCard__1HqkZ"><span class="a-list-item"><a class="a-link-normal" href="/deal/7ade8f95?showVariations=true&amp;smid=AT95IG9ONZD7S"><div class="a-section a-spacing-small"><div class="a-section a-spacing-none _deals-shoveler-v2_style_imageContainer__2Wm4A"><img alt="Dove Hair Fall Rescue Shampoo For Weak Hair Prone To Hairfall, Deeply Nourishes From Roots Up And Reduces Hair Fall, 1 Ltr" src="https://m.media-amazon.com/images/I/318NGQlOpIL._AC_SY200_.jpg" class="product-image _deals-shoveler-v2_style_dealImage__3nlqg" data-a-hires="https://m.media-amazon.com/images/I/318NGQlOpIL._AC_SY400_.jpg"/></div></div><div class="a-section _deals-shoveler-v2_style_dealInfo__1U5R1"><div class="a-section a-spacing-none"><span class="a-price min-deal-price" data-a-size="m" data-a-color="base"><span class="a-offscreen">Price: ?456.00</span><span aria-hidden="true"><span class="a-price-symbol">?</span><span class="a-price-whole">456<span class="a-price-decimal">.</span></span><span class="a-price-fraction">00</span></span></span><span class="a-letter-space"></span><span class="a-price a-text-price _deals-shoveler-v2_style_listPrice__1r4Am list-price" data-a-size="b" data-a-strike="true" data-a-color="tertiary"><span class="a-offscreen">List: ?799.00</span><span aria-hidden="true">?799.00</span></span></div><span class="dealAvailabilityMessage _deals-shoveler-v2_style_dealTimer__3sQxX"><span class="a-size-base a-color-tertiary dealTimer"><span class="gwTimer" role="timer" data-shared-model="{&quot;clockTime&quot;:{&quot;hour&quot;:6,&quot;minute&quot;:40,&quot;second&quot;:23},&quot;countDownEndLabel&quot;:{&quot;ariaLabel&quot;:&quot;Deal has ended.&quot;,&quot;label&quot;:&quot;Deal has ended.&quot;},&quot;timeFormattedLabel&quot;:{&quot;formattedString&quot;:&quot;Ends in _hours_ hours _minutes_ minutes _seconds_ seconds&quot;,&quot;placeHolders&quot;:{&quot;hour&quot;:&quot;_hours_&quot;,&quot;minute&quot;:&quot;_minutes_&quot;,&quot;second&quot;:&quot;_seconds_&quot;}}}"><span class="gwTimerAriaLabel aok-offscreen">Ends in 6 hours 40 minutes 23 seconds</span><span class="gwTimerDisplay" aria-hidden="true"><span class="gwTimerLabel">Ends in</span><span class="a-letter-space"></span><span class="gwTimerHour">06</span><span class="gwTimerSeparator">:</span><span class="gwTimerMinute">40</span><span class="gwTimerSeparator">:</span><span class="gwTimerSecond">23</span></span></span></span></span></div></a></span></li><li class="feed-carousel-card _deals-shoveler-v2_style_dealCard__1HqkZ"><span class="a-list-item"><a class="a-link-normal" href="/Amazon-Brand-Solimo-Kitchen-Tissue/dp/B07MJF5THB?smid=AT95IG9ONZD7S"><div class="a-section a-spacing-small"><div class="a-section a-spacing-none _deals-shoveler-v2_style_imageContainer__2Wm4A"><img alt="Amazon Brand - Solimo 2 Ply Kitchen Tissue Paper Roll - 4 Rolls (60 Pulls Per Roll)" src="https://m.media-amazon.com/images/I/41Lh8l1P0qL._AC_SY200_.jpg" class="product-image _deals-shoveler-v2_style_dealImage__3nlqg" data-a-hires="https://m.media-amazon.com/images/I/41Lh8l1P0qL._AC_SY400_.jpg"/></div></div><div class="a-section _deals-shoveler-v2_style_dealInfo__1U5R1"><div class="a-section a-spacing-none"><span class="a-price min-deal-price" data-a-size="m" data-a-color="base"><span class="a-offscreen">Price: ?229.00</span><span aria-hidden="true"><span class="a-price-symbol">?</span><span class="a-price-whole">229<span class="a-price-decimal">.</span></span><span class="a-price-fraction">00</span></span></span><span class="a-letter-space"></span><span class="a-price a-text-price _deals-shoveler-v2_style_listPrice__1r4Am list-price" data-a-size="b" data-a-strike="true" data-a-color="tertiary"><span class="a-offscreen">List: ?280.00</span><span aria-hidden="true">?280.00</span></span></div><span class="dealAvailabilityMessage _deals-shoveler-v2_style_dealTimer__3sQxX"><span class="a-size-base a-color-tertiary dealTimer"><span class="gwTimer" role="timer" data-shared-model="{&quot;clockTime&quot;:{&quot;hour&quot;:6,&quot;minute&quot;:40,&quot;second&quot;:23},&quot;countDownEndLabel&quot;:{&quot;ariaLabel&quot;:&quot;Deal has ended.&quot;,&quot;label&quot;:&quot;Deal has ended.&quot;},&quot;timeFormattedLabel&quot;:{&quot;formattedString&quot;:&quot;Ends in _hours_ hours _minutes_ minutes _seconds_ seconds&quot;,&quot;placeHolders&quot;:{&quot;hour&quot;:&quot;_hours_&quot;,&quot;minute&quot;:&quot;_minutes_&quot;,&quot;second&quot;:&quot;_seconds_&quot;}}}"><span class="gwTimerAriaLabel aok-offscreen">Ends in 6 hours 40 minutes 23 seconds</span><span class="gwTimerDisplay" aria-hidden="true"><span class="gwTimerLabel">Ends in</span><span class="a-letter-space"></span><span class="gwTimerHour">06</span><span class="gwTimerSeparator">:</span><span class="gwTimerMinute">40</span><span class="gwTimerSeparator">:</span><span class="gwTimerSecond">23</span></span></span></span></span></div></a></span></li><li class="feed-carousel-card _deals-shoveler-v2_style_dealCard__1HqkZ"><span class="a-list-item"><a class="a-link-normal" href="/Skrubble-Action-Dishwash-Liquid-Bottle/dp/B07TSHBH9Z?smid=AT95IG9ONZD7S"><div class="a-section a-spacing-small"><div class="a-section a-spacing-none _deals-shoveler-v2_style_imageContainer__2Wm4A"><img alt="Skrubble High Action Dishwash Liquid -2 L Bottle" src="https://m.media-amazon.com/images/I/41oixQQ3DNL._AC_SY200_.jpg" class="product-image _deals-shoveler-v2_style_dealImage__3nlqg" data-a-hires="https://m.media-amazon.com/images/I/41oixQQ3DNL._AC_SY400_.jpg"/></div></div><div class="a-section _deals-shoveler-v2_style_dealInfo__1U5R1"><div class="a-section a-spacing-none"><span class="a-price min-deal-price" data-a-size="m" data-a-color="base"><span class="a-offscreen">Price: ?189.00</span><span aria-hidden="true"><span class="a-price-symbol">?</span><span class="a-price-whole">189<span class="a-price-decimal">.</span></span><span class="a-price-fraction">00</span></span></span><span class="a-letter-space"></span><span class="a-price a-text-price _deals-shoveler-v2_style_listPrice__1r4Am list-price" data-a-size="b" data-a-strike="true" data-a-color="tertiary"><span class="a-offscreen">List: ?350.00</span><span aria-hidden="true">?350.00</span></span></div><span class="dealAvailabilityMessage _deals-shoveler-v2_style_dealTimer__3sQxX"><span class="a-size-base a-color-tertiary dealTimer"><span class="gwTimer" role="timer" data-shared-model="{&quot;clockTime&quot;:{&quot;hour&quot;:6,&quot;minute&quot;:40,&quot;second&quot;:23},&quot;countDownEndLabel&quot;:{&quot;ariaLabel&quot;:&quot;Deal has ended.&quot;,&quot;label&quot;:&quot;Deal has ended.&quot;},&quot;timeFormattedLabel&quot;:{&quot;formattedString&quot;:&quot;Ends in _hours_ hours _minutes_ minutes _seconds_ seconds&quot;,&quot;placeHolders&quot;:{&quot;hour&quot;:&quot;_hours_&quot;,&quot;minute&quot;:&quot;_minutes_&quot;,&quot;second&quot;:&quot;_seconds_&quot;}}}"><span class="gwTimerAriaLabel aok-offscreen">Ends in 6 hours 40 minutes 23 seconds</span><span class="gwTimerDisplay" aria-hidden="true"><span class="gwTimerLabel">Ends in</span><span class="a-letter-space"></span><span class="gwTimerHour">06</span><span class="gwTimerSeparator">:</span><span class="gwTimerMinute">40</span><span class="gwTimerSeparator">:</span><span class="gwTimerSecond">23</span></span></span></span></span></div></a></span></li><li class="feed-carousel-card _deals-shoveler-v2_style_dealCard__1HqkZ"><span class="a-list-item"><a class="a-link-normal" href="/AmazonBasics-Extra-Thick-Exercise-Carrying/dp/B01LP0VI3G?smid=AT95IG9ONZD7S"><div class="a-section a-spacing-small"><div class="a-section a-spacing-none _deals-shoveler-v2_style_imageContainer__2Wm4A"><img alt="AmazonBasics 13mm Extra Thick Yoga and Exercise Mat with Carrying Strap, Steel" src="https://m.media-amazon.com/images/I/41UqK36YsVL._AC_SY200_.jpg" class="product-image _deals-shoveler-v2_style_dealImage__3nlqg" data-a-hires="https://m.media-amazon.com/images/I/41UqK36YsVL._AC_SY400_.jpg"/></div></div><div class="a-section _deals-shoveler-v2_style_dealInfo__1U5R1"><div class="a-section a-spacing-none"><span class="a-price min-deal-price" data-a-size="m" data-a-color="base"><span class="a-offscreen">Price: ?559.00</span><span aria-hidden="true"><span class="a-price-symbol">?</span><span class="a-price-whole">559<span class="a-price-decimal">.</span></span><span class="a-price-fraction">00</span></span></span><span class="a-letter-space"></span><span class="a-price a-text-price _deals-shoveler-v2_style_listPrice__1r4Am list-price" data-a-size="b" data-a-strike="true" data-a-color="tertiary"><span class="a-offscreen">List: ?1,595.00</span><span aria-hidden="true">?1,595.00</span></span></div><span class="dealAvailabilityMessage _deals-shoveler-v2_style_dealTimer__3sQxX"><span class="a-size-base a-color-tertiary dealTimer"><span class="gwTimer" role="timer" data-shared-model="{&quot;clockTime&quot;:{&quot;hour&quot;:6,&quot;minute&quot;:40,&quot;second&quot;:23},&quot;countDownEndLabel&quot;:{&quot;ariaLabel&quot;:&quot;Deal has ended.&quot;,&quot;label&quot;:&quot;Deal has ended.&quot;},&quot;timeFormattedLabel&quot;:{&quot;formattedString&quot;:&quot;Ends in _hours_ hours _minutes_ minutes _seconds_ seconds&quot;,&quot;placeHolders&quot;:{&quot;hour&quot;:&quot;_hours_&quot;,&quot;minute&quot;:&quot;_minutes_&quot;,&quot;second&quot;:&quot;_seconds_&quot;}}}"><span class="gwTimerAriaLabel aok-offscreen">Ends in 6 hours 40 minutes 23 seconds</span><span class="gwTimerDisplay" aria-hidden="true"><span class="gwTimerLabel">Ends in</span><span class="a-letter-space"></span><span class="gwTimerHour">06</span><span class="gwTimerSeparator">:</span><span class="gwTimerMinute">40</span><span class="gwTimerSeparator">:</span><span class="gwTimerSecond">23</span></span></span></span></span></div></a></span></li><li class="feed-carousel-card _deals-shoveler-v2_style_dealCard__1HqkZ"><span class="a-list-item"><a class="a-link-normal" href="/Mamaearth-Onion-Growth-Control-Redensyl/dp/B07W7CTLD1?smid=A61C6NUFGVGS7"><div class="a-section a-spacing-small"><div class="a-section a-spacing-none _deals-shoveler-v2_style_imageContainer__2Wm4A"><img alt="Mamaearth Onion Oil - 150ml" src="https://m.media-amazon.com/images/I/41KhbnL80kL._AC_SY200_.jpg" class="product-image _deals-shoveler-v2_style_dealImage__3nlqg" data-a-hires="https://m.media-amazon.com/images/I/41KhbnL80kL._AC_SY400_.jpg"/></div></div><div class="a-section _deals-shoveler-v2_style_dealInfo__1U5R1"><div class="a-section a-spacing-none"><span class="a-price min-deal-price" data-a-size="m" data-a-color="base"><span class="a-offscreen">Price: ?318.00</span><span aria-hidden="true"><span class="a-price-symbol">?</span><span class="a-price-whole">318<span class="a-price-decimal">.</span></span><span class="a-price-fraction">00</span></span></span><span class="a-letter-space"></span><span class="a-price a-text-price _deals-shoveler-v2_style_listPrice__1r4Am list-price" data-a-size="b" data-a-strike="true" data-a-color="tertiary"><span class="a-offscreen">List: ?399.00</span><span aria-hidden="true">?399.00</span></span></div><span class="dealAvailabilityMessage _deals-shoveler-v2_style_dealTimer__3sQxX"><span class="a-size-base a-color-tertiary dealTimer"><span class="gwTimer" role="timer" data-shared-model="{&quot;clockTime&quot;:{&quot;hour&quot;:6,&quot;minute&quot;:25,&quot;second&quot;:23},&quot;countDownEndLabel&quot;:{&quot;ariaLabel&quot;:&quot;Deal has ended.&quot;,&quot;label&quot;:&quot;Deal has ended.&quot;},&quot;timeFormattedLabel&quot;:{&quot;formattedString&quot;:&quot;Ends in _hours_ hours _minutes_ minutes _seconds_ seconds&quot;,&quot;placeHolders&quot;:{&quot;hour&quot;:&quot;_hours_&quot;,&quot;minute&quot;:&quot;_minutes_&quot;,&quot;second&quot;:&quot;_seconds_&quot;}}}"><span class="gwTimerAriaLabel aok-offscreen">Ends in 6 hours 25 minutes 23 seconds</span><span class="gwTimerDisplay" aria-hidden="true"><span class="gwTimerLabel">Ends in</span><span class="a-letter-space"></span><span class="gwTimerHour">06</span><span class="gwTimerSeparator">:</span><span class="gwTimerMinute">25</span><span class="gwTimerSeparator">:</span><span class="gwTimerSecond">23</span></span></span></span></span></div></a></span></li></script><script type="text/javascript">(function carouselBtf(d, w) {var p = d.getElementById("k0gvnGtA6E2XttDgMF5Kdw-btfCarouselContent"), h = p && p.innerHTML, v = h ? [h] : []; w.GWData = w.GWData || {}; w.GWData['k0gvnGtA6E2XttDgMF5Kdw'] = { loaded: false, data: v }; }(document, window));</script></div></div><script>(function(f){f(P._namespace('gwiAutoInstVisible'));}(function(P) {if(window.GWI){GWI.Card.autoInstVisible('k0gvnGtA6E2XttDgMF5Kdw');}}));</script>
<script>if(window.mixTimeout){window.mixTimeout('deals-shoveler-v2', 'k0gvnGtA6E2XttDgMF5Kdw', 90000)};
P.when('mix:@amzn/mix.client-runtime', 'mix:deals-shoveler-v2__8d3XtZh4').execute(function (runtime, cardModule) {runtime.registerCardFactory('k0gvnGtA6E2XttDgMF5Kdw', cardModule);if(window.GWI){window.GWI.Card.autoInstActive('k0gvnGtA6E2XttDgMF5Kdw');}});
</script>
</div>
<hr data-display-at="smws" data-order-sm="2" data-order-ws="2" class="card-flow-row-break">
<div id="desktop-2" data-gwi="{&quot;visible&quot;:&quot;desktop-2-visible&quot;,&quot;active&quot;:&quot;desktop-2-active&quot;}" data-col-span-ws="4" data-col-span-sm="3" data-order-ws="3" data-order-sm="3" data-display-at="smws" class="gw-col desktop-row gwi-row gw-widget-instrument gw-auto-height csm-placement-id-66774b60-c940-4363-a8d2-a58b0de15c9e desktop-gateway-btf_60a7c463-5106-46dc-b3d1-314695fde443 celwidget pd_rd_wg-RapKB pd_rd_w-TpAqw pd_rd_r-1ab9bf9a-97a9-4fca-872c-62755d41ff07" data-pf_rd_p="66774b60-c940-4363-a8d2-a58b0de15c9e" data-pd_rd_wg="RapKB" data-pd_rd_w="TpAqw" data-pd_rd_r="1ab9bf9a-97a9-4fca-872c-62755d41ff07" data-ref_="pd_gw_unk" data-csa-c-type="widget" data-csa-c-slot-id="desktop-2" data-csa-c-content-id="66774b60-c940-4363-a8d2-a58b0de15c9e" data-csa-c-id="pw2cu3-v5io2o-t4xqix-rh7ea5" data-cel-widget="desktop-2"><div class="a-section a-spacing-none ameyal-product-shoveler" id="euQXAhTHp_1g8GfX-YOy7A"><div id="e7889716-a4d3-4897-934a-a24af304f381" class="a-section a-spacing-none shogun-widget card-lite product-shoveler aui-desktop fresh-shoveler"><div class="a-section as-title-block"><h2 class="as-title-block-left"><span class="a-color-base">Up to 50% off | Essential food products</span></h2><span class="as-title-block-right"></span></div><div class="a-section a-spacing-none feed-carousel"><div class="a-section feed-carousel-viewport"><ul class="a-unordered-list a-nostyle a-horizontal feed-carousel-shelf" role="list"><li data-sgproduct="{&quot;asin&quot;:&quot;B07W997DKW&quot;}" class="feed-carousel-card" aria-posinset="1" aria-hidden="false" role="listitem" aria-setsize="22" style="display: inline-block;"><span class="a-list-item"><a class="a-link-normal" href="/Super-Healthy-Berries-Nutritious-Varieties/dp/B07W997DKW/?_encoding=UTF8&amp;pd_rd_w=TpAqw&amp;pf_rd_p=66774b60-c940-4363-a8d2-a58b0de15c9e&amp;pf_rd_r=BHPJXCXEQ08Q3G08SG3Z&amp;pd_rd_r=1ab9bf9a-97a9-4fca-872c-62755d41ff07&amp;pd_rd_wg=RapKB&amp;ref_=pd_gw_unk"><img alt="SuperHealthy Daily Dose Dry Fruit Nuts, Seeds &amp; Berries Organic Mix | Nutritious, Roasted and Crunchy Trail Snack | 20+..." src="https://m.media-amazon.com/images/I/71VsrlK3VZL._AC_SY200_.jpg" class="product-image" height="200px" data-a-hires="https://m.media-amazon.com/images/I/71VsrlK3VZL._AC_SY400_.jpg"></a></span></li><li data-sgproduct="{&quot;asin&quot;:&quot;B07WBY2FDQ&quot;}" class="feed-carousel-card" aria-posinset="2" aria-hidden="false" role="listitem" aria-setsize="22" style="display: inline-block;"><span class="a-list-item"><a class="a-link-normal" href="/Nutty-Gritties-Sports-Mix-Blueberries/dp/B07WBY2FDQ/?_encoding=UTF8&amp;pd_rd_w=TpAqw&amp;pf_rd_p=66774b60-c940-4363-a8d2-a58b0de15c9e&amp;pf_rd_r=BHPJXCXEQ08Q3G08SG3Z&amp;pd_rd_r=1ab9bf9a-97a9-4fca-872c-62755d41ff07&amp;pd_rd_wg=RapKB&amp;ref_=pd_gw_unk"><img alt="Nutty Gritties Sports Mix Nuts Dry Fruits Trail Mix - Roasted Almonds, Cashews, Pistachios, Dried Blueberries,..." src="https://m.media-amazon.com/images/I/71H8N3F7scL._AC_SY200_.jpg" class="product-image" height="200px" data-a-hires="https://m.media-amazon.com/images/I/71H8N3F7scL._AC_SY400_.jpg"></a></span></li><li data-sgproduct="{&quot;asin&quot;:&quot;B07TMKSC3S&quot;}" class="feed-carousel-card" aria-posinset="3" aria-hidden="false" role="listitem" aria-setsize="22" style="display: inline-block;"><span class="a-list-item"><a class="a-link-normal" href="/Anveshan-Bilona-Traditional-Churning-Method/dp/B07TMKSC3S/?_encoding=UTF8&amp;pd_rd_w=TpAqw&amp;pf_rd_p=66774b60-c940-4363-a8d2-a58b0de15c9e&amp;pf_rd_r=BHPJXCXEQ08Q3G08SG3Z&amp;pd_rd_r=1ab9bf9a-97a9-4fca-872c-62755d41ff07&amp;pd_rd_wg=RapKB&amp;ref_=pd_gw_unk"><img alt="Anveshan Empowering farmers with technology A2 Cow Ghee 500 ml | Glass Jar | Bilona Method | Curd-Churned |Pure, Natural..." src="https://m.media-amazon.com/images/I/71RTb9VEhXL._AC_SY200_.jpg" class="product-image" height="200px" data-a-hires="https://m.media-amazon.com/images/I/71RTb9VEhXL._AC_SY400_.jpg"></a></span></li><li data-sgproduct="{&quot;asin&quot;:&quot;B0191AT0UA&quot;}" class="feed-carousel-card" aria-posinset="4" aria-hidden="false" role="listitem" aria-setsize="22" style="display: inline-block;"><span class="a-list-item"><a class="a-link-normal" href="/Flyberry-Gourmet-Medjoul-Dates-Kg/dp/B0191AT0UA/?_encoding=UTF8&amp;pd_rd_w=TpAqw&amp;pf_rd_p=66774b60-c940-4363-a8d2-a58b0de15c9e&amp;pf_rd_r=BHPJXCXEQ08Q3G08SG3Z&amp;pd_rd_r=1ab9bf9a-97a9-4fca-872c-62755d41ff07&amp;pd_rd_wg=RapKB&amp;ref_=pd_gw_unk"><img alt="Flyberry Gourmet fresh Medjoul Dates, 1 KG" src="https://m.media-amazon.com/images/I/81pxKNNzWrL._AC_SY200_.jpg" class="product-image" height="200px" data-a-hires="https://m.media-amazon.com/images/I/81pxKNNzWrL._AC_SY400_.jpg"></a></span></li><li data-sgproduct="{&quot;asin&quot;:&quot;B08CL4LG9X&quot;}" class="feed-carousel-card" aria-posinset="5" aria-hidden="false" role="listitem" aria-setsize="22" style="display: inline-block;"><span class="a-list-item"><a class="a-link-normal" href="/Nutty-Gritties-Moms-Superfood-Trail/dp/B08CL4LG9X/?_encoding=UTF8&amp;pd_rd_w=TpAqw&amp;pf_rd_p=66774b60-c940-4363-a8d2-a58b0de15c9e&amp;pf_rd_r=BHPJXCXEQ08Q3G08SG3Z&amp;pd_rd_r=1ab9bf9a-97a9-4fca-872c-62755d41ff07&amp;pd_rd_wg=RapKB&amp;ref_=pd_gw_unk"><img alt="Nutty Gritties Mixed Nuts Dry Fruits Mom's Superfood Trail Mix - Roasted Almond, Pumpkin, Sunflower, Watermelon, Flax,..." src="https://m.media-amazon.com/images/I/71pypU7iWuL._AC_SY200_.jpg" class="product-image" height="200px" data-a-hires="https://m.media-amazon.com/images/I/71pypU7iWuL._AC_SY400_.jpg"></a></span></li><li data-sgproduct="{&quot;asin&quot;:&quot;B084TNDHFK&quot;}" class="feed-carousel-card" aria-posinset="6" aria-hidden="false" role="listitem" aria-setsize="22" style="display: inline-block;"><span class="a-list-item"><a class="a-link-normal" href="/Super-Healthy-Mixed-Seeds-Berries/dp/B084TNDHFK/?_encoding=UTF8&amp;pd_rd_w=TpAqw&amp;pf_rd_p=66774b60-c940-4363-a8d2-a58b0de15c9e&amp;pf_rd_r=BHPJXCXEQ08Q3G08SG3Z&amp;pd_rd_r=1ab9bf9a-97a9-4fca-872c-62755d41ff07&amp;pd_rd_wg=RapKB&amp;ref_=pd_gw_unk"><img alt="SuperHealthy Daily Dose Dry Fruit Nuts, Seeds &amp; Berries Organic Mix | Nutritious, Roasted and Crunchy Trail Snack | 20+..." src="https://m.media-amazon.com/images/I/81gr77sK9eS._AC_SY200_.jpg" class="product-image" height="200px" data-a-hires="https://m.media-amazon.com/images/I/81gr77sK9eS._AC_SY400_.jpg"></a></span></li><li data-sgproduct="{&quot;asin&quot;:&quot;B07M5LYJFR&quot;}" class="feed-carousel-card" aria-posinset="7" aria-hidden="false" role="listitem" aria-setsize="22" style="display: inline-block;"><span class="a-list-item"><a class="a-link-normal" href="/Talegaon-Farms-Pure-Homemade-Ghee/dp/B07M5LYJFR/?_encoding=UTF8&amp;pd_rd_w=TpAqw&amp;pf_rd_p=66774b60-c940-4363-a8d2-a58b0de15c9e&amp;pf_rd_r=BHPJXCXEQ08Q3G08SG3Z&amp;pd_rd_r=1ab9bf9a-97a9-4fca-872c-62755d41ff07&amp;pd_rd_wg=RapKB&amp;ref_=pd_gw_unk"><img alt="Talegaon Farms Pure Cow Ghee, Made Traditionally from Curd, Premium Artisanal Ghee, Vedic Bilona Method - 500 ml Glass..." src="https://m.media-amazon.com/images/I/81MFyyoJ+RL._AC_SY200_.jpg" class="product-image" height="200px" data-a-hires="https://m.media-amazon.com/images/I/81MFyyoJ+RL._AC_SY400_.jpg"></a></span></li><li data-sgproduct="{&quot;asin&quot;:&quot;B08ZYFJFMR&quot;}" class="feed-carousel-card" aria-posinset="8" aria-hidden="false" role="listitem" aria-setsize="22" style="display: inline-block;"><span class="a-list-item"><a class="a-link-normal" href="/EAT-Mindful-Premium-Iranian-snacking/dp/B08ZYFJFMR/?_encoding=UTF8&amp;pd_rd_w=TpAqw&amp;pf_rd_p=66774b60-c940-4363-a8d2-a58b0de15c9e&amp;pf_rd_r=BHPJXCXEQ08Q3G08SG3Z&amp;pd_rd_r=1ab9bf9a-97a9-4fca-872c-62755d41ff07&amp;pd_rd_wg=RapKB&amp;ref_=pd_gw_unk"><img alt="EAT - Eat Any time Mindful Premium Iranian Kimia Dates for Healthy Snacking, 500g" src="https://m.media-amazon.com/images/I/71e9USZ8sGL._AC_SY200_.jpg" class="product-image" height="200px" data-a-hires="https://m.media-amazon.com/images/I/71e9USZ8sGL._AC_SY400_.jpg"></a></span></li><li data-sgproduct="{&quot;asin&quot;:&quot;B0851L15DR&quot;}" class="feed-carousel-card" aria-setsize="22" aria-posinset="9" aria-hidden="false" role="listitem" style="display: inline-block;"><span class="a-list-item"><a class="a-link-normal" href="/Nutty-Gritties-Super-Seeds-Mix/dp/B0851L15DR/?_encoding=UTF8&amp;pd_rd_w=TpAqw&amp;pf_rd_p=66774b60-c940-4363-a8d2-a58b0de15c9e&amp;pf_rd_r=BHPJXCXEQ08Q3G08SG3Z&amp;pd_rd_r=1ab9bf9a-97a9-4fca-872c-62755d41ff07&amp;pd_rd_wg=RapKB&amp;ref_=pd_gw_unk"><img alt="Nutty Gritties Super Seeds Mix - Roasted - Flax, Chia, Sesame, Sunflower, Watermelon, Pumpkin Seeds, Mixed Seeds for..." src="https://m.media-amazon.com/images/I/51Rf9VWSH4L._AC_SY200_.jpg" class="product-image" height="200px" data-a-hires="https://m.media-amazon.com/images/I/51Rf9VWSH4L._AC_SY400_.jpg"></a></span></li><li data-sgproduct="{&quot;asin&quot;:&quot;B07DT21LHG&quot;}" class="feed-carousel-card" aria-setsize="22" aria-posinset="10" aria-hidden="false" role="listitem" style="display: inline-block;"><span class="a-list-item"><a class="a-link-normal" href="/Nutriorg-Gluten-Rolled-Combo-1000gms/dp/B07DT21LHG/?_encoding=UTF8&amp;pd_rd_w=TpAqw&amp;pf_rd_p=66774b60-c940-4363-a8d2-a58b0de15c9e&amp;pf_rd_r=BHPJXCXEQ08Q3G08SG3Z&amp;pd_rd_r=1ab9bf9a-97a9-4fca-872c-62755d41ff07&amp;pd_rd_wg=RapKB&amp;ref_=pd_gw_unk"><img alt="Nutriorg Organic Gluten Free Rolled Oats 1 kg (Pack of 2 * 500g ) | USDA Certified | Made from 100 % Organic Produce |..." src="https://m.media-amazon.com/images/I/715ahFUZyZL._AC_SY200_.jpg" class="product-image" height="200px" data-a-hires="https://m.media-amazon.com/images/I/715ahFUZyZL._AC_SY400_.jpg"></a></span></li><li data-sgproduct="{&quot;asin&quot;:&quot;B08D7V9DWV&quot;}" class="feed-carousel-card" aria-setsize="22" aria-posinset="11" aria-hidden="false" role="listitem" style="display: inline-block;"><span class="a-list-item"><a class="a-link-normal" href="/Kirva-Organics-Natural-Gulkand-Damask/dp/B08D7V9DWV/?_encoding=UTF8&amp;pd_rd_w=TpAqw&amp;pf_rd_p=66774b60-c940-4363-a8d2-a58b0de15c9e&amp;pf_rd_r=BHPJXCXEQ08Q3G08SG3Z&amp;pd_rd_r=1ab9bf9a-97a9-4fca-872c-62755d41ff07&amp;pd_rd_wg=RapKB&amp;ref_=pd_gw_unk"><img alt="Kirva Organics Natural Gulkand | Damask Rose Petals &amp; Rock Sugar - Kesar Elaichi - 500gm (500gm x 1)" src="https://m.media-amazon.com/images/I/61gvHsjr0CS._AC_SY200_.jpg" class="product-image" height="200px" data-a-hires="https://m.media-amazon.com/images/I/61gvHsjr0CS._AC_SY400_.jpg"></a></span></li><li data-sgproduct="{&quot;asin&quot;:&quot;B077VR467B&quot;}" class="feed-carousel-card" aria-setsize="22" aria-posinset="12" aria-hidden="false" role="listitem" style="display: inline-block;"><span class="a-list-item"><a class="a-link-normal" href="/Butternut-Co-Unsweetened-Peanut-Butter/dp/B077VR467B/?_encoding=UTF8&amp;pd_rd_w=TpAqw&amp;pf_rd_p=66774b60-c940-4363-a8d2-a58b0de15c9e&amp;pf_rd_r=BHPJXCXEQ08Q3G08SG3Z&amp;pd_rd_r=1ab9bf9a-97a9-4fca-872c-62755d41ff07&amp;pd_rd_wg=RapKB&amp;ref_=pd_gw_unk"><img alt="The Butternut Co. Peanut Butter Unsweetened, Crunchy 1KG (No Added Sugar, Vegan, High Protein, Keto)" src="https://m.media-amazon.com/images/I/61Ccdzs1EjL._AC_SY200_.jpg" class="product-image" height="200px" data-a-hires="https://m.media-amazon.com/images/I/61Ccdzs1EjL._AC_SY400_.jpg"></a></span></li><li data-sgproduct="{&quot;asin&quot;:&quot;B082PFLC41&quot;}" class="feed-carousel-card" aria-setsize="22" aria-posinset="13" aria-hidden="false" role="listitem" style="display: inline-block;"><span class="a-list-item"><a class="a-link-normal" href="/Super-Healthy-Berries-Nutritious-Varieties/dp/B082PFLC41/?_encoding=UTF8&amp;pd_rd_w=TpAqw&amp;pf_rd_p=66774b60-c940-4363-a8d2-a58b0de15c9e&amp;pf_rd_r=BHPJXCXEQ08Q3G08SG3Z&amp;pd_rd_r=1ab9bf9a-97a9-4fca-872c-62755d41ff07&amp;pd_rd_wg=RapKB&amp;ref_=pd_gw_unk"><img alt="SuperHealthy Dry Fruit Nuts, Seeds &amp; Berries Organic Mix | Nutritious, Roasted and Crunchy Trail Snack | 20+ Varieties..." src="https://m.media-amazon.com/images/I/41mJaE8AnXL._AC_SY200_.jpg" class="product-image" height="200px" data-a-hires="https://m.media-amazon.com/images/I/41mJaE8AnXL._AC_SY400_.jpg"></a></span></li><li data-sgproduct="{&quot;asin&quot;:&quot;B08663PWXQ&quot;}" class="feed-carousel-card" aria-setsize="22" aria-posinset="14" aria-hidden="false" role="listitem" style="display: inline-block;"><span class="a-list-item"><a class="a-link-normal" href="/Smoodies-Pure-Pomegranate-Juice-Natural/dp/B08663PWXQ/?_encoding=UTF8&amp;pd_rd_w=TpAqw&amp;pf_rd_p=66774b60-c940-4363-a8d2-a58b0de15c9e&amp;pf_rd_r=BHPJXCXEQ08Q3G08SG3Z&amp;pd_rd_r=1ab9bf9a-97a9-4fca-872c-62755d41ff07&amp;pd_rd_wg=RapKB&amp;ref_=pd_gw_unk"><img alt="Smoodies Pure Pomegranate Juice - Pack of 6 |100% Natural, No Added Sugar | 200ml x 6" src="https://m.media-amazon.com/images/I/71YcAusUCrL._AC_SY200_.jpg" class="product-image" height="200px" data-a-hires="https://m.media-amazon.com/images/I/71YcAusUCrL._AC_SY400_.jpg"></a></span></li><li data-sgproduct="{&quot;asin&quot;:&quot;B072LD5ZJL&quot;}" class="feed-carousel-card" aria-setsize="22" aria-posinset="15" aria-hidden="false" role="listitem" style="display: inline-block;"><span class="a-list-item"><a class="a-link-normal" href="/Alpino-Natural-Peanut-Butter-Unsweetened/dp/B072LD5ZJL/?_encoding=UTF8&amp;pd_rd_w=TpAqw&amp;pf_rd_p=66774b60-c940-4363-a8d2-a58b0de15c9e&amp;pf_rd_r=BHPJXCXEQ08Q3G08SG3Z&amp;pd_rd_r=1ab9bf9a-97a9-4fca-872c-62755d41ff07&amp;pd_rd_wg=RapKB&amp;ref_=pd_gw_unk"><img alt="Alpino Natural Peanut Butter Crunch 2 KG | Unsweetened | 100% Roasted Peanuts | No Added Sugar, Salt or Hydrogenated..." src="https://m.media-amazon.com/images/I/91VEiklBXRL._AC_SY200_.jpg" class="product-image" height="200px" data-a-hires="https://m.media-amazon.com/images/I/91VEiklBXRL._AC_SY400_.jpg"></a></span></li><li data-sgproduct="{&quot;asin&quot;:&quot;B08B3GS2R8&quot;}" class="feed-carousel-card" aria-setsize="22" aria-posinset="16" aria-hidden="false" role="listitem" style="display: inline-block;"><span class="a-list-item"><a class="a-link-normal" href="/Leaf-Nectar-Natural-Gulkand-Elaichi/dp/B08B3GS2R8/?_encoding=UTF8&amp;pd_rd_w=TpAqw&amp;pf_rd_p=66774b60-c940-4363-a8d2-a58b0de15c9e&amp;pf_rd_r=BHPJXCXEQ08Q3G08SG3Z&amp;pd_rd_r=1ab9bf9a-97a9-4fca-872c-62755d41ff07&amp;pd_rd_wg=RapKB&amp;ref_=pd_gw_unk"><img alt="Leaf &amp; Nectar Natural Gulkand | with Kesar &amp; Elaichi - Prepared Using Damask Rose &amp; Rock Sugar | Natural Organic (500 gm)" src="https://m.media-amazon.com/images/I/61bwEDeiUaS._AC_SY200_.jpg" class="product-image" height="200px" data-a-hires="https://m.media-amazon.com/images/I/61bwEDeiUaS._AC_SY400_.jpg"></a></span></li><li data-sgproduct="{&quot;asin&quot;:&quot;B08LSDY5B5&quot;}" class="feed-carousel-card" aria-setsize="22" aria-posinset="17" aria-hidden="false" role="listitem" style="display: inline-block;"><span class="a-list-item"><a class="a-link-normal" href="/Nutty-Gritties-Mixed-Fruits-1-15Kg/dp/B08LSDY5B5/?_encoding=UTF8&amp;pd_rd_w=TpAqw&amp;pf_rd_p=66774b60-c940-4363-a8d2-a58b0de15c9e&amp;pf_rd_r=BHPJXCXEQ08Q3G08SG3Z&amp;pd_rd_r=1ab9bf9a-97a9-4fca-872c-62755d41ff07&amp;pd_rd_wg=RapKB&amp;ref_=pd_gw_unk"><img alt="Nutty Gritties Mixed Dry Fruits Combo Pack of 18 Nuts, 1.15Kg - Sports Mix, Mix Berries, Seeds Mix, Mom Superfood Mix..." src="https://m.media-amazon.com/images/I/81K2J-pPECL._AC_SY200_.jpg" class="product-image" height="200px" data-a-hires="https://m.media-amazon.com/images/I/81K2J-pPECL._AC_SY400_.jpg"></a></span></li><li data-sgproduct="{&quot;asin&quot;:&quot;B07XDXHT3C&quot;}" class="feed-carousel-card" aria-setsize="22" aria-posinset="18" aria-hidden="false" role="listitem" style="display: inline-block;"><span class="a-list-item"><a class="a-link-normal" href="/Jus-Amazin-Almond-Butter-Unsweetened/dp/B07XDXHT3C/?_encoding=UTF8&amp;pd_rd_w=TpAqw&amp;pf_rd_p=66774b60-c940-4363-a8d2-a58b0de15c9e&amp;pf_rd_r=BHPJXCXEQ08Q3G08SG3Z&amp;pd_rd_r=1ab9bf9a-97a9-4fca-872c-62755d41ff07&amp;pd_rd_wg=RapKB&amp;ref_=pd_gw_unk"><img alt="Jus' Amazin Creamy Almond Butter - Unsweetened (500 g) | 25% Protein | Plant-Based Nutrition | 100% Almonds | Zero..." src="https://m.media-amazon.com/images/I/61dyYOgwpLL._AC_SY200_.jpg" class="product-image" height="200px" data-a-hires="https://m.media-amazon.com/images/I/61dyYOgwpLL._AC_SY400_.jpg"></a></span></li><li data-sgproduct="{&quot;asin&quot;:&quot;B01M1JG6PS&quot;}" class="feed-carousel-card" aria-setsize="22" aria-posinset="19" aria-hidden="false" role="listitem" style="display: inline-block;"><span class="a-list-item"><a class="a-link-normal" href="/Keynote-Gulkand-Damask-Cardamom-Praval/dp/B01M1JG6PS/?_encoding=UTF8&amp;pd_rd_w=TpAqw&amp;pf_rd_p=66774b60-c940-4363-a8d2-a58b0de15c9e&amp;pf_rd_r=BHPJXCXEQ08Q3G08SG3Z&amp;pd_rd_r=1ab9bf9a-97a9-4fca-872c-62755d41ff07&amp;pd_rd_wg=RapKB&amp;ref_=pd_gw_unk"><img alt="Keynote Gulkand / Export Grade / Sun Cooked / Damask Rose, Misri, Cardamom &amp; Praval / Glass Jar of 300 Grams" src="https://m.media-amazon.com/images/I/716v6DOP1qS._AC_SY200_.jpg" class="product-image" height="200px" data-a-hires="https://m.media-amazon.com/images/I/716v6DOP1qS._AC_SY400_.jpg"></a></span></li><li data-sgproduct="{&quot;asin&quot;:&quot;B08HNHRBLG&quot;}" class="feed-carousel-card" aria-setsize="22" aria-posinset="20" aria-hidden="false" role="listitem" style="display: inline-block;"><span class="a-list-item"><a class="a-link-normal" href="/Snackible-Dipsters-Chips-Dip-Choco-Hazelnut/dp/B08HNHRBLG/?_encoding=UTF8&amp;pd_rd_w=TpAqw&amp;pf_rd_p=66774b60-c940-4363-a8d2-a58b0de15c9e&amp;pf_rd_r=BHPJXCXEQ08Q3G08SG3Z&amp;pd_rd_r=1ab9bf9a-97a9-4fca-872c-62755d41ff07&amp;pd_rd_wg=RapKB&amp;ref_=pd_gw_unk"><img alt="Snackible Dipsters Chips &amp; Dip - Assorted Pack of 6 Flavours (Pack of 12) - 12x50gm | Cheesy Jalapeno, Creamy Cheese,..." src="https://m.media-amazon.com/images/I/717GI-3inJS._AC_SY200_.jpg" class="product-image" height="200px" data-a-hires="https://m.media-amazon.com/images/I/717GI-3inJS._AC_SY400_.jpg"></a></span></li><li data-sgproduct="{&quot;asin&quot;:&quot;B08GCS4VS9&quot;}" class="feed-carousel-card" aria-setsize="22" aria-posinset="21" aria-hidden="false" role="listitem" style="display: inline-block;"><span class="a-list-item"><a class="a-link-normal" href="/Nutty-Gritties-Southern-Pepper-Cashews/dp/B08GCS4VS9/?_encoding=UTF8&amp;pd_rd_w=TpAqw&amp;pf_rd_p=66774b60-c940-4363-a8d2-a58b0de15c9e&amp;pf_rd_r=BHPJXCXEQ08Q3G08SG3Z&amp;pd_rd_r=1ab9bf9a-97a9-4fca-872c-62755d41ff07&amp;pd_rd_wg=RapKB&amp;ref_=pd_gw_unk"><img alt="Nutty Gritties Salted Cashew Nuts, Roasted Pepper, 400g (Pack of 2, 200g each)" src="https://m.media-amazon.com/images/I/71WsySVOKYL._AC_SY200_.jpg" class="product-image" height="200px" data-a-hires="https://m.media-amazon.com/images/I/71WsySVOKYL._AC_SY400_.jpg"></a></span></li><li data-sgproduct="{&quot;asin&quot;:&quot;B0755Y1HL1&quot;}" class="feed-carousel-card" aria-setsize="22" aria-posinset="22" aria-hidden="false" role="listitem" style="display: inline-block;"><span class="a-list-item"><a class="a-link-normal" href="/Nutriorg-Instant-Oats-100-Gluten/dp/B0755Y1HL1/?_encoding=UTF8&amp;pd_rd_w=TpAqw&amp;pf_rd_p=66774b60-c940-4363-a8d2-a58b0de15c9e&amp;pf_rd_r=BHPJXCXEQ08Q3G08SG3Z&amp;pd_rd_r=1ab9bf9a-97a9-4fca-872c-62755d41ff07&amp;pd_rd_wg=RapKB&amp;ref_=pd_gw_unk"><img alt="Nutriorg Organic Instant Oats 1 kg (Pack of 2 * 500g) | USDA Certified | Made from 100% Organic Produce | Weight..." src="https://m.media-amazon.com/images/I/71VbBFbMTWL._AC_SY200_.jpg" class="product-image" height="200px" data-a-hires="https://m.media-amazon.com/images/I/71VbBFbMTWL._AC_SY400_.jpg"></a></span></li></ul><div class="spinner" aria-hidden="true" style="display: none;"><i class="gw-spinner" role="presentation"></i></div></div><a aria-label="Carousel previous slide" class="a-link-normal feed-carousel-control feed-left feed-control-disabled" tabindex="-1" href="#" aria-hidden="true"><span class="gw-icon feed-arrow"></span></a><a aria-label="Carousel next slide" class="a-link-normal feed-carousel-control feed-right" tabindex="-1" href="#" aria-hidden="true"><span class="gw-icon feed-arrow"></span></a><span class="feed-scrollbar"><span class="feed-scrollbar-track"><span class="feed-scrollbar-thumb" style="width: 368.083px; left: 0px;"></span></span></span></div><script type="text/javascript">P.when("component-feed-carousel").execute(function(c) { c.createCarousel("#e7889716-a4d3-4897-934a-a24af304f381 .feed-carousel", 10,  0 ); });</script><script id="e7889716-a4d3-4897-934a-a24af304f381-btfCarouselContent" type="text/x-lazy-loaded-content"><li data-sgproduct="{&quot;asin&quot;:&quot;B08ZYFJFMR&quot;}" class="feed-carousel-card"><span class="a-list-item"><a class="a-link-normal" href="/EAT-Mindful-Premium-Iranian-snacking/dp/B08ZYFJFMR/?_encoding=UTF8&amp;pd_rd_w=TpAqw&amp;pf_rd_p=66774b60-c940-4363-a8d2-a58b0de15c9e&amp;pf_rd_r=BHPJXCXEQ08Q3G08SG3Z&amp;pd_rd_r=1ab9bf9a-97a9-4fca-872c-62755d41ff07&amp;pd_rd_wg=RapKB&amp;ref_=pd_gw_unk"><img alt="EAT - Eat Any time Mindful Premium Iranian Kimia Dates for Healthy Snacking, 500g" src="https://m.media-amazon.com/images/I/71e9USZ8sGL._AC_SY200_.jpg" class="product-image" height="200px" data-a-hires="https://m.media-amazon.com/images/I/71e9USZ8sGL._AC_SY400_.jpg"/></a></span></li><li data-sgproduct="{&quot;asin&quot;:&quot;B0851L15DR&quot;}" class="feed-carousel-card"><span class="a-list-item"><a class="a-link-normal" href="/Nutty-Gritties-Super-Seeds-Mix/dp/B0851L15DR/?_encoding=UTF8&amp;pd_rd_w=TpAqw&amp;pf_rd_p=66774b60-c940-4363-a8d2-a58b0de15c9e&amp;pf_rd_r=BHPJXCXEQ08Q3G08SG3Z&amp;pd_rd_r=1ab9bf9a-97a9-4fca-872c-62755d41ff07&amp;pd_rd_wg=RapKB&amp;ref_=pd_gw_unk"><img alt="Nutty Gritties Super Seeds Mix - Roasted - Flax, Chia, Sesame, Sunflower, Watermelon, Pumpkin Seeds, Mixed Seeds for..." src="https://m.media-amazon.com/images/I/51Rf9VWSH4L._AC_SY200_.jpg" class="product-image" height="200px" data-a-hires="https://m.media-amazon.com/images/I/51Rf9VWSH4L._AC_SY400_.jpg"/></a></span></li><li data-sgproduct="{&quot;asin&quot;:&quot;B07DT21LHG&quot;}" class="feed-carousel-card"><span class="a-list-item"><a class="a-link-normal" href="/Nutriorg-Gluten-Rolled-Combo-1000gms/dp/B07DT21LHG/?_encoding=UTF8&amp;pd_rd_w=TpAqw&amp;pf_rd_p=66774b60-c940-4363-a8d2-a58b0de15c9e&amp;pf_rd_r=BHPJXCXEQ08Q3G08SG3Z&amp;pd_rd_r=1ab9bf9a-97a9-4fca-872c-62755d41ff07&amp;pd_rd_wg=RapKB&amp;ref_=pd_gw_unk"><img alt="Nutriorg Organic Gluten Free Rolled Oats 1 kg (Pack of 2 * 500g ) | USDA Certified | Made from 100 % Organic Produce |..." src="https://m.media-amazon.com/images/I/715ahFUZyZL._AC_SY200_.jpg" class="product-image" height="200px" data-a-hires="https://m.media-amazon.com/images/I/715ahFUZyZL._AC_SY400_.jpg"/></a></span></li><li data-sgproduct="{&quot;asin&quot;:&quot;B08D7V9DWV&quot;}" class="feed-carousel-card"><span class="a-list-item"><a class="a-link-normal" href="/Kirva-Organics-Natural-Gulkand-Damask/dp/B08D7V9DWV/?_encoding=UTF8&amp;pd_rd_w=TpAqw&amp;pf_rd_p=66774b60-c940-4363-a8d2-a58b0de15c9e&amp;pf_rd_r=BHPJXCXEQ08Q3G08SG3Z&amp;pd_rd_r=1ab9bf9a-97a9-4fca-872c-62755d41ff07&amp;pd_rd_wg=RapKB&amp;ref_=pd_gw_unk"><img alt="Kirva Organics Natural Gulkand | Damask Rose Petals &amp; Rock Sugar - Kesar Elaichi - 500gm (500gm x 1)" src="https://m.media-amazon.com/images/I/61gvHsjr0CS._AC_SY200_.jpg" class="product-image" height="200px" data-a-hires="https://m.media-amazon.com/images/I/61gvHsjr0CS._AC_SY400_.jpg"/></a></span></li><li data-sgproduct="{&quot;asin&quot;:&quot;B077VR467B&quot;}" class="feed-carousel-card"><span class="a-list-item"><a class="a-link-normal" href="/Butternut-Co-Unsweetened-Peanut-Butter/dp/B077VR467B/?_encoding=UTF8&amp;pd_rd_w=TpAqw&amp;pf_rd_p=66774b60-c940-4363-a8d2-a58b0de15c9e&amp;pf_rd_r=BHPJXCXEQ08Q3G08SG3Z&amp;pd_rd_r=1ab9bf9a-97a9-4fca-872c-62755d41ff07&amp;pd_rd_wg=RapKB&amp;ref_=pd_gw_unk"><img alt="The Butternut Co. Peanut Butter Unsweetened, Crunchy 1KG (No Added Sugar, Vegan, High Protein, Keto)" src="https://m.media-amazon.com/images/I/61Ccdzs1EjL._AC_SY200_.jpg" class="product-image" height="200px" data-a-hires="https://m.media-amazon.com/images/I/61Ccdzs1EjL._AC_SY400_.jpg"/></a></span></li><li data-sgproduct="{&quot;asin&quot;:&quot;B082PFLC41&quot;}" class="feed-carousel-card"><span class="a-list-item"><a class="a-link-normal" href="/Super-Healthy-Berries-Nutritious-Varieties/dp/B082PFLC41/?_encoding=UTF8&amp;pd_rd_w=TpAqw&amp;pf_rd_p=66774b60-c940-4363-a8d2-a58b0de15c9e&amp;pf_rd_r=BHPJXCXEQ08Q3G08SG3Z&amp;pd_rd_r=1ab9bf9a-97a9-4fca-872c-62755d41ff07&amp;pd_rd_wg=RapKB&amp;ref_=pd_gw_unk"><img alt="SuperHealthy Dry Fruit Nuts, Seeds &amp; Berries Organic Mix | Nutritious, Roasted and Crunchy Trail Snack | 20+ Varieties..." src="https://m.media-amazon.com/images/I/41mJaE8AnXL._AC_SY200_.jpg" class="product-image" height="200px" data-a-hires="https://m.media-amazon.com/images/I/41mJaE8AnXL._AC_SY400_.jpg"/></a></span></li><li data-sgproduct="{&quot;asin&quot;:&quot;B08663PWXQ&quot;}" class="feed-carousel-card"><span class="a-list-item"><a class="a-link-normal" href="/Smoodies-Pure-Pomegranate-Juice-Natural/dp/B08663PWXQ/?_encoding=UTF8&amp;pd_rd_w=TpAqw&amp;pf_rd_p=66774b60-c940-4363-a8d2-a58b0de15c9e&amp;pf_rd_r=BHPJXCXEQ08Q3G08SG3Z&amp;pd_rd_r=1ab9bf9a-97a9-4fca-872c-62755d41ff07&amp;pd_rd_wg=RapKB&amp;ref_=pd_gw_unk"><img alt="Smoodies Pure Pomegranate Juice - Pack of 6 |100% Natural, No Added Sugar | 200ml x 6" src="https://m.media-amazon.com/images/I/71YcAusUCrL._AC_SY200_.jpg" class="product-image" height="200px" data-a-hires="https://m.media-amazon.com/images/I/71YcAusUCrL._AC_SY400_.jpg"/></a></span></li><li data-sgproduct="{&quot;asin&quot;:&quot;B072LD5ZJL&quot;}" class="feed-carousel-card"><span class="a-list-item"><a class="a-link-normal" href="/Alpino-Natural-Peanut-Butter-Unsweetened/dp/B072LD5ZJL/?_encoding=UTF8&amp;pd_rd_w=TpAqw&amp;pf_rd_p=66774b60-c940-4363-a8d2-a58b0de15c9e&amp;pf_rd_r=BHPJXCXEQ08Q3G08SG3Z&amp;pd_rd_r=1ab9bf9a-97a9-4fca-872c-62755d41ff07&amp;pd_rd_wg=RapKB&amp;ref_=pd_gw_unk"><img alt="Alpino Natural Peanut Butter Crunch 2 KG | Unsweetened | 100% Roasted Peanuts | No Added Sugar, Salt or Hydrogenated..." src="https://m.media-amazon.com/images/I/91VEiklBXRL._AC_SY200_.jpg" class="product-image" height="200px" data-a-hires="https://m.media-amazon.com/images/I/91VEiklBXRL._AC_SY400_.jpg"/></a></span></li><li data-sgproduct="{&quot;asin&quot;:&quot;B08B3GS2R8&quot;}" class="feed-carousel-card"><span class="a-list-item"><a class="a-link-normal" href="/Leaf-Nectar-Natural-Gulkand-Elaichi/dp/B08B3GS2R8/?_encoding=UTF8&amp;pd_rd_w=TpAqw&amp;pf_rd_p=66774b60-c940-4363-a8d2-a58b0de15c9e&amp;pf_rd_r=BHPJXCXEQ08Q3G08SG3Z&amp;pd_rd_r=1ab9bf9a-97a9-4fca-872c-62755d41ff07&amp;pd_rd_wg=RapKB&amp;ref_=pd_gw_unk"><img alt="Leaf &amp; Nectar Natural Gulkand | with Kesar &amp; Elaichi - Prepared Using Damask Rose &amp; Rock Sugar | Natural Organic (500 gm)" src="https://m.media-amazon.com/images/I/61bwEDeiUaS._AC_SY200_.jpg" class="product-image" height="200px" data-a-hires="https://m.media-amazon.com/images/I/61bwEDeiUaS._AC_SY400_.jpg"/></a></span></li><li data-sgproduct="{&quot;asin&quot;:&quot;B08LSDY5B5&quot;}" class="feed-carousel-card"><span class="a-list-item"><a class="a-link-normal" href="/Nutty-Gritties-Mixed-Fruits-1-15Kg/dp/B08LSDY5B5/?_encoding=UTF8&amp;pd_rd_w=TpAqw&amp;pf_rd_p=66774b60-c940-4363-a8d2-a58b0de15c9e&amp;pf_rd_r=BHPJXCXEQ08Q3G08SG3Z&amp;pd_rd_r=1ab9bf9a-97a9-4fca-872c-62755d41ff07&amp;pd_rd_wg=RapKB&amp;ref_=pd_gw_unk"><img alt="Nutty Gritties Mixed Dry Fruits Combo Pack of 18 Nuts, 1.15Kg - Sports Mix, Mix Berries, Seeds Mix, Mom Superfood Mix..." src="https://m.media-amazon.com/images/I/81K2J-pPECL._AC_SY200_.jpg" class="product-image" height="200px" data-a-hires="https://m.media-amazon.com/images/I/81K2J-pPECL._AC_SY400_.jpg"/></a></span></li><li data-sgproduct="{&quot;asin&quot;:&quot;B07XDXHT3C&quot;}" class="feed-carousel-card"><span class="a-list-item"><a class="a-link-normal" href="/Jus-Amazin-Almond-Butter-Unsweetened/dp/B07XDXHT3C/?_encoding=UTF8&amp;pd_rd_w=TpAqw&amp;pf_rd_p=66774b60-c940-4363-a8d2-a58b0de15c9e&amp;pf_rd_r=BHPJXCXEQ08Q3G08SG3Z&amp;pd_rd_r=1ab9bf9a-97a9-4fca-872c-62755d41ff07&amp;pd_rd_wg=RapKB&amp;ref_=pd_gw_unk"><img alt="Jus&#x27; Amazin Creamy Almond Butter - Unsweetened (500 g) | 25% Protein | Plant-Based Nutrition | 100% Almonds | Zero..." src="https://m.media-amazon.com/images/I/61dyYOgwpLL._AC_SY200_.jpg" class="product-image" height="200px" data-a-hires="https://m.media-amazon.com/images/I/61dyYOgwpLL._AC_SY400_.jpg"/></a></span></li><li data-sgproduct="{&quot;asin&quot;:&quot;B01M1JG6PS&quot;}" class="feed-carousel-card"><span class="a-list-item"><a class="a-link-normal" href="/Keynote-Gulkand-Damask-Cardamom-Praval/dp/B01M1JG6PS/?_encoding=UTF8&amp;pd_rd_w=TpAqw&amp;pf_rd_p=66774b60-c940-4363-a8d2-a58b0de15c9e&amp;pf_rd_r=BHPJXCXEQ08Q3G08SG3Z&amp;pd_rd_r=1ab9bf9a-97a9-4fca-872c-62755d41ff07&amp;pd_rd_wg=RapKB&amp;ref_=pd_gw_unk"><img alt="Keynote Gulkand / Export Grade / Sun Cooked / Damask Rose, Misri, Cardamom &amp; Praval / Glass Jar of 300 Grams" src="https://m.media-amazon.com/images/I/716v6DOP1qS._AC_SY200_.jpg" class="product-image" height="200px" data-a-hires="https://m.media-amazon.com/images/I/716v6DOP1qS._AC_SY400_.jpg"/></a></span></li><li data-sgproduct="{&quot;asin&quot;:&quot;B08HNHRBLG&quot;}" class="feed-carousel-card"><span class="a-list-item"><a class="a-link-normal" href="/Snackible-Dipsters-Chips-Dip-Choco-Hazelnut/dp/B08HNHRBLG/?_encoding=UTF8&amp;pd_rd_w=TpAqw&amp;pf_rd_p=66774b60-c940-4363-a8d2-a58b0de15c9e&amp;pf_rd_r=BHPJXCXEQ08Q3G08SG3Z&amp;pd_rd_r=1ab9bf9a-97a9-4fca-872c-62755d41ff07&amp;pd_rd_wg=RapKB&amp;ref_=pd_gw_unk"><img alt="Snackible Dipsters Chips &amp; Dip - Assorted Pack of 6 Flavours (Pack of 12) - 12x50gm | Cheesy Jalapeno, Creamy Cheese,..." src="https://m.media-amazon.com/images/I/717GI-3inJS._AC_SY200_.jpg" class="product-image" height="200px" data-a-hires="https://m.media-amazon.com/images/I/717GI-3inJS._AC_SY400_.jpg"/></a></span></li><li data-sgproduct="{&quot;asin&quot;:&quot;B08GCS4VS9&quot;}" class="feed-carousel-card"><span class="a-list-item"><a class="a-link-normal" href="/Nutty-Gritties-Southern-Pepper-Cashews/dp/B08GCS4VS9/?_encoding=UTF8&amp;pd_rd_w=TpAqw&amp;pf_rd_p=66774b60-c940-4363-a8d2-a58b0de15c9e&amp;pf_rd_r=BHPJXCXEQ08Q3G08SG3Z&amp;pd_rd_r=1ab9bf9a-97a9-4fca-872c-62755d41ff07&amp;pd_rd_wg=RapKB&amp;ref_=pd_gw_unk"><img alt="Nutty Gritties Salted Cashew Nuts, Roasted Pepper, 400g (Pack of 2, 200g each)" src="https://m.media-amazon.com/images/I/71WsySVOKYL._AC_SY200_.jpg" class="product-image" height="200px" data-a-hires="https://m.media-amazon.com/images/I/71WsySVOKYL._AC_SY400_.jpg"/></a></span></li><li data-sgproduct="{&quot;asin&quot;:&quot;B0755Y1HL1&quot;}" class="feed-carousel-card"><span class="a-list-item"><a class="a-link-normal" href="/Nutriorg-Instant-Oats-100-Gluten/dp/B0755Y1HL1/?_encoding=UTF8&amp;pd_rd_w=TpAqw&amp;pf_rd_p=66774b60-c940-4363-a8d2-a58b0de15c9e&amp;pf_rd_r=BHPJXCXEQ08Q3G08SG3Z&amp;pd_rd_r=1ab9bf9a-97a9-4fca-872c-62755d41ff07&amp;pd_rd_wg=RapKB&amp;ref_=pd_gw_unk"><img alt="Nutriorg Organic Instant Oats 1 kg (Pack of 2 * 500g) | USDA Certified | Made from 100% Organic Produce | Weight..." src="https://m.media-amazon.com/images/I/71VbBFbMTWL._AC_SY200_.jpg" class="product-image" height="200px" data-a-hires="https://m.media-amazon.com/images/I/71VbBFbMTWL._AC_SY400_.jpg"/></a></span></li></script><script type="text/javascript">(function carouselBtf(d, w) { var p = d.getElementById("e7889716-a4d3-4897-934a-a24af304f381-btfCarouselContent"), h = p && p.innerHTML, v = h ? [h] : []; w.GWData = w.GWData || {}; w.GWData['e7889716-a4d3-4897-934a-a24af304f381'] = { loaded: false, data: v }; }(document, window));</script></div></div><script>(function(f){f(P._namespace('gwiAutoInstVisible'));}(function(P) {if(window.GWI){GWI.Card.autoInstVisible('euQXAhTHp_1g8GfX-YOy7A');}}));</script>
</div>
<hr data-display-at="smws" data-order-sm="3" data-order-ws="3" class="card-flow-row-break">
<div id="desktop-btf-grid-1" data-gwi="{&quot;visible&quot;:&quot;desktop-btf-grid-1-visible&quot;,&quot;active&quot;:&quot;desktop-btf-grid-1-active&quot;}" data-display-at="smws" data-order-ws="4" class="gw-col csm-placement-id-fce1e148-5497-4f70-9ce1-b8f587325e07 desktop-gateway-btf_c479f2ee-467a-4b8b-9ffd-405576b5c116 celwidget pd_rd_wg-RapKB pd_rd_w-Jm85u pd_rd_r-1ab9bf9a-97a9-4fca-872c-62755d41ff07" data-order-sm="4" data-pf_rd_p="fce1e148-5497-4f70-9ce1-b8f587325e07" data-pd_rd_wg="RapKB" data-pd_rd_w="Jm85u" data-pd_rd_r="1ab9bf9a-97a9-4fca-872c-62755d41ff07" data-ref_="pd_gw_unk" data-csa-c-type="widget" data-csa-c-slot-id="desktop-btf-grid-1" data-csa-c-content-id="fce1e148-5497-4f70-9ce1-b8f587325e07" data-csa-c-id="i8sa6x-oemay2-bvrfra-o50lzr" data-cel-widget="desktop-btf-grid-1"><div id="X2F6hEr2DnuV8zLRYtYBTA" class="a-cardui fluid-fat-image-link fluid-card fluid-fat-image-link" data-a-card-type="basic"><div class="a-cardui-header"><h2 class="a-color-base headline truncate-2line">Up to 75% off | Headphones &amp; Speakers</h2></div><div class="a-cardui-body"><a class="a-link-normal center-image aok-block image-window" href="/b?node=1389335031"><div class="a-section a-spacing-none fluid-image-container"><img alt="Up to 80% off | Headphones &amp; Speakers" src="https://images-eu.ssl-images-amazon.com/images/G/31/img21/Audio/JanART22/GW/Day1/Desktop_Gateway_Category_Card-1_1x._SY304_CB647366817_.jpg" class="landscape-image" data-a-hires="https://images-eu.ssl-images-amazon.com/images/G/31/img21/Audio/JanART22/GW/Day1/Desktop_Gateway_Category_Card_2x._SY608_CB647366817_.jpg"></div></a></div><div class="a-cardui-footer"><a class="a-link-normal see-more truncate-1line" href="/b?node=1389335031">See all offers</a></div></div><script>(function(f){f(P._namespace('gwiAutoInstVisible'));}(function(P) {if(window.GWI){GWI.Card.autoInstVisible('X2F6hEr2DnuV8zLRYtYBTA');}}));</script>
<script>P.when('mix:fluid-fat-image-link').execute(function (cardModule) {cardModule.init('X2F6hEr2DnuV8zLRYtYBTA');if(window.GWI){window.GWI.Card.autoInstActive('X2F6hEr2DnuV8zLRYtYBTA');}});
</script>
</div>
<div id="desktop-btf-grid-2" data-gwi="{&quot;visible&quot;:&quot;desktop-btf-grid-2-visible&quot;,&quot;active&quot;:&quot;desktop-btf-grid-2-active&quot;}" data-display-at="smws" data-order-ws="4" class="gw-col csm-placement-id-22529a16-401c-4257-a905-e22c1e4bf6d1 desktop-gateway-btf_e88b9df7-d9ce-424c-a74c-ff4cef9e5fb0 celwidget pd_rd_wg-RapKB pd_rd_w-P3t6x pd_rd_r-1ab9bf9a-97a9-4fca-872c-62755d41ff07" data-order-sm="4" data-pf_rd_p="22529a16-401c-4257-a905-e22c1e4bf6d1" data-pd_rd_wg="RapKB" data-pd_rd_w="P3t6x" data-pd_rd_r="1ab9bf9a-97a9-4fca-872c-62755d41ff07" data-ref_="pd_gw_unk" data-csa-c-type="widget" data-csa-c-slot-id="desktop-btf-grid-2" data-csa-c-content-id="22529a16-401c-4257-a905-e22c1e4bf6d1" data-csa-c-id="dpt95m-m2fpe9-r2ne80-9z28ro" data-cel-widget="desktop-btf-grid-2"><div id="f-UVyIzVX9O0dSH4HDcOIA" class="a-cardui fluid-quad-card fluid-card fluid-quad-image-label fluid-quad-image-label" data-a-card-type="basic"><div class="a-cardui-header"><h2 class="a-color-base headline truncate-2line">Upto 70% off | Products from women-led business</h2></div><div class="a-cardui-body"><div class="a-section a-spacing-small grid-row-1"><div class="a-section a-spacing-none quadrant-container quadrant-container-0"><a aria-label="Up to 70% off | Clothing" class="a-link-normal image-redirect aok-block image-window" href="/s?i=apparel&amp;srs=14311774031&amp;bbn=1571272031&amp;rh=n%3A1571271031%2Cn%3A1953602031"><div class="a-section a-spacing-none fluid-image-container"><img alt="Up to 70% off | Clothing" src="https://images-eu.ssl-images-amazon.com/images/G/31/AmazonSaheli/Jan_ART/new/clothing-1x._SY116_CB647235993_.jpg" class="landscape-image" data-a-hires="https://images-eu.ssl-images-amazon.com/images/G/31/AmazonSaheli/Jan_ART/new/clothing._SY232_CB647235993_.jpg"></div><div class="a-section a-spacing-none image-label aok-inline-block aok-align-center"><span class="a-size-small a-color-base truncate-2line">Up to 70% off | Clothing</span></div></a></div><div class="a-section a-spacing-none quadrant-container quadrant-container-1"><a aria-label="Up to 50% off | Jewellery" class="a-link-normal image-redirect aok-block image-window" href="/s?i=jewelry&amp;srs=14311774031&amp;bbn=1951049031&amp;rh=n%3A1951048031%2Cn%3A7124358031"><div class="a-section a-spacing-none fluid-image-container"><img alt="Up to 50% off | Jewellery" src="https://images-eu.ssl-images-amazon.com/images/G/31/AmazonSaheli/Jan_ART/new/jeewllery-1x._SY116_CB647235993_.jpg" class="landscape-image" data-a-hires="https://images-eu.ssl-images-amazon.com/images/G/31/AmazonSaheli/Jan_ART/new/jewellery._SY232_CB647235993_.jpg"></div><div class="a-section a-spacing-none image-label aok-inline-block aok-align-center"><span class="a-size-small a-color-base truncate-2line">Up to 50% off | Jewellery</span></div></a></div></div><div class="a-section grid-row-2"><div class="a-section a-spacing-none quadrant-container quadrant-container-0"><a aria-label="Up to 50% off | Home decor" class="a-link-normal image-redirect aok-block image-window" href="/s?i=kitchen&amp;srs=14311774031&amp;bbn=976443031&amp;rh=n%3A976442031%2Cn%3A1380374031"><div class="a-section a-spacing-none fluid-image-container"><img alt="Up to 50% off | Home decor" src="https://images-eu.ssl-images-amazon.com/images/G/31/AmazonSaheli/Jan_ART/new/decor-1x._SY116_CB647235993_.jpg" class="landscape-image" data-a-hires="https://images-eu.ssl-images-amazon.com/images/G/31/AmazonSaheli/Jan_ART/new/decor-2x._SY232_CB647235993_.jpg"></div><div class="a-section a-spacing-none image-label aok-inline-block aok-align-center"><span class="a-size-small a-color-base truncate-2line">Up to 50% off | Home decor</span></div></a></div><div class="a-section a-spacing-none quadrant-container quadrant-container-1"><a aria-label="Up to 40% off | Home furnishings" class="a-link-normal image-redirect aok-block image-window" href="/s?i=kitchen&amp;srs=14311774031&amp;bbn=976443031&amp;rh=n%3A976442031%2Cn%3A1380442031"><div class="a-section a-spacing-none fluid-image-container"><img alt="Up to 40% off | Home furnishings" src="https://images-eu.ssl-images-amazon.com/images/G/31/AmazonSaheli/Jan_ART/new/furnishings-1x._SY116_CB647235993_.jpg" class="landscape-image" data-a-hires="https://images-eu.ssl-images-amazon.com/images/G/31/AmazonSaheli/Jan_ART/new/furnishings-2x._SY232_CB647235993_.jpg"></div><div class="a-section a-spacing-none image-label aok-inline-block aok-align-center"><span class="a-size-small a-color-base truncate-2line">Up to 40% off | Home furnishings</span></div></a></div></div></div><div class="a-cardui-footer"><a class="a-link-normal see-more truncate-1line" href="/b?ie=UTF8&amp;node=27381809031">See all offers</a></div></div><script>(function(f){f(P._namespace('gwiAutoInstVisible'));}(function(P) {if(window.GWI){GWI.Card.autoInstVisible('f-UVyIzVX9O0dSH4HDcOIA');}}));</script>
<script>P.when('mix:fluid-quad-image-label').execute(function (cardModule) {cardModule.init('f-UVyIzVX9O0dSH4HDcOIA');if(window.GWI){window.GWI.Card.autoInstActive('f-UVyIzVX9O0dSH4HDcOIA');}});
</script>
</div>
<div id="desktop-btf-grid-3" data-gwi="{&quot;visible&quot;:&quot;desktop-btf-grid-3-visible&quot;,&quot;active&quot;:&quot;desktop-btf-grid-3-active&quot;}" data-display-at="smws" data-order-ws="4" class="gw-col csm-placement-id-c8c30240-f4cc-412f-b80e-af7ffe4bf207 desktop-gateway-btf_0ea0ef8e-0d32-4d51-94a7-e2e763e27a67 celwidget pd_rd_wg-RapKB pd_rd_w-i4SxB pd_rd_r-1ab9bf9a-97a9-4fca-872c-62755d41ff07" data-order-sm="4" data-pf_rd_p="c8c30240-f4cc-412f-b80e-af7ffe4bf207" data-pd_rd_wg="RapKB" data-pd_rd_w="i4SxB" data-pd_rd_r="1ab9bf9a-97a9-4fca-872c-62755d41ff07" data-ref_="pd_gw_unk" data-csa-c-type="widget" data-csa-c-slot-id="desktop-btf-grid-3" data-csa-c-content-id="c8c30240-f4cc-412f-b80e-af7ffe4bf207" data-csa-c-id="1924jx-d565u8-2jrdjb-7b97k7" data-cel-widget="desktop-btf-grid-3"><div id="wXDazfhEer0BDWV5W9uOYQ" class="a-cardui fluid-quad-card fluid-card fluid-quad-image-label fluid-quad-image-label" data-a-card-type="basic"><div class="a-cardui-header"><h2 class="a-color-base headline truncate-2line">Up to 70% off | Home shopping from local shops</h2></div><div class="a-cardui-body"><div class="a-section a-spacing-small grid-row-1"><div class="a-section a-spacing-none quadrant-container quadrant-container-0"><a aria-label="Carpets &amp; doormats" class="a-link-normal image-redirect aok-block image-window" href="/s?i=kitchen&amp;srs=27403078031&amp;bbn=27403078031&amp;dc&amp;qid=1642537168&amp;ref=lp_specialty-aps_nr_i_0"><div class="a-section a-spacing-none fluid-image-container"><img alt="Carpets &amp; doormats" src="https://images-eu.ssl-images-amazon.com/images/G/31/cross-site/1_1x_posy._SY116_CB647373111_.jpg" class="landscape-image" data-a-hires="https://images-eu.ssl-images-amazon.com/images/G/31/cross-site/1_2x_inhp._SY232_CB647373111_.jpg"></div><div class="a-section a-spacing-none image-label aok-inline-block aok-align-center"><span class="a-size-small a-color-base truncate-2line">Carpets &amp; doormats</span></div></a></div><div class="a-section a-spacing-none quadrant-container quadrant-container-1"><a aria-label="Bed linen" class="a-link-normal image-redirect aok-block image-window" href="/s?i=kitchen&amp;srs=27403082031&amp;bbn=27403082031&amp;dc&amp;qid=1642537195&amp;ref=lp_specialty-aps_nr_i_0"><div class="a-section a-spacing-none fluid-image-container"><img alt="Bed linen" src="https://images-eu.ssl-images-amazon.com/images/G/31/cross-site/2_1x_unho._SY116_CB647373111_.jpg" class="landscape-image" data-a-hires="https://images-eu.ssl-images-amazon.com/images/G/31/cross-site/2_2x_iudo._SY232_CB647373111_.jpg"></div><div class="a-section a-spacing-none image-label aok-inline-block aok-align-center"><span class="a-size-small a-color-base truncate-2line">Bed linen</span></div></a></div></div><div class="a-section grid-row-2"><div class="a-section a-spacing-none quadrant-container quadrant-container-0"><a aria-label="Living room furniture" class="a-link-normal image-redirect aok-block image-window" href="/s?i=kitchen&amp;srs=27403080031&amp;bbn=27403080031&amp;dc&amp;qid=1642537209&amp;ref=lp_specialty-aps_nr_i_0"><div class="a-section a-spacing-none fluid-image-container"><img alt="Living room furniture" src="https://images-eu.ssl-images-amazon.com/images/G/31/cross-site/3_1x_plai._SY116_CB647373111_.jpg" class="landscape-image" data-a-hires="https://images-eu.ssl-images-amazon.com/images/G/31/cross-site/2_2x_iudo._SY232_CB647373111_.jpg"></div><div class="a-section a-spacing-none image-label aok-inline-block aok-align-center"><span class="a-size-small a-color-base truncate-2line">Living room furniture</span></div></a></div><div class="a-section a-spacing-none quadrant-container quadrant-container-1"><a aria-label="Cushion covers" class="a-link-normal image-redirect aok-block image-window" href="/s?i=kitchen&amp;srs=27403081031&amp;bbn=27403081031&amp;dc&amp;qid=1642537224&amp;ref=lp_specialty-aps_nr_i_0"><div class="a-section a-spacing-none fluid-image-container"><img alt="Cushion covers" src="https://images-eu.ssl-images-amazon.com/images/G/31/cross-site/4_1x_kmnk._SY116_CB647373111_.jpg" class="landscape-image" data-a-hires="https://images-eu.ssl-images-amazon.com/images/G/31/cross-site/4_2x_lmac._SY232_CB647373111_.jpg"></div><div class="a-section a-spacing-none image-label aok-inline-block aok-align-center"><span class="a-size-small a-color-base truncate-2line">Cushion covers</span></div></a></div></div></div><div class="a-cardui-footer"><a class="a-link-normal see-more truncate-1line" href="/l/22962139031">See all offers</a></div></div><script>(function(f){f(P._namespace('gwiAutoInstVisible'));}(function(P) {if(window.GWI){GWI.Card.autoInstVisible('wXDazfhEer0BDWV5W9uOYQ');}}));</script>
<script>P.when('mix:fluid-quad-image-label').execute(function (cardModule) {cardModule.init('wXDazfhEer0BDWV5W9uOYQ');if(window.GWI){window.GWI.Card.autoInstActive('wXDazfhEer0BDWV5W9uOYQ');}});
</script>
</div>
<hr data-display-at="sm" data-order-sm="4" class="card-flow-row-break">
<div id="desktop-btf-grid-4" data-gwi="{&quot;visible&quot;:&quot;desktop-btf-grid-4-visible&quot;,&quot;active&quot;:&quot;desktop-btf-grid-4-active&quot;}" data-display-at="smws" data-order-ws="4" class="gw-col csm-placement-id-ba221e02-25d7-4f69-a587-f74efc776e1b desktop-gateway-btf_88b672fd-b5d8-429c-b25a-3a6c3ed33124 celwidget pd_rd_wg-RapKB pd_rd_w-yl8Dj pd_rd_r-1ab9bf9a-97a9-4fca-872c-62755d41ff07" data-order-sm="9" data-pf_rd_p="ba221e02-25d7-4f69-a587-f74efc776e1b" data-pd_rd_wg="RapKB" data-pd_rd_w="yl8Dj" data-pd_rd_r="1ab9bf9a-97a9-4fca-872c-62755d41ff07" data-ref_="pd_gw_unk" data-csa-c-type="widget" data-csa-c-slot-id="desktop-btf-grid-4" data-csa-c-content-id="ba221e02-25d7-4f69-a587-f74efc776e1b" data-csa-c-id="ki9fm2-x3ydl5-fk7z7x-qu040x" data-cel-widget="desktop-btf-grid-4"><div id="wXuYKTPJqeBmuzTzpZ2NyA" class="a-cardui fluid-quad-card fluid-card fluid-quad-image-label fluid-quad-image-label" data-a-card-type="basic"><div class="a-cardui-header"><h2 class="a-color-base headline truncate-2line">Up to 70% off | Handcrafted picks</h2></div><div class="a-cardui-body"><div class="a-section a-spacing-small grid-row-1"><div class="a-section a-spacing-none quadrant-container quadrant-container-0"><a aria-label="Up to 70% off | Handloom sarees" class="a-link-normal image-redirect aok-block image-window" href="/s?i=apparel&amp;srs=20459597031&amp;bbn=1968256031&amp;rh=n%3A1571271031%2Cn%3A1953602031%2Cn%3A1968253031%2Cn%3A1968256031%2Cp_72%3A1318476031"><div class="a-section a-spacing-none fluid-image-container"><img alt="Up to 70% off | Handloom sarees" src="https://images-eu.ssl-images-amazon.com/images/G/31/img18/Collectibles/ART22/Jan/pcqc-sarees-1x._SY116_CB647279953_.jpg" class="landscape-image" data-a-hires="https://images-eu.ssl-images-amazon.com/images/G/31/img18/Collectibles/ART22/Jan/pcqc-sarees._SY232_CB647279953_.jpg"></div><div class="a-section a-spacing-none image-label aok-inline-block aok-align-center"><span class="a-size-small a-color-base truncate-2line">Up to 70% off | Handloom sarees</span></div></a></div><div class="a-section a-spacing-none quadrant-container quadrant-container-1"><a aria-label="Up to 70% off | Handloom kurtas" class="a-link-normal image-redirect aok-block image-window" href="/s?i=apparel&amp;srs=20459597031&amp;bbn=1968255031&amp;rh=n%3A1571271031%2Cn%3A1953602031%2Cn%3A1968253031%2Cn%3A1968255031%2Cp_72%3A1318477031"><div class="a-section a-spacing-none fluid-image-container"><img alt="Up to 70% off | Handloom kurtas" src="https://images-eu.ssl-images-amazon.com/images/G/31/img18/Collectibles/ART22/Jan/pcqc-kurtas-1x._SY116_CB647279953_.jpg" class="landscape-image" data-a-hires="https://images-eu.ssl-images-amazon.com/images/G/31/img18/Collectibles/ART22/Jan/pcqc-kurtas._SY232_CB647279953_.jpg"></div><div class="a-section a-spacing-none image-label aok-inline-block aok-align-center"><span class="a-size-small a-color-base truncate-2line">Up to 70% off | Handloom kurtas</span></div></a></div></div><div class="a-section grid-row-2"><div class="a-section a-spacing-none quadrant-container quadrant-container-0"><a aria-label="Up to 50% off | Handmade décor" class="a-link-normal image-redirect aok-block image-window" href="/s?i=kitchen&amp;srs=20459597031&amp;bbn=1380374031&amp;rh=n%3A976442031%2Cn%3A1380374031%2Cp_72%3A1318477031"><div class="a-section a-spacing-none fluid-image-container"><img alt="Up to 50% off | Handmade décor" src="https://images-eu.ssl-images-amazon.com/images/G/31/img18/Collectibles/ART22/Jan/pcqc-decor-1x._SY116_CB647279953_.jpg" class="landscape-image" data-a-hires="https://images-eu.ssl-images-amazon.com/images/G/31/img18/Collectibles/ART22/Jan/pcqc-decor._SY232_CB647279953_.jpg"></div><div class="a-section a-spacing-none image-label aok-inline-block aok-align-center"><span class="a-size-small a-color-base truncate-2line">Up to 50% off | Handmade décor</span></div></a></div><div class="a-section a-spacing-none quadrant-container quadrant-container-1"><a aria-label="Up to 70% off | Block printed furnishings" class="a-link-normal image-redirect aok-block image-window" href="/s?i=kitchen&amp;srs=20459597031&amp;bbn=976443031&amp;rh=n%3A976442031%2Cn%3A1380442031"><div class="a-section a-spacing-none fluid-image-container"><img alt="Up to 70% off | Block printed furnishings" src="https://images-eu.ssl-images-amazon.com/images/G/31/img18/Collectibles/ART22/Jan/pcqc-furnishings-1x._SY116_CB647279953_.jpg" class="landscape-image" data-a-hires="https://images-eu.ssl-images-amazon.com/images/G/31/img18/Collectibles/ART22/Jan/pcqc-furnishings-2x._SY232_CB647279953_.jpg"></div><div class="a-section a-spacing-none image-label aok-inline-block aok-align-center"><span class="a-size-small a-color-base truncate-2line">Up to 70% off | Block printed furnishings</span></div></a></div></div></div><div class="a-cardui-footer"><a class="a-link-normal see-more truncate-1line" href="/b?ie=UTF8&amp;node=27381797031">See all offers</a></div></div><script>(function(f){f(P._namespace('gwiAutoInstVisible'));}(function(P) {if(window.GWI){GWI.Card.autoInstVisible('wXuYKTPJqeBmuzTzpZ2NyA');}}));</script>
<script>P.when('mix:fluid-quad-image-label').execute(function (cardModule) {cardModule.init('wXuYKTPJqeBmuzTzpZ2NyA');if(window.GWI){window.GWI.Card.autoInstActive('wXuYKTPJqeBmuzTzpZ2NyA');}});
</script>
</div>
<hr data-display-at="ws" data-order-ws="4" class="card-flow-row-break">
<div id="desktop-3" data-gwi="{&quot;visible&quot;:&quot;desktop-3-visible&quot;,&quot;active&quot;:&quot;desktop-3-active&quot;}" data-col-span-ws="4" data-col-span-sm="3" data-order-ws="5" data-order-sm="5" data-display-at="smws" class="gw-col desktop-row gwi-row gw-widget-instrument gw-auto-height csm-placement-id-c09a2512-54ef-4a91-9ebb-88c016be74cf desktop-gateway-btf_da561a42-4f55-4f1b-be53-034e736e100b celwidget pd_rd_wg-RapKB pd_rd_w-u0fHZ pd_rd_r-1ab9bf9a-97a9-4fca-872c-62755d41ff07" data-pf_rd_p="c09a2512-54ef-4a91-9ebb-88c016be74cf" data-pd_rd_wg="RapKB" data-pd_rd_w="u0fHZ" data-pd_rd_r="1ab9bf9a-97a9-4fca-872c-62755d41ff07" data-ref_="pd_gw_unk" data-csa-c-type="widget" data-csa-c-slot-id="desktop-3" data-csa-c-content-id="c09a2512-54ef-4a91-9ebb-88c016be74cf" data-csa-c-id="huh2od-6hep3k-d77z75-em8xzs" data-cel-widget="desktop-3"><div class="a-section a-spacing-none ameyal-product-shoveler" id="saF_QT1szKSP5erdNY2T1A"><div id="8c87469b-d20d-4387-a516-9d1296f32410" class="a-section a-spacing-none shogun-widget card-lite product-shoveler aui-desktop fresh-shoveler"><div class="a-section as-title-block"><h2 class="as-title-block-left"><span class="a-color-base">Up to 40% off | Drinkware picks from local shops</span></h2><span class="as-title-block-right"><a class="a-link-normal" href="/b?node=22962139031&amp;pd_rd_w=u0fHZ&amp;pf_rd_p=c09a2512-54ef-4a91-9ebb-88c016be74cf&amp;pf_rd_r=BHPJXCXEQ08Q3G08SG3Z&amp;pd_rd_r=1ab9bf9a-97a9-4fca-872c-62755d41ff07&amp;pd_rd_wg=RapKB">See all offers</a></span></div><div class="a-section a-spacing-none feed-carousel"><div class="a-section feed-carousel-viewport"><ul class="a-unordered-list a-nostyle a-horizontal feed-carousel-shelf" role="list"><li data-sgproduct="{&quot;asin&quot;:&quot;B095LZP8DG&quot;}" class="feed-carousel-card" aria-posinset="1" aria-hidden="false" role="listitem" aria-setsize="19" style="display: inline-block; margin-right: 10px;"><span class="a-list-item"><a class="a-link-normal" href="/Premium-Traditional-Everyday-Drinking-Cocktail/dp/B095LZP8DG/?_encoding=UTF8&amp;pd_rd_w=u0fHZ&amp;pf_rd_p=c09a2512-54ef-4a91-9ebb-88c016be74cf&amp;pf_rd_r=BHPJXCXEQ08Q3G08SG3Z&amp;pd_rd_r=1ab9bf9a-97a9-4fca-872c-62755d41ff07&amp;pd_rd_wg=RapKB&amp;ref_=pd_gw_unk"><img alt="Wringo 2 Premium Beer Glasses with Handle 450 ML Beer Mug, Traditional Beer Mug Glasses Set, Perfect for Everyday..." src="https://m.media-amazon.com/images/I/51tEyERnJpS._AC_SY200_.jpg" class="product-image" height="200px" data-a-hires="https://m.media-amazon.com/images/I/51tEyERnJpS._AC_SY400_.jpg"></a></span></li><li data-sgproduct="{&quot;asin&quot;:&quot;B0934PT69X&quot;}" class="feed-carousel-card" aria-posinset="2" aria-hidden="false" role="listitem" aria-setsize="19" style="display: inline-block; margin-right: 10px;"><span class="a-list-item"><a class="a-link-normal" href="/Harikrushn-Fashion-Cocktail-Smoothie-Cocktails/dp/B0934PT69X/?_encoding=UTF8&amp;pd_rd_w=u0fHZ&amp;pf_rd_p=c09a2512-54ef-4a91-9ebb-88c016be74cf&amp;pf_rd_r=BHPJXCXEQ08Q3G08SG3Z&amp;pd_rd_r=1ab9bf9a-97a9-4fca-872c-62755d41ff07&amp;pd_rd_wg=RapKB&amp;ref_=pd_gw_unk"><img alt="Harikrushn Fashion Pilsner Juice Glasses Classic, Milk Shake, Ice Cream Soda Cocktail Smoothie and Cocktails Desert..." src="https://m.media-amazon.com/images/I/41O6qSud6XL._AC_SY200_.jpg" class="product-image" height="200px" data-a-hires="https://m.media-amazon.com/images/I/41O6qSud6XL._AC_SY400_.jpg"></a></span></li><li data-sgproduct="{&quot;asin&quot;:&quot;B09M6THWR5&quot;}" class="feed-carousel-card" aria-posinset="3" aria-hidden="false" role="listitem" aria-setsize="19" style="display: inline-block; margin-right: 10px;"><span class="a-list-item"><a class="a-link-normal" href="/Dnoly-Highball-Milkshake-Dishwasher-Glass-350/dp/B09M6THWR5/?_encoding=UTF8&amp;pd_rd_w=u0fHZ&amp;pf_rd_p=c09a2512-54ef-4a91-9ebb-88c016be74cf&amp;pf_rd_r=BHPJXCXEQ08Q3G08SG3Z&amp;pd_rd_r=1ab9bf9a-97a9-4fca-872c-62755d41ff07&amp;pd_rd_wg=RapKB&amp;ref_=pd_gw_unk"><img alt="Dnoly 400 ML Water Glass Tumbler Highball Glasses Clear Iced Tea and Glasses for Drinking Cocktail, Juice, Milkshake,..." src="https://m.media-amazon.com/images/I/81YN2c3u93L._AC_SY200_.jpg" class="product-image" height="200px" data-a-hires="https://m.media-amazon.com/images/I/81YN2c3u93L._AC_SY400_.jpg"></a></span></li><li data-sgproduct="{&quot;asin&quot;:&quot;B09HS1T3X9&quot;}" class="feed-carousel-card" aria-posinset="4" aria-hidden="false" role="listitem" aria-setsize="19" style="margin-right: 10px; display: inline-block;"><span class="a-list-item"><a class="a-link-normal" href="/Borbax-Blown-Italian-Crystal-Glasses/dp/B09HS1T3X9/?_encoding=UTF8&amp;pd_rd_w=u0fHZ&amp;pf_rd_p=c09a2512-54ef-4a91-9ebb-88c016be74cf&amp;pf_rd_r=BHPJXCXEQ08Q3G08SG3Z&amp;pd_rd_r=1ab9bf9a-97a9-4fca-872c-62755d41ff07&amp;pd_rd_wg=RapKB&amp;ref_=pd_gw_unk"><img alt="Borbax Hand Blown Italian Style Crystal White or Red Wine Glasses - Gift Packaging for Any Occasion - Lead-Free Premium..." src="https://m.media-amazon.com/images/I/81y7Hdn5lLL._AC_SY200_.jpg" class="product-image" height="200px" data-a-hires="https://m.media-amazon.com/images/I/81y7Hdn5lLL._AC_SY400_.jpg"></a></span></li><li data-sgproduct="{&quot;asin&quot;:&quot;B09HV4KD38&quot;}" class="feed-carousel-card" aria-setsize="19" aria-posinset="5" aria-hidden="false" role="listitem" style="margin-right: 10px; display: inline-block;"><span class="a-list-item"><a class="a-link-normal" href="/Borbax-Diamond-Cocktail-Drinkware-Tumblers/dp/B09HV4KD38/?_encoding=UTF8&amp;pd_rd_w=u0fHZ&amp;pf_rd_p=c09a2512-54ef-4a91-9ebb-88c016be74cf&amp;pf_rd_r=BHPJXCXEQ08Q3G08SG3Z&amp;pd_rd_r=1ab9bf9a-97a9-4fca-872c-62755d41ff07&amp;pd_rd_wg=RapKB&amp;ref_=pd_gw_unk"><img alt="Borbax Diamond Whiskey Glasses, Set of 1 Rocks Glasses Gold Banded Cocktail Drinkware for Rum, Scotch, Bourbon or Wine..." src="https://m.media-amazon.com/images/I/71QPsIqbKgL._AC_SY200_.jpg" class="product-image" height="200px" data-a-hires="https://m.media-amazon.com/images/I/71QPsIqbKgL._AC_SY400_.jpg"></a></span></li><li data-sgproduct="{&quot;asin&quot;:&quot;B0985Y1YNM&quot;}" class="feed-carousel-card" aria-setsize="19" aria-posinset="6" aria-hidden="false" role="listitem" style="margin-right: 10px; display: inline-block;"><span class="a-list-item"><a class="a-link-normal" href="/3VS-Glasses-Snifters-Bourbon-Lead-Free/dp/B0985Y1YNM/?_encoding=UTF8&amp;pd_rd_w=u0fHZ&amp;pf_rd_p=c09a2512-54ef-4a91-9ebb-88c016be74cf&amp;pf_rd_r=BHPJXCXEQ08Q3G08SG3Z&amp;pd_rd_r=1ab9bf9a-97a9-4fca-872c-62755d41ff07&amp;pd_rd_wg=RapKB&amp;ref_=pd_gw_unk"><img alt="3VS Brandy Glasses Set, Clear Small Glass Snifters for Scotch &amp; Bourbon &amp; Whiskey and Spirits, Lead-Free Beer Tasting..." src="https://m.media-amazon.com/images/I/519ZeMpGKqL._AC_SY200_.jpg" class="product-image" height="200px" data-a-hires="https://m.media-amazon.com/images/I/519ZeMpGKqL._AC_SY400_.jpg"></a></span></li><li data-sgproduct="{&quot;asin&quot;:&quot;B09BFP4HT9&quot;}" class="feed-carousel-card" aria-setsize="19" aria-posinset="7" aria-hidden="false" role="listitem" style="margin-right: 10px; display: inline-block;"><span class="a-list-item"><a class="a-link-normal" href="/Arovita-Margarita-Cocktail-Glasses-Clear/dp/B09BFP4HT9/?_encoding=UTF8&amp;pd_rd_w=u0fHZ&amp;pf_rd_p=c09a2512-54ef-4a91-9ebb-88c016be74cf&amp;pf_rd_r=BHPJXCXEQ08Q3G08SG3Z&amp;pd_rd_r=1ab9bf9a-97a9-4fca-872c-62755d41ff07&amp;pd_rd_wg=RapKB&amp;ref_=pd_gw_unk"><img alt="Arovita Margarita Cocktail &amp; Wine Glasses Set, 200 ML ,Clear (2) (4)" src="https://m.media-amazon.com/images/I/41gAB7GbI9L._AC_SY200_.jpg" class="product-image" height="200px" data-a-hires="https://m.media-amazon.com/images/I/41gAB7GbI9L._AC_SY400_.jpg"></a></span></li><li data-sgproduct="{&quot;asin&quot;:&quot;B0978TC9QQ&quot;}" class="feed-carousel-card" aria-setsize="19" aria-posinset="8" aria-hidden="false" role="listitem" style="margin-right: 10px; display: inline-block;"><span class="a-list-item"><a class="a-link-normal" href="/PEJULI-Highball-Drinking-Lead-Free-Glassware/dp/B0978TC9QQ/?_encoding=UTF8&amp;pd_rd_w=u0fHZ&amp;pf_rd_p=c09a2512-54ef-4a91-9ebb-88c016be74cf&amp;pf_rd_r=BHPJXCXEQ08Q3G08SG3Z&amp;pd_rd_r=1ab9bf9a-97a9-4fca-872c-62755d41ff07&amp;pd_rd_wg=RapKB&amp;ref_=pd_gw_unk"><img alt="PEJULI Highball Glasses Set of 2 Tall Drinking Glasses 350ML Cocktail Glass Set Lead-Free Crystal Glassware. Bourbon or..." src="https://m.media-amazon.com/images/I/714reuTnBLS._AC_SY200_.jpg" class="product-image" height="200px" data-a-hires="https://m.media-amazon.com/images/I/714reuTnBLS._AC_SY400_.jpg"></a></span></li><li data-sgproduct="{&quot;asin&quot;:&quot;B0971PCWNM&quot;}" class="feed-carousel-card" aria-setsize="19" style="margin-right: 10px; display: inline-block;" aria-posinset="9" aria-hidden="false" role="listitem"><span class="a-list-item"><a class="a-link-normal" href="/MahantamTM-Square-Shape-Water-Glasses/dp/B0971PCWNM/?_encoding=UTF8&amp;pd_rd_w=u0fHZ&amp;pf_rd_p=c09a2512-54ef-4a91-9ebb-88c016be74cf&amp;pf_rd_r=BHPJXCXEQ08Q3G08SG3Z&amp;pd_rd_r=1ab9bf9a-97a9-4fca-872c-62755d41ff07&amp;pd_rd_wg=RapKB&amp;ref_=pd_gw_unk"><img alt="Mahantam™ Mart Square Shape Water /Juice Glasses - Set of 6 PIS | Highball Glasses | Juice Glass | Plaza Tumbler 310 ML..." src="https://m.media-amazon.com/images/I/61ayoEIYfDL._AC_SY200_.jpg" class="product-image" height="200px" data-a-hires="https://m.media-amazon.com/images/I/61ayoEIYfDL._AC_SY400_.jpg"></a></span></li><li data-sgproduct="{&quot;asin&quot;:&quot;B0912Z6QR6&quot;}" class="feed-carousel-card" aria-setsize="19" style="margin-right: 10px; display: inline-block;" aria-posinset="10" aria-hidden="false" role="listitem"><span class="a-list-item"><a class="a-link-normal" href="/Cocktail-Drinking-Clarity-Margarita-Transparent/dp/B0912Z6QR6/?_encoding=UTF8&amp;pd_rd_w=u0fHZ&amp;pf_rd_p=c09a2512-54ef-4a91-9ebb-88c016be74cf&amp;pf_rd_r=BHPJXCXEQ08Q3G08SG3Z&amp;pd_rd_r=1ab9bf9a-97a9-4fca-872c-62755d41ff07&amp;pd_rd_wg=RapKB&amp;ref_=pd_gw_unk"><img alt="Nine Store? Cocktail Wine Glass Drinking Glass Super Clarity Margarita Glass Clear Transparent 200 ml Set of 4" src="https://m.media-amazon.com/images/I/51ON6EC5MfL._AC_SY200_.jpg" class="product-image" height="200px" data-a-hires="https://m.media-amazon.com/images/I/51ON6EC5MfL._AC_SY400_.jpg"></a></span></li><li data-sgproduct="{&quot;asin&quot;:&quot;B093BXSL2D&quot;}" class="feed-carousel-card" aria-setsize="19" style="margin-right: 10px; display: inline-block;" aria-posinset="11" aria-hidden="false" role="listitem"><span class="a-list-item"><a class="a-link-normal" href="/OANGO-European-Stamping-Ceramic-Breakfast/dp/B093BXSL2D/?_encoding=UTF8&amp;pd_rd_w=u0fHZ&amp;pf_rd_p=c09a2512-54ef-4a91-9ebb-88c016be74cf&amp;pf_rd_r=BHPJXCXEQ08Q3G08SG3Z&amp;pd_rd_r=1ab9bf9a-97a9-4fca-872c-62755d41ff07&amp;pd_rd_wg=RapKB&amp;ref_=pd_gw_unk"><img alt="OANGO ? European Gold Stamping Ceramic Mark Cup Lovers Cup Breakfast Coffee Cup and Milk Tea Cup Mr &amp; Mrs Letter Men..." src="https://m.media-amazon.com/images/I/41o-CJxD0eS._AC_SY200_.jpg" class="product-image" height="200px" data-a-hires="https://m.media-amazon.com/images/I/41o-CJxD0eS._AC_SY400_.jpg"></a></span></li><li data-sgproduct="{&quot;asin&quot;:&quot;B07SR3JZG4&quot;}" class="feed-carousel-card" aria-setsize="19" style="margin-right: 10px; display: inline-block;" aria-posinset="12" aria-hidden="false" role="listitem"><span class="a-list-item"><a class="a-link-normal" href="/Goodhomes-Glass-Tumbler-Set-Multicolour/dp/B07SR3JZG4/?_encoding=UTF8&amp;pd_rd_w=u0fHZ&amp;pf_rd_p=c09a2512-54ef-4a91-9ebb-88c016be74cf&amp;pf_rd_r=BHPJXCXEQ08Q3G08SG3Z&amp;pd_rd_r=1ab9bf9a-97a9-4fca-872c-62755d41ff07&amp;pd_rd_wg=RapKB&amp;ref_=pd_gw_unk"><img alt="Goodhomes Glass Water &amp; Juice Glasses - Set of 6, Clear, 170 ML (R-3386)" src="https://m.media-amazon.com/images/I/91c3yNBc9wL._AC_SY200_.jpg" class="product-image" height="200px" data-a-hires="https://m.media-amazon.com/images/I/91c3yNBc9wL._AC_SY400_.jpg"></a></span></li><li data-sgproduct="{&quot;asin&quot;:&quot;B089SNSQJ6&quot;}" class="feed-carousel-card" aria-setsize="19" style="margin-right: 10px; display: inline-block;" aria-posinset="13" aria-hidden="false" role="listitem"><span class="a-list-item"><a class="a-link-normal" href="/Lucky-Glass-Beer-Mugs-6pcs/dp/B089SNSQJ6/?_encoding=UTF8&amp;pd_rd_w=u0fHZ&amp;pf_rd_p=c09a2512-54ef-4a91-9ebb-88c016be74cf&amp;pf_rd_r=BHPJXCXEQ08Q3G08SG3Z&amp;pd_rd_r=1ab9bf9a-97a9-4fca-872c-62755d41ff07&amp;pd_rd_wg=RapKB&amp;ref_=pd_gw_unk"><img alt="Lucky Glass Beer Mugs with Handle Set of 6, 360ml" src="https://m.media-amazon.com/images/I/918Rh-XUN5L._AC_SY200_.jpg" class="product-image" height="200px" data-a-hires="https://m.media-amazon.com/images/I/918Rh-XUN5L._AC_SY400_.jpg"></a></span></li><li data-sgproduct="{&quot;asin&quot;:&quot;B093FFQ3MD&quot;}" class="feed-carousel-card" aria-setsize="19" style="margin-right: 10px; display: inline-block;" aria-posinset="14" aria-hidden="false" role="listitem"><span class="a-list-item"><a class="a-link-normal" href="/EVATTA-Glass-Beer-Pieces-Transparent/dp/B093FFQ3MD/?_encoding=UTF8&amp;pd_rd_w=u0fHZ&amp;pf_rd_p=c09a2512-54ef-4a91-9ebb-88c016be74cf&amp;pf_rd_r=BHPJXCXEQ08Q3G08SG3Z&amp;pd_rd_r=1ab9bf9a-97a9-4fca-872c-62755d41ff07&amp;pd_rd_wg=RapKB&amp;ref_=pd_gw_unk"><img alt="EVATTA - Glass Beer Mug - 2 Pieces, Transparent , 350 ML" src="https://m.media-amazon.com/images/I/61ehtVZSYyL._AC_SY200_.jpg" class="product-image" height="200px" data-a-hires="https://m.media-amazon.com/images/I/61ehtVZSYyL._AC_SY400_.jpg"></a></span></li><li data-sgproduct="{&quot;asin&quot;:&quot;B094H6WVVS&quot;}" class="feed-carousel-card" aria-setsize="19" style="margin-right: 10px; display: inline-block;" aria-posinset="15" aria-hidden="false" role="listitem"><span class="a-list-item"><a class="a-link-normal" href="/SKD-Ceramic-Mug-Lid-Spoon/dp/B094H6WVVS/?_encoding=UTF8&amp;pd_rd_w=u0fHZ&amp;pf_rd_p=c09a2512-54ef-4a91-9ebb-88c016be74cf&amp;pf_rd_r=BHPJXCXEQ08Q3G08SG3Z&amp;pd_rd_r=1ab9bf9a-97a9-4fca-872c-62755d41ff07&amp;pd_rd_wg=RapKB&amp;ref_=pd_gw_unk"><img alt="SKD Ceramic Mug with Lid and Spoon - 2 Pieces, Black And White, 450ml" src="https://m.media-amazon.com/images/I/61kP1D1nS0S._AC_SY200_.jpg" class="product-image" height="200px" data-a-hires="https://m.media-amazon.com/images/I/61kP1D1nS0S._AC_SY400_.jpg"></a></span></li><li data-sgproduct="{&quot;asin&quot;:&quot;B07J6TFSJQ&quot;}" class="feed-carousel-card" aria-setsize="19" style="margin-right: 10px; display: inline-block;" aria-posinset="16" aria-hidden="false" role="listitem"><span class="a-list-item"><a class="a-link-normal" href="/Raincart-Transparent-Coffee-Glass-Pieces/dp/B07J6TFSJQ/?_encoding=UTF8&amp;pd_rd_w=u0fHZ&amp;pf_rd_p=c09a2512-54ef-4a91-9ebb-88c016be74cf&amp;pf_rd_r=BHPJXCXEQ08Q3G08SG3Z&amp;pd_rd_r=1ab9bf9a-97a9-4fca-872c-62755d41ff07&amp;pd_rd_wg=RapKB&amp;ref_=pd_gw_unk"><img alt="Raincart Imported Transparent Coffee Glass Mugs, 260 ml, Set of 6 Pieces" src="https://m.media-amazon.com/images/I/41l6zjzGqjL._AC_SY200_.jpg" class="product-image" height="200px" data-a-hires="https://m.media-amazon.com/images/I/41l6zjzGqjL._AC_SY400_.jpg"></a></span></li><li data-sgproduct="{&quot;asin&quot;:&quot;B0943YL5V5&quot;}" class="feed-carousel-card" aria-setsize="19" style="margin-right: 10px; display: inline-block;" aria-posinset="17" aria-hidden="false" role="listitem"><span class="a-list-item"><a class="a-link-normal" href="/Politestar-Water-Glass-Crystal-Glasses/dp/B0943YL5V5/?_encoding=UTF8&amp;pd_rd_w=u0fHZ&amp;pf_rd_p=c09a2512-54ef-4a91-9ebb-88c016be74cf&amp;pf_rd_r=BHPJXCXEQ08Q3G08SG3Z&amp;pd_rd_r=1ab9bf9a-97a9-4fca-872c-62755d41ff07&amp;pd_rd_wg=RapKB&amp;ref_=pd_gw_unk"><img alt="Politestar Water Glass Crystal Cut Water Glasses - 300 ml Set of 6 Transparent Long Glass | Highball Glasses | Juice..." src="https://m.media-amazon.com/images/I/61SJW6ckXcS._AC_SY200_.jpg" class="product-image" height="200px" data-a-hires="https://m.media-amazon.com/images/I/61SJW6ckXcS._AC_SY400_.jpg"></a></span></li><li data-sgproduct="{&quot;asin&quot;:&quot;B08ZD7QMRM&quot;}" class="feed-carousel-card" aria-setsize="19" style="margin-right: 10px; display: inline-block;" aria-posinset="18" aria-hidden="false" role="listitem"><span class="a-list-item"><a class="a-link-normal" href="/Mahantam-Glass-Coffee-Mug-Handle/dp/B08ZD7QMRM/?_encoding=UTF8&amp;pd_rd_w=u0fHZ&amp;pf_rd_p=c09a2512-54ef-4a91-9ebb-88c016be74cf&amp;pf_rd_r=BHPJXCXEQ08Q3G08SG3Z&amp;pd_rd_r=1ab9bf9a-97a9-4fca-872c-62755d41ff07&amp;pd_rd_wg=RapKB&amp;ref_=pd_gw_unk"><img alt="Mahantam Glass Coffee Mug with Handle - Set of 1, Transparent, 410ml" src="https://m.media-amazon.com/images/I/51-JEt0g+lL._AC_SY200_.jpg" class="product-image" height="200px" data-a-hires="https://m.media-amazon.com/images/I/51-JEt0g+lL._AC_SY400_.jpg"></a></span></li><li data-sgproduct="{&quot;asin&quot;:&quot;B08XNSN7QR&quot;}" class="feed-carousel-card" aria-setsize="19" style="margin-right: 10px; display: inline-block;" aria-posinset="19" aria-hidden="false" role="listitem"><span class="a-list-item"><a class="a-link-normal" href="/CINSHU-INTERNATIONAL-Stunning-Multi-Purpose-Whiskey/dp/B08XNSN7QR/?_encoding=UTF8&amp;pd_rd_w=u0fHZ&amp;pf_rd_p=c09a2512-54ef-4a91-9ebb-88c016be74cf&amp;pf_rd_r=BHPJXCXEQ08Q3G08SG3Z&amp;pd_rd_r=1ab9bf9a-97a9-4fca-872c-62755d41ff07&amp;pd_rd_wg=RapKB&amp;ref_=pd_gw_unk"><img alt="CINSHU INTERNATIONAL 30 ML Modern Whisky &amp; Shot Glass with Stunning Heavy Base for Multi-Purpose use for Whiskey , Cold..." src="https://m.media-amazon.com/images/I/615rl9p-gzL._AC_SY200_.jpg" class="product-image" height="200px" data-a-hires="https://m.media-amazon.com/images/I/615rl9p-gzL._AC_SY400_.jpg"></a></span></li></ul><div class="spinner" aria-hidden="true" style="display: none;"><i class="gw-spinner" role="presentation"></i></div></div><a aria-label="Carousel previous slide" class="a-link-normal feed-carousel-control feed-left feed-control-disabled" tabindex="-1" href="#" aria-hidden="true"><span class="gw-icon feed-arrow"></span></a><a aria-label="Carousel next slide" class="a-link-normal feed-carousel-control feed-right" tabindex="-1" href="#" aria-hidden="true"><span class="gw-icon feed-arrow"></span></a><span class="feed-scrollbar"><span class="feed-scrollbar-track"><span class="feed-scrollbar-thumb" style="width: 417.408px; left: 0px;"></span></span></span></div><script type="text/javascript">P.when("component-feed-carousel").execute(function(c) { c.createCarousel("#8c87469b-d20d-4387-a516-9d1296f32410 .feed-carousel", 10,  0 ); });</script><script id="8c87469b-d20d-4387-a516-9d1296f32410-btfCarouselContent" type="text/x-lazy-loaded-content"><li data-sgproduct="{&quot;asin&quot;:&quot;B0978TC9QQ&quot;}" class="feed-carousel-card"><span class="a-list-item"><a class="a-link-normal" href="/PEJULI-Highball-Drinking-Lead-Free-Glassware/dp/B0978TC9QQ/?_encoding=UTF8&amp;pd_rd_w=u0fHZ&amp;pf_rd_p=c09a2512-54ef-4a91-9ebb-88c016be74cf&amp;pf_rd_r=BHPJXCXEQ08Q3G08SG3Z&amp;pd_rd_r=1ab9bf9a-97a9-4fca-872c-62755d41ff07&amp;pd_rd_wg=RapKB&amp;ref_=pd_gw_unk"><img alt="PEJULI Highball Glasses Set of 2 Tall Drinking Glasses 350ML Cocktail Glass Set Lead-Free Crystal Glassware. Bourbon or..." src="https://m.media-amazon.com/images/I/714reuTnBLS._AC_SY200_.jpg" class="product-image" height="200px" data-a-hires="https://m.media-amazon.com/images/I/714reuTnBLS._AC_SY400_.jpg"/></a></span></li><li data-sgproduct="{&quot;asin&quot;:&quot;B0971PCWNM&quot;}" class="feed-carousel-card"><span class="a-list-item"><a class="a-link-normal" href="/MahantamTM-Square-Shape-Water-Glasses/dp/B0971PCWNM/?_encoding=UTF8&amp;pd_rd_w=u0fHZ&amp;pf_rd_p=c09a2512-54ef-4a91-9ebb-88c016be74cf&amp;pf_rd_r=BHPJXCXEQ08Q3G08SG3Z&amp;pd_rd_r=1ab9bf9a-97a9-4fca-872c-62755d41ff07&amp;pd_rd_wg=RapKB&amp;ref_=pd_gw_unk"><img alt="Mahantam™ Mart Square Shape Water /Juice Glasses - Set of 6 PIS | Highball Glasses | Juice Glass | Plaza Tumbler 310 ML..." src="https://m.media-amazon.com/images/I/61ayoEIYfDL._AC_SY200_.jpg" class="product-image" height="200px" data-a-hires="https://m.media-amazon.com/images/I/61ayoEIYfDL._AC_SY400_.jpg"/></a></span></li><li data-sgproduct="{&quot;asin&quot;:&quot;B0912Z6QR6&quot;}" class="feed-carousel-card"><span class="a-list-item"><a class="a-link-normal" href="/Cocktail-Drinking-Clarity-Margarita-Transparent/dp/B0912Z6QR6/?_encoding=UTF8&amp;pd_rd_w=u0fHZ&amp;pf_rd_p=c09a2512-54ef-4a91-9ebb-88c016be74cf&amp;pf_rd_r=BHPJXCXEQ08Q3G08SG3Z&amp;pd_rd_r=1ab9bf9a-97a9-4fca-872c-62755d41ff07&amp;pd_rd_wg=RapKB&amp;ref_=pd_gw_unk"><img alt="Nine Store? Cocktail Wine Glass Drinking Glass Super Clarity Margarita Glass Clear Transparent 200 ml Set of 4" src="https://m.media-amazon.com/images/I/51ON6EC5MfL._AC_SY200_.jpg" class="product-image" height="200px" data-a-hires="https://m.media-amazon.com/images/I/51ON6EC5MfL._AC_SY400_.jpg"/></a></span></li><li data-sgproduct="{&quot;asin&quot;:&quot;B093BXSL2D&quot;}" class="feed-carousel-card"><span class="a-list-item"><a class="a-link-normal" href="/OANGO-European-Stamping-Ceramic-Breakfast/dp/B093BXSL2D/?_encoding=UTF8&amp;pd_rd_w=u0fHZ&amp;pf_rd_p=c09a2512-54ef-4a91-9ebb-88c016be74cf&amp;pf_rd_r=BHPJXCXEQ08Q3G08SG3Z&amp;pd_rd_r=1ab9bf9a-97a9-4fca-872c-62755d41ff07&amp;pd_rd_wg=RapKB&amp;ref_=pd_gw_unk"><img alt="OANGO ? European Gold Stamping Ceramic Mark Cup Lovers Cup Breakfast Coffee Cup and Milk Tea Cup Mr &amp; Mrs Letter Men..." src="https://m.media-amazon.com/images/I/41o-CJxD0eS._AC_SY200_.jpg" class="product-image" height="200px" data-a-hires="https://m.media-amazon.com/images/I/41o-CJxD0eS._AC_SY400_.jpg"/></a></span></li><li data-sgproduct="{&quot;asin&quot;:&quot;B07SR3JZG4&quot;}" class="feed-carousel-card"><span class="a-list-item"><a class="a-link-normal" href="/Goodhomes-Glass-Tumbler-Set-Multicolour/dp/B07SR3JZG4/?_encoding=UTF8&amp;pd_rd_w=u0fHZ&amp;pf_rd_p=c09a2512-54ef-4a91-9ebb-88c016be74cf&amp;pf_rd_r=BHPJXCXEQ08Q3G08SG3Z&amp;pd_rd_r=1ab9bf9a-97a9-4fca-872c-62755d41ff07&amp;pd_rd_wg=RapKB&amp;ref_=pd_gw_unk"><img alt="Goodhomes Glass Water &amp; Juice Glasses - Set of 6, Clear, 170 ML (R-3386)" src="https://m.media-amazon.com/images/I/91c3yNBc9wL._AC_SY200_.jpg" class="product-image" height="200px" data-a-hires="https://m.media-amazon.com/images/I/91c3yNBc9wL._AC_SY400_.jpg"/></a></span></li><li data-sgproduct="{&quot;asin&quot;:&quot;B089SNSQJ6&quot;}" class="feed-carousel-card"><span class="a-list-item"><a class="a-link-normal" href="/Lucky-Glass-Beer-Mugs-6pcs/dp/B089SNSQJ6/?_encoding=UTF8&amp;pd_rd_w=u0fHZ&amp;pf_rd_p=c09a2512-54ef-4a91-9ebb-88c016be74cf&amp;pf_rd_r=BHPJXCXEQ08Q3G08SG3Z&amp;pd_rd_r=1ab9bf9a-97a9-4fca-872c-62755d41ff07&amp;pd_rd_wg=RapKB&amp;ref_=pd_gw_unk"><img alt="Lucky Glass Beer Mugs with Handle Set of 6, 360ml" src="https://m.media-amazon.com/images/I/918Rh-XUN5L._AC_SY200_.jpg" class="product-image" height="200px" data-a-hires="https://m.media-amazon.com/images/I/918Rh-XUN5L._AC_SY400_.jpg"/></a></span></li><li data-sgproduct="{&quot;asin&quot;:&quot;B093FFQ3MD&quot;}" class="feed-carousel-card"><span class="a-list-item"><a class="a-link-normal" href="/EVATTA-Glass-Beer-Pieces-Transparent/dp/B093FFQ3MD/?_encoding=UTF8&amp;pd_rd_w=u0fHZ&amp;pf_rd_p=c09a2512-54ef-4a91-9ebb-88c016be74cf&amp;pf_rd_r=BHPJXCXEQ08Q3G08SG3Z&amp;pd_rd_r=1ab9bf9a-97a9-4fca-872c-62755d41ff07&amp;pd_rd_wg=RapKB&amp;ref_=pd_gw_unk"><img alt="EVATTA - Glass Beer Mug - 2 Pieces, Transparent , 350 ML" src="https://m.media-amazon.com/images/I/61ehtVZSYyL._AC_SY200_.jpg" class="product-image" height="200px" data-a-hires="https://m.media-amazon.com/images/I/61ehtVZSYyL._AC_SY400_.jpg"/></a></span></li><li data-sgproduct="{&quot;asin&quot;:&quot;B094H6WVVS&quot;}" class="feed-carousel-card"><span class="a-list-item"><a class="a-link-normal" href="/SKD-Ceramic-Mug-Lid-Spoon/dp/B094H6WVVS/?_encoding=UTF8&amp;pd_rd_w=u0fHZ&amp;pf_rd_p=c09a2512-54ef-4a91-9ebb-88c016be74cf&amp;pf_rd_r=BHPJXCXEQ08Q3G08SG3Z&amp;pd_rd_r=1ab9bf9a-97a9-4fca-872c-62755d41ff07&amp;pd_rd_wg=RapKB&amp;ref_=pd_gw_unk"><img alt="SKD Ceramic Mug with Lid and Spoon - 2 Pieces, Black And White, 450ml" src="https://m.media-amazon.com/images/I/61kP1D1nS0S._AC_SY200_.jpg" class="product-image" height="200px" data-a-hires="https://m.media-amazon.com/images/I/61kP1D1nS0S._AC_SY400_.jpg"/></a></span></li><li data-sgproduct="{&quot;asin&quot;:&quot;B07J6TFSJQ&quot;}" class="feed-carousel-card"><span class="a-list-item"><a class="a-link-normal" href="/Raincart-Transparent-Coffee-Glass-Pieces/dp/B07J6TFSJQ/?_encoding=UTF8&amp;pd_rd_w=u0fHZ&amp;pf_rd_p=c09a2512-54ef-4a91-9ebb-88c016be74cf&amp;pf_rd_r=BHPJXCXEQ08Q3G08SG3Z&amp;pd_rd_r=1ab9bf9a-97a9-4fca-872c-62755d41ff07&amp;pd_rd_wg=RapKB&amp;ref_=pd_gw_unk"><img alt="Raincart Imported Transparent Coffee Glass Mugs, 260 ml, Set of 6 Pieces" src="https://m.media-amazon.com/images/I/41l6zjzGqjL._AC_SY200_.jpg" class="product-image" height="200px" data-a-hires="https://m.media-amazon.com/images/I/41l6zjzGqjL._AC_SY400_.jpg"/></a></span></li><li data-sgproduct="{&quot;asin&quot;:&quot;B0943YL5V5&quot;}" class="feed-carousel-card"><span class="a-list-item"><a class="a-link-normal" href="/Politestar-Water-Glass-Crystal-Glasses/dp/B0943YL5V5/?_encoding=UTF8&amp;pd_rd_w=u0fHZ&amp;pf_rd_p=c09a2512-54ef-4a91-9ebb-88c016be74cf&amp;pf_rd_r=BHPJXCXEQ08Q3G08SG3Z&amp;pd_rd_r=1ab9bf9a-97a9-4fca-872c-62755d41ff07&amp;pd_rd_wg=RapKB&amp;ref_=pd_gw_unk"><img alt="Politestar Water Glass Crystal Cut Water Glasses - 300 ml Set of 6 Transparent Long Glass | Highball Glasses | Juice..." src="https://m.media-amazon.com/images/I/61SJW6ckXcS._AC_SY200_.jpg" class="product-image" height="200px" data-a-hires="https://m.media-amazon.com/images/I/61SJW6ckXcS._AC_SY400_.jpg"/></a></span></li><li data-sgproduct="{&quot;asin&quot;:&quot;B08ZD7QMRM&quot;}" class="feed-carousel-card"><span class="a-list-item"><a class="a-link-normal" href="/Mahantam-Glass-Coffee-Mug-Handle/dp/B08ZD7QMRM/?_encoding=UTF8&amp;pd_rd_w=u0fHZ&amp;pf_rd_p=c09a2512-54ef-4a91-9ebb-88c016be74cf&amp;pf_rd_r=BHPJXCXEQ08Q3G08SG3Z&amp;pd_rd_r=1ab9bf9a-97a9-4fca-872c-62755d41ff07&amp;pd_rd_wg=RapKB&amp;ref_=pd_gw_unk"><img alt="Mahantam Glass Coffee Mug with Handle - Set of 1, Transparent, 410ml" src="https://m.media-amazon.com/images/I/51-JEt0g+lL._AC_SY200_.jpg" class="product-image" height="200px" data-a-hires="https://m.media-amazon.com/images/I/51-JEt0g+lL._AC_SY400_.jpg"/></a></span></li><li data-sgproduct="{&quot;asin&quot;:&quot;B08XNSN7QR&quot;}" class="feed-carousel-card"><span class="a-list-item"><a class="a-link-normal" href="/CINSHU-INTERNATIONAL-Stunning-Multi-Purpose-Whiskey/dp/B08XNSN7QR/?_encoding=UTF8&amp;pd_rd_w=u0fHZ&amp;pf_rd_p=c09a2512-54ef-4a91-9ebb-88c016be74cf&amp;pf_rd_r=BHPJXCXEQ08Q3G08SG3Z&amp;pd_rd_r=1ab9bf9a-97a9-4fca-872c-62755d41ff07&amp;pd_rd_wg=RapKB&amp;ref_=pd_gw_unk"><img alt="CINSHU INTERNATIONAL 30 ML Modern Whisky &amp; Shot Glass with Stunning Heavy Base for Multi-Purpose use for Whiskey , Cold..." src="https://m.media-amazon.com/images/I/615rl9p-gzL._AC_SY200_.jpg" class="product-image" height="200px" data-a-hires="https://m.media-amazon.com/images/I/615rl9p-gzL._AC_SY400_.jpg"/></a></span></li></script><script type="text/javascript">(function carouselBtf(d, w) { var p = d.getElementById("8c87469b-d20d-4387-a516-9d1296f32410-btfCarouselContent"), h = p && p.innerHTML, v = h ? [h] : []; w.GWData = w.GWData || {}; w.GWData['8c87469b-d20d-4387-a516-9d1296f32410'] = { loaded: false, data: v }; }(document, window));</script></div></div><script>(function(f){f(P._namespace('gwiAutoInstVisible'));}(function(P) {if(window.GWI){GWI.Card.autoInstVisible('saF_QT1szKSP5erdNY2T1A');}}));</script>
</div>
<hr data-display-at="smws" data-order-sm="5" data-order-ws="5" class="card-flow-row-break">
<div id="desktop-editorial" data-gwi="{&quot;visible&quot;:&quot;desktop-editorial-visible&quot;,&quot;active&quot;:&quot;desktop-editorial-active&quot;}" data-col-span-ws="4" data-col-span-sm="3" data-order-ws="6" data-order-sm="6" data-display-at="smws" class="gw-col desktop-row gwi-row gw-widget-instrument gw-auto-height csm-placement-id-7215a401-fe95-4d38-b964-e7d229cd0b5d desktop-gateway-btf_a1572ad9-8015-4774-ba02-929a5513be55 celwidget pd_rd_wg-RapKB pd_rd_w-eRfsW pd_rd_r-1ab9bf9a-97a9-4fca-872c-62755d41ff07" data-pf_rd_p="7215a401-fe95-4d38-b964-e7d229cd0b5d" data-pd_rd_wg="RapKB" data-pd_rd_w="eRfsW" data-pd_rd_r="1ab9bf9a-97a9-4fca-872c-62755d41ff07" data-ref_="pd_gw_unk" data-csa-c-type="widget" data-csa-c-slot-id="desktop-editorial" data-csa-c-content-id="7215a401-fe95-4d38-b964-e7d229cd0b5d" data-csa-c-id="ac3kvw-1j8mqw-1z8vgx-35d5no" data-cel-widget="desktop-editorial"><div id="P5P9e_PIkphKqZDMRvDuSw" class="a-section a-spacing-none a-text-center scalable-image-link scalable-image-map card-lite ameyal-scalable-image-link"><script type="text/javascript">
  if(window.GWI && window.GWI.BillboardWidget){
    new window.GWI.BillboardWidget('P5P9e_PIkphKqZDMRvDuSw', ['https://images-eu.ssl-images-amazon.com/images/G/31/img16/vineet/Amazon-Pay-Later/Jan_22/Jan_ART_22/Teaser_2/1150x321_GW-editorial._CB647122799_.jpg']);
  };
</script><a class="a-link-normal" href="/b/ref=ncemi_desktop_janart_22?node=14072630031"><img alt="Avail No Cost EMI " src="https://images-eu.ssl-images-amazon.com/images/G/31/img16/vineet/Amazon-Pay-Later/Jan_22/Jan_ART_22/Teaser_2/1150x321_GW-editorial._CB647122799_.jpg" height="100%" width="1150px" data-a-hires="https://images-eu.ssl-images-amazon.com/images/G/31/img16/vineet/Amazon-Pay-Later/Jan_22/Jan_ART_22/Teaser_2/2300x646_GW-editorial._CB647122799_.jpg"></a></div><script>(function(f){f(P._namespace('gwiAutoInstVisible'));}(function(P) {if(window.GWI){GWI.Card.autoInstVisible('P5P9e_PIkphKqZDMRvDuSw');}}));</script>
</div>
<hr data-display-at="smws" data-order-sm="6" data-order-ws="6" class="card-flow-row-break">
<div id="desktop-4" data-gwi="{&quot;visible&quot;:&quot;desktop-4-visible&quot;,&quot;active&quot;:&quot;desktop-4-active&quot;}" data-col-span-ws="4" data-col-span-sm="3" data-order-ws="7" data-order-sm="7" data-display-at="smws" class="gw-col desktop-row gwi-row gw-widget-instrument gw-auto-height csm-placement-id-663e5e39-9db8-4063-8e67-526af4422abc desktop-gateway-btf_9cd6e7ad-3e2d-4d66-b7c0-c2d359c380b9 celwidget pd_rd_wg-RapKB pd_rd_w-eWoOl pd_rd_r-1ab9bf9a-97a9-4fca-872c-62755d41ff07" data-pf_rd_p="663e5e39-9db8-4063-8e67-526af4422abc" data-pd_rd_wg="RapKB" data-pd_rd_w="eWoOl" data-pd_rd_r="1ab9bf9a-97a9-4fca-872c-62755d41ff07" data-ref_="pd_gw_unk" data-csa-c-type="widget" data-csa-c-slot-id="desktop-4" data-csa-c-content-id="663e5e39-9db8-4063-8e67-526af4422abc" data-csa-c-id="wti768-hoxwg5-g3stg8-ywidwx" data-cel-widget="desktop-4"><div class="a-section a-spacing-none ameyal-product-shoveler" id="Dpz4rE3C6qTvSBV5eSzKYg"><div id="63fabffa-abb2-4328-ac0d-57cfba3fa57d" class="a-section a-spacing-none shogun-widget card-lite product-shoveler aui-desktop fresh-shoveler"><div class="a-section as-title-block"><h2 class="as-title-block-left"><span class="a-color-base">Up to 70% off | Bestsellers | Amazon Brands &amp; more</span></h2><span class="as-title-block-right"><a class="a-link-normal" href="/b?ie=UTF8&amp;node=21868698031&amp;pd_rd_w=eWoOl&amp;pf_rd_p=663e5e39-9db8-4063-8e67-526af4422abc&amp;pf_rd_r=BHPJXCXEQ08Q3G08SG3Z&amp;pd_rd_r=1ab9bf9a-97a9-4fca-872c-62755d41ff07&amp;pd_rd_wg=RapKB">See all deals</a></span></div><div class="a-section a-spacing-none feed-carousel"><div class="a-section feed-carousel-viewport"><ul class="a-unordered-list a-nostyle a-horizontal feed-carousel-shelf" role="list" style=""><li data-sgproduct="{&quot;asin&quot;:&quot;B07H3X5GTL&quot;}" class="feed-carousel-card" aria-posinset="1" aria-hidden="false" role="listitem" aria-setsize="20" style="display: inline-block; margin-right: 10px;"><span class="a-list-item"><a class="a-link-normal" href="/AmazonBasics-VCB35B15C-1-5-Litre-Vacuum-Cleaner/dp/B07H3X5GTL/?_encoding=UTF8&amp;pd_rd_w=eWoOl&amp;pf_rd_p=663e5e39-9db8-4063-8e67-526af4422abc&amp;pf_rd_r=BHPJXCXEQ08Q3G08SG3Z&amp;pd_rd_r=1ab9bf9a-97a9-4fca-872c-62755d41ff07&amp;pd_rd_wg=RapKB&amp;ref_=pd_gw_unk"><img alt="AmazonBasics Vacuum Cleaner with Power Suction, Low Sound, High Energy Efficiency and 2 Years Warranty (1.5L Reusable..." src="https://m.media-amazon.com/images/I/81jN--SwgEL._AC_SY200_.jpg" class="product-image" height="200px" data-a-hires="https://m.media-amazon.com/images/I/81jN--SwgEL._AC_SY400_.jpg"></a></span></li><li data-sgproduct="{&quot;asin&quot;:&quot;B07HCLTFRN&quot;}" class="feed-carousel-card" aria-setsize="20" aria-posinset="2" aria-hidden="false" role="listitem" style="margin-right: 10px; display: inline-block;"><span class="a-list-item"><a class="a-link-normal" href="/Solimo-Plastic-Container-15-Pieces-Silver/dp/B07HCLTFRN/?_encoding=UTF8&amp;pd_rd_w=eWoOl&amp;pf_rd_p=663e5e39-9db8-4063-8e67-526af4422abc&amp;pf_rd_r=BHPJXCXEQ08Q3G08SG3Z&amp;pd_rd_r=1ab9bf9a-97a9-4fca-872c-62755d41ff07&amp;pd_rd_wg=RapKB&amp;ref_=pd_gw_unk"><img alt="Amazon Brand - Solimo Plastic Storage Containers With Metal Finish Lids- 15 pieces, Silver" src="https://m.media-amazon.com/images/I/91Hffht29zL._AC_SY200_.jpg" class="product-image" height="200px" data-a-hires="https://m.media-amazon.com/images/I/91Hffht29zL._AC_SY400_.jpg"></a></span></li><li data-sgproduct="{&quot;asin&quot;:&quot;B07VX71FZP&quot;}" class="feed-carousel-card" aria-setsize="20" aria-posinset="3" aria-hidden="false" role="listitem" style="margin-right: 10px; display: inline-block;"><span class="a-list-item"><a class="a-link-normal" href="/Amazon-Brand-Solimo-2000-Watt-certified/dp/B07VX71FZP/?_encoding=UTF8&amp;pd_rd_w=eWoOl&amp;pf_rd_p=663e5e39-9db8-4063-8e67-526af4422abc&amp;pf_rd_r=BHPJXCXEQ08Q3G08SG3Z&amp;pd_rd_r=1ab9bf9a-97a9-4fca-872c-62755d41ff07&amp;pd_rd_wg=RapKB&amp;ref_=pd_gw_unk"><img alt="Amazon Brand - Solimo 2000-Watts Room Heater (ISI certified, White colour, Ideal for small to medium room/area)" src="https://m.media-amazon.com/images/I/8156ue8HEXL._AC_SY200_.jpg" class="product-image" height="200px" data-a-hires="https://m.media-amazon.com/images/I/8156ue8HEXL._AC_SY400_.jpg"></a></span></li><li data-sgproduct="{&quot;asin&quot;:&quot;B07GQW1HHN&quot;}" class="feed-carousel-card" aria-setsize="20" aria-posinset="4" aria-hidden="false" role="listitem" style="margin-right: 10px; display: inline-block;"><span class="a-list-item"><a class="a-link-normal" href="/Amazon-Brand-Vedaka-Popular-Cashews/dp/B07GQW1HHN/?_encoding=UTF8&amp;pd_rd_w=eWoOl&amp;pf_rd_p=663e5e39-9db8-4063-8e67-526af4422abc&amp;pf_rd_r=BHPJXCXEQ08Q3G08SG3Z&amp;pd_rd_r=1ab9bf9a-97a9-4fca-872c-62755d41ff07&amp;pd_rd_wg=RapKB&amp;ref_=pd_gw_unk"><img alt="Amazon Brand - Vedaka Popular Whole Cashews, 500g" src="https://m.media-amazon.com/images/I/91aLjAYHTRL._AC_SY200_.jpg" class="product-image" height="200px" data-a-hires="https://m.media-amazon.com/images/I/91aLjAYHTRL._AC_SY400_.jpg"></a></span></li><li data-sgproduct="{&quot;asin&quot;:&quot;B078K2YPRW&quot;}" class="feed-carousel-card" aria-setsize="20" aria-posinset="5" aria-hidden="false" role="listitem" style="margin-right: 10px; display: inline-block;"><span class="a-list-item"><a class="a-link-normal" href="/AmazonBasics-Home-Safe-1-80-Cubic/dp/B078K2YPRW/?_encoding=UTF8&amp;pd_rd_w=eWoOl&amp;pf_rd_p=663e5e39-9db8-4063-8e67-526af4422abc&amp;pf_rd_r=BHPJXCXEQ08Q3G08SG3Z&amp;pd_rd_r=1ab9bf9a-97a9-4fca-872c-62755d41ff07&amp;pd_rd_wg=RapKB&amp;ref_=pd_gw_unk"><img alt="AmazonBasics Home Safe - 1.80 Cubic Feet(50.97 litres)" src="https://m.media-amazon.com/images/I/A1sKFc-P-6L._AC_SY200_.jpg" class="product-image" height="200px" data-a-hires="https://m.media-amazon.com/images/I/A1sKFc-P-6L._AC_SY400_.jpg"></a></span></li><li data-sgproduct="{&quot;asin&quot;:&quot;B081TFNPG5&quot;}" class="feed-carousel-card" aria-setsize="20" aria-posinset="6" aria-hidden="false" role="listitem" style="margin-right: 10px; display: inline-block;"><span class="a-list-item"><a class="a-link-normal" href="/AmazonBasics-Non-Stick-Induction-Serving-Spoons/dp/B081TFNPG5/?_encoding=UTF8&amp;pd_rd_w=eWoOl&amp;pf_rd_p=663e5e39-9db8-4063-8e67-526af4422abc&amp;pf_rd_r=BHPJXCXEQ08Q3G08SG3Z&amp;pd_rd_r=1ab9bf9a-97a9-4fca-872c-62755d41ff07&amp;pd_rd_wg=RapKB&amp;ref_=pd_gw_unk"><img alt="AmazonBasics 6 Piece Non-Stick Aluminium Cookware Set, Saucepan, Fry Pan (without Induction Base), Black" src="https://m.media-amazon.com/images/I/81vJqi8AwYL._AC_SY200_.jpg" class="product-image" height="200px" data-a-hires="https://m.media-amazon.com/images/I/81vJqi8AwYL._AC_SY400_.jpg"></a></span></li><li data-sgproduct="{&quot;asin&quot;:&quot;B076BML12Q&quot;}" class="feed-carousel-card" aria-setsize="20" aria-posinset="7" aria-hidden="false" role="listitem" style="margin-right: 10px; display: inline-block;"><span class="a-list-item"><a class="a-link-normal" href="/Amazon-Brand-Microfibre-Comforter-Brickline/dp/B076BML12Q/?_encoding=UTF8&amp;pd_rd_w=eWoOl&amp;pf_rd_p=663e5e39-9db8-4063-8e67-526af4422abc&amp;pf_rd_r=BHPJXCXEQ08Q3G08SG3Z&amp;pd_rd_r=1ab9bf9a-97a9-4fca-872c-62755d41ff07&amp;pd_rd_wg=RapKB&amp;ref_=pd_gw_unk"><img alt="Amazon Brand - SolimoBrickline Microfibre Printed Quilt Blanket/Comforter, Double, 120 GSM, Blue" src="https://m.media-amazon.com/images/I/911ZHmko1iL._AC_SY200_.jpg" class="product-image" height="200px" data-a-hires="https://m.media-amazon.com/images/I/911ZHmko1iL._AC_SY400_.jpg"></a></span></li><li data-sgproduct="{&quot;asin&quot;:&quot;B076ZYXQ5D&quot;}" class="feed-carousel-card" aria-setsize="20" aria-posinset="8" aria-hidden="false" role="listitem" style="margin-right: 10px; display: inline-block;"><span class="a-list-item"><a class="a-link-normal" href="/Amazon-Brand-Solimo-Paisley-Bedsheet/dp/B076ZYXQ5D/?_encoding=UTF8&amp;pd_rd_w=eWoOl&amp;pf_rd_p=663e5e39-9db8-4063-8e67-526af4422abc&amp;pf_rd_r=BHPJXCXEQ08Q3G08SG3Z&amp;pd_rd_r=1ab9bf9a-97a9-4fca-872c-62755d41ff07&amp;pd_rd_wg=RapKB&amp;ref_=pd_gw_unk"><img alt="Amazon Brand - Solimo Paisley Preen 144 TC 100% Cotton Double Bedsheet with 2 Pillow Covers, Green and Orange" src="https://m.media-amazon.com/images/I/915OxtyTSIL._AC_SY200_.jpg" class="product-image" height="200px" data-a-hires="https://m.media-amazon.com/images/I/915OxtyTSIL._AC_SY400_.jpg"></a></span></li><li data-sgproduct="{&quot;asin&quot;:&quot;B076ZTSW47&quot;}" class="feed-carousel-card" aria-setsize="20" style="margin-right: 10px; display: inline-block;" aria-posinset="9" aria-hidden="false" role="listitem"><span class="a-list-item"><a class="a-link-normal" href="/Amazon-Brand-Solimo-Foliage-Bedsheet/dp/B076ZTSW47/?_encoding=UTF8&amp;pd_rd_w=eWoOl&amp;pf_rd_p=663e5e39-9db8-4063-8e67-526af4422abc&amp;pf_rd_r=BHPJXCXEQ08Q3G08SG3Z&amp;pd_rd_r=1ab9bf9a-97a9-4fca-872c-62755d41ff07&amp;pd_rd_wg=RapKB&amp;ref_=pd_gw_unk"><img alt="Amazon Brand - Solimo Floral Foliage 144 TC Cotton Double Bedsheet with 2 Pillow Covers, Teal" src="https://m.media-amazon.com/images/I/A10JxZghPJL._AC_SY200_.jpg" class="product-image" height="200px" data-a-hires="https://m.media-amazon.com/images/I/A10JxZghPJL._AC_SY400_.jpg"></a></span></li><li data-sgproduct="{&quot;asin&quot;:&quot;B08243CLRL&quot;}" class="feed-carousel-card" aria-setsize="20" style="margin-right: 10px; display: inline-block;" aria-posinset="10" aria-hidden="false" role="listitem"><span class="a-list-item"><a class="a-link-normal" href="/Happer-Supported-Breaking-Prince-Jumbo/dp/B08243CLRL/?_encoding=UTF8&amp;pd_rd_w=eWoOl&amp;pf_rd_p=663e5e39-9db8-4063-8e67-526af4422abc&amp;pf_rd_r=BHPJXCXEQ08Q3G08SG3Z&amp;pd_rd_r=1ab9bf9a-97a9-4fca-872c-62755d41ff07&amp;pd_rd_wg=RapKB&amp;ref_=pd_gw_unk"><img alt="Happer Premium Double Supported 3 Layer Cloth Drying Stand with Breaking Wheels, Prince Jumbo (Orange) Stainless Steel..." src="https://m.media-amazon.com/images/I/713xe+xyjdL._AC_SY200_.jpg" class="product-image" height="200px" data-a-hires="https://m.media-amazon.com/images/I/713xe+xyjdL._AC_SY400_.jpg"></a></span></li><li data-sgproduct="{&quot;asin&quot;:&quot;B07GFKTYSQ&quot;}" class="feed-carousel-card" aria-setsize="20" style="margin-right: 10px; display: inline-block;" aria-posinset="11" aria-hidden="false" role="listitem"><span class="a-list-item"><a class="a-link-normal" href="/AmazonBasics-Indoor-Clothes-Dryer-Foldable/dp/B07GFKTYSQ/?_encoding=UTF8&amp;pd_rd_w=eWoOl&amp;pf_rd_p=663e5e39-9db8-4063-8e67-526af4422abc&amp;pf_rd_r=BHPJXCXEQ08Q3G08SG3Z&amp;pd_rd_r=1ab9bf9a-97a9-4fca-872c-62755d41ff07&amp;pd_rd_wg=RapKB&amp;ref_=pd_gw_unk"><img alt="AmazonBasics Indoor Clothes Dryer Tower with Foldable Wings" src="https://m.media-amazon.com/images/I/71zHIcCyQKL._AC_SY200_.jpg" class="product-image" height="200px" data-a-hires="https://m.media-amazon.com/images/I/71zHIcCyQKL._AC_SY400_.jpg"></a></span></li><li data-sgproduct="{&quot;asin&quot;:&quot;B08KXYVXHB&quot;}" class="feed-carousel-card" aria-setsize="20" style="margin-right: 10px; display: inline-block;" aria-posinset="12" aria-hidden="false" role="listitem"><span class="a-list-item"><a class="a-link-normal" href="/AmazonBasics-Premium-Grinder-Stainless-Juicer/dp/B08KXYVXHB/?_encoding=UTF8&amp;pd_rd_w=eWoOl&amp;pf_rd_p=663e5e39-9db8-4063-8e67-526af4422abc&amp;pf_rd_r=BHPJXCXEQ08Q3G08SG3Z&amp;pd_rd_r=1ab9bf9a-97a9-4fca-872c-62755d41ff07&amp;pd_rd_wg=RapKB&amp;ref_=pd_gw_unk"><img alt="AmazonBasics Premium 750 Watt Mixer Grinder with 3 Stainless Steel Jar + 1 Juicer Jar, Black &amp; Grey" src="https://m.media-amazon.com/images/I/81+ExcA9MHL._AC_SY200_.jpg" class="product-image" height="200px" data-a-hires="https://m.media-amazon.com/images/I/81+ExcA9MHL._AC_SY400_.jpg"></a></span></li><li data-sgproduct="{&quot;asin&quot;:&quot;B01HBPKENO&quot;}" class="feed-carousel-card" aria-setsize="20" style="margin-right: 10px; display: inline-block;" aria-posinset="13" aria-hidden="false" role="listitem"><span class="a-list-item"><a class="a-link-normal" href="/Amazon-Brand-Solimo-Cotton-Sunshine/dp/B01HBPKENO/?_encoding=UTF8&amp;pd_rd_w=eWoOl&amp;pf_rd_p=663e5e39-9db8-4063-8e67-526af4422abc&amp;pf_rd_r=BHPJXCXEQ08Q3G08SG3Z&amp;pd_rd_r=1ab9bf9a-97a9-4fca-872c-62755d41ff07&amp;pd_rd_wg=RapKB&amp;ref_=pd_gw_unk"><img alt="Amazon Brand - Solimo 100% Cotton 2 Piece Bath Towel Set, 500 GSM (Iris Blue and Sunshine Yellow)" src="https://m.media-amazon.com/images/I/71Sfsvy7PIL._AC_SY200_.jpg" class="product-image" height="200px" data-a-hires="https://m.media-amazon.com/images/I/71Sfsvy7PIL._AC_SY400_.jpg"></a></span></li><li data-sgproduct="{&quot;asin&quot;:&quot;B01LTI1KJ6&quot;}" class="feed-carousel-card" aria-setsize="20" style="margin-right: 10px; display: inline-block;" aria-posinset="14" aria-hidden="false" role="listitem"><span class="a-list-item"><a class="a-link-normal" href="/Amazon-Brand-Microfibre-Reversible-Comforter/dp/B01LTI1KJ6/?_encoding=UTF8&amp;pd_rd_w=eWoOl&amp;pf_rd_p=663e5e39-9db8-4063-8e67-526af4422abc&amp;pf_rd_r=BHPJXCXEQ08Q3G08SG3Z&amp;pd_rd_r=1ab9bf9a-97a9-4fca-872c-62755d41ff07&amp;pd_rd_wg=RapKB&amp;ref_=pd_gw_unk"><img alt="Amazon Brand - Solimo Microfiber Reversible Comforter, Single (Aqua Blue &amp; Olive Green, 200 GSM)" src="https://m.media-amazon.com/images/I/81Vzm0NAr8L._AC_SY200_.jpg" class="product-image" height="200px" data-a-hires="https://m.media-amazon.com/images/I/81Vzm0NAr8L._AC_SY400_.jpg"></a></span></li><li data-sgproduct="{&quot;asin&quot;:&quot;B08CKYJ1KL&quot;}" class="feed-carousel-card" aria-setsize="20" style="margin-right: 10px; display: inline-block;" aria-posinset="15" aria-hidden="false" role="listitem"><span class="a-list-item"><a class="a-link-normal" href="/Thermador-Toughened-Glass-Burner-Ignition/dp/B08CKYJ1KL/?_encoding=UTF8&amp;pd_rd_w=eWoOl&amp;pf_rd_p=663e5e39-9db8-4063-8e67-526af4422abc&amp;pf_rd_r=BHPJXCXEQ08Q3G08SG3Z&amp;pd_rd_r=1ab9bf9a-97a9-4fca-872c-62755d41ff07&amp;pd_rd_wg=RapKB&amp;ref_=pd_gw_unk"><img alt="Thermador Toughened ISI Certified 2 Brass Burner Glass Top Gas Stove (LPG Use Only, Auto Ignition, Black)" src="https://m.media-amazon.com/images/I/71YUKTV6SkL._AC_SY200_.jpg" class="product-image" height="200px" data-a-hires="https://m.media-amazon.com/images/I/71YUKTV6SkL._AC_SY400_.jpg"></a></span></li><li data-sgproduct="{&quot;asin&quot;:&quot;B076VF43GG&quot;}" class="feed-carousel-card" aria-setsize="20" style="margin-right: 10px; display: inline-block;" aria-posinset="16" aria-hidden="false" role="listitem"><span class="a-list-item"><a class="a-link-normal" href="/Amazon-Brand-12-inch-Roulette-Movement/dp/B076VF43GG/?_encoding=UTF8&amp;pd_rd_w=eWoOl&amp;pf_rd_p=663e5e39-9db8-4063-8e67-526af4422abc&amp;pf_rd_r=BHPJXCXEQ08Q3G08SG3Z&amp;pd_rd_r=1ab9bf9a-97a9-4fca-872c-62755d41ff07&amp;pd_rd_wg=RapKB&amp;ref_=pd_gw_unk"><img alt="Amazon Brand - Solimo 12-inch Plastic &amp; Glass Wall Clock - Classic Roulette (Silent Movement, Black Frame)" src="https://m.media-amazon.com/images/I/81XEPquUw3L._AC_SY200_.jpg" class="product-image" height="200px" data-a-hires="https://m.media-amazon.com/images/I/81XEPquUw3L._AC_SY400_.jpg"></a></span></li><li data-sgproduct="{&quot;asin&quot;:&quot;B076ZYXQ4R&quot;}" class="feed-carousel-card" aria-setsize="20" style="margin-right: 10px; display: inline-block;" aria-posinset="17" aria-hidden="false" role="listitem"><span class="a-list-item"><a class="a-link-normal" href="/Amazon-Brand-Solimo-Floral-Bedsheet/dp/B076ZYXQ4R/?_encoding=UTF8&amp;pd_rd_w=eWoOl&amp;pf_rd_p=663e5e39-9db8-4063-8e67-526af4422abc&amp;pf_rd_r=BHPJXCXEQ08Q3G08SG3Z&amp;pd_rd_r=1ab9bf9a-97a9-4fca-872c-62755d41ff07&amp;pd_rd_wg=RapKB&amp;ref_=pd_gw_unk"><img alt="Amazon Brand - Solimo Floral Flakes 144 TC Cotton Double Bedsheet with 2 Pillow Covers, Blue" src="https://m.media-amazon.com/images/I/91pGRxfK8VL._AC_SY200_.jpg" class="product-image" height="200px" data-a-hires="https://m.media-amazon.com/images/I/91pGRxfK8VL._AC_SY400_.jpg"></a></span></li><li data-sgproduct="{&quot;asin&quot;:&quot;B07P913VF3&quot;}" class="feed-carousel-card" aria-setsize="20" style="margin-right: 10px; display: inline-block;" aria-posinset="18" aria-hidden="false" role="listitem"><span class="a-list-item"><a class="a-link-normal" href="/Solimo-Aluminium-Cookware-3-Pieces-SONSC59/dp/B07P913VF3/?_encoding=UTF8&amp;pd_rd_w=eWoOl&amp;pf_rd_p=663e5e39-9db8-4063-8e67-526af4422abc&amp;pf_rd_r=BHPJXCXEQ08Q3G08SG3Z&amp;pd_rd_r=1ab9bf9a-97a9-4fca-872c-62755d41ff07&amp;pd_rd_wg=RapKB&amp;ref_=pd_gw_unk"><img alt="Amazon Brand - Solimo Non Stick Kadhai with Glass Lid (26 cm, Hammertone finish, 3 coat, 2.9mm thickness), Aluminium, Black" src="https://m.media-amazon.com/images/I/81MzgBfzUhL._AC_SY200_.jpg" class="product-image" height="200px" data-a-hires="https://m.media-amazon.com/images/I/81MzgBfzUhL._AC_SY400_.jpg"></a></span></li><li data-sgproduct="{&quot;asin&quot;:&quot;B00Q7OD61I&quot;}" class="feed-carousel-card" aria-setsize="20" style="margin-right: 10px; display: inline-block;" aria-posinset="19" aria-hidden="false" role="listitem"><span class="a-list-item"><a class="a-link-normal" href="/AmazonBasics-Thread-Cotton-Bedsheet-Elastic/dp/B00Q7OD61I/?_encoding=UTF8&amp;pd_rd_w=eWoOl&amp;pf_rd_p=663e5e39-9db8-4063-8e67-526af4422abc&amp;pf_rd_r=BHPJXCXEQ08Q3G08SG3Z&amp;pd_rd_r=1ab9bf9a-97a9-4fca-872c-62755d41ff07&amp;pd_rd_wg=RapKB&amp;ref_=pd_gw_unk"><img alt="AmazonBasics 400 Thread Count Solid Cotton Sheet Set - Bedsheet, Fitted Sheet with Elastic, 2 Pillow Covers (King, White)" src="https://m.media-amazon.com/images/I/8184Kj+j1vL._AC_SY200_.jpg" class="product-image" height="200px" data-a-hires="https://m.media-amazon.com/images/I/8184Kj+j1vL._AC_SY400_.jpg"></a></span></li><li data-sgproduct="{&quot;asin&quot;:&quot;B08ZTXH87B&quot;}" class="feed-carousel-card" aria-setsize="20" style="margin-right: 10px; display: inline-block;" aria-posinset="20" aria-hidden="false" role="listitem"><span class="a-list-item"><a class="a-link-normal" href="/Amazon-Brand-Plastic-Microfibre-Refills/dp/B08ZTXH87B/?_encoding=UTF8&amp;pd_rd_w=eWoOl&amp;pf_rd_p=663e5e39-9db8-4063-8e67-526af4422abc&amp;pf_rd_r=BHPJXCXEQ08Q3G08SG3Z&amp;pd_rd_r=1ab9bf9a-97a9-4fca-872c-62755d41ff07&amp;pd_rd_wg=RapKB&amp;ref_=pd_gw_unk"><img alt="Amazon Brand - Presto! Flow Spin Mop with Plastic Basket, Big Wheels and 2 Microfibre Refills" src="https://m.media-amazon.com/images/I/61RIH8MsJFL._AC_SY200_.jpg" class="product-image" height="200px" data-a-hires="https://m.media-amazon.com/images/I/61RIH8MsJFL._AC_SY400_.jpg"></a></span></li></ul><div class="spinner" aria-hidden="true" style="display: none;"><i class="gw-spinner" role="presentation"></i></div></div><a aria-label="Carousel previous slide" class="a-link-normal feed-carousel-control feed-left feed-control-disabled" tabindex="-1" href="#" aria-hidden="true"><span class="gw-icon feed-arrow"></span></a><a aria-label="Carousel next slide" class="a-link-normal feed-carousel-control feed-right" tabindex="-1" href="#" aria-hidden="true"><span class="gw-icon feed-arrow"></span></a><span class="feed-scrollbar"><span class="feed-scrollbar-track"><span class="feed-scrollbar-thumb" style="width: 362.042px; left: 0px;"></span></span></span></div><script type="text/javascript">P.when("component-feed-carousel").execute(function(c) { c.createCarousel("#63fabffa-abb2-4328-ac0d-57cfba3fa57d .feed-carousel", 10,  0 ); });</script><script id="63fabffa-abb2-4328-ac0d-57cfba3fa57d-btfCarouselContent" type="text/x-lazy-loaded-content"><li data-sgproduct="{&quot;asin&quot;:&quot;B076ZYXQ5D&quot;}" class="feed-carousel-card"><span class="a-list-item"><a class="a-link-normal" href="/Amazon-Brand-Solimo-Paisley-Bedsheet/dp/B076ZYXQ5D/?_encoding=UTF8&amp;pd_rd_w=eWoOl&amp;pf_rd_p=663e5e39-9db8-4063-8e67-526af4422abc&amp;pf_rd_r=BHPJXCXEQ08Q3G08SG3Z&amp;pd_rd_r=1ab9bf9a-97a9-4fca-872c-62755d41ff07&amp;pd_rd_wg=RapKB&amp;ref_=pd_gw_unk"><img alt="Amazon Brand - Solimo Paisley Preen 144 TC 100% Cotton Double Bedsheet with 2 Pillow Covers, Green and Orange" src="https://m.media-amazon.com/images/I/915OxtyTSIL._AC_SY200_.jpg" class="product-image" height="200px" data-a-hires="https://m.media-amazon.com/images/I/915OxtyTSIL._AC_SY400_.jpg"/></a></span></li><li data-sgproduct="{&quot;asin&quot;:&quot;B076ZTSW47&quot;}" class="feed-carousel-card"><span class="a-list-item"><a class="a-link-normal" href="/Amazon-Brand-Solimo-Foliage-Bedsheet/dp/B076ZTSW47/?_encoding=UTF8&amp;pd_rd_w=eWoOl&amp;pf_rd_p=663e5e39-9db8-4063-8e67-526af4422abc&amp;pf_rd_r=BHPJXCXEQ08Q3G08SG3Z&amp;pd_rd_r=1ab9bf9a-97a9-4fca-872c-62755d41ff07&amp;pd_rd_wg=RapKB&amp;ref_=pd_gw_unk"><img alt="Amazon Brand - Solimo Floral Foliage 144 TC Cotton Double Bedsheet with 2 Pillow Covers, Teal" src="https://m.media-amazon.com/images/I/A10JxZghPJL._AC_SY200_.jpg" class="product-image" height="200px" data-a-hires="https://m.media-amazon.com/images/I/A10JxZghPJL._AC_SY400_.jpg"/></a></span></li><li data-sgproduct="{&quot;asin&quot;:&quot;B08243CLRL&quot;}" class="feed-carousel-card"><span class="a-list-item"><a class="a-link-normal" href="/Happer-Supported-Breaking-Prince-Jumbo/dp/B08243CLRL/?_encoding=UTF8&amp;pd_rd_w=eWoOl&amp;pf_rd_p=663e5e39-9db8-4063-8e67-526af4422abc&amp;pf_rd_r=BHPJXCXEQ08Q3G08SG3Z&amp;pd_rd_r=1ab9bf9a-97a9-4fca-872c-62755d41ff07&amp;pd_rd_wg=RapKB&amp;ref_=pd_gw_unk"><img alt="Happer Premium Double Supported 3 Layer Cloth Drying Stand with Breaking Wheels, Prince Jumbo (Orange) Stainless Steel..." src="https://m.media-amazon.com/images/I/713xe+xyjdL._AC_SY200_.jpg" class="product-image" height="200px" data-a-hires="https://m.media-amazon.com/images/I/713xe+xyjdL._AC_SY400_.jpg"/></a></span></li><li data-sgproduct="{&quot;asin&quot;:&quot;B07GFKTYSQ&quot;}" class="feed-carousel-card"><span class="a-list-item"><a class="a-link-normal" href="/AmazonBasics-Indoor-Clothes-Dryer-Foldable/dp/B07GFKTYSQ/?_encoding=UTF8&amp;pd_rd_w=eWoOl&amp;pf_rd_p=663e5e39-9db8-4063-8e67-526af4422abc&amp;pf_rd_r=BHPJXCXEQ08Q3G08SG3Z&amp;pd_rd_r=1ab9bf9a-97a9-4fca-872c-62755d41ff07&amp;pd_rd_wg=RapKB&amp;ref_=pd_gw_unk"><img alt="AmazonBasics Indoor Clothes Dryer Tower with Foldable Wings" src="https://m.media-amazon.com/images/I/71zHIcCyQKL._AC_SY200_.jpg" class="product-image" height="200px" data-a-hires="https://m.media-amazon.com/images/I/71zHIcCyQKL._AC_SY400_.jpg"/></a></span></li><li data-sgproduct="{&quot;asin&quot;:&quot;B08KXYVXHB&quot;}" class="feed-carousel-card"><span class="a-list-item"><a class="a-link-normal" href="/AmazonBasics-Premium-Grinder-Stainless-Juicer/dp/B08KXYVXHB/?_encoding=UTF8&amp;pd_rd_w=eWoOl&amp;pf_rd_p=663e5e39-9db8-4063-8e67-526af4422abc&amp;pf_rd_r=BHPJXCXEQ08Q3G08SG3Z&amp;pd_rd_r=1ab9bf9a-97a9-4fca-872c-62755d41ff07&amp;pd_rd_wg=RapKB&amp;ref_=pd_gw_unk"><img alt="AmazonBasics Premium 750 Watt Mixer Grinder with 3 Stainless Steel Jar + 1 Juicer Jar, Black &amp; Grey" src="https://m.media-amazon.com/images/I/81+ExcA9MHL._AC_SY200_.jpg" class="product-image" height="200px" data-a-hires="https://m.media-amazon.com/images/I/81+ExcA9MHL._AC_SY400_.jpg"/></a></span></li><li data-sgproduct="{&quot;asin&quot;:&quot;B01HBPKENO&quot;}" class="feed-carousel-card"><span class="a-list-item"><a class="a-link-normal" href="/Amazon-Brand-Solimo-Cotton-Sunshine/dp/B01HBPKENO/?_encoding=UTF8&amp;pd_rd_w=eWoOl&amp;pf_rd_p=663e5e39-9db8-4063-8e67-526af4422abc&amp;pf_rd_r=BHPJXCXEQ08Q3G08SG3Z&amp;pd_rd_r=1ab9bf9a-97a9-4fca-872c-62755d41ff07&amp;pd_rd_wg=RapKB&amp;ref_=pd_gw_unk"><img alt="Amazon Brand - Solimo 100% Cotton 2 Piece Bath Towel Set, 500 GSM (Iris Blue and Sunshine Yellow)" src="https://m.media-amazon.com/images/I/71Sfsvy7PIL._AC_SY200_.jpg" class="product-image" height="200px" data-a-hires="https://m.media-amazon.com/images/I/71Sfsvy7PIL._AC_SY400_.jpg"/></a></span></li><li data-sgproduct="{&quot;asin&quot;:&quot;B01LTI1KJ6&quot;}" class="feed-carousel-card"><span class="a-list-item"><a class="a-link-normal" href="/Amazon-Brand-Microfibre-Reversible-Comforter/dp/B01LTI1KJ6/?_encoding=UTF8&amp;pd_rd_w=eWoOl&amp;pf_rd_p=663e5e39-9db8-4063-8e67-526af4422abc&amp;pf_rd_r=BHPJXCXEQ08Q3G08SG3Z&amp;pd_rd_r=1ab9bf9a-97a9-4fca-872c-62755d41ff07&amp;pd_rd_wg=RapKB&amp;ref_=pd_gw_unk"><img alt="Amazon Brand - Solimo Microfiber Reversible Comforter, Single (Aqua Blue &amp; Olive Green, 200 GSM)" src="https://m.media-amazon.com/images/I/81Vzm0NAr8L._AC_SY200_.jpg" class="product-image" height="200px" data-a-hires="https://m.media-amazon.com/images/I/81Vzm0NAr8L._AC_SY400_.jpg"/></a></span></li><li data-sgproduct="{&quot;asin&quot;:&quot;B08CKYJ1KL&quot;}" class="feed-carousel-card"><span class="a-list-item"><a class="a-link-normal" href="/Thermador-Toughened-Glass-Burner-Ignition/dp/B08CKYJ1KL/?_encoding=UTF8&amp;pd_rd_w=eWoOl&amp;pf_rd_p=663e5e39-9db8-4063-8e67-526af4422abc&amp;pf_rd_r=BHPJXCXEQ08Q3G08SG3Z&amp;pd_rd_r=1ab9bf9a-97a9-4fca-872c-62755d41ff07&amp;pd_rd_wg=RapKB&amp;ref_=pd_gw_unk"><img alt="Thermador Toughened ISI Certified 2 Brass Burner Glass Top Gas Stove (LPG Use Only, Auto Ignition, Black)" src="https://m.media-amazon.com/images/I/71YUKTV6SkL._AC_SY200_.jpg" class="product-image" height="200px" data-a-hires="https://m.media-amazon.com/images/I/71YUKTV6SkL._AC_SY400_.jpg"/></a></span></li><li data-sgproduct="{&quot;asin&quot;:&quot;B076VF43GG&quot;}" class="feed-carousel-card"><span class="a-list-item"><a class="a-link-normal" href="/Amazon-Brand-12-inch-Roulette-Movement/dp/B076VF43GG/?_encoding=UTF8&amp;pd_rd_w=eWoOl&amp;pf_rd_p=663e5e39-9db8-4063-8e67-526af4422abc&amp;pf_rd_r=BHPJXCXEQ08Q3G08SG3Z&amp;pd_rd_r=1ab9bf9a-97a9-4fca-872c-62755d41ff07&amp;pd_rd_wg=RapKB&amp;ref_=pd_gw_unk"><img alt="Amazon Brand - Solimo 12-inch Plastic &amp; Glass Wall Clock - Classic Roulette (Silent Movement, Black Frame)" src="https://m.media-amazon.com/images/I/81XEPquUw3L._AC_SY200_.jpg" class="product-image" height="200px" data-a-hires="https://m.media-amazon.com/images/I/81XEPquUw3L._AC_SY400_.jpg"/></a></span></li><li data-sgproduct="{&quot;asin&quot;:&quot;B076ZYXQ4R&quot;}" class="feed-carousel-card"><span class="a-list-item"><a class="a-link-normal" href="/Amazon-Brand-Solimo-Floral-Bedsheet/dp/B076ZYXQ4R/?_encoding=UTF8&amp;pd_rd_w=eWoOl&amp;pf_rd_p=663e5e39-9db8-4063-8e67-526af4422abc&amp;pf_rd_r=BHPJXCXEQ08Q3G08SG3Z&amp;pd_rd_r=1ab9bf9a-97a9-4fca-872c-62755d41ff07&amp;pd_rd_wg=RapKB&amp;ref_=pd_gw_unk"><img alt="Amazon Brand - Solimo Floral Flakes 144 TC Cotton Double Bedsheet with 2 Pillow Covers, Blue" src="https://m.media-amazon.com/images/I/91pGRxfK8VL._AC_SY200_.jpg" class="product-image" height="200px" data-a-hires="https://m.media-amazon.com/images/I/91pGRxfK8VL._AC_SY400_.jpg"/></a></span></li><li data-sgproduct="{&quot;asin&quot;:&quot;B07P913VF3&quot;}" class="feed-carousel-card"><span class="a-list-item"><a class="a-link-normal" href="/Solimo-Aluminium-Cookware-3-Pieces-SONSC59/dp/B07P913VF3/?_encoding=UTF8&amp;pd_rd_w=eWoOl&amp;pf_rd_p=663e5e39-9db8-4063-8e67-526af4422abc&amp;pf_rd_r=BHPJXCXEQ08Q3G08SG3Z&amp;pd_rd_r=1ab9bf9a-97a9-4fca-872c-62755d41ff07&amp;pd_rd_wg=RapKB&amp;ref_=pd_gw_unk"><img alt="Amazon Brand - Solimo Non Stick Kadhai with Glass Lid (26 cm, Hammertone finish, 3 coat, 2.9mm thickness), Aluminium, Black" src="https://m.media-amazon.com/images/I/81MzgBfzUhL._AC_SY200_.jpg" class="product-image" height="200px" data-a-hires="https://m.media-amazon.com/images/I/81MzgBfzUhL._AC_SY400_.jpg"/></a></span></li><li data-sgproduct="{&quot;asin&quot;:&quot;B00Q7OD61I&quot;}" class="feed-carousel-card"><span class="a-list-item"><a class="a-link-normal" href="/AmazonBasics-Thread-Cotton-Bedsheet-Elastic/dp/B00Q7OD61I/?_encoding=UTF8&amp;pd_rd_w=eWoOl&amp;pf_rd_p=663e5e39-9db8-4063-8e67-526af4422abc&amp;pf_rd_r=BHPJXCXEQ08Q3G08SG3Z&amp;pd_rd_r=1ab9bf9a-97a9-4fca-872c-62755d41ff07&amp;pd_rd_wg=RapKB&amp;ref_=pd_gw_unk"><img alt="AmazonBasics 400 Thread Count Solid Cotton Sheet Set - Bedsheet, Fitted Sheet with Elastic, 2 Pillow Covers (King, White)" src="https://m.media-amazon.com/images/I/8184Kj+j1vL._AC_SY200_.jpg" class="product-image" height="200px" data-a-hires="https://m.media-amazon.com/images/I/8184Kj+j1vL._AC_SY400_.jpg"/></a></span></li><li data-sgproduct="{&quot;asin&quot;:&quot;B08ZTXH87B&quot;}" class="feed-carousel-card"><span class="a-list-item"><a class="a-link-normal" href="/Amazon-Brand-Plastic-Microfibre-Refills/dp/B08ZTXH87B/?_encoding=UTF8&amp;pd_rd_w=eWoOl&amp;pf_rd_p=663e5e39-9db8-4063-8e67-526af4422abc&amp;pf_rd_r=BHPJXCXEQ08Q3G08SG3Z&amp;pd_rd_r=1ab9bf9a-97a9-4fca-872c-62755d41ff07&amp;pd_rd_wg=RapKB&amp;ref_=pd_gw_unk"><img alt="Amazon Brand - Presto! Flow Spin Mop with Plastic Basket, Big Wheels and 2 Microfibre Refills" src="https://m.media-amazon.com/images/I/61RIH8MsJFL._AC_SY200_.jpg" class="product-image" height="200px" data-a-hires="https://m.media-amazon.com/images/I/61RIH8MsJFL._AC_SY400_.jpg"/></a></span></li></script><script type="text/javascript">(function carouselBtf(d, w) { var p = d.getElementById("63fabffa-abb2-4328-ac0d-57cfba3fa57d-btfCarouselContent"), h = p && p.innerHTML, v = h ? [h] : []; w.GWData = w.GWData || {}; w.GWData['63fabffa-abb2-4328-ac0d-57cfba3fa57d'] = { loaded: false, data: v }; }(document, window));</script></div></div><script>(function(f){f(P._namespace('gwiAutoInstVisible'));}(function(P) {if(window.GWI){GWI.Card.autoInstVisible('Dpz4rE3C6qTvSBV5eSzKYg');}}));</script>
</div>
<hr data-display-at="smws" data-order-sm="7" data-order-ws="7" class="card-flow-row-break">
<div id="desktop-btf-grid-5" data-gwi="{&quot;visible&quot;:&quot;desktop-btf-grid-5-visible&quot;,&quot;active&quot;:&quot;desktop-btf-grid-5-active&quot;}" data-display-at="smws" data-order-ws="9" class="gw-col csm-placement-id-82db55d6-6036-4fce-92ad-92caecfd882b desktop-gateway-btf_1884e627-b8f5-4d51-9e47-728889aa81f5 celwidget pd_rd_wg-RapKB pd_rd_w-QVdGo pd_rd_r-1ab9bf9a-97a9-4fca-872c-62755d41ff07" data-order-sm="9" data-pf_rd_p="82db55d6-6036-4fce-92ad-92caecfd882b" data-pd_rd_wg="RapKB" data-pd_rd_w="QVdGo" data-pd_rd_r="1ab9bf9a-97a9-4fca-872c-62755d41ff07" data-ref_="pd_gw_unk" data-csa-c-type="widget" data-csa-c-slot-id="desktop-btf-grid-5" data-csa-c-content-id="82db55d6-6036-4fce-92ad-92caecfd882b" data-csa-c-id="chriuk-qeewwx-hih0gq-m3diu8" data-cel-widget="desktop-btf-grid-5"><div id="2kOJ5-HkLJc0cbEdCXfp9g" class="a-cardui fluid-quad-card fluid-card fluid-quad-image-label fluid-quad-image-label" data-a-card-type="basic"><div class="a-cardui-header"><h2 class="a-color-base headline truncate-2line">Up to 70% off on fashion | Small businesses</h2></div><div class="a-cardui-body"><div class="a-section a-spacing-small grid-row-1"><div class="a-section a-spacing-none quadrant-container quadrant-container-0"><a aria-label="Up to 70% off | Sarees" class="a-link-normal image-redirect aok-block image-window" href="/b?node=27396219031"><div class="a-section a-spacing-none fluid-image-container"><img alt="Up to 70% off | Sarees" src="https://images-eu.ssl-images-amazon.com/images/G/31/AmazonSmallBusinessDay/Jupiter21/Jan22newGW/PC-QuadCard-1x-Fashion-sarees._SY116_CB647188466_.jpg" class="landscape-image" data-a-hires="https://images-eu.ssl-images-amazon.com/images/G/31/AmazonSmallBusinessDay/Jupiter21/Jan22newGW/PC-QuadCard-Fashion-sarees._SY232_CB647188466_.jpg"></div><div class="a-section a-spacing-none image-label aok-inline-block aok-align-center"><span class="a-size-small a-color-base truncate-2line">Up to 70% off | Sarees</span></div></a></div><div class="a-section a-spacing-none quadrant-container quadrant-container-1"><a aria-label="Up to 70% off | Women's kurtas" class="a-link-normal image-redirect aok-block image-window" href="/l/27396220031"><div class="a-section a-spacing-none fluid-image-container"><img alt="Up to 70% off | Women's kurtas" src="https://images-eu.ssl-images-amazon.com/images/G/31/AmazonSmallBusinessDay/Jupiter21/Jan22newGW/PC-QuadCard-1x-Fashion-Kurtas._SY116_CB647188466_.jpg" class="landscape-image" data-a-hires="https://images-eu.ssl-images-amazon.com/images/G/31/AmazonSmallBusinessDay/Jupiter21/Jan22newGW/PC-QuadCard-Fashion-Kurtas._SY232_CB647188466_.jpg"></div><div class="a-section a-spacing-none image-label aok-inline-block aok-align-center"><span class="a-size-small a-color-base truncate-2line">Up to 70% off | Women's kurtas</span></div></a></div></div><div class="a-section grid-row-2"><div class="a-section a-spacing-none quadrant-container quadrant-container-0"><a aria-label="Up to 60% off | Men's kurtas" class="a-link-normal image-redirect aok-block image-window" href="/l/27396221031"><div class="a-section a-spacing-none fluid-image-container"><img alt="Up to 60% off | Men's kurtas" src="https://images-eu.ssl-images-amazon.com/images/G/31/AmazonSmallBusinessDay/Jupiter21/Jan22newGW/PC-QuadCard-1x-Fashion-Mens-kurta._SY116_CB647188466_.jpg" class="landscape-image" data-a-hires="https://images-eu.ssl-images-amazon.com/images/G/31/AmazonSmallBusinessDay/Jupiter21/Jan22newGW/PC-QuadCard-Fashion-Mens-kurta._SY232_CB647188466_.jpg"></div><div class="a-section a-spacing-none image-label aok-inline-block aok-align-center"><span class="a-size-small a-color-base truncate-2line">Up to 60% off | Men's kurtas</span></div></a></div><div class="a-section a-spacing-none quadrant-container quadrant-container-1"><a aria-label="Up to 70% off | Handbags &amp; clutches" class="a-link-normal image-redirect aok-block image-window" href="/l/27396223031"><div class="a-section a-spacing-none fluid-image-container"><img alt="Up to 70% off | Handbags &amp; clutches" src="https://images-eu.ssl-images-amazon.com/images/G/31/AmazonSmallBusinessDay/Jupiter21/Jan22newGW/PC-QuadCard-1x-Fashion-Handbags._SY116_CB647188466_.jpg" class="landscape-image" data-a-hires="https://images-eu.ssl-images-amazon.com/images/G/31/AmazonSmallBusinessDay/Jupiter21/Jan22newGW/PC-QuadCard-Fashion-Handbags._SY232_CB647188466_.jpg"></div><div class="a-section a-spacing-none image-label aok-inline-block aok-align-center"><span class="a-size-small a-color-base truncate-2line">Up to 70% off | Handbags &amp; clutches</span></div></a></div></div></div><div class="a-cardui-footer"><a class="a-link-normal see-more truncate-1line" href="/b?node=22813726031">See all offers</a></div></div><script>(function(f){f(P._namespace('gwiAutoInstVisible'));}(function(P) {if(window.GWI){GWI.Card.autoInstVisible('2kOJ5-HkLJc0cbEdCXfp9g');}}));</script>
<script>P.when('mix:fluid-quad-image-label').execute(function (cardModule) {cardModule.init('2kOJ5-HkLJc0cbEdCXfp9g');if(window.GWI){window.GWI.Card.autoInstActive('2kOJ5-HkLJc0cbEdCXfp9g');}});
</script>
</div>
<div id="desktop-btf-grid-6" data-gwi="{&quot;visible&quot;:&quot;desktop-btf-grid-6-visible&quot;,&quot;active&quot;:&quot;desktop-btf-grid-6-active&quot;}" data-display-at="smws" data-order-ws="9" class="gw-col csm-placement-id-94f4870f-75f6-44ea-9dbd-22b1bd210c44 desktop-gateway-btf_e7d9e704-ecd7-4366-8ee6-7b4ff6cb76e7 celwidget pd_rd_wg-RapKB pd_rd_w-fX9lQ pd_rd_r-1ab9bf9a-97a9-4fca-872c-62755d41ff07" data-order-sm="9" data-pf_rd_p="94f4870f-75f6-44ea-9dbd-22b1bd210c44" data-pd_rd_wg="RapKB" data-pd_rd_w="fX9lQ" data-pd_rd_r="1ab9bf9a-97a9-4fca-872c-62755d41ff07" data-ref_="pd_gw_unk" data-csa-c-type="widget" data-csa-c-slot-id="desktop-btf-grid-6" data-csa-c-content-id="94f4870f-75f6-44ea-9dbd-22b1bd210c44" data-csa-c-id="s4diqz-ezw3ej-vsnyd9-14azk3" data-cel-widget="desktop-btf-grid-6"><div id="3qexMgn4gYZhfCV-If9sGA" class="a-cardui fluid-quad-card fluid-card fluid-quad-image-label fluid-quad-image-label" data-a-card-type="basic"><div class="a-cardui-header"><h2 class="a-color-base headline truncate-2line">Up to 80% off | Watches, shoes &amp; more</h2></div><div class="a-cardui-body"><div class="a-section a-spacing-small grid-row-1"><div class="a-section a-spacing-none quadrant-container quadrant-container-0"><a aria-label="Footwear" class="a-link-normal image-redirect aok-block image-window" href="/b?ie=UTF8&amp;node=1983578031"><div class="a-section a-spacing-none fluid-image-container"><img alt="Footwear" src="https://images-eu.ssl-images-amazon.com/images/G/31/img21/Gateway_JWELSSH/PCQCJanART/low1-footwear._SY116_CB648908628_.jpg" class="landscape-image" data-a-hires="https://images-eu.ssl-images-amazon.com/images/G/31/img21/Gateway_JWELSSH/PCQCJanART/1-footwear._SY232_CB648908628_.jpg"></div><div class="a-section a-spacing-none image-label aok-inline-block aok-align-center"><span class="a-size-small a-color-base truncate-2line">Footwear</span></div></a></div><div class="a-section a-spacing-none quadrant-container quadrant-container-1"><a aria-label="Bags, wallets &amp; more" class="a-link-normal image-redirect aok-block image-window" href="/s?i=luggage&amp;bbn=2454169031&amp;rh=n%3A2454169031%2Cp_n_feature_nineteen_browse-bin%3A11301361031%7C19056239031%7C27064185031%2Cp_n_pct-off-with-tax%3A50-&amp;dc&amp;pf_rd_i=13714205031%2C2454169031%2C2454169031&amp;pf_rd_m=A1VBAL9TL5WCBF%2CA1VBAL9TL5WCBF%2CA1VBAL9TL5WCBF&amp;pf_rd_p=6659f01d-34b3-486b-b2e0-53b10f0b301f%2Cd6cec440-def7-4463-8f8e-c3d00e7ad299%2Ce2d136b9-24d1-4afe-ac9f-f49c0ec7ac20&amp;pf_rd_r=8N7R895YJW1Y86JSS165%2CAKNX2FMB91YRQVA4T9X8%2CKJ3W916K1A58DYBDDPCN&amp;pf_rd_s=merchandised-search-4%2Cmerchandised-search-4%2Cmerchandised-search-4&amp;pf_rd_t=30901&amp;qid=1641900084&amp;rnid=11301360031&amp;ref=sr_nr_p_n_feature_nineteen_browse-bin_3"><div class="a-section a-spacing-none fluid-image-container"><img alt="Bags, wallets &amp; more" src="https://images-eu.ssl-images-amazon.com/images/G/31/img21/Gateway_JWELSSH/PCQCJanART/low2-luggages._SY116_CB648908628_.jpg" class="landscape-image" data-a-hires="https://images-eu.ssl-images-amazon.com/images/G/31/img21/Gateway_JWELSSH/PCQCJanART/2-luggages._SY232_CB648908628_.jpg"></div><div class="a-section a-spacing-none image-label aok-inline-block aok-align-center"><span class="a-size-small a-color-base truncate-2line">Bags, wallets &amp; more</span></div></a></div></div><div class="a-section grid-row-2"><div class="a-section a-spacing-none quadrant-container quadrant-container-0"><a aria-label="Watches" class="a-link-normal image-redirect aok-block image-window" href="/b?node=2563504031"><div class="a-section a-spacing-none fluid-image-container"><img alt="Watches" src="https://images-eu.ssl-images-amazon.com/images/G/31/img21/Gateway_JWELSSH/PCQCJanART/low3-watches--SW._SY116_CB648908628_.jpg" class="landscape-image" data-a-hires="https://images-eu.ssl-images-amazon.com/images/G/31/img21/Gateway_JWELSSH/PCQCJanART/3-watches._SY232_CB648908628_.jpg"></div><div class="a-section a-spacing-none image-label aok-inline-block aok-align-center"><span class="a-size-small a-color-base truncate-2line">Watches</span></div></a></div><div class="a-section a-spacing-none quadrant-container quadrant-container-1"><a aria-label="Jewellery" class="a-link-normal image-redirect aok-block image-window" href="/b?node=5210079031"><div class="a-section a-spacing-none fluid-image-container"><img alt="Jewellery" src="https://images-eu.ssl-images-amazon.com/images/G/31/img21/Gateway_JWELSSH/PCQCJanART/low4-jewelry._SY116_CB648908628_.jpg" class="landscape-image" data-a-hires="https://images-eu.ssl-images-amazon.com/images/G/31/img21/Gateway_JWELSSH/PCQCJanART/4-jewelry._SY232_CB648908628_.jpg"></div><div class="a-section a-spacing-none image-label aok-inline-block aok-align-center"><span class="a-size-small a-color-base truncate-2line">Jewellery</span></div></a></div></div></div><div class="a-cardui-footer"><a class="a-link-normal see-more truncate-1line" href="/b?node=6648217031">See all offers</a></div></div><script>(function(f){f(P._namespace('gwiAutoInstVisible'));}(function(P) {if(window.GWI){GWI.Card.autoInstVisible('3qexMgn4gYZhfCV-If9sGA');}}));</script>
<script>P.when('mix:fluid-quad-image-label').execute(function (cardModule) {cardModule.init('3qexMgn4gYZhfCV-If9sGA');if(window.GWI){window.GWI.Card.autoInstActive('3qexMgn4gYZhfCV-If9sGA');}});
</script>
</div>
<hr data-display-at="sm" data-order-sm="9" class="card-flow-row-break">
<div id="desktop-btf-grid-7" data-gwi="{&quot;visible&quot;:&quot;desktop-btf-grid-7-visible&quot;,&quot;active&quot;:&quot;desktop-btf-grid-7-active&quot;}" data-display-at="smws" data-order-ws="9" class="gw-col csm-placement-id-c2df7668-a724-4a92-a499-399c01528412 desktop-gateway-btf_a26dc829-de20-401a-9f29-0748213369e4 celwidget pd_rd_wg-RapKB pd_rd_w-40llU pd_rd_r-1ab9bf9a-97a9-4fca-872c-62755d41ff07" data-order-sm="12" data-pf_rd_p="c2df7668-a724-4a92-a499-399c01528412" data-pd_rd_wg="RapKB" data-pd_rd_w="40llU" data-pd_rd_r="1ab9bf9a-97a9-4fca-872c-62755d41ff07" data-ref_="pd_gw_unk" data-csa-c-type="widget" data-csa-c-slot-id="desktop-btf-grid-7" data-csa-c-content-id="c2df7668-a724-4a92-a499-399c01528412" data-csa-c-id="aqpvaa-t3p8k4-asbvam-8wz93y" data-cel-widget="desktop-btf-grid-7"><div id="glExVropa48muSENPdf4og" class="a-cardui fluid-quad-card fluid-card fluid-quad-image-label fluid-quad-image-label" data-a-card-type="basic"><div class="a-cardui-header"><h2 class="a-color-base headline truncate-2line">Up to 65% off | Food and fitness</h2></div><div class="a-cardui-body"><div class="a-section a-spacing-small grid-row-1"><div class="a-section a-spacing-none quadrant-container quadrant-container-0"><a aria-label="Breakfast essentials" class="a-link-normal image-redirect aok-block image-window" href="/s?k=breakfast&amp;i=specialty-aps&amp;srs=27402320031"><div class="a-section a-spacing-none fluid-image-container"><img alt="Breakfast essentials" src="https://images-eu.ssl-images-amazon.com/images/G/31/img20/AmazonLaunchpad/2022/Jan_art/GW/desktop/Desktop_Gateway_QuadCard-10.5x_8._SY116_CB647193015_.jpg" class="landscape-image" data-a-hires="https://images-eu.ssl-images-amazon.com/images/G/31/img20/AmazonLaunchpad/2022/Jan_art/GW/desktop/Desktop_Gateway_QuadCard_8._SY232_CB647193015_.jpg"></div><div class="a-section a-spacing-none image-label aok-inline-block aok-align-center"><span class="a-size-small a-color-base truncate-2line">Breakfast essentials</span></div></a></div><div class="a-section a-spacing-none quadrant-container quadrant-container-1"><a aria-label="Multi-vitamins" class="a-link-normal image-redirect aok-block image-window" href="/s?k=vitamins&amp;i=specialty-aps&amp;srs=27402320031&amp;page=2"><div class="a-section a-spacing-none fluid-image-container"><img alt="Multi-vitamins" src="https://images-eu.ssl-images-amazon.com/images/G/31/img20/AmazonLaunchpad/2022/Jan_art/GW/desktop/Desktop_Gateway_QuadCard-10.5x_9._SY116_CB647193015_.jpg" class="landscape-image" data-a-hires="https://images-eu.ssl-images-amazon.com/images/G/31/img20/AmazonLaunchpad/2022/Jan_art/GW/desktop/Desktop_Gateway_QuadCard_9._SY232_CB647193015_.jpg"></div><div class="a-section a-spacing-none image-label aok-inline-block aok-align-center"><span class="a-size-small a-color-base truncate-2line">Multi-vitamins</span></div></a></div></div><div class="a-section grid-row-2"><div class="a-section a-spacing-none quadrant-container quadrant-container-0"><a aria-label="Protective supplies" class="a-link-normal image-redirect aok-block image-window" href="/b?node=21570176031"><div class="a-section a-spacing-none fluid-image-container"><img alt="Protective supplies" src="https://images-eu.ssl-images-amazon.com/images/G/31/img20/AmazonLaunchpad/2022/Jan_art/GW/desktop/Desktop_Gateway_QuadCard-10.5x_10._SY116_CB647193015_.jpg" class="landscape-image" data-a-hires="https://images-eu.ssl-images-amazon.com/images/G/31/img20/AmazonLaunchpad/2022/Jan_art/GW/desktop/Desktop_Gateway_QuadCard_10._SY232_CB647193015_.jpg"></div><div class="a-section a-spacing-none image-label aok-inline-block aok-align-center"><span class="a-size-small a-color-base truncate-2line">Protective supplies</span></div></a></div><div class="a-section a-spacing-none quadrant-container quadrant-container-1"><a aria-label="Amazon launchpad" class="a-link-normal image-redirect aok-block image-window" href="/b?node=10894223031"><div class="a-section a-spacing-none fluid-image-container"><img alt="Amazon launchpad" src="https://images-eu.ssl-images-amazon.com/images/G/31/img20/AmazonLaunchpad/2022/Jan_art/GW/desktop/Desktop_Gateway_QuadCard-10.5x_4._SY116_CB647193015_.jpg" class="landscape-image" data-a-hires="https://images-eu.ssl-images-amazon.com/images/G/31/img20/AmazonLaunchpad/2022/Jan_art/GW/desktop/Desktop_Gateway_QuadCard_4._SY232_CB647193015_.jpg"></div><div class="a-section a-spacing-none image-label aok-inline-block aok-align-center"><span class="a-size-small a-color-base truncate-2line">Amazon launchpad</span></div></a></div></div></div><div class="a-cardui-footer"><a class="a-link-normal see-more truncate-1line" href="/b?node=10894223031&amp;ref=INALGW">See all offers</a></div></div><script>(function(f){f(P._namespace('gwiAutoInstVisible'));}(function(P) {if(window.GWI){GWI.Card.autoInstVisible('glExVropa48muSENPdf4og');}}));</script>
<script>P.when('mix:fluid-quad-image-label').execute(function (cardModule) {cardModule.init('glExVropa48muSENPdf4og');if(window.GWI){window.GWI.Card.autoInstActive('glExVropa48muSENPdf4og');}});
</script>
</div>
<div id="desktop-btf-grid-8" data-gwi="{&quot;visible&quot;:&quot;desktop-btf-grid-8-visible&quot;,&quot;active&quot;:&quot;desktop-btf-grid-8-active&quot;}" data-display-at="smws" data-order-ws="9" class="gw-col csm-placement-id-c6836118-3b28-4add-a6d6-9bc483e69e06 desktop-gateway-btf_999a2247-1ee7-421d-94eb-1a67e0cc4c5a celwidget pd_rd_wg-RapKB pd_rd_w-0LpOA pd_rd_r-1ab9bf9a-97a9-4fca-872c-62755d41ff07" data-order-sm="12" data-pf_rd_p="c6836118-3b28-4add-a6d6-9bc483e69e06" data-pd_rd_wg="RapKB" data-pd_rd_w="0LpOA" data-pd_rd_r="1ab9bf9a-97a9-4fca-872c-62755d41ff07" data-ref_="pd_gw_unk" data-csa-c-type="widget" data-csa-c-slot-id="desktop-btf-grid-8" data-csa-c-content-id="c6836118-3b28-4add-a6d6-9bc483e69e06" data-csa-c-id="xypzbc-jaivy9-x1m4r7-vyoyv6" data-cel-widget="desktop-btf-grid-8"><div id="T8G9f1TukUqjI4GgWqsCvw" class="a-cardui fluid-fat-image-link fluid-card fluid-fat-image-link" data-a-card-type="basic"><div class="a-cardui-header"><h2 class="a-color-base headline truncate-2line">Up to 60% off | Appliances from local shops near you</h2></div><div class="a-cardui-body"><a class="a-link-normal center-image aok-block image-window" href="/s?i=kitchen&amp;srs=26606552031&amp;bbn=26606552031&amp;dc&amp;qid=1642537349&amp;ref=lp_specialty-aps_nr_i_0"><div class="a-section a-spacing-none fluid-image-container"><img alt="Up to 60% off | Appliances from local shops near you" src="https://images-eu.ssl-images-amazon.com/images/G/31/cross-site/2_1x_ouhs._SY304_CB647465519_.jpg" class="landscape-image" data-a-hires="https://images-eu.ssl-images-amazon.com/images/G/31/cross-site/2_2x_inha._SY608_CB647465519_.jpg"></div></a></div><div class="a-cardui-footer"><a class="a-link-normal see-more truncate-1line" href="/l/22962139031">See all offers</a></div></div><script>(function(f){f(P._namespace('gwiAutoInstVisible'));}(function(P) {if(window.GWI){GWI.Card.autoInstVisible('T8G9f1TukUqjI4GgWqsCvw');}}));</script>
<script>P.when('mix:fluid-fat-image-link').execute(function (cardModule) {cardModule.init('T8G9f1TukUqjI4GgWqsCvw');if(window.GWI){window.GWI.Card.autoInstActive('T8G9f1TukUqjI4GgWqsCvw');}});
</script>
</div>
<hr data-display-at="ws" data-order-ws="9" class="card-flow-row-break">
<div id="desktop-5" data-gwi="{&quot;visible&quot;:&quot;desktop-5-visible&quot;,&quot;active&quot;:&quot;desktop-5-active&quot;}" data-col-span-ws="4" data-col-span-sm="3" data-order-ws="10" data-order-sm="10" data-display-at="smws" class="gw-col desktop-row gwi-row gw-widget-instrument gw-auto-height csm-placement-id-577a40ab-25bc-4bb6-8a4f-9f12a397b573 desktop-gateway-btf_5ec5c930-5039-4a94-99a1-97f180f9f39a celwidget pd_rd_wg-RapKB pd_rd_w-OkLzw pd_rd_r-1ab9bf9a-97a9-4fca-872c-62755d41ff07" data-pf_rd_p="577a40ab-25bc-4bb6-8a4f-9f12a397b573" data-pd_rd_wg="RapKB" data-pd_rd_w="OkLzw" data-pd_rd_r="1ab9bf9a-97a9-4fca-872c-62755d41ff07" data-ref_="pd_gw_unk" data-csa-c-type="widget" data-csa-c-slot-id="desktop-5" data-csa-c-content-id="577a40ab-25bc-4bb6-8a4f-9f12a397b573" data-csa-c-id="nvndy5-7url3i-z45p4b-56o7og" data-cel-widget="desktop-5"><div class="a-section a-spacing-none ameyal-product-shoveler" id="dyQH593ZcZSYu31lL8YHKg"><div id="3681d239-105c-4c2a-b91a-b445a902259c" class="a-section a-spacing-none shogun-widget card-lite product-shoveler aui-desktop fresh-shoveler"><div class="a-section as-title-block"><h2 class="as-title-block-left"><span class="a-color-base">Up to 50% off | New launches</span></h2><span class="as-title-block-right"><a class="a-link-normal" href="/s?i=specialty-aps&amp;srs=27012002031&amp;rh=n%3A27012002031&amp;s=date-desc-rank&amp;fs=true&amp;qid=1638934043&amp;ref=sr_st_date-desc-rank&amp;pd_rd_w=OkLzw&amp;pf_rd_p=577a40ab-25bc-4bb6-8a4f-9f12a397b573&amp;pf_rd_r=BHPJXCXEQ08Q3G08SG3Z&amp;pd_rd_r=1ab9bf9a-97a9-4fca-872c-62755d41ff07&amp;pd_rd_wg=RapKB">See all offers</a></span></div><div class="a-section a-spacing-none feed-carousel"><div class="a-section feed-carousel-viewport"><ul class="a-unordered-list a-nostyle a-horizontal feed-carousel-shelf" role="list" style=""><li data-sgproduct="{&quot;asin&quot;:&quot;B09M71D95P&quot;}" class="feed-carousel-card" aria-posinset="1" aria-hidden="false" role="listitem" aria-setsize="22" style="display: inline-block;"><span class="a-list-item"><a class="a-link-normal" href="/Carote-Insulated-Bottle-Double-Wall-Stainless/dp/B09M71D95P/?_encoding=UTF8&amp;pd_rd_w=OkLzw&amp;pf_rd_p=577a40ab-25bc-4bb6-8a4f-9f12a397b573&amp;pf_rd_r=BHPJXCXEQ08Q3G08SG3Z&amp;pd_rd_r=1ab9bf9a-97a9-4fca-872c-62755d41ff07&amp;pd_rd_wg=RapKB&amp;ref_=pd_gw_unk"><img alt="Carote Insulated Water Bottle Double-Wall Thermo Vacuum Flask Stainless Steel Hot &amp; Cold Bottle(350ml, Teal)" src="https://m.media-amazon.com/images/I/41qXmboHRzL._AC_SY200_.jpg" class="product-image" height="200px" data-a-hires="https://m.media-amazon.com/images/I/41qXmboHRzL._AC_SY400_.jpg"></a></span></li><li data-sgproduct="{&quot;asin&quot;:&quot;B01J7MVAAK&quot;}" class="feed-carousel-card" aria-setsize="22" aria-posinset="2" aria-hidden="false" role="listitem" style="display: inline-block;"><span class="a-list-item"><a class="a-link-normal" href="/CableCreation-Toslink-Digital-Optical-Connectors/dp/B01J7MVAAK/?_encoding=UTF8&amp;pd_rd_w=OkLzw&amp;pf_rd_p=577a40ab-25bc-4bb6-8a4f-9f12a397b573&amp;pf_rd_r=BHPJXCXEQ08Q3G08SG3Z&amp;pd_rd_r=1ab9bf9a-97a9-4fca-872c-62755d41ff07&amp;pd_rd_wg=RapKB&amp;ref_=pd_gw_unk"><img alt="CableCreation 50 Feet Toslink Male to Toslink Male Digital Optical SPDIF Audio Cable, Braided Fiber Cable with Metal..." src="https://m.media-amazon.com/images/I/61fSfh+D49S._AC_SY200_.jpg" class="product-image" height="200px" data-a-hires="https://m.media-amazon.com/images/I/61fSfh+D49S._AC_SY400_.jpg"></a></span></li><li data-sgproduct="{&quot;asin&quot;:&quot;B077GRNTXV&quot;}" class="feed-carousel-card" aria-setsize="22" aria-posinset="3" aria-hidden="false" role="listitem" style="display: inline-block;"><span class="a-list-item"><a class="a-link-normal" href="/CableCreation-Auxiliary-Splitter-Gold-Plated-Smartphones/dp/B077GRNTXV/?_encoding=UTF8&amp;pd_rd_w=OkLzw&amp;pf_rd_p=577a40ab-25bc-4bb6-8a4f-9f12a397b573&amp;pf_rd_r=BHPJXCXEQ08Q3G08SG3Z&amp;pd_rd_r=1ab9bf9a-97a9-4fca-872c-62755d41ff07&amp;pd_rd_wg=RapKB&amp;ref_=pd_gw_unk"><img alt="CableCreation 3.5mm to RCA Cable, Angle 3.5mm Male to 2RCA Male Auxiliary Stereo Audio Y Splitter Gold-Plated for..." src="https://m.media-amazon.com/images/I/71lXQ5qB3qL._AC_SY200_.jpg" class="product-image" height="200px" data-a-hires="https://m.media-amazon.com/images/I/71lXQ5qB3qL._AC_SY400_.jpg"></a></span></li><li data-sgproduct="{&quot;asin&quot;:&quot;B07RK6X1G6&quot;}" class="feed-carousel-card" aria-setsize="22" aria-posinset="4" aria-hidden="false" role="listitem" style="display: inline-block;"><span class="a-list-item"><a class="a-link-normal" href="/YnM-Bamboo-Weighted-Blanket-Certified/dp/B07RK6X1G6/?_encoding=UTF8&amp;pd_rd_w=OkLzw&amp;pf_rd_p=577a40ab-25bc-4bb6-8a4f-9f12a397b573&amp;pf_rd_r=BHPJXCXEQ08Q3G08SG3Z&amp;pd_rd_r=1ab9bf9a-97a9-4fca-872c-62755d41ff07&amp;pd_rd_wg=RapKB&amp;ref_=pd_gw_unk"><img alt="YnM Bamboo Weighted Blanket with 100% Pure Natural Bamboo Viscose | 15lbs for 90-150 lbs Individual, 48&quot;x 72&quot; | Luxury..." src="https://m.media-amazon.com/images/I/61dxfM56cVL._AC_SY200_.jpg" class="product-image" height="200px" data-a-hires="https://m.media-amazon.com/images/I/61dxfM56cVL._AC_SY400_.jpg"></a></span></li><li data-sgproduct="{&quot;asin&quot;:&quot;B08F2RS9V7&quot;}" class="feed-carousel-card" aria-setsize="22" aria-posinset="5" aria-hidden="false" role="listitem" style="display: inline-block;"><span class="a-list-item"><a class="a-link-normal" href="/LUMO-Semi-Permanent-Replacement-Photocatalysis-Technology/dp/B08F2RS9V7/?_encoding=UTF8&amp;pd_rd_w=OkLzw&amp;pf_rd_p=577a40ab-25bc-4bb6-8a4f-9f12a397b573&amp;pf_rd_r=BHPJXCXEQ08Q3G08SG3Z&amp;pd_rd_r=1ab9bf9a-97a9-4fca-872c-62755d41ff07&amp;pd_rd_wg=RapKB&amp;ref_=pd_gw_unk"><img alt="LUMO Semi-Permanent Portable, Car, Personal, Desktop Air Purifier, Decompose 99.9% Germs, Virus, Smoke, Odor, No Filter..." src="https://m.media-amazon.com/images/I/61vZHH4GXCL._AC_SY200_.jpg" class="product-image" height="200px" data-a-hires="https://m.media-amazon.com/images/I/61vZHH4GXCL._AC_SY400_.jpg"></a></span></li><li data-sgproduct="{&quot;asin&quot;:&quot;B08H7P47MC&quot;}" class="feed-carousel-card" aria-setsize="22" aria-posinset="6" aria-hidden="false" role="listitem" style="display: inline-block;"><span class="a-list-item"><a class="a-link-normal" href="/elago-Compatible-Handheld-Keychain-Registered/dp/B08H7P47MC/?_encoding=UTF8&amp;pd_rd_w=OkLzw&amp;pf_rd_p=577a40ab-25bc-4bb6-8a4f-9f12a397b573&amp;pf_rd_r=BHPJXCXEQ08Q3G08SG3Z&amp;pd_rd_r=1ab9bf9a-97a9-4fca-872c-62755d41ff07&amp;pd_rd_wg=RapKB&amp;ref_=pd_gw_unk"><img alt="elago AW5 Airpods Pro Case, Classic Handheld Game Console Design Case with Keychain for AirPods Pro (Sand Pink)" src="https://m.media-amazon.com/images/I/51SCEfcL5JL._AC_SY200_.jpg" class="product-image" height="200px" data-a-hires="https://m.media-amazon.com/images/I/51SCEfcL5JL._AC_SY400_.jpg"></a></span></li><li data-sgproduct="{&quot;asin&quot;:&quot;B08Q7Z3STT&quot;}" class="feed-carousel-card" aria-setsize="22" aria-posinset="7" aria-hidden="false" role="listitem" style="display: inline-block;"><span class="a-list-item"><a class="a-link-normal" href="/Kinsound-Digital-Optical-Gold-Plated-Soundbar/dp/B08Q7Z3STT/?_encoding=UTF8&amp;pd_rd_w=OkLzw&amp;pf_rd_p=577a40ab-25bc-4bb6-8a4f-9f12a397b573&amp;pf_rd_r=BHPJXCXEQ08Q3G08SG3Z&amp;pd_rd_r=1ab9bf9a-97a9-4fca-872c-62755d41ff07&amp;pd_rd_wg=RapKB&amp;ref_=pd_gw_unk"><img alt="Kinsound Digital Optical Cable, Dolby Audio Fiber Cable Gold-Plated Toslink Male to Male Optical Cable for TV, Sony Home..." src="https://m.media-amazon.com/images/I/61LPdGt4RQL._AC_SY200_.jpg" class="product-image" height="200px" data-a-hires="https://m.media-amazon.com/images/I/61LPdGt4RQL._AC_SY400_.jpg"></a></span></li><li data-sgproduct="{&quot;asin&quot;:&quot;B08SBWHJ1D&quot;}" class="feed-carousel-card" aria-setsize="22" aria-posinset="8" aria-hidden="false" role="listitem" style="display: inline-block;"><span class="a-list-item"><a class="a-link-normal" href="/Sportneer-Badminton-Shuttlecocks-Lighting-Shuttlecock/dp/B08SBWHJ1D/?_encoding=UTF8&amp;pd_rd_w=OkLzw&amp;pf_rd_p=577a40ab-25bc-4bb6-8a4f-9f12a397b573&amp;pf_rd_r=BHPJXCXEQ08Q3G08SG3Z&amp;pd_rd_r=1ab9bf9a-97a9-4fca-872c-62755d41ff07&amp;pd_rd_wg=RapKB&amp;ref_=pd_gw_unk"><img alt="Badminton Shuttlecocks,Sportneer LED Badminton Shuttlecocks 360° Lighting Birdies for Badminton Glow in The Dark..." src="https://m.media-amazon.com/images/I/71xEv-Y9ILL._AC_SY200_.jpg" class="product-image" height="200px" data-a-hires="https://m.media-amazon.com/images/I/71xEv-Y9ILL._AC_SY400_.jpg"></a></span></li><li data-sgproduct="{&quot;asin&quot;:&quot;B08XH7NZL4&quot;}" class="feed-carousel-card" aria-setsize="22" aria-posinset="9" aria-hidden="false" role="listitem" style="display: inline-block;"><span class="a-list-item"><a class="a-link-normal" href="/OxyLED-Rechargeable-Lighting-Magnetic-Wireless/dp/B08XH7NZL4/?_encoding=UTF8&amp;pd_rd_w=OkLzw&amp;pf_rd_p=577a40ab-25bc-4bb6-8a4f-9f12a397b573&amp;pf_rd_r=BHPJXCXEQ08Q3G08SG3Z&amp;pd_rd_r=1ab9bf9a-97a9-4fca-872c-62755d41ff07&amp;pd_rd_wg=RapKB&amp;ref_=pd_gw_unk"><img alt="53 LED Motion Sensor Closet Light, OxyLED 2000mAh Rechargeable Under Cabinet Lighting, 180LM Ultra Thin Magnetic Led..." src="https://m.media-amazon.com/images/I/6192H2hL1KS._AC_SY200_.jpg" class="product-image" height="200px" data-a-hires="https://m.media-amazon.com/images/I/6192H2hL1KS._AC_SY400_.jpg"></a></span></li><li data-sgproduct="{&quot;asin&quot;:&quot;B09136KDCT&quot;}" class="feed-carousel-card" aria-setsize="22" aria-posinset="10" aria-hidden="false" role="listitem" style="display: inline-block;"><span class="a-list-item"><a class="a-link-normal" href="/ZENUSS%C2%AE-Cleaning-Surfaces-Upholstery-Multipurpose/dp/B09136KDCT/?_encoding=UTF8&amp;pd_rd_w=OkLzw&amp;pf_rd_p=577a40ab-25bc-4bb6-8a4f-9f12a397b573&amp;pf_rd_r=BHPJXCXEQ08Q3G08SG3Z&amp;pd_rd_r=1ab9bf9a-97a9-4fca-872c-62755d41ff07&amp;pd_rd_wg=RapKB&amp;ref_=pd_gw_unk"><img alt="ZENUSS® Plastic Long Bristle Cleaning Brush for Home Carpet, Curtain, Surfaces, Mats, Car Seat, Upholstery Multipurpose..." src="https://m.media-amazon.com/images/I/5146HNoh0jL._AC_SY200_.jpg" class="product-image" height="200px" data-a-hires="https://m.media-amazon.com/images/I/5146HNoh0jL._AC_SY400_.jpg"></a></span></li><li data-sgproduct="{&quot;asin&quot;:&quot;B092ZLV272&quot;}" class="feed-carousel-card" aria-setsize="22" aria-posinset="11" aria-hidden="false" role="listitem" style="display: inline-block;"><span class="a-list-item"><a class="a-link-normal" href="/elago-Silicone-Compatible-AirPods-Cover/dp/B092ZLV272/?_encoding=UTF8&amp;pd_rd_w=OkLzw&amp;pf_rd_p=577a40ab-25bc-4bb6-8a4f-9f12a397b573&amp;pf_rd_r=BHPJXCXEQ08Q3G08SG3Z&amp;pd_rd_r=1ab9bf9a-97a9-4fca-872c-62755d41ff07&amp;pd_rd_wg=RapKB&amp;ref_=pd_gw_unk"><img alt="elago Silicone Case Compatible with AirPods 3 Case Cover - Karabiner Included, Supports Wireless Charging, Shock..." src="https://m.media-amazon.com/images/I/51VBFIJDSIS._AC_SY200_.jpg" class="product-image" height="200px" data-a-hires="https://m.media-amazon.com/images/I/51VBFIJDSIS._AC_SY400_.jpg"></a></span></li><li data-sgproduct="{&quot;asin&quot;:&quot;B095JX7XJV&quot;}" class="feed-carousel-card" aria-setsize="22" aria-posinset="12" aria-hidden="false" role="listitem" style="display: inline-block;"><span class="a-list-item"><a class="a-link-normal" href="/MUVEEN-Multiple-Breathable-Dustproof-Eco-Friendly/dp/B095JX7XJV/?_encoding=UTF8&amp;pd_rd_w=OkLzw&amp;pf_rd_p=577a40ab-25bc-4bb6-8a4f-9f12a397b573&amp;pf_rd_r=BHPJXCXEQ08Q3G08SG3Z&amp;pd_rd_r=1ab9bf9a-97a9-4fca-872c-62755d41ff07&amp;pd_rd_wg=RapKB&amp;ref_=pd_gw_unk"><img alt="MUVEEN Premium Fashion Face Mask FM100 3-Pcs, Multiple Sizes, 3D Comfort Elastic Fit, Soft &amp; Stylish 2-Ply, Washable..." src="https://m.media-amazon.com/images/I/71QQjIGv3lL._AC_SY200_.jpg" class="product-image" height="200px" data-a-hires="https://m.media-amazon.com/images/I/71QQjIGv3lL._AC_SY400_.jpg"></a></span></li><li data-sgproduct="{&quot;asin&quot;:&quot;B09B6SFSDB&quot;}" class="feed-carousel-card" aria-setsize="22" aria-posinset="13" aria-hidden="false" role="listitem" style="display: inline-block;"><span class="a-list-item"><a class="a-link-normal" href="/ESR-HaloLock-Compatible-Dashboard-Charging/dp/B09B6SFSDB/?_encoding=UTF8&amp;pd_rd_w=OkLzw&amp;pf_rd_p=577a40ab-25bc-4bb6-8a4f-9f12a397b573&amp;pf_rd_r=BHPJXCXEQ08Q3G08SG3Z&amp;pd_rd_r=1ab9bf9a-97a9-4fca-872c-62755d41ff07&amp;pd_rd_wg=RapKB&amp;ref_=pd_gw_unk"><img alt="ESR HaloLock MagSafe Car Phone Mount, Compatible with iPhone 13/13 Pro/13 mini/13 Pro Max/12/12 Pro/12 mini/12 Pro Max,..." src="https://m.media-amazon.com/images/I/61PXVCG4LcL._AC_SY200_.jpg" class="product-image" height="200px" data-a-hires="https://m.media-amazon.com/images/I/61PXVCG4LcL._AC_SY400_.jpg"></a></span></li><li data-sgproduct="{&quot;asin&quot;:&quot;B09C1G2C1R&quot;}" class="feed-carousel-card" aria-setsize="22" aria-posinset="14" aria-hidden="false" role="listitem" style="display: inline-block;"><span class="a-list-item"><a class="a-link-normal" href="/Acrylic-Ohuhu-Colors-Supplies-Leather/dp/B09C1G2C1R/?_encoding=UTF8&amp;pd_rd_w=OkLzw&amp;pf_rd_p=577a40ab-25bc-4bb6-8a4f-9f12a397b573&amp;pf_rd_r=BHPJXCXEQ08Q3G08SG3Z&amp;pd_rd_r=1ab9bf9a-97a9-4fca-872c-62755d41ff07&amp;pd_rd_wg=RapKB&amp;ref_=pd_gw_unk"><img alt="Acrylic Paint Set for Art, Ohuhu 24 Colors 2 Ounce/59ml Acrylic Paint Supplies for Wood, Fabric, Crafts, Canvas,..." src="https://m.media-amazon.com/images/I/71kwdp2jXHL._AC_SY200_.jpg" class="product-image" height="200px" data-a-hires="https://m.media-amazon.com/images/I/71kwdp2jXHL._AC_SY400_.jpg"></a></span></li><li data-sgproduct="{&quot;asin&quot;:&quot;B09H32BLYM&quot;}" class="feed-carousel-card" aria-setsize="22" aria-posinset="15" aria-hidden="false" role="listitem" style="display: inline-block;"><span class="a-list-item"><a class="a-link-normal" href="/Listening-Wireless-Bluetooth-Headphones-Resistant/dp/B09H32BLYM/?_encoding=UTF8&amp;pd_rd_w=OkLzw&amp;pf_rd_p=577a40ab-25bc-4bb6-8a4f-9f12a397b573&amp;pf_rd_r=BHPJXCXEQ08Q3G08SG3Z&amp;pd_rd_r=1ab9bf9a-97a9-4fca-872c-62755d41ff07&amp;pd_rd_wg=RapKB&amp;ref_=pd_gw_unk"><img alt="20 Hours Listening time Wireless Bluetooth Earphone Upgraded Bluetooth Headphones Sweat Resistant Wireless Headset" src="https://m.media-amazon.com/images/I/61HhIPc1zAL._AC_SY200_.jpg" class="product-image" height="200px" data-a-hires="https://m.media-amazon.com/images/I/61HhIPc1zAL._AC_SY400_.jpg"></a></span></li><li data-sgproduct="{&quot;asin&quot;:&quot;B09H7F8FKM&quot;}" class="feed-carousel-card" aria-setsize="22" aria-posinset="16" aria-hidden="false" role="listitem" style="display: inline-block;"><span class="a-list-item"><a class="a-link-normal" href="/Myfriday-Womens-Sling-Crossbody-Handbags/dp/B09H7F8FKM/?_encoding=UTF8&amp;pd_rd_w=OkLzw&amp;pf_rd_p=577a40ab-25bc-4bb6-8a4f-9f12a397b573&amp;pf_rd_r=BHPJXCXEQ08Q3G08SG3Z&amp;pd_rd_r=1ab9bf9a-97a9-4fca-872c-62755d41ff07&amp;pd_rd_wg=RapKB&amp;ref_=pd_gw_unk"><img alt="Myfriday Oval Women's Sling Bag Crossbody Handbags for Women Girls" src="https://m.media-amazon.com/images/I/519Mt-mLFLL._AC_SY200_.jpg" class="product-image" height="200px" data-a-hires="https://m.media-amazon.com/images/I/519Mt-mLFLL._AC_SY400_.jpg"></a></span></li><li data-sgproduct="{&quot;asin&quot;:&quot;B09HH7VZQJ&quot;}" class="feed-carousel-card" aria-setsize="22" aria-posinset="17" aria-hidden="false" role="listitem" style="display: inline-block;"><span class="a-list-item"><a class="a-link-normal" href="/Myfriday-Lightweight-Crossbody-Screen-Window/dp/B09HH7VZQJ/?_encoding=UTF8&amp;pd_rd_w=OkLzw&amp;pf_rd_p=577a40ab-25bc-4bb6-8a4f-9f12a397b573&amp;pf_rd_r=BHPJXCXEQ08Q3G08SG3Z&amp;pd_rd_r=1ab9bf9a-97a9-4fca-872c-62755d41ff07&amp;pd_rd_wg=RapKB&amp;ref_=pd_gw_unk"><img alt="Myfriday Lightweight Crossbody Sling Bags with Clear Screen Window,Small Phone Purse" src="https://m.media-amazon.com/images/I/31UenXeG5yL._AC_SY200_.jpg" class="product-image" height="200px" data-a-hires="https://m.media-amazon.com/images/I/31UenXeG5yL._AC_SY400_.jpg"></a></span></li><li data-sgproduct="{&quot;asin&quot;:&quot;B09HS3BLJS&quot;}" class="feed-carousel-card" aria-setsize="22" aria-posinset="18" aria-hidden="false" role="listitem" style="display: inline-block;"><span class="a-list-item"><a class="a-link-normal" href="/BACKGAMMON%C2%AE-Silicone-Sensory-Special-Novelty/dp/B09HS3BLJS/?_encoding=UTF8&amp;pd_rd_w=OkLzw&amp;pf_rd_p=577a40ab-25bc-4bb6-8a4f-9f12a397b573&amp;pf_rd_r=BHPJXCXEQ08Q3G08SG3Z&amp;pd_rd_r=1ab9bf9a-97a9-4fca-872c-62755d41ff07&amp;pd_rd_wg=RapKB&amp;ref_=pd_gw_unk"><img alt="BACKGAMMON® Pop It Fidget Toys Silicone Sensory Toy Push Pop Bubble Fidget Toy Autism Special Needs Stress Relief Toy..." src="https://m.media-amazon.com/images/I/51THVigfGKL._AC_SY200_.jpg" class="product-image" height="200px" data-a-hires="https://m.media-amazon.com/images/I/51THVigfGKL._AC_SY400_.jpg"></a></span></li><li data-sgproduct="{&quot;asin&quot;:&quot;B09HSJHXRW&quot;}" class="feed-carousel-card" aria-setsize="22" aria-posinset="19" aria-hidden="false" role="listitem" style="display: inline-block;"><span class="a-list-item"><a class="a-link-normal" href="/BACKGAMMON%C2%AE-Fidget-Sensory-Silicone-Unicorn/dp/B09HSJHXRW/?_encoding=UTF8&amp;pd_rd_w=OkLzw&amp;pf_rd_p=577a40ab-25bc-4bb6-8a4f-9f12a397b573&amp;pf_rd_r=BHPJXCXEQ08Q3G08SG3Z&amp;pd_rd_r=1ab9bf9a-97a9-4fca-872c-62755d41ff07&amp;pd_rd_wg=RapKB&amp;ref_=pd_gw_unk"><img alt="BACKGAMMON® Pop It Fidget Toys, Push Pop Bubble Fidget Sensory Toy Fidget Toy for Kids Silicone Stress Relief Toys for..." src="https://m.media-amazon.com/images/I/61bOgDZWUML._AC_SY200_.jpg" class="product-image" height="200px" data-a-hires="https://m.media-amazon.com/images/I/61bOgDZWUML._AC_SY400_.jpg"></a></span></li><li data-sgproduct="{&quot;asin&quot;:&quot;B09N94Y9WS&quot;}" class="feed-carousel-card" aria-setsize="22" aria-posinset="20" aria-hidden="false" role="listitem" style="display: inline-block;"><span class="a-list-item"><a class="a-link-normal" href="/Backgammon%C2%AE-Adjustable-Computer-Ergonomic-Compatible/dp/B09N94Y9WS/?_encoding=UTF8&amp;pd_rd_w=OkLzw&amp;pf_rd_p=577a40ab-25bc-4bb6-8a4f-9f12a397b573&amp;pf_rd_r=BHPJXCXEQ08Q3G08SG3Z&amp;pd_rd_r=1ab9bf9a-97a9-4fca-872c-62755d41ff07&amp;pd_rd_wg=RapKB&amp;ref_=pd_gw_unk"><img alt="Backgammon® Laptop Stand Adjustable Laptop Stand, Computer Stand Ergonomic Laptop Stand Foldable Portable Tablet Stand,..." src="https://m.media-amazon.com/images/I/61oJo+VZc-L._AC_SY200_.jpg" class="product-image" height="200px" data-a-hires="https://m.media-amazon.com/images/I/61oJo+VZc-L._AC_SY400_.jpg"></a></span></li><li data-sgproduct="{&quot;asin&quot;:&quot;B09N97F2F6&quot;}" class="feed-carousel-card" aria-setsize="22" aria-posinset="21" aria-hidden="false" role="listitem" style="display: inline-block;"><span class="a-list-item"><a class="a-link-normal" href="/Control-Switcher-Keyboard-Monitor-Compatible/dp/B09N97F2F6/?_encoding=UTF8&amp;pd_rd_w=OkLzw&amp;pf_rd_p=577a40ab-25bc-4bb6-8a4f-9f12a397b573&amp;pf_rd_r=BHPJXCXEQ08Q3G08SG3Z&amp;pd_rd_r=1ab9bf9a-97a9-4fca-872c-62755d41ff07&amp;pd_rd_wg=RapKB&amp;ref_=pd_gw_unk"><img alt="KVM Switch With Serial Port Control, 4K@60Hz 4 In 1 Out HDMI KVM Switcher Box For Share Mouse Keyboard And Monitor, Can..." src="https://m.media-amazon.com/images/I/71nT0mnAh8L._AC_SY200_.jpg" class="product-image" height="200px" data-a-hires="https://m.media-amazon.com/images/I/71nT0mnAh8L._AC_SY400_.jpg"></a></span></li><li data-sgproduct="{&quot;asin&quot;:&quot;B09NLX15HY&quot;}" class="feed-carousel-card" aria-setsize="22" aria-posinset="22" aria-hidden="false" role="listitem" style="display: inline-block;"><span class="a-list-item"><a class="a-link-normal" href="/Koicaxy-Christmas-Curtain-Decorations-Suitable/dp/B09NLX15HY/?_encoding=UTF8&amp;pd_rd_w=OkLzw&amp;pf_rd_p=577a40ab-25bc-4bb6-8a4f-9f12a397b573&amp;pf_rd_r=BHPJXCXEQ08Q3G08SG3Z&amp;pd_rd_r=1ab9bf9a-97a9-4fca-872c-62755d41ff07&amp;pd_rd_wg=RapKB&amp;ref_=pd_gw_unk"><img alt="Koicaxy Christmas Curtain Lights Decorations 124 LEDs 8 Modes LED String Light Indoor Decor Suitable for Christmas..." src="https://m.media-amazon.com/images/I/71Gd+nZd+rL._AC_SY200_.jpg" class="product-image" height="200px" data-a-hires="https://m.media-amazon.com/images/I/71Gd+nZd+rL._AC_SY400_.jpg"></a></span></li></ul><div class="spinner" aria-hidden="true" style="display: none;"><i class="gw-spinner" role="presentation"></i></div></div><a aria-label="Carousel previous slide" class="a-link-normal feed-carousel-control feed-left feed-control-disabled" tabindex="-1" href="#" aria-hidden="true"><span class="gw-icon feed-arrow"></span></a><a aria-label="Carousel next slide" class="a-link-normal feed-carousel-control feed-right" tabindex="-1" href="#" aria-hidden="true"><span class="gw-icon feed-arrow"></span></a><span class="feed-scrollbar"><span class="feed-scrollbar-track"><span class="feed-scrollbar-thumb" style="width: 350.688px; left: 0px;"></span></span></span></div><script type="text/javascript">P.when("component-feed-carousel").execute(function(c) { c.createCarousel("#3681d239-105c-4c2a-b91a-b445a902259c .feed-carousel", 10,  0 ); });</script><script id="3681d239-105c-4c2a-b91a-b445a902259c-btfCarouselContent" type="text/x-lazy-loaded-content"><li data-sgproduct="{&quot;asin&quot;:&quot;B08SBWHJ1D&quot;}" class="feed-carousel-card"><span class="a-list-item"><a class="a-link-normal" href="/Sportneer-Badminton-Shuttlecocks-Lighting-Shuttlecock/dp/B08SBWHJ1D/?_encoding=UTF8&amp;pd_rd_w=OkLzw&amp;pf_rd_p=577a40ab-25bc-4bb6-8a4f-9f12a397b573&amp;pf_rd_r=BHPJXCXEQ08Q3G08SG3Z&amp;pd_rd_r=1ab9bf9a-97a9-4fca-872c-62755d41ff07&amp;pd_rd_wg=RapKB&amp;ref_=pd_gw_unk"><img alt="Badminton Shuttlecocks,Sportneer LED Badminton Shuttlecocks 360° Lighting Birdies for Badminton Glow in The Dark..." src="https://m.media-amazon.com/images/I/71xEv-Y9ILL._AC_SY200_.jpg" class="product-image" height="200px" data-a-hires="https://m.media-amazon.com/images/I/71xEv-Y9ILL._AC_SY400_.jpg"/></a></span></li><li data-sgproduct="{&quot;asin&quot;:&quot;B08XH7NZL4&quot;}" class="feed-carousel-card"><span class="a-list-item"><a class="a-link-normal" href="/OxyLED-Rechargeable-Lighting-Magnetic-Wireless/dp/B08XH7NZL4/?_encoding=UTF8&amp;pd_rd_w=OkLzw&amp;pf_rd_p=577a40ab-25bc-4bb6-8a4f-9f12a397b573&amp;pf_rd_r=BHPJXCXEQ08Q3G08SG3Z&amp;pd_rd_r=1ab9bf9a-97a9-4fca-872c-62755d41ff07&amp;pd_rd_wg=RapKB&amp;ref_=pd_gw_unk"><img alt="53 LED Motion Sensor Closet Light, OxyLED 2000mAh Rechargeable Under Cabinet Lighting, 180LM Ultra Thin Magnetic Led..." src="https://m.media-amazon.com/images/I/6192H2hL1KS._AC_SY200_.jpg" class="product-image" height="200px" data-a-hires="https://m.media-amazon.com/images/I/6192H2hL1KS._AC_SY400_.jpg"/></a></span></li><li data-sgproduct="{&quot;asin&quot;:&quot;B09136KDCT&quot;}" class="feed-carousel-card"><span class="a-list-item"><a class="a-link-normal" href="/ZENUSS%C2%AE-Cleaning-Surfaces-Upholstery-Multipurpose/dp/B09136KDCT/?_encoding=UTF8&amp;pd_rd_w=OkLzw&amp;pf_rd_p=577a40ab-25bc-4bb6-8a4f-9f12a397b573&amp;pf_rd_r=BHPJXCXEQ08Q3G08SG3Z&amp;pd_rd_r=1ab9bf9a-97a9-4fca-872c-62755d41ff07&amp;pd_rd_wg=RapKB&amp;ref_=pd_gw_unk"><img alt="ZENUSS® Plastic Long Bristle Cleaning Brush for Home Carpet, Curtain, Surfaces, Mats, Car Seat, Upholstery Multipurpose..." src="https://m.media-amazon.com/images/I/5146HNoh0jL._AC_SY200_.jpg" class="product-image" height="200px" data-a-hires="https://m.media-amazon.com/images/I/5146HNoh0jL._AC_SY400_.jpg"/></a></span></li><li data-sgproduct="{&quot;asin&quot;:&quot;B092ZLV272&quot;}" class="feed-carousel-card"><span class="a-list-item"><a class="a-link-normal" href="/elago-Silicone-Compatible-AirPods-Cover/dp/B092ZLV272/?_encoding=UTF8&amp;pd_rd_w=OkLzw&amp;pf_rd_p=577a40ab-25bc-4bb6-8a4f-9f12a397b573&amp;pf_rd_r=BHPJXCXEQ08Q3G08SG3Z&amp;pd_rd_r=1ab9bf9a-97a9-4fca-872c-62755d41ff07&amp;pd_rd_wg=RapKB&amp;ref_=pd_gw_unk"><img alt="elago Silicone Case Compatible with AirPods 3 Case Cover - Karabiner Included, Supports Wireless Charging, Shock..." src="https://m.media-amazon.com/images/I/51VBFIJDSIS._AC_SY200_.jpg" class="product-image" height="200px" data-a-hires="https://m.media-amazon.com/images/I/51VBFIJDSIS._AC_SY400_.jpg"/></a></span></li><li data-sgproduct="{&quot;asin&quot;:&quot;B095JX7XJV&quot;}" class="feed-carousel-card"><span class="a-list-item"><a class="a-link-normal" href="/MUVEEN-Multiple-Breathable-Dustproof-Eco-Friendly/dp/B095JX7XJV/?_encoding=UTF8&amp;pd_rd_w=OkLzw&amp;pf_rd_p=577a40ab-25bc-4bb6-8a4f-9f12a397b573&amp;pf_rd_r=BHPJXCXEQ08Q3G08SG3Z&amp;pd_rd_r=1ab9bf9a-97a9-4fca-872c-62755d41ff07&amp;pd_rd_wg=RapKB&amp;ref_=pd_gw_unk"><img alt="MUVEEN Premium Fashion Face Mask FM100 3-Pcs, Multiple Sizes, 3D Comfort Elastic Fit, Soft &amp; Stylish 2-Ply, Washable..." src="https://m.media-amazon.com/images/I/71QQjIGv3lL._AC_SY200_.jpg" class="product-image" height="200px" data-a-hires="https://m.media-amazon.com/images/I/71QQjIGv3lL._AC_SY400_.jpg"/></a></span></li><li data-sgproduct="{&quot;asin&quot;:&quot;B09B6SFSDB&quot;}" class="feed-carousel-card"><span class="a-list-item"><a class="a-link-normal" href="/ESR-HaloLock-Compatible-Dashboard-Charging/dp/B09B6SFSDB/?_encoding=UTF8&amp;pd_rd_w=OkLzw&amp;pf_rd_p=577a40ab-25bc-4bb6-8a4f-9f12a397b573&amp;pf_rd_r=BHPJXCXEQ08Q3G08SG3Z&amp;pd_rd_r=1ab9bf9a-97a9-4fca-872c-62755d41ff07&amp;pd_rd_wg=RapKB&amp;ref_=pd_gw_unk"><img alt="ESR HaloLock MagSafe Car Phone Mount, Compatible with iPhone 13/13 Pro/13 mini/13 Pro Max/12/12 Pro/12 mini/12 Pro Max,..." src="https://m.media-amazon.com/images/I/61PXVCG4LcL._AC_SY200_.jpg" class="product-image" height="200px" data-a-hires="https://m.media-amazon.com/images/I/61PXVCG4LcL._AC_SY400_.jpg"/></a></span></li><li data-sgproduct="{&quot;asin&quot;:&quot;B09C1G2C1R&quot;}" class="feed-carousel-card"><span class="a-list-item"><a class="a-link-normal" href="/Acrylic-Ohuhu-Colors-Supplies-Leather/dp/B09C1G2C1R/?_encoding=UTF8&amp;pd_rd_w=OkLzw&amp;pf_rd_p=577a40ab-25bc-4bb6-8a4f-9f12a397b573&amp;pf_rd_r=BHPJXCXEQ08Q3G08SG3Z&amp;pd_rd_r=1ab9bf9a-97a9-4fca-872c-62755d41ff07&amp;pd_rd_wg=RapKB&amp;ref_=pd_gw_unk"><img alt="Acrylic Paint Set for Art, Ohuhu 24 Colors 2 Ounce/59ml Acrylic Paint Supplies for Wood, Fabric, Crafts, Canvas,..." src="https://m.media-amazon.com/images/I/71kwdp2jXHL._AC_SY200_.jpg" class="product-image" height="200px" data-a-hires="https://m.media-amazon.com/images/I/71kwdp2jXHL._AC_SY400_.jpg"/></a></span></li><li data-sgproduct="{&quot;asin&quot;:&quot;B09H32BLYM&quot;}" class="feed-carousel-card"><span class="a-list-item"><a class="a-link-normal" href="/Listening-Wireless-Bluetooth-Headphones-Resistant/dp/B09H32BLYM/?_encoding=UTF8&amp;pd_rd_w=OkLzw&amp;pf_rd_p=577a40ab-25bc-4bb6-8a4f-9f12a397b573&amp;pf_rd_r=BHPJXCXEQ08Q3G08SG3Z&amp;pd_rd_r=1ab9bf9a-97a9-4fca-872c-62755d41ff07&amp;pd_rd_wg=RapKB&amp;ref_=pd_gw_unk"><img alt="20 Hours Listening time Wireless Bluetooth Earphone Upgraded Bluetooth Headphones Sweat Resistant Wireless Headset" src="https://m.media-amazon.com/images/I/61HhIPc1zAL._AC_SY200_.jpg" class="product-image" height="200px" data-a-hires="https://m.media-amazon.com/images/I/61HhIPc1zAL._AC_SY400_.jpg"/></a></span></li><li data-sgproduct="{&quot;asin&quot;:&quot;B09H7F8FKM&quot;}" class="feed-carousel-card"><span class="a-list-item"><a class="a-link-normal" href="/Myfriday-Womens-Sling-Crossbody-Handbags/dp/B09H7F8FKM/?_encoding=UTF8&amp;pd_rd_w=OkLzw&amp;pf_rd_p=577a40ab-25bc-4bb6-8a4f-9f12a397b573&amp;pf_rd_r=BHPJXCXEQ08Q3G08SG3Z&amp;pd_rd_r=1ab9bf9a-97a9-4fca-872c-62755d41ff07&amp;pd_rd_wg=RapKB&amp;ref_=pd_gw_unk"><img alt="Myfriday Oval Women&#x27;s Sling Bag Crossbody Handbags for Women Girls" src="https://m.media-amazon.com/images/I/519Mt-mLFLL._AC_SY200_.jpg" class="product-image" height="200px" data-a-hires="https://m.media-amazon.com/images/I/519Mt-mLFLL._AC_SY400_.jpg"/></a></span></li><li data-sgproduct="{&quot;asin&quot;:&quot;B09HH7VZQJ&quot;}" class="feed-carousel-card"><span class="a-list-item"><a class="a-link-normal" href="/Myfriday-Lightweight-Crossbody-Screen-Window/dp/B09HH7VZQJ/?_encoding=UTF8&amp;pd_rd_w=OkLzw&amp;pf_rd_p=577a40ab-25bc-4bb6-8a4f-9f12a397b573&amp;pf_rd_r=BHPJXCXEQ08Q3G08SG3Z&amp;pd_rd_r=1ab9bf9a-97a9-4fca-872c-62755d41ff07&amp;pd_rd_wg=RapKB&amp;ref_=pd_gw_unk"><img alt="Myfriday Lightweight Crossbody Sling Bags with Clear Screen Window,Small Phone Purse" src="https://m.media-amazon.com/images/I/31UenXeG5yL._AC_SY200_.jpg" class="product-image" height="200px" data-a-hires="https://m.media-amazon.com/images/I/31UenXeG5yL._AC_SY400_.jpg"/></a></span></li><li data-sgproduct="{&quot;asin&quot;:&quot;B09HS3BLJS&quot;}" class="feed-carousel-card"><span class="a-list-item"><a class="a-link-normal" href="/BACKGAMMON%C2%AE-Silicone-Sensory-Special-Novelty/dp/B09HS3BLJS/?_encoding=UTF8&amp;pd_rd_w=OkLzw&amp;pf_rd_p=577a40ab-25bc-4bb6-8a4f-9f12a397b573&amp;pf_rd_r=BHPJXCXEQ08Q3G08SG3Z&amp;pd_rd_r=1ab9bf9a-97a9-4fca-872c-62755d41ff07&amp;pd_rd_wg=RapKB&amp;ref_=pd_gw_unk"><img alt="BACKGAMMON® Pop It Fidget Toys Silicone Sensory Toy Push Pop Bubble Fidget Toy Autism Special Needs Stress Relief Toy..." src="https://m.media-amazon.com/images/I/51THVigfGKL._AC_SY200_.jpg" class="product-image" height="200px" data-a-hires="https://m.media-amazon.com/images/I/51THVigfGKL._AC_SY400_.jpg"/></a></span></li><li data-sgproduct="{&quot;asin&quot;:&quot;B09HSJHXRW&quot;}" class="feed-carousel-card"><span class="a-list-item"><a class="a-link-normal" href="/BACKGAMMON%C2%AE-Fidget-Sensory-Silicone-Unicorn/dp/B09HSJHXRW/?_encoding=UTF8&amp;pd_rd_w=OkLzw&amp;pf_rd_p=577a40ab-25bc-4bb6-8a4f-9f12a397b573&amp;pf_rd_r=BHPJXCXEQ08Q3G08SG3Z&amp;pd_rd_r=1ab9bf9a-97a9-4fca-872c-62755d41ff07&amp;pd_rd_wg=RapKB&amp;ref_=pd_gw_unk"><img alt="BACKGAMMON® Pop It Fidget Toys, Push Pop Bubble Fidget Sensory Toy Fidget Toy for Kids Silicone Stress Relief Toys for..." src="https://m.media-amazon.com/images/I/61bOgDZWUML._AC_SY200_.jpg" class="product-image" height="200px" data-a-hires="https://m.media-amazon.com/images/I/61bOgDZWUML._AC_SY400_.jpg"/></a></span></li><li data-sgproduct="{&quot;asin&quot;:&quot;B09N94Y9WS&quot;}" class="feed-carousel-card"><span class="a-list-item"><a class="a-link-normal" href="/Backgammon%C2%AE-Adjustable-Computer-Ergonomic-Compatible/dp/B09N94Y9WS/?_encoding=UTF8&amp;pd_rd_w=OkLzw&amp;pf_rd_p=577a40ab-25bc-4bb6-8a4f-9f12a397b573&amp;pf_rd_r=BHPJXCXEQ08Q3G08SG3Z&amp;pd_rd_r=1ab9bf9a-97a9-4fca-872c-62755d41ff07&amp;pd_rd_wg=RapKB&amp;ref_=pd_gw_unk"><img alt="Backgammon® Laptop Stand Adjustable Laptop Stand, Computer Stand Ergonomic Laptop Stand Foldable Portable Tablet Stand,..." src="https://m.media-amazon.com/images/I/61oJo+VZc-L._AC_SY200_.jpg" class="product-image" height="200px" data-a-hires="https://m.media-amazon.com/images/I/61oJo+VZc-L._AC_SY400_.jpg"/></a></span></li><li data-sgproduct="{&quot;asin&quot;:&quot;B09N97F2F6&quot;}" class="feed-carousel-card"><span class="a-list-item"><a class="a-link-normal" href="/Control-Switcher-Keyboard-Monitor-Compatible/dp/B09N97F2F6/?_encoding=UTF8&amp;pd_rd_w=OkLzw&amp;pf_rd_p=577a40ab-25bc-4bb6-8a4f-9f12a397b573&amp;pf_rd_r=BHPJXCXEQ08Q3G08SG3Z&amp;pd_rd_r=1ab9bf9a-97a9-4fca-872c-62755d41ff07&amp;pd_rd_wg=RapKB&amp;ref_=pd_gw_unk"><img alt="KVM Switch With Serial Port Control, 4K@60Hz 4 In 1 Out HDMI KVM Switcher Box For Share Mouse Keyboard And Monitor, Can..." src="https://m.media-amazon.com/images/I/71nT0mnAh8L._AC_SY200_.jpg" class="product-image" height="200px" data-a-hires="https://m.media-amazon.com/images/I/71nT0mnAh8L._AC_SY400_.jpg"/></a></span></li><li data-sgproduct="{&quot;asin&quot;:&quot;B09NLX15HY&quot;}" class="feed-carousel-card"><span class="a-list-item"><a class="a-link-normal" href="/Koicaxy-Christmas-Curtain-Decorations-Suitable/dp/B09NLX15HY/?_encoding=UTF8&amp;pd_rd_w=OkLzw&amp;pf_rd_p=577a40ab-25bc-4bb6-8a4f-9f12a397b573&amp;pf_rd_r=BHPJXCXEQ08Q3G08SG3Z&amp;pd_rd_r=1ab9bf9a-97a9-4fca-872c-62755d41ff07&amp;pd_rd_wg=RapKB&amp;ref_=pd_gw_unk"><img alt="Koicaxy Christmas Curtain Lights Decorations 124 LEDs 8 Modes LED String Light Indoor Decor Suitable for Christmas..." src="https://m.media-amazon.com/images/I/71Gd+nZd+rL._AC_SY200_.jpg" class="product-image" height="200px" data-a-hires="https://m.media-amazon.com/images/I/71Gd+nZd+rL._AC_SY400_.jpg"/></a></span></li></script><script type="text/javascript">(function carouselBtf(d, w) { var p = d.getElementById("3681d239-105c-4c2a-b91a-b445a902259c-btfCarouselContent"), h = p && p.innerHTML, v = h ? [h] : []; w.GWData = w.GWData || {}; w.GWData['3681d239-105c-4c2a-b91a-b445a902259c'] = { loaded: false, data: v }; }(document, window));</script></div></div><script>(function(f){f(P._namespace('gwiAutoInstVisible'));}(function(P) {if(window.GWI){GWI.Card.autoInstVisible('dyQH593ZcZSYu31lL8YHKg');}}));</script>
</div>
<hr data-display-at="smws" data-order-sm="10" data-order-ws="10" class="card-flow-row-break">
<div id="desktop-6" data-gwi="{&quot;visible&quot;:&quot;desktop-6-visible&quot;,&quot;active&quot;:&quot;desktop-6-active&quot;}" data-col-span-ws="4" data-col-span-sm="3" data-order-ws="11" data-order-sm="11" data-display-at="smws" class="gw-col desktop-row gwi-row gw-widget-instrument gw-auto-height csm-placement-id-3b60807e-f5a9-4434-a1cd-a2be5309b786 desktop-gateway-btf_af225c05-6de7-4ec2-8752-9e87020e7f29 celwidget pd_rd_wg-RapKB pd_rd_w-qvFXv pd_rd_r-1ab9bf9a-97a9-4fca-872c-62755d41ff07" data-pf_rd_p="3b60807e-f5a9-4434-a1cd-a2be5309b786" data-pd_rd_wg="RapKB" data-pd_rd_w="qvFXv" data-pd_rd_r="1ab9bf9a-97a9-4fca-872c-62755d41ff07" data-ref_="pd_gw_unk" data-csa-c-type="widget" data-csa-c-slot-id="desktop-6" data-csa-c-content-id="3b60807e-f5a9-4434-a1cd-a2be5309b786" data-csa-c-id="6gvk0b-2fxu5h-2bsekx-u4huzt" data-cel-widget="desktop-6"><div id="pD7GAAmQJFPwhikVKPa-_g" class="a-section a-spacing-none shogun-widget card-lite image-shoveler aui-desktop fresh-shoveler image-shoveler"><div class="a-section as-title-block"><h2 class="as-title-block-left"><span class="a-color-base">Brands in focus | Great Republic Day sale</span></h2><span class="as-title-block-right"><a class="a-link-normal" href="/events/greatrepublicdaysale">Explore deals &amp; offers</a></span></div><div class="a-section a-spacing-none feed-carousel"><div class="a-section feed-carousel-viewport"><ul class="a-unordered-list a-nostyle a-horizontal feed-carousel-shelf" role="list"><li class="feed-carousel-card" aria-posinset="1" aria-hidden="false" role="listitem" aria-setsize="9" style="display: inline-block;"><span class="a-list-item"><a class="a-link-normal" href="/dp/B09MKPX6RQ?th=1"><img alt="Techno" src="https://images-eu.ssl-images-amazon.com/images/G/31/img21/Wireless/JanART22/1x_New_DesktopShoveler_updated._CB647028746_.jpg" class="product-image" height="200px" width="200px" data-a-hires="https://images-eu.ssl-images-amazon.com/images/G/31/img21/Wireless/JanART22/2x_New_DesktopShoveler_updated._CB647028746_.jpg"></a></span></li><li class="feed-carousel-card" aria-posinset="2" aria-hidden="false" role="listitem" aria-setsize="9" style="display: inline-block;"><span class="a-list-item"><a class="a-link-normal" href="/l/27389712031"><img alt="Ariel" src="https://images-eu.ssl-images-amazon.com/images/G/31/img21/Grocery/DesktopShoveler_1_200x200._CB647223446_.jpg" class="product-image" height="200px" width="200px" data-a-hires="https://images-eu.ssl-images-amazon.com/images/G/31/img21/Grocery/DesktopShoveler_1_400x400._CB647223446_.jpg"></a></span></li><li class="feed-carousel-card" aria-posinset="3" aria-hidden="false" role="listitem" aria-setsize="9" style="display: inline-block;"><span class="a-list-item"><a class="a-link-normal" href="/b?node=26190107031"><img alt="Intel" src="https://images-eu.ssl-images-amazon.com/images/G/31/img22/PC/Art/Intel_Desktop_Shoveler_1x._CB646973747_.jpg" class="product-image" height="200px" width="200px" data-a-hires="https://images-eu.ssl-images-amazon.com/images/G/31/img22/PC/Art/Intel_Desktop_Shoveler_2x._CB646973747_.jpg"></a></span></li><li class="feed-carousel-card" aria-posinset="4" aria-hidden="false" role="listitem" aria-setsize="9" style="display: inline-block;"><span class="a-list-item"><a class="a-link-normal" href="/b?ie=UTF8&amp;node=21588347031"><img alt="pampers" src="https://images-eu.ssl-images-amazon.com/images/G/31/img21/Grocery/DesktopShoveler_2_200x200._CB647223446_.jpg" class="product-image" height="200px" width="200px" data-a-hires="https://images-eu.ssl-images-amazon.com/images/G/31/img21/Grocery/DesktopShoveler_2_400x400._CB647223446_.jpg"></a></span></li><li class="feed-carousel-card" aria-posinset="5" aria-hidden="false" role="listitem" aria-setsize="9" style="display: inline-block;"><span class="a-list-item"><a class="a-link-normal" href="/b?node=26894285031"><img alt="Lg" src="https://images-eu.ssl-images-amazon.com/images/G/31/img22/PC/Art/LG_Gram_Desktop_1x._CB646974761_.jpg" class="product-image" height="200px" width="200px" data-a-hires="https://images-eu.ssl-images-amazon.com/images/G/31/img22/PC/Art/LG_Gram_Desktop_2x._CB646974761_.jpg"></a></span></li><li class="feed-carousel-card" aria-posinset="6" aria-hidden="false" role="listitem" aria-setsize="9" style="display: inline-block;"><span class="a-list-item"><a class="a-link-normal" href="/s?bbn=1355016031&amp;rh=n%3A1355016031%2Cp_89%3ASUGAR+Cosmetics"><img alt="Sugar" src="https://images-eu.ssl-images-amazon.com/images/G/31/img22/Beauty/JanART/200X200._CB646980557_.png" class="product-image" height="200px" width="200px" data-a-hires="https://images-eu.ssl-images-amazon.com/images/G/31/img22/Beauty/JanART/400X400._CB646980557_.png"></a></span></li><li class="feed-carousel-card" aria-posinset="7" aria-hidden="false" role="listitem" aria-setsize="9" style="display: inline-block;"><span class="a-list-item"><a class="a-link-normal" href="/b?ie=UTF8&amp;node=27396211031"><img alt="techno pop" src="https://images-eu.ssl-images-amazon.com/images/G/31/img21/Wireless/JanART22/1x_POP5_DesktopShoveler._CB647224418_.jpg" class="product-image" height="200px" width="200px" data-a-hires="https://images-eu.ssl-images-amazon.com/images/G/31/img21/Wireless/JanART22/2x_POP5_DesktopShoveler._CB647224418_.jpg"></a></span></li><li class="feed-carousel-card" aria-posinset="8" aria-hidden="false" role="listitem" aria-setsize="9" style="display: inline-block;"><span class="a-list-item"><a class="a-link-normal" href="/s?k=Gaming+Laptops&amp;i=computers&amp;rh=n%3A1375424031%2Cp_n_feature_two_browse-bin%3A1464424031"><img alt="gaming laptop" src="https://images-eu.ssl-images-amazon.com/images/G/31/img22/PC/Art/Intel_GamingLaptops_1x._CB646985418_.jpg" class="product-image" height="200px" width="200px" data-a-hires="https://images-eu.ssl-images-amazon.com/images/G/31/img22/PC/Art/Intel_GamingLaptops_2x._CB646985418_.jpg"></a></span></li><li class="feed-carousel-card" aria-posinset="9" aria-hidden="false" role="listitem" aria-setsize="9" style="display: inline-block;"><span class="a-list-item"><a class="a-link-normal" href="/b?node=27397001031"><img alt="sugar combo" src="https://images-eu.ssl-images-amazon.com/images/G/31/img22/Beauty/JanART/Sugar/Sugar-200._CB647074007_.jpg" class="product-image" height="200px" width="200px" data-a-hires="https://images-eu.ssl-images-amazon.com/images/G/31/img22/Beauty/JanART/Sugar/Sugar-400._CB647074007_.png"></a></span></li></ul><div class="spinner" aria-hidden="true" style="display: none;"><i class="gw-spinner" role="presentation"></i></div></div><a aria-label="Carousel previous slide" class="a-link-normal feed-carousel-control feed-left feed-control-disabled" tabindex="-1" href="#" aria-hidden="true"><span class="gw-icon feed-arrow"></span></a><a aria-label="Carousel next slide" class="a-link-normal feed-carousel-control feed-right" tabindex="-1" href="#" aria-hidden="true"><span class="gw-icon feed-arrow"></span></a><span class="feed-scrollbar"><span class="feed-scrollbar-track"><span class="feed-scrollbar-thumb" style="width: 856.575px; left: 0px;"></span></span></span></div><script type="text/javascript">
    P.when('component-feed-carousel').execute(function(c) {
      c.createCarousel("#pD7GAAmQJFPwhikVKPa-_g .feed-carousel", 10, 9);
    });</script><script id="pD7GAAmQJFPwhikVKPa-_g-btfCarouselContent" type="text/x-lazy-loaded-content"></script><script type="text/javascript">
    (function carouselBtf(d, w) {
      var p = d.getElementById("pD7GAAmQJFPwhikVKPa-_g-btfCarouselContent"),
          h = p && p.innerHTML,
          v = h ? [h] : [];
      w.GWData = w.GWData || {};
      w.GWData['pD7GAAmQJFPwhikVKPa-_g'] = { loaded: false, data: v };
    }(document, window))</script></div><script>(function(f){f(P._namespace('gwiAutoInstVisible'));}(function(P) {if(window.GWI){GWI.Card.autoInstVisible('pD7GAAmQJFPwhikVKPa-_g');}}));</script>
</div>
<hr data-display-at="smws" data-order-sm="11" data-order-ws="11" class="card-flow-row-break">
<div id="desktop-btf-grid-9" data-gwi="{&quot;visible&quot;:&quot;desktop-btf-grid-9-visible&quot;,&quot;active&quot;:&quot;desktop-btf-grid-9-active&quot;}" data-display-at="smws" data-order-ws="12" class="gw-col csm-placement-id-45e8faa0-d1ff-4e45-be0f-517f40f1641c desktop-gateway-btf_fea009ac-53f1-41d4-9d30-814b147026b1 celwidget pd_rd_wg-RapKB pd_rd_w-4oI8N pd_rd_r-1ab9bf9a-97a9-4fca-872c-62755d41ff07" data-order-sm="12" data-pf_rd_p="45e8faa0-d1ff-4e45-be0f-517f40f1641c" data-pd_rd_wg="RapKB" data-pd_rd_w="4oI8N" data-pd_rd_r="1ab9bf9a-97a9-4fca-872c-62755d41ff07" data-ref_="pd_gw_unk" data-csa-c-type="widget" data-csa-c-slot-id="desktop-btf-grid-9" data-csa-c-content-id="45e8faa0-d1ff-4e45-be0f-517f40f1641c" data-csa-c-id="i7xwlm-3wngl5-5um8j9-wr45ax" data-cel-widget="desktop-btf-grid-9"><div id="aasFAiY-J_42DLVdgFRGfQ" class="a-cardui fluid-quad-card fluid-card fluid-quad-image-label fluid-quad-image-label" data-a-card-type="basic"><div class="a-cardui-header"><h2 class="a-color-base headline truncate-2line">Up to 60% off | Home products from small businesses</h2></div><div class="a-cardui-body"><div class="a-section a-spacing-small grid-row-1"><div class="a-section a-spacing-none quadrant-container quadrant-container-0"><a aria-label="Up to 50% off | Home decor" class="a-link-normal image-redirect aok-block image-window" href="/b?node=27391071031"><div class="a-section a-spacing-none fluid-image-container"><img alt="Up to 50% off | Home decor" src="https://images-eu.ssl-images-amazon.com/images/G/31/AmazonSmallBusinessDay/Jupiter21/Jan22newGW/Desktop-Gateway_QuadCard-1x-copy._SY116_CB647184571_.jpg" class="landscape-image" data-a-hires="https://images-eu.ssl-images-amazon.com/images/G/31/AmazonSmallBusinessDay/Jupiter21/Jan22newGW/Desktop-Gateway_QuadCard-Home-decor._SY232_CB647184571_.jpg"></div><div class="a-section a-spacing-none image-label aok-inline-block aok-align-center"><span class="a-size-small a-color-base truncate-2line">Up to 50% off | Home decor</span></div></a></div><div class="a-section a-spacing-none quadrant-container quadrant-container-1"><a aria-label="Up to 60% off | Home furnishings" class="a-link-normal image-redirect aok-block image-window" href="/l/27391072031"><div class="a-section a-spacing-none fluid-image-container"><img alt="Up to 60% off | Home furnishings" src="https://images-eu.ssl-images-amazon.com/images/G/31/AmazonSmallBusinessDay/Jupiter21/Jan22newGW/Desktop-Gateway_QuadCard-1x-Home-furnishings._SY116_CB647184571_.jpg" class="landscape-image" data-a-hires="https://images-eu.ssl-images-amazon.com/images/G/31/AmazonSmallBusinessDay/Jupiter21/Jan22newGW/Desktop-Gateway_QuadCard-Home-furnishings._SY232_CB647184571_.jpg"></div><div class="a-section a-spacing-none image-label aok-inline-block aok-align-center"><span class="a-size-small a-color-base truncate-2line">Up to 60% off | Home furnishings</span></div></a></div></div><div class="a-section grid-row-2"><div class="a-section a-spacing-none quadrant-container quadrant-container-0"><a aria-label="Up to 50% off | Furniture" class="a-link-normal image-redirect aok-block image-window" href="/l/27391073031"><div class="a-section a-spacing-none fluid-image-container"><img alt="Up to 50% off | Furniture" src="https://images-eu.ssl-images-amazon.com/images/G/31/AmazonSmallBusinessDay/Jupiter21/Jan22newGW/Desktop-Gateway_QuadCard-1x-Furniture._SY116_CB647184571_.jpg" class="landscape-image" data-a-hires="https://images-eu.ssl-images-amazon.com/images/G/31/AmazonSmallBusinessDay/Jupiter21/Jan22newGW/Desktop-Gateway_QuadCard-Furniture._SY232_CB647184571_.jpg"></div><div class="a-section a-spacing-none image-label aok-inline-block aok-align-center"><span class="a-size-small a-color-base truncate-2line">Up to 50% off | Furniture</span></div></a></div><div class="a-section a-spacing-none quadrant-container quadrant-container-1"><a aria-label="Up to 50% off | Dinnerware" class="a-link-normal image-redirect aok-block image-window" href="/l/27391075031"><div class="a-section a-spacing-none fluid-image-container"><img alt="Up to 50% off | Dinnerware" src="https://images-eu.ssl-images-amazon.com/images/G/31/AmazonSmallBusinessDay/Jupiter21/Jan22newGW/Desktop-Gateway_QuadCard-1x-Dinnerware._SY116_CB647184571_.jpg" class="landscape-image" data-a-hires="https://images-eu.ssl-images-amazon.com/images/G/31/AmazonSmallBusinessDay/Jupiter21/Jan22newGW/Desktop-Gateway_QuadCard-Dinnerware._SY232_CB647184571_.jpg"></div><div class="a-section a-spacing-none image-label aok-inline-block aok-align-center"><span class="a-size-small a-color-base truncate-2line">Up to 60% off | Dinnerware</span></div></a></div></div></div><div class="a-cardui-footer"><a class="a-link-normal see-more truncate-1line" href="/b?node=22813726031">See all offers</a></div></div><script>(function(f){f(P._namespace('gwiAutoInstVisible'));}(function(P) {if(window.GWI){GWI.Card.autoInstVisible('aasFAiY-J_42DLVdgFRGfQ');}}));</script>
<script>P.when('mix:fluid-quad-image-label').execute(function (cardModule) {cardModule.init('aasFAiY-J_42DLVdgFRGfQ');if(window.GWI){window.GWI.Card.autoInstActive('aasFAiY-J_42DLVdgFRGfQ');}});
</script>
</div>
<hr data-display-at="sm" data-order-sm="12" class="card-flow-row-break">
<div id="desktop-btf-grid-10" data-gwi="{&quot;visible&quot;:&quot;desktop-btf-grid-10-visible&quot;,&quot;active&quot;:&quot;desktop-btf-grid-10-active&quot;}" data-display-at="ws" data-order-ws="12" class="gw-col csm-placement-id-b048cd43-d106-49cb-9415-66896cad0feb desktop-gateway-btf_fc179e9d-c212-4367-a110-f33b5edead00 celwidget pd_rd_wg-RapKB pd_rd_w-DtGpn pd_rd_r-1ab9bf9a-97a9-4fca-872c-62755d41ff07" data-pf_rd_p="b048cd43-d106-49cb-9415-66896cad0feb" data-pd_rd_wg="RapKB" data-pd_rd_w="DtGpn" data-pd_rd_r="1ab9bf9a-97a9-4fca-872c-62755d41ff07" data-ref_="pd_gw_unk" data-csa-c-type="widget" data-csa-c-slot-id="desktop-btf-grid-10" data-csa-c-content-id="b048cd43-d106-49cb-9415-66896cad0feb" data-csa-c-id="oni5bt-kmxgs6-go5vok-j3l6ze" data-cel-widget="desktop-btf-grid-10"><div id="KTiQQxkB3bJsuIDI3Km50w" class="a-cardui fluid-quad-card fluid-card fluid-quad-image-label fluid-quad-image-label" data-a-card-type="basic"><div class="a-cardui-header"><h2 class="a-color-base headline truncate-2line">Up to 70% off | Nurture your kids imagination with toys</h2></div><div class="a-cardui-body"><div class="a-section a-spacing-small grid-row-1"><div class="a-section a-spacing-none quadrant-container quadrant-container-0"><a aria-label="Up to 70% off | Indoor toys" class="a-link-normal image-redirect aok-block image-window" href="/b?ie=UTF8&amp;node=17532634031"><div class="a-section a-spacing-none fluid-image-container"><img alt="Up to 70% off | Indoor toys" src="https://images-eu.ssl-images-amazon.com/images/G/31/img21/PCA/JA22/Desktop-Gateway_QuadCard-1-1x._SY116_CB647029391_.jpg" class="landscape-image" data-a-hires="https://images-eu.ssl-images-amazon.com/images/G/31/img21/PCA/JA22/Desktop-Gateway_QuadCard-1._SY232_CB647029391_.jpg"></div><div class="a-section a-spacing-none image-label aok-inline-block aok-align-center"><span class="a-size-small a-color-base truncate-2line">Up to 70% off | Indoor toys</span></div></a></div><div class="a-section a-spacing-none quadrant-container quadrant-container-1"><a aria-label="Up to 65% off | Outdoor toys" class="a-link-normal image-redirect aok-block image-window" href="/b?ie=UTF8&amp;node=17532641031"><div class="a-section a-spacing-none fluid-image-container"><img alt="Up to 65% off | Outdoor toys" src="https://images-eu.ssl-images-amazon.com/images/G/31/img21/PCA/JA22/Desktop-Gateway_QuadCard-2-1x._SY116_CB647029391_.jpg" class="landscape-image" data-a-hires="https://images-eu.ssl-images-amazon.com/images/G/31/img21/PCA/JA22/Desktop-Gateway_QuadCard-2._SY232_CB647029391_.jpg"></div><div class="a-section a-spacing-none image-label aok-inline-block aok-align-center"><span class="a-size-small a-color-base truncate-2line">Up to 65% off | Outdoor toys</span></div></a></div></div><div class="a-section grid-row-2"><div class="a-section a-spacing-none quadrant-container quadrant-container-0"><a aria-label="Up to 65% off | RC cars &amp; vehicles" class="a-link-normal image-redirect aok-block image-window" href="/b?ie=UTF8&amp;node=15723964031"><div class="a-section a-spacing-none fluid-image-container"><img alt="Up to 65% off | RC cars &amp; vehicles" src="https://images-eu.ssl-images-amazon.com/images/G/31/img21/PCA/JA22/Desktop-Gateway_QuadCard-3-1x._SY116_CB647029391_.jpg" class="landscape-image" data-a-hires="https://images-eu.ssl-images-amazon.com/images/G/31/img21/PCA/JA22/Desktop-Gateway_QuadCard-3._SY232_CB647029391_.jpg"></div><div class="a-section a-spacing-none image-label aok-inline-block aok-align-center"><span class="a-size-small a-color-base truncate-2line">Up to 65% off | RC cars &amp; vehicles</span></div></a></div><div class="a-section a-spacing-none quadrant-container quadrant-container-1"><a aria-label="View the Toys store" class="a-link-normal image-redirect aok-block image-window" href="/b?ie=UTF8&amp;node=1350380031"><div class="a-section a-spacing-none fluid-image-container"><img alt="View the Toys store" src="https://images-eu.ssl-images-amazon.com/images/G/31/img21/PCA/JA22/Desktop-Gateway_QuadCard-4-1x._SY116_CB647029391_.jpg" class="landscape-image" data-a-hires="https://images-eu.ssl-images-amazon.com/images/G/31/img21/PCA/JA22/Desktop-Gateway_QuadCard-4._SY232_CB647029391_.jpg"></div><div class="a-section a-spacing-none image-label aok-inline-block aok-align-center"><span class="a-size-small a-color-base truncate-2line">View the Toys store</span></div></a></div></div></div><div class="a-cardui-footer"><a class="a-link-normal see-more truncate-1line" href="/b?ie=UTF8&amp;node=1350380031">See all offers</a></div></div><script>(function(f){f(P._namespace('gwiAutoInstVisible'));}(function(P) {if(window.GWI){GWI.Card.autoInstVisible('KTiQQxkB3bJsuIDI3Km50w');}}));</script>
<script>P.when('mix:fluid-quad-image-label').execute(function (cardModule) {cardModule.init('KTiQQxkB3bJsuIDI3Km50w');if(window.GWI){window.GWI.Card.autoInstActive('KTiQQxkB3bJsuIDI3Km50w');}});
</script>
</div>
<div id="desktop-btf-grid-11" data-gwi="{&quot;visible&quot;:&quot;desktop-btf-grid-11-visible&quot;,&quot;active&quot;:&quot;desktop-btf-grid-11-active&quot;}" data-display-at="ws" data-order-ws="12" class="gw-col csm-placement-id-98caa50b-5fb4-4f19-9233-8c9b3585e34d desktop-gateway-btf_b41ebafd-8dc8-4bef-b150-76a20dbc1d32 celwidget pd_rd_wg-RapKB pd_rd_w-LHe07 pd_rd_r-1ab9bf9a-97a9-4fca-872c-62755d41ff07" data-pf_rd_p="98caa50b-5fb4-4f19-9233-8c9b3585e34d" data-pd_rd_wg="RapKB" data-pd_rd_w="LHe07" data-pd_rd_r="1ab9bf9a-97a9-4fca-872c-62755d41ff07" data-ref_="pd_gw_unk" data-csa-c-type="widget" data-csa-c-slot-id="desktop-btf-grid-11" data-csa-c-content-id="98caa50b-5fb4-4f19-9233-8c9b3585e34d" data-csa-c-id="eq49ye-5d3iuy-ubwwh7-1s4qvl" data-cel-widget="desktop-btf-grid-11"><div id="PAsZMtACUdrwy-lSMtuXbg" class="a-cardui fluid-quad-card fluid-card fluid-quad-image-label fluid-quad-image-label" data-a-card-type="basic"><div class="a-cardui-header"><h2 class="a-color-base headline truncate-2line">Up to 70% off | Shop by pet</h2></div><div class="a-cardui-body"><div class="a-section a-spacing-small grid-row-1"><div class="a-section a-spacing-none quadrant-container quadrant-container-0"><a aria-label="Dog supplies" class="a-link-normal image-redirect aok-block image-window" href="/b/ref=dogsupplies_Jup1?node=4771342031"><div class="a-section a-spacing-none fluid-image-container"><img alt="Dog supplies" src="https://images-eu.ssl-images-amazon.com/images/G/31/img19/Pets/JanART22/QC/Desktop-Gateway_QuadCard_Pets_1_1x._SY116_CB648931493_.jpg" class="landscape-image" data-a-hires="https://images-eu.ssl-images-amazon.com/images/G/31/img19/Pets/JanART22/QC/Desktop-Gateway_QuadCard_Pets_1._SY232_CB648931493_.jpg"></div><div class="a-section a-spacing-none image-label aok-inline-block aok-align-center"><span class="a-size-small a-color-base truncate-2line">Dog supplies</span></div></a></div><div class="a-section a-spacing-none quadrant-container quadrant-container-1"><a aria-label="Cat supplies" class="a-link-normal image-redirect aok-block image-window" href="/b/ref=jup21_catsupplies_QC_Mob?ie=UTF8&amp;node=4771341031"><div class="a-section a-spacing-none fluid-image-container"><img alt="Cat supplies" src="https://images-eu.ssl-images-amazon.com/images/G/31/img19/Pets/JanART22/QC/Desktop-Gateway_QuadCard_Pets_2_1x._SY116_CB648931493_.jpg" class="landscape-image" data-a-hires="https://images-eu.ssl-images-amazon.com/images/G/31/img19/Pets/JanART22/QC/Desktop-Gateway_QuadCard_Pets_2._SY232_CB648931493_.jpg"></div><div class="a-section a-spacing-none image-label aok-inline-block aok-align-center"><span class="a-size-small a-color-base truncate-2line">Cat supplies</span></div></a></div></div><div class="a-section grid-row-2"><div class="a-section a-spacing-none quadrant-container quadrant-container-0"><a aria-label="Small birds &amp; animals" class="a-link-normal image-redirect aok-block image-window" href="/b?ie=UTF8&amp;node=4771340031"><div class="a-section a-spacing-none fluid-image-container"><img alt="Small birds &amp; animals" src="https://images-eu.ssl-images-amazon.com/images/G/31/img19/Pets/JanART22/QC/Desktop-Gateway_QuadCard_Pets_3_1x._SY116_CB648931493_.jpg" class="landscape-image" data-a-hires="https://images-eu.ssl-images-amazon.com/images/G/31/img19/Pets/JanART22/QC/Desktop-Gateway_QuadCard_Pets_3._SY232_CB648931493_.jpg"></div><div class="a-section a-spacing-none image-label aok-inline-block aok-align-center"><span class="a-size-small a-color-base truncate-2line">Small birds &amp; animals</span></div></a></div><div class="a-section a-spacing-none quadrant-container quadrant-container-1"><a aria-label="Aquarium accessories" class="a-link-normal image-redirect aok-block image-window" href="/b/ref=Acuquaticsupplies_jupi1?node=26562433031"><div class="a-section a-spacing-none fluid-image-container"><img alt="Aquarium accessories" src="https://images-eu.ssl-images-amazon.com/images/G/31/img19/Pets/JanART22/QC/Desktop-Gateway_QuadCard_Pets_4_1x._SY116_CB648931493_.jpg" class="landscape-image" data-a-hires="https://images-eu.ssl-images-amazon.com/images/G/31/img19/Pets/JanART22/QC/Desktop-Gateway_QuadCard_Pets_4._SY232_CB648931493_.jpg"></div><div class="a-section a-spacing-none image-label aok-inline-block aok-align-center"><span class="a-size-small a-color-base truncate-2line">Aquarium accessories</span></div></a></div></div></div><div class="a-cardui-footer"><a class="a-link-normal see-more truncate-1line" href="/b/ref=Pets_GWQCPC_Jupi1?ie=UTF8&amp;node=2454181031">See all offers</a></div></div><script>(function(f){f(P._namespace('gwiAutoInstVisible'));}(function(P) {if(window.GWI){GWI.Card.autoInstVisible('PAsZMtACUdrwy-lSMtuXbg');}}));</script>
<script>P.when('mix:fluid-quad-image-label').execute(function (cardModule) {cardModule.init('PAsZMtACUdrwy-lSMtuXbg');if(window.GWI){window.GWI.Card.autoInstActive('PAsZMtACUdrwy-lSMtuXbg');}});
</script>
</div>
<div id="desktop-btf-grid-12" data-gwi="{&quot;visible&quot;:&quot;desktop-btf-grid-12-visible&quot;,&quot;active&quot;:&quot;desktop-btf-grid-12-active&quot;}" data-display-at="ws" data-order-ws="12" class="gw-col csm-placement-id-b5bbfd3a-9cfe-4e74-848b-5596f892f096 desktop-gateway-btf_bc1a5284-3f47-457c-aeeb-b5361475f10a celwidget pd_rd_wg-RapKB pd_rd_w-1Srf6 pd_rd_r-1ab9bf9a-97a9-4fca-872c-62755d41ff07" data-pf_rd_p="b5bbfd3a-9cfe-4e74-848b-5596f892f096" data-pd_rd_wg="RapKB" data-pd_rd_w="1Srf6" data-pd_rd_r="1ab9bf9a-97a9-4fca-872c-62755d41ff07" data-ref_="pd_gw_unk" data-csa-c-type="widget" data-csa-c-slot-id="desktop-btf-grid-12" data-csa-c-content-id="b5bbfd3a-9cfe-4e74-848b-5596f892f096" data-csa-c-id="46hioa-9igeoo-dufj21-95dz17" data-cel-widget="desktop-btf-grid-12"><div id="lnBlz3fVAwjGv7EFq9vwxg" class="a-cardui fluid-quad-card fluid-card fluid-quad-image-label fluid-quad-image-label" data-a-card-type="basic"><div class="a-cardui-header"><h2 class="a-color-base headline truncate-2line">Up to 40% off | Grocery from small businesses</h2></div><div class="a-cardui-body"><div class="a-section a-spacing-small grid-row-1"><div class="a-section a-spacing-none quadrant-container quadrant-container-0"><a aria-label="Up to 40% off | Beverages" class="a-link-normal image-redirect aok-block image-window" href="/b?node=27396238031"><div class="a-section a-spacing-none fluid-image-container"><img alt="Up to 40% off | Beverages" src="https://images-eu.ssl-images-amazon.com/images/G/31/AmazonSmallBusinessDay/Jupiter21/Jan22newGW/Desktop-Gateway_QuadCard-1xTea-coffee--beverages._SY116_CB647033907_.jpg" class="landscape-image" data-a-hires="https://images-eu.ssl-images-amazon.com/images/G/31/AmazonSmallBusinessDay/Jupiter21/Jan22newGW/Desktop-Gateway_QuadCard-2Tea-coffee--beverages._SY232_CB647033907_.jpg"></div><div class="a-section a-spacing-none image-label aok-inline-block aok-align-center"><span class="a-size-small a-color-base truncate-2line">Up to 40% off | Beverages</span></div></a></div><div class="a-section a-spacing-none quadrant-container quadrant-container-1"><a aria-label="Up to 35% off | Snacks" class="a-link-normal image-redirect aok-block image-window" href="/l/27396239031"><div class="a-section a-spacing-none fluid-image-container"><img alt="Up to 35% off | Snacks" src="https://images-eu.ssl-images-amazon.com/images/G/31/AmazonSmallBusinessDay/Jupiter21/Jan22newGW/Desktop-Gateway_QuadCard-1x-Snacks._SY116_CB647033904_.jpg" class="landscape-image" data-a-hires="https://images-eu.ssl-images-amazon.com/images/G/31/AmazonSmallBusinessDay/Jupiter21/Jan22newGW/Desktop-Gateway_QuadCard-2-Snacks._SY232_CB647033904_.jpg"></div><div class="a-section a-spacing-none image-label aok-inline-block aok-align-center"><span class="a-size-small a-color-base truncate-2line">Up to 35% off | Snacks</span></div></a></div></div><div class="a-section grid-row-2"><div class="a-section a-spacing-none quadrant-container quadrant-container-0"><a aria-label="Up to 30% off | Cooking supplies" class="a-link-normal image-redirect aok-block image-window" href="/l/27396240031"><div class="a-section a-spacing-none fluid-image-container"><img alt="Up to 30% off | Cooking supplies" src="https://images-eu.ssl-images-amazon.com/images/G/31/AmazonSmallBusinessDay/Jupiter21/Jan22newGW/Desktop-Gateway_QuadCard-1x._SY116_CB647033907_.jpg" class="landscape-image" data-a-hires="https://images-eu.ssl-images-amazon.com/images/G/31/AmazonSmallBusinessDay/Jupiter21/Jan22newGW/Desktop-Gateway_QuadCard-2-Cooking-supplies._SY232_CB647033904_.jpg"></div><div class="a-section a-spacing-none image-label aok-inline-block aok-align-center"><span class="a-size-small a-color-base truncate-2line">Up to 30% off | Cooking supplies</span></div></a></div><div class="a-section a-spacing-none quadrant-container quadrant-container-1"><a aria-label="Up to 20% off | Chocolates &amp; sweets" class="a-link-normal image-redirect aok-block image-window" href="/l/27396242031"><div class="a-section a-spacing-none fluid-image-container"><img alt="Up to 20% off | Chocolates &amp; sweets" src="https://images-eu.ssl-images-amazon.com/images/G/31/AmazonSmallBusinessDay/Jupiter21/Jan22newGW/Desktop-Gateway_QuadCard-1x-Chocolates--sweets._SY116_CB647033904_.jpg" class="landscape-image" data-a-hires="https://images-eu.ssl-images-amazon.com/images/G/31/AmazonSmallBusinessDay/Jupiter21/Jan22newGW/Desktop-Gateway_QuadCard-2-Chocolates--sweets._SY232_CB647033907_.jpg"></div><div class="a-section a-spacing-none image-label aok-inline-block aok-align-center"><span class="a-size-small a-color-base truncate-2line">Up to 20% off | Chocolates &amp; sweets</span></div></a></div></div></div><div class="a-cardui-footer"><a class="a-link-normal see-more truncate-1line" href="/b?node=22813726031">See all offers</a></div></div><script>(function(f){f(P._namespace('gwiAutoInstVisible'));}(function(P) {if(window.GWI){GWI.Card.autoInstVisible('lnBlz3fVAwjGv7EFq9vwxg');}}));</script>
<script>P.when('mix:fluid-quad-image-label').execute(function (cardModule) {cardModule.init('lnBlz3fVAwjGv7EFq9vwxg');if(window.GWI){window.GWI.Card.autoInstActive('lnBlz3fVAwjGv7EFq9vwxg');}});
</script>
</div>
<hr data-display-at="ws" data-order-ws="12" class="card-flow-row-break">
<div id="desktop-7" data-gwi="{&quot;visible&quot;:&quot;desktop-7-visible&quot;,&quot;active&quot;:&quot;desktop-7-active&quot;}" data-col-span-ws="4" data-col-span-sm="3" data-order-ws="13" data-order-sm="13" data-display-at="smws" class="gw-col desktop-row gwi-row gw-widget-instrument gw-auto-height csm-placement-id-75a26ff8-f806-49ca-a848-b95c008285c5 desktop-gateway-btf_69967bb3-6382-426a-86d3-3aadd9a0f554 celwidget pd_rd_wg-RapKB pd_rd_w-aJFeQ pd_rd_r-1ab9bf9a-97a9-4fca-872c-62755d41ff07" data-pf_rd_p="75a26ff8-f806-49ca-a848-b95c008285c5" data-pd_rd_wg="RapKB" data-pd_rd_w="aJFeQ" data-pd_rd_r="1ab9bf9a-97a9-4fca-872c-62755d41ff07" data-ref_="pd_gw_unk" data-csa-c-type="widget" data-csa-c-slot-id="desktop-7" data-csa-c-content-id="75a26ff8-f806-49ca-a848-b95c008285c5" data-csa-c-id="d5k7es-gvb9ly-cw1qbq-j9in9s" data-cel-widget="desktop-7"><div id="Z1NQhgk2p98TaiIE15u37Q" class="a-section a-spacing-none shogun-widget card-lite image-shoveler aui-desktop fresh-shoveler image-shoveler"><div class="a-section as-title-block"><h2 class="as-title-block-left"><span class="a-color-base">Shop deals in top categories</span></h2><span class="as-title-block-right"><a class="a-link-normal" href="/gp/site-directory/ref=PCNav_fullstore">Explore all categories</a></span></div><div class="a-section a-spacing-none feed-carousel"><div class="a-section feed-carousel-viewport"><ul class="a-unordered-list a-nostyle a-horizontal feed-carousel-shelf" role="list" style=""><li class="feed-carousel-card" aria-posinset="1" aria-hidden="false" role="listitem" aria-setsize="9" style="display: inline-block; margin-right: 10px;"><span class="a-list-item"><a class="a-link-normal" href="/b/ref=PCNav_WL?ie=UTF8&amp;node=1389401031"><img alt="Mobile Phones" src="https://images-eu.ssl-images-amazon.com/images/G/31/img21/Wireless/JanART22/D36032823_JanART22_WL_Teaser_DesktopShoveler_200X200_2._CB648390036_.jpg" class="product-image" height="200px" width="200px" data-a-hires="https://images-eu.ssl-images-amazon.com/images/G/31/img21/Wireless/JanART22/D36032823_JanART22_WL_Teaser_DesktopShoveler_400X400_2._CB648390036_.jpg"></a></span></li><li class="feed-carousel-card" aria-setsize="9" aria-posinset="2" aria-hidden="false" role="listitem" style="display: inline-block; margin-right: 10px;"><span class="a-list-item"><a class="a-link-normal" href="/b/ref=PCNav_CEPC?ie=UTF8&amp;node=976419031"><img alt="Electronics" src="https://images-eu.ssl-images-amazon.com/images/G/31/img21/JAN_ART_22_CEPC/DesktopShoveler_EA_1._CB648908770_.jpg" class="product-image" height="200px" width="200px" data-a-hires="https://images-eu.ssl-images-amazon.com/images/G/31/img21/JAN_ART_22_CEPC/DesktopShoveler_EA_vf._CB648334419_.jpg"></a></span></li><li class="feed-carousel-card" aria-setsize="9" aria-posinset="3" aria-hidden="false" role="listitem" style="display: inline-block; margin-right: 10px;"><span class="a-list-item"><a class="a-link-normal" href="/b/ref=PCNav_OHL?ie=UTF8&amp;node=976442031"><img alt="Home and Kitchen" src="https://images-eu.ssl-images-amazon.com/images/G/31/img21/OHL_HMT/JANART_DESKTOP/DesktopShoveler._CB648654735_.jpg" class="product-image" height="200px" width="200px" data-a-hires="https://images-eu.ssl-images-amazon.com/images/G/31/img21/OHL_HMT/JANART_DESKTOP/2x._CB648654425_.jpg"></a></span></li><li class="feed-carousel-card" aria-setsize="9" aria-posinset="4" aria-hidden="false" role="listitem" style="margin-right: 10px; display: inline-block;"><span class="a-list-item"><a class="a-link-normal" href="/b/ref=PCNav_LATV?ie=UTF8&amp;node=14907158031"><img alt="Appliances" src="https://images-eu.ssl-images-amazon.com/images/G/31/img17/Home/LA/naireshm_LA/JanART_22/NavIcon-english-200x200._CB647195913_.jpg" class="product-image" height="200px" width="200px" data-a-hires="https://images-eu.ssl-images-amazon.com/images/G/31/img17/Home/LA/naireshm_LA/JanART_22/400x400._CB647013145_.jpg"></a></span></li><li class="feed-carousel-card" aria-setsize="9" aria-posinset="5" aria-hidden="false" role="listitem" style="margin-right: 10px; display: inline-block;"><span class="a-list-item"><a class="a-link-normal" href="/b/ref=PCNav_SL?ie=UTF8&amp;node=6648217031"><img alt="Amazon Fashion" src="https://images-eu.ssl-images-amazon.com/images/G/31/Gateway/HVE/JanART22/Graphics/DesktopShoveler1x-200-200_CB64896045._CB648898369_.jpg" class="product-image" height="200px" width="200px" data-a-hires="https://images-eu.ssl-images-amazon.com/images/G/31/Gateway/HVE/JanART22/Graphics/DesktopShoveler-400-400_CB648960453._CB648898368_.jpg"></a></span></li><li class="feed-carousel-card" aria-setsize="9" aria-posinset="6" aria-hidden="false" role="listitem" style="margin-right: 10px; display: inline-block;"><span class="a-list-item"><a class="a-link-normal" href="/b/ref=PCNav_CONS?ie=UTF8&amp;node=27300169031"><img alt="Daily essentials" src="https://images-eu.ssl-images-amazon.com/images/G/31/img19/Baby/FJanuary/JanArt/Cons/DesktopShoveler_200x200._CB647195053_.jpg" class="product-image" height="200px" width="200px" data-a-hires="https://images-eu.ssl-images-amazon.com/images/G/31/img19/Baby/FJanuary/JanArt/Cons/DesktopShoveler_400x400._CB647195053_.jpg"></a></span></li><li class="feed-carousel-card" aria-setsize="9" aria-posinset="7" aria-hidden="false" role="listitem" style="margin-right: 10px; display: inline-block;"><span class="a-list-item"><a class="a-link-normal" href="/b/ref=PCNav_MEDIA?ie=UTF8&amp;node=6628733031"><img alt="Media" src="https://images-eu.ssl-images-amazon.com/images/G/31/img21/Toys/JanART/DesktopShoveler-1x._CB647222106_.jpg" class="product-image" height="200px" width="200px" data-a-hires="https://images-eu.ssl-images-amazon.com/images/G/31/img21/Toys/JanART/DesktopShoveler-2x._CB647222106_.jpg"></a></span></li><li class="feed-carousel-card" aria-setsize="9" aria-posinset="8" aria-hidden="false" role="listitem" style="margin-right: 10px; display: inline-block;"><span class="a-list-item"><a class="a-link-normal" href="/b/ref=PCNav_PB?ie=UTF8&amp;node=15390370031"><img alt="Made for Amazon brands" src="https://images-eu.ssl-images-amazon.com/images/G/31/img21/AmazonBrands/Events/JanART22/GW/IN_Central_Footer_Desktop_Cat_Nav_200x200._CB648818601_.jpg" class="product-image" height="200px" width="200px" data-a-hires="https://images-eu.ssl-images-amazon.com/images/G/31/img21/AmazonBrands/Events/JanART22/CentralStores/IN_Central_Footer_Desktop_Cat_Nav_400x400._CB648707204_.jpg"></a></span></li><li class="feed-carousel-card" aria-setsize="9" aria-posinset="9" aria-hidden="false" role="listitem" style="margin-right: 10px; display: inline-block;"><span class="a-list-item"><a class="a-link-normal" href="/b/ref=PCNav_DEVICES?ie=UTF8&amp;node=21703586031"><img alt="Alexa Devices" src="https://images-eu.ssl-images-amazon.com/images/G/31/img19/Desktop_shovler/DesktopShoveler_1X._CB649013790_.jpg" class="product-image" height="200px" width="200px" data-a-hires="https://images-eu.ssl-images-amazon.com/images/G/31/img19/Desktop_shovler/DesktopShoveler_2X._CB649013790_.jpg"></a></span></li></ul><div class="spinner" aria-hidden="true" style="display: none;"><i class="gw-spinner" role="presentation"></i></div></div><a aria-label="Carousel previous slide" class="a-link-normal feed-carousel-control feed-left feed-control-disabled" tabindex="-1" href="#" aria-hidden="true"><span class="gw-icon feed-arrow"></span></a><a aria-label="Carousel next slide" class="a-link-normal feed-carousel-control feed-right" tabindex="-1" href="#" aria-hidden="true"><span class="gw-icon feed-arrow"></span></a><span class="feed-scrollbar"><span class="feed-scrollbar-track"><span class="feed-scrollbar-thumb" style="width: 852.043px; left: 0px;"></span></span></span></div><script type="text/javascript">
    P.when('component-feed-carousel').execute(function(c) {
      c.createCarousel("#Z1NQhgk2p98TaiIE15u37Q .feed-carousel", 10, 9);
    });</script><script id="Z1NQhgk2p98TaiIE15u37Q-btfCarouselContent" type="text/x-lazy-loaded-content"></script><script type="text/javascript">
    (function carouselBtf(d, w) {
      var p = d.getElementById("Z1NQhgk2p98TaiIE15u37Q-btfCarouselContent"),
          h = p && p.innerHTML,
          v = h ? [h] : [];
      w.GWData = w.GWData || {};
      w.GWData['Z1NQhgk2p98TaiIE15u37Q'] = { loaded: false, data: v };
    }(document, window))</script></div><script>(function(f){f(P._namespace('gwiAutoInstVisible'));}(function(P) {if(window.GWI){GWI.Card.autoInstVisible('Z1NQhgk2p98TaiIE15u37Q');}}));</script>
</div>
<hr data-display-at="smws" data-order-sm="13" data-order-ws="13" class="card-flow-row-break" data-hide-at-ws="true">
<script>
  P.when('GwGridLogic').execute('BTFGridInit', function(g) {
    window.uet && uet('cf', 'gwBTFGridInit', {wb: 1});
    window.uex && uex('ld', 'gwBTFGridInit', {wb: 1});
    g('#main-content').init();
  });
</script>
</div>
</div>
</div>
<div id="SponsoredLinksGateway"><script>
            function a9_sl_sessionCacheUpdateHandler ($) {
                var browserWidth = $(window).width();
                var browserHeight = $(window).height();

                // Make a request to the session cache update handler in Gurupa
                $.post('/gp/product/sessionCacheUpdateHandler.html', 
                { 'sessionCacheUpdateFlag' : '1',
                    'pageType'               : 'Gateway',
                    'browserWidth'           : browserWidth,
                    'browserHeight'          : browserHeight,
                    'token'                  : "fVoboEDsYMjWCjzTN8sCObLZif2/oaBmQ3S2N5KuRr8="
                },
                function(data) {}
                );
            }
            P.when('A', 'jQuery').execute(function (A, $) {
                A.on.load(function () {a9_sl_sessionCacheUpdateHandler($);});
            });
        </script>
</div>
</div>
<div class="a-section"></div>
<!-- sp:end-feature:host-btf -->
<!-- sp:feature:aui-preload -->
<!-- sp:end-feature:aui-preload -->
<!-- sp:feature:nav-footer -->

  <!-- NAVYAAN FOOTER START -->
  <!-- WITH MOZART -->


        






















<div id="rhf" class="copilot-secure-display" style="clear:both" role="complementary" aria-label="Your recently viewed items and featured recommendations">

    <div class="rhf-frame" style="display:none">
        <br>
        <div id="rhf-container">






    <div class="rhf-loading-outer">
        <table class="rhf-loading-middle">
            <tbody><tr>
                <td class="rhf-loading-inner">
                    <img src="https://images-eu.ssl-images-amazon.com/images/G/31/personalization/ybh/loading-4x-gray._CB485916689_.gif">
                </td>
            </tr>
        </tbody></table>
    </div>








<div id="rhf-context">
    <script type="application/json">
        {"rhfHandlerParams":{"search":"","rhfAsins":"","noP13NCache":"","weblabTriggers":"","rhfGurupaDeprecationWeblab":"","auiDebug":"","keywords":"","k":"","rviAsins":"","url":"","parentSession":"262-1911976-2471830","rhfState":"","contextMetadataOverride":"","currentSubPageType":"desktop","field-keywords":"","relatedRequestId":"BHPJXCXEQ08Q3G08SG3Z","recsAsins":"","rhfHorizonteWeblab":"","excludeASIN":"","auditEnabled":"","customerId":"","testRecsFailure":"","previewCampaigns":"","forceWidgets":"","currentPageType":"Gateway","stringDebug":""},"subPageType":"desktop","requestId":"BHPJXCXEQ08Q3G08SG3Z","sessionId":"262-1911976-2471830","customerId":"","pageType":"Gateway","ybhHandlerParams":{"relatedRequestId":"BHPJXCXEQ08Q3G08SG3Z","currentPageType":"Gateway","parentSession":"262-1911976-2471830"}}
    </script>
</div>

</div><noscript>

<div class="rhf-border">

        <div class="rhf-header">
        Your recently viewed items and featured recommendations
    </div>

<div class="rhf-footer">
    <div class="rvi-container">

<div class="ybh-edit">
    <div class="ybh-edit-arrow"> &#8250; </div>
    <div class="ybh-edit-link"><a href="/gp/yourstore/pym/ref=pd_pyml_rhf/262-1911976-2471830">View or edit your browsing history</a></div>
</div>
        <span class="no-rvi-message">After viewing product detail pages, look here to find an easy way to navigate back to pages you are interested in.</span>
    </div>
</div>
</div>
</noscript><div id="rhf-error" style="display:none;">

<div class="rhf-border">

        <div class="rhf-header">
        Your recently viewed items and featured recommendations
    </div>

<div class="rhf-footer">
    <div class="rvi-container">

<div class="ybh-edit">
    <div class="ybh-edit-arrow"> › </div>
    <div class="ybh-edit-link"><a href="/gp/yourstore/pym/ref=pd_pyml_rhf/262-1911976-2471830">View or edit your browsing history</a></div>
</div>
        <span class="no-rvi-message">After viewing product detail pages, look here to find an easy way to navigate back to pages you are interested in.</span>
    </div>
</div>
</div>
</div>
        <br>
    </div>
</div>

<div class="navLeftFooter nav-sprite-v1" id="navFooter">
  
<a href="#nav-top" id="navBackToTop" aria-label="Back to top">
  <div class="navFooterBackToTop">
  <span class="navFooterBackToTopText">
    Back to top
  </span>
  </div>
</a>

  
<div class="navFooterVerticalColumn navAccessibility" role="presentation">
  <div class="navFooterVerticalRow navAccessibility" style="display: table-row;">
        <div class="navFooterLinkCol navAccessibility">
          <div class="navFooterColHead">Get to Know Us</div>
        <ul>
            <li class="nav_first">
              <a href="https://www.aboutamazon.in/?utm_source=gateway&amp;utm_medium=footer" class="nav_a">About Us</a>
            </li>
            <li>
              <a href="https://amazon.jobs" class="nav_a">Careers</a>
            </li>
            <li>
              <a href="https://press.aboutamazon.in/?utm_source=gateway&amp;utm_medium=footer" class="nav_a">Press Releases</a>
            </li>
            <li>
              <a href="/gp/browse.html?node=8872558031&amp;ref_=footer_cares" class="nav_a">Amazon Cares</a>
            </li>
            <li class="nav_last ">
              <a href="/gp/browse.html?node=4594605031&amp;ref_=footer_smile" class="nav_a">Gift a Smile</a>
            </li>
        </ul>
      </div>
        <div class="navFooterColSpacerInner navAccessibility"></div>
        <div class="navFooterLinkCol navAccessibility">
          <div class="navFooterColHead">Connect with Us</div>
        <ul>
            <li class="nav_first">
              <a href="http://www.amazon.in/gp/redirect.html/ref=footer_fb?location=http://www.facebook.com/AmazonIN&amp;token=2075D5EAC7BB214089728E2183FD391706D41E94&amp;6" class="nav_a">Facebook</a>
            </li>
            <li>
              <a href="http://www.amazon.in/gp/redirect.html/ref=footer_twitter?location=http://twitter.com/AmazonIN&amp;token=A309DFBFCB1E37A808FF531934855DC817F130B6&amp;6" class="nav_a">Twitter</a>
            </li>
            <li class="nav_last ">
              <a href="http://www.amazon.in/gp/redirect.html?location=https://www.instagram.com/amazondotin&amp;token=264882C912E9D005CB1D9B61F12E125D5DF9BFC7&amp;source=standards" class="nav_a">Instagram</a>
            </li>
        </ul>
      </div>
        <div class="navFooterColSpacerInner navAccessibility"></div>
        <div class="navFooterLinkCol navAccessibility">
          <div class="navFooterColHead">Make Money with Us</div>
        <ul>
            <li class="nav_first">
              <a href="/b/?node=2838698031&amp;ld=AZINSOANavDesktopFooter&amp;ref_=nav_footer_sell" class="nav_a">Sell on Amazon</a>
            </li>
            <li>
              <a href="https://accelerator.amazon.in/?ref_=map_1_b2b_GW_FT" class="nav_a">Sell under Amazon Accelerator</a>
            </li>
            <li>
              <a href="https://sell.amazon.in/grow-your-business/amazon-global-selling.html?ld=AZIN_Footer_V1&amp;ref=AZIN_Footer_V1" class="nav_a">Amazon Global Selling</a>
            </li>
            <li>
              <a href="https://affiliate-program.amazon.in/?utm_campaign=assocshowcase&amp;utm_medium=footer&amp;utm_source=GW&amp;ref_=footer_assoc" class="nav_a">Become an Affiliate</a>
            </li>
            <li>
              <a href="http://services.amazon.in/services/fulfilment-by-amazon/benefits.html/ref=az_footer_fba?ld=AWRGINFBAfooter" class="nav_a">Fulfilment by Amazon</a>
            </li>
            <li>
              <a href="https://advertising.amazon.in/?ref=Amz.in" class="nav_a">Advertise Your Products</a>
            </li>
            <li class="nav_last ">
              <a href="https://www.amazonpay.in/merchant" class="nav_a">Amazon Pay on Merchants</a>
            </li>
        </ul>
      </div>
        <div class="navFooterColSpacerInner navAccessibility"></div>
        <div class="navFooterLinkCol navAccessibility">
          <div class="navFooterColHead">Let Us Help You</div>
        <ul>
            <li class="nav_first">
              <a href="/gp/help/customer/display.html?nodeId=GDFU3JS5AL6SYHRD&amp;ref_=footer_covid" class="nav_a">COVID-19 and Amazon</a>
            </li>
            <li>
              <a href="/gp/css/homepage.html?ref_=footer_ya" class="nav_a">Your Account</a>
            </li>
            <li>
              <a href="/gp/css/returns/homepage.html?ref_=footer_hy_f_4" class="nav_a">Returns Centre</a>
            </li>
            <li>
              <a href="/gp/help/customer/display.html?nodeId=201083470&amp;ref_=footer_swc" class="nav_a">100% Purchase Protection</a>
            </li>
            <li>
              <a href="/gp/browse.html?node=6967393031&amp;ref_=footer_mobapp" class="nav_a">Amazon App Download</a>
            </li>
            <li>
              <a href="/gp/BIT/theamazonapp/ref=footer_assistant_download_copy" class="nav_a">Amazon Assistant Download</a>
            </li>
            <li class="nav_last ">
              <a href="/gp/help/customer/display.html?nodeId=200507590&amp;ref_=footer_gw_m_b_he" class="nav_a">Help</a>
            </li>
        </ul>
      </div>
  </div>
</div>
<div class="nav-footer-line"></div>

  <div class="navFooterLine navFooterLinkLine navFooterPadItemLine">
    <span>
      <div class="navFooterLine navFooterLogoLine">
        <a href="/ref=footer_logo">
        <div class="nav-logo-base nav-sprite"></div>
        </a>
      </div>
</span>
    
      <span class="icp-container-desktop"><div class="navFooterLine">
<style type="text/css">
  #icp-touch-link-language { display: none; }
</style>


<a href="/gp/customer-preferences/select-language/ref=footer_lang?ie=UTF8&amp;preferencesReturnUrl=%2F" class="icp-button" id="icp-touch-link-language">
  <div class="icp-nav-globe-img-2 icp-button-globe-2"></div><span class="icp-color-base">English</span><span class="nav-arrow icp-up-down-arrow"></span><span class="aok-hidden" style="display:none">Choose a language for shopping.</span>
</a>


</div></span>
    
  </div>
  
<div class="navFooterLine navFooterLinkLine navFooterPadItemLine">
  <ul><li class="nav_first"><a href="http://www.amazon.com.au/ref=footer_au" class="nav_a">Australia</a></li><li><a href="https://www.amazon.com.br/ref=footer_br" class="nav_a">Brazil</a></li><li><a href="https://www.amazon.ca/ref=footer_ca" class="nav_a">Canada</a></li><li><a href="https://www.amazon.cn/ref=footer_cn" class="nav_a">China</a></li><li><a href="https://www.amazon.fr/ref=footer_fr" class="nav_a">France</a></li><li><a href="https://www.amazon.de/ref=footer_de" class="nav_a">Germany</a></li><li><a href="https://www.amazon.it/ref=footer_it" class="nav_a">Italy</a></li><li><a href="https://www.amazon.co.jp/ref=footer_jp" class="nav_a">Japan</a></li><li><a href="https://www.amazon.com.mx/ref=footer_mx" class="nav_a">Mexico</a></li><li><a href="https://www.amazon.nl/ref=footer_nl" class="nav_a">Netherlands</a></li><li><a href="https://www.amazon.pl/ref=footer_pl" class="nav_a">Poland</a></li><li><a href="https://www.amazon.sg/ref=footer_sg" class="nav_a">Singapore</a></li><li><a href="https://www.amazon.es/ref=footer_es" class="nav_a">Spain</a></li><li><a href="https://www.amazon.com.tr/ref=footer_tr" class="nav_a">Turkey</a></li><li><a href="https://www.amazon.ae/ref=footer_ae" class="nav_a">United Arab Emirates</a></li><li><a href="https://www.amazon.co.uk/ref=footer_uk" class="nav_a">United Kingdom</a></li><li class="nav_last"><a href="https://www.amazon.com/ref=footer_us" class="nav_a">United States</a></li></ul>
  
</div>

  
  <div class="navFooterLine navFooterLinkLine navFooterDescLine">
    <table class="navFooterMoreOnAmazon" cellspacing="0">
      <tbody><tr>
<td class="navFooterDescItem"><a href="https://www.abebooks.com/" class="nav_a">AbeBooks<br><span class="navFooterDescText">Books, art<br>&amp; collectibles</span></a></td><td class="navFooterDescSpacer" style="width: 4%"></td>
<td class="navFooterDescItem"><a href="https://aws.amazon.com/what-is-cloud-computing/?sc_channel=EL&amp;sc_campaign=IN_amazonfooter" class="nav_a">Amazon Web Services<br><span class="navFooterDescText">Scalable Cloud<br>Computing Services</span></a></td><td class="navFooterDescSpacer" style="width: 4%"></td>
<td class="navFooterDescItem"><a href="https://www.audible.in/" class="nav_a">Audible<br><span class="navFooterDescText">Download<br>Audio Books</span></a></td><td class="navFooterDescSpacer" style="width: 4%"></td>
<td class="navFooterDescItem"><a href="https://www.dpreview.com/" class="nav_a">DPReview<br><span class="navFooterDescText">Digital<br>Photography</span></a></td><td class="navFooterDescSpacer" style="width: 4%"></td>
<td class="navFooterDescItem"><a href="https://www.imdb.com/" class="nav_a">IMDb<br><span class="navFooterDescText">Movies, TV<br>&amp; Celebrities</span></a></td></tr>
<tr><td>&nbsp;</td></tr>
<tr>
<td class="navFooterDescItem"><a href="https://www.shopbop.com/" class="nav_a">Shopbop<br><span class="navFooterDescText">Designer<br>Fashion Brands</span></a></td><td class="navFooterDescSpacer" style="width: 4%"></td>
<td class="navFooterDescItem"><a href="/business?ref=footer_aingw" class="nav_a">
Amazon Business<br><span class="navFooterDescText">Everything For<br>Your Business</span></a></td><td class="navFooterDescSpacer" style="width: 4%"></td>
<td class="navFooterDescItem"><a href="/now?ref=footer_amznow" class="nav_a">Prime Now<br><span class="navFooterDescText"> 2-Hour Delivery<br>on Everyday Items</span></a></td><td class="navFooterDescSpacer" style="width: 4%"></td>
<td class="navFooterDescItem"><a href="/music/prime?ref=footer_apm" class="nav_a">Amazon Prime Music<br><span class="navFooterDescText">75 million songs, ad-free<br>Over 10 million podcast episodes </span></a></td><td class="navFooterDescSpacer" style="width: 4%"></td>
<td class="navFooterDescItem">&nbsp;</td>
</tr>

    </tbody></table>
  </div>

  
<div class="navFooterLine navFooterLinkLine navFooterPadItemLine navFooterCopyright">
  <ul><li class="nav_first"><a href="/gp/help/customer/display.html?nodeId=200545940&amp;ref_=footer_cou" class="nav_a">Conditions of Use &amp; Sale</a></li><li><a href="/gp/help/customer/display.html?nodeId=200534380&amp;ref_=footer_privacy" class="nav_a">Privacy Notice</a></li><li class="nav_last"><a href="/gp/help/customer/display.html?nodeId=202075050&amp;ref_=footer_iba" class="nav_a">Interest-Based Ads</a></li></ul><span>© 1996-2022, Amazon.com, Inc. or its affiliates</span>
</div>

  
</div>


    
    





      
<script>
  (window.AmazonUIPageJS ? AmazonUIPageJS : P).load.js('https://images-na.ssl-images-amazon.com/images/G/01/AUIClients/INRetargetingAsset-fe13df5df0c9265752c892a20feddfc5baaec718.secure.min._V2_.js?AUIClients/INRetargetingAsset');
</script>


      <script>
 if( window.AmazonUIPageJS) {
          AmazonUIPageJS.when("inRetargeting").execute(function(pixel){
          pixel.parse({fireGooglePixel:false,fireVizuryPixel:false,isSignedIn:0,pageType:"Gateway",isMobile:0});
            });
        } else if( window.ueLogError ){  
          ueLogError({
            attribution: 'AmazonFamilyMarketingTagsMason',
            message: 'Attempting to embed remarketing pixel, but AmazonUIPageJS is undefined'
            });
        }
      </script>

<div id="sis_pixel_r2" aria-hidden="true" style="height:1px; position: absolute; left: -1000000px; top: -1000000px;"><iframe id="DAsis" src="//aax-eu.amazon-adsystem.com/s/iu3?d=amazon.in&amp;slot=navFooter&amp;a2=01012a95d2d19b8885ff34ba97714c6f63295e2f84f38fe1312bca40ec9c8794a37f&amp;old_oo=0&amp;ts=1642678480141&amp;s=AWa2d4Jzce3S0wxr0In-ocZw8mOuBm0O8wui_hPF-6bi&amp;gdpr_consent=&amp;gdpr_consent_avl=&amp;cb=1642678480141" width="1" height="1" frameborder="0" marginwidth="0" marginheight="0" scrolling="no"></iframe></div><script>(function(a,b){a.attachEvent?a.attachEvent("onload",b):a.addEventListener&&a.addEventListener("load",b,!1)})(window,function(){setTimeout(function(){var el=document.getElementById("sis_pixel_r2");el&&(el.innerHTML='<iframe id="DAsis" src="//aax-eu.amazon-adsystem.com/s/iu3?d=amazon.in&slot=navFooter&a2=01012a95d2d19b8885ff34ba97714c6f63295e2f84f38fe1312bca40ec9c8794a37f&old_oo=0&ts=1642678480141&s=AWa2d4Jzce3S0wxr0In-ocZw8mOuBm0O8wui_hPF-6bi&gdpr_consent=&gdpr_consent_avl=&cb=1642678480141" width="1" height="1" frameborder="0" marginwidth="0" marginheight="0" scrolling="no"></iframe>')},300)});</script>

  <!-- NAVYAAN FOOTER END -->

<!-- sp:end-feature:nav-footer -->
<!-- sp:feature:configured-sitewide-assets -->
<!-- sp:end-feature:configured-sitewide-assets -->
<div id="be" style="display:none;visibility:hidden;"><form name="ue_backdetect" action="get"><input type="hidden" name="ue_back" value="2"></form>


<script type="text/javascript">
window.ue_ibe = (window.ue_ibe || 0) + 1;
if (window.ue_ibe === 1) {
(function(e,c){function h(b,a){f.push([b,a])}function g(b,a){if(b){var c=e.head||e.getElementsByTagName("head")[0]||e.documentElement,d=e.createElement("script");d.async="async";d.src=b;d.setAttribute("crossorigin","anonymous");a&&a.onerror&&(d.onerror=a.onerror);a&&a.onload&&(d.onload=a.onload);c.insertBefore(d,c.firstChild)}}function k(){ue.uels=g;for(var b=0;b<f.length;b++){var a=f[b];g(a[0],a[1])}ue.deffered=1}var f=[];c.ue&&(ue.uels=h,c.ue.attach&&c.ue.attach("load",k))})(document,window);


if (window.ue && window.ue.uels) {
        var cel_widgets = [ { "c":"celwidget" },{ "s":"#nav-swmslot > div", "id_gen":function(elem, index){ return 'nav_sitewide_msg'; } } ];

                ue.uels("https://images-eu.ssl-images-amazon.com/images/I/31YXrY93hfL.js");
}
var ue_mbl=ue_csm.ue.exec(function(g,a){function p(c){b=c||{};a.AMZNPerformance=b;b.transition=b.transition||{};b.timing=b.timing||{};if(a.csa){var e;b.timing.transitionStart&&(e=b.timing.transitionStart);b.timing.processStart&&(e=b.timing.processStart);e&&(csa("PageTiming")("mark","nativeTransitionStart",e),csa("PageTiming")("mark","transitionStart",e))}g.ue.exec(q,"csm-android-check")()&&b.tags instanceof Array&&(c=-1!=b.tags.indexOf("usesAppStartTime")||b.transition.type?!b.transition.type&&-1<
b.tags.indexOf("usesAppStartTime")?"warm-start":void 0:"view-transition",c&&(b.transition.type=c));if("reload"===d._nt&&g.ue_orct||"intrapage-transition"===d._nt)a:{if(k&&(c=d.ssw(l),e=b.timing.transitionStart,c&&!c.e&&e&&c.val&&e!==+c.val))break a;f&&f.timing&&f.timing.navigationStart?b.timing.transitionStart=f.timing.navigationStart:delete b.timing.transitionStart}else"undefined"===typeof d._nt&&f&&f.timing&&f.timing.navigationStart&&a.history&&"function"===typeof a.History&&"object"===typeof a.history&&
a.history.length&&1!=a.history.length&&(b.timing.transitionStart=f.timing.navigationStart);k&&d.ssw(l,""+(b.timing.transitionStart||""));c=b.transition;e=d._nt?d._nt:void 0;c.subType=e;a.ue&&a.ue.tag&&a.ue.tag("has-AMZNPerformance");d.isl&&a.uex&&a.uex("at","csm-timing");r()}function s(b){a.ue&&a.ue.count&&a.ue.count("csm-cordova-plugin-failed",1)}function q(){return a.cordova&&a.cordova.platformId&&"android"==a.cordova.platformId}function r(){try{a.P.register("AMZNPerformance",function(){return b})}catch(c){}}
function m(){if(!b)return"";ue_mbl.cnt=null;for(var c=b.timing,a=b.transition,c=["mts",n(c.transitionStart),"mps",n(c.processStart),"mtt",a.type,"mtst",a.subType,"mtlt",a.launchType],a="",d=0;d<c.length;d+=2){var f=c[d],g=c[d+1];"undefined"!==typeof g&&(a+="&"+f+"="+g)}return a}function n(a){if("undefined"!==typeof a&&"undefined"!==typeof h)return a-h}function t(a,d){b&&(h=d,b.timing.transitionStart=a,b.transition.type="view-transition",b.transition.subType="ajax-transition",b.transition.launchType=
"normal",ue_mbl.cnt=m)}var d=g.ue||{},h=g.ue_t0,l="csm-last-mts",k=1===g.ue_sswmts,f=a.performance,b;if(a.P&&a.P.when&&a.P.register)return 1===a.ue_fnt&&(h=a.aPageStart||g.ue_t0),a.P.when("CSMPlugin").execute(function(a){a.buildAMZNPerformance&&a.buildAMZNPerformance({successCallback:p,failCallback:s})}),{cnt:m,ajax:t}},"mobile-timing")(ue_csm,ue_csm.window);

(function(d){d._uess=function(){var a="";screen&&screen.width&&screen.height&&(a+="&sw="+screen.width+"&sh="+screen.height);var b=function(a){var b=document.documentElement["client"+a];return"CSS1Compat"===document.compatMode&&b||document.body["client"+a]||b},c=b("Width"),b=b("Height");c&&b&&(a+="&vw="+c+"&vh="+b);return a}})(ue_csm);

(function(a){var b=document.ue_backdetect;b&&b.ue_back&&a.ue&&(a.ue.bfini=b.ue_back.value);a.uet&&a.uet("be");a.onLdEnd&&(window.addEventListener?window.addEventListener("load",a.onLdEnd,!1):window.attachEvent&&window.attachEvent("onload",a.onLdEnd));a.ueh&&a.ueh(0,window,"load",a.onLd,1);a.ue&&a.ue.tag&&(a.ue_furl?(b=a.ue_furl.replace(/\./g,"-"),a.ue.tag(b)):a.ue.tag("nofls"))})(ue_csm);

(function(g,h){function d(a,d){var b={};if(!e||!f)try{var c=h.sessionStorage;c?a&&("undefined"!==typeof d?c.setItem(a,d):b.val=c.getItem(a)):f=1}catch(g){e=1}e&&(b.e=1);return b}var b=g.ue||{},a="",f,e,c,a=d("csmtid");f?a="NA":a.e?a="ET":(a=a.val,a||(a=b.oid||"NI",d("csmtid",a)),c=d(b.oid),c.e||(c.val=c.val||0,d(b.oid,c.val+1)),b.ssw=d);b.tabid=a})(ue_csm,ue_csm.window);

ue_csm.ue.exec(function(e,f){var a=e.ue||{},b=a._wlo,d;if(a.ssw){d=a.ssw("CSM_previousURL").val;var c=f.location,b=b?b:c&&c.href?c.href.split("#")[0]:void 0;c=(b||"")===a.ssw("CSM_previousURL").val;!c&&b&&a.ssw("CSM_previousURL",b);d=c?"reload":d?"intrapage-transition":"first-view"}else d="unknown";a._nt=d},"NavTypeModule")(ue_csm,window);
ue_csm.ue.exec(function(c,a){function g(a){a.run(function(e){d.tag("csm-feature-"+a.name+":"+e);d.isl&&c.uex("at")})}if(a.addEventListener)for(var d=c.ue||{},f=[{name:"touch-enabled",run:function(b){var e=function(){a.removeEventListener("touchstart",c,!0);a.removeEventListener("mousemove",d,!0)},c=function(){b("true");e()},d=function(){b("false");e()};a.addEventListener("touchstart",c,!0);a.addEventListener("mousemove",d,!0)}}],b=0;b<f.length;b++)g(f[b])},"csm-features")(ue_csm,window);


(function(b,c){var a=c.images;a&&a.length&&b.ue.count("totalImages",a.length)})(ue_csm,document);
(function(b){function c(){var d=[];a.log&&a.log.isStub&&a.log.replay(function(a){e(d,a)});a.clog&&a.clog.isStub&&a.clog.replay(function(a){e(d,a)});d.length&&(a._flhs+=1,n(d),p(d))}function g(){a.log&&a.log.isStub&&(a.onflush&&a.onflush.replay&&a.onflush.replay(function(a){a[0]()}),a.onunload&&a.onunload.replay&&a.onunload.replay(function(a){a[0]()}),c())}function e(d,b){var c=b[1],f=b[0],e={};a._lpn[c]=(a._lpn[c]||0)+1;e[c]=f;d.push(e)}function n(b){q&&(a._lpn.csm=(a._lpn.csm||0)+1,b.push({csm:{k:"chk",
f:a._flhs,l:a._lpn,s:"inln"}}))}function p(a){if(h)a=k(a),b.navigator.sendBeacon(l,a);else{a=k(a);var c=new b[f];c.open("POST",l,!0);c.setRequestHeader&&c.setRequestHeader("Content-type","text/plain");c.send(a)}}function k(a){return JSON.stringify({rid:b.ue_id,sid:b.ue_sid,mid:b.ue_mid,mkt:b.ue_mkt,sn:b.ue_sn,reqs:a})}var f="XMLHttpRequest",q=1===b.ue_ddq,a=b.ue,r=b[f]&&"withCredentials"in new b[f],h=b.navigator&&b.navigator.sendBeacon,l="//"+b.ue_furl+"/1/batch/1/OE/",m=b.ue_fci_ft||5E3;a&&(r||h)&&
(a._flhs=a._flhs||0,a._lpn=a._lpn||{},a.attach&&(a.attach("beforeunload",a.exec(g,"fcli-bfu")),a.attach("pagehide",a.exec(g,"fcli-ph"))),m&&b.setTimeout(a.exec(c,"fcli-t"),m),a._ffci=a.exec(c))})(window);


(function(k,c){function l(a,b){return a.filter(function(a){return a.initiatorType==b})}function f(a,c){if(b.t[a]){var g=b.t[a]-b._t0,e=c.filter(function(a){return 0!==a.responseEnd&&m(a)<g}),f=l(e,"script"),h=l(e,"link"),k=l(e,"img"),n=e.map(function(a){return a.name.split("/")[2]}).filter(function(a,b,c){return a&&c.lastIndexOf(a)==b}),q=e.filter(function(a){return a.duration<p}),s=g-Math.max.apply(null,e.map(m))<r|0;"af"==a&&(b._afjs=f.length);return a+":"+[e[d],f[d],h[d],k[d],n[d],q[d],s].join("-")}}
function m(a){return a.responseEnd-(b._t0-c.timing.navigationStart)}function n(){var a=c[h]("resource"),d=f("cf",a),g=f("af",a),a=f("ld",a);delete b._rt;b._ld=b.t.ld-b._t0;b._art&&b._art();return[d,g,a].join("_")}var p=20,r=50,d="length",b=k.ue,h="getEntriesByType";b._rre=m;b._rt=c&&c.timing&&c[h]&&n})(ue_csm,window.performance);


(function(c,d){var b=c.ue,a=d.navigator;b&&b.tag&&a&&(a=a.connection||a.mozConnection||a.webkitConnection)&&a.type&&b.tag("netInfo:"+a.type)})(ue_csm,window);


(function(c,d){function h(a,b){for(var c=[],d=0;d<a.length;d++){var e=a[d],f=b.encode(e);if(e[k]){var g=b.metaSep,e=e[k],l=b.metaPairSep,h=[],m=void 0;for(m in e)e.hasOwnProperty(m)&&h.push(m+"="+e[m]);e=h.join(l);f+=g+e}c.push(f)}return c.join(b.resourceSep)}function s(a){var b=a[k]=a[k]||{};b[t]||(b[t]=c.ue_mid);b[u]||(b[u]=c.ue_sid);b[f]||(b[f]=c.ue_id);b.csm=1;a="//"+c.ue_furl+"/1/"+a[v]+"/1/OP/"+a[w]+"/"+a[x]+"/"+h([a],y);if(n)try{n.call(d[p],a)}catch(g){c.ue.sbf=1,(new Image).src=a}else(new Image).src=
a}function q(){g&&g.isStub&&g.replay(function(a,b,c){a=a[0];b=a[k]=a[k]||{};b[f]=b[f]||c;s(a)});l.impression=s;g=null}if(!(1<c.ueinit)){var k="metadata",x="impressionType",v="foresterChannel",w="programGroup",t="marketplaceId",u="session",f="requestId",p="navigator",l=c.ue||{},n=d[p]&&d[p].sendBeacon,r=function(a,b,c,d){return{encode:d,resourceSep:a,metaSep:b,metaPairSep:c}},y=r("","?","&",function(a){return h(a.impressionData,z)}),z=r("/",":",",",function(a){return a.featureName+":"+h(a.resources,
A)}),A=r(",","@","|",function(a){return a.id}),g=l.impression;n?q():(l.attach("load",q),l.attach("beforeunload",q));try{d.P&&d.P.register&&d.P.register("impression-client",function(){})}catch(B){c.ueLogError(B,{logLevel:"WARN"})}}})(ue_csm,window);



var ue_pty = "Gateway";

var ue_spty = "desktop";

var ue_pti = "desktop";


var ue_adb = 4;
var ue_adb_rtla = 1;
ue_csm.ue.exec(function(y,a){function t(){if(d&&f){var a;a:{try{a=d.getItem(g);break a}catch(c){}a=void 0}if(a)return b=a,!0}return!1}function u(){if(a.fetch)fetch(m).then(function(a){if(!a.ok)throw Error(a.statusText);return a.text?a.text():null}).then(function(b){b?(-1<b.indexOf("window.ue_adb_chk = 1")&&(a.ue_adb_chk=1),n()):h()})["catch"](h);else e.uels(m,{onerror:h,onload:n})}function h(){b=k;l();if(f)try{d.setItem(g,b)}catch(a){}}function n(){b=1===a.ue_adb_chk?p:k;l();if(f)try{d.setItem(g,
b)}catch(c){}}function q(){a.ue_adb_rtla&&c&&0<c.ec&&!1===r&&(c.elh=null,ueLogError({m:"Hit Info",fromOnError:1},{logLevel:"INFO",adb:b}),r=!0)}function l(){e.tag(b);e.isl&&a.uex&&uex("at",b);s&&s.updateCsmHit("adb",b);c&&0<c.ec?q():a.ue_adb_rtla&&c&&(c.elh=q)}function v(){return b}if(a.ue_adb){a.ue_fadb=a.ue_fadb||10;var e=a.ue,k="adblk_yes",p="adblk_no",m="https://m.media-amazon.com/images/G/01/csm/showads.v2.js?adtag=csm&ad_box_",b="adblk_unk",d;a:{try{d=a.localStorage;break a}catch(z){}d=void 0}var g=
"csm:adb",c=a.ue_err,s=e.cookie,f=void 0!==a.localStorage,w=Math.random()>1-1/a.ue_fadb,r=!1,x=t();w||!x?u():l();a.ue_isAdb=v;a.ue_isAdb.unk="adblk_unk";a.ue_isAdb.no=p;a.ue_isAdb.yes=k}},"adb")(document,window);




(function(c,l,m){function h(a){if(a)try{if(a.id)return"//*[@id='"+a.id+"']";var b,d=1,e;for(e=a.previousSibling;e;e=e.previousSibling)e.nodeName===a.nodeName&&(d+=1);b=d;var c=a.nodeName;1!==b&&(c+="["+b+"]");a.parentNode&&(c=h(a.parentNode)+"/"+c);return c}catch(f){return"DETACHED"}}function f(a){if(a&&a.getAttribute)return a.getAttribute(k)?a.getAttribute(k):f(a.parentElement)}var k="data-cel-widget",g=!1,d=[];(c.ue||{}).isBF=function(){try{var a=JSON.parse(localStorage["csm-bf"]||"[]"),b=0<=a.indexOf(c.ue_id);
a.unshift(c.ue_id);a=a.slice(0,20);localStorage["csm-bf"]=JSON.stringify(a);return b}catch(d){return!1}}();c.ue_utils={getXPath:h,getFirstAscendingWidget:function(a,b){c.ue_cel&&c.ue_fem?!0===g?b(f(a)):d.push({element:a,callback:b}):b()},notifyWidgetsLabeled:function(){if(!1===g){g=!0;for(var a=f,b=0;b<d.length;b++)if(d[b].hasOwnProperty("callback")&&d[b].hasOwnProperty("element")){var c=d[b].callback,e=d[b].element;"function"===typeof c&&"function"===typeof a&&c(a(e))}d=null}},extractStringValue:function(a){if("string"===
typeof a)return a}}})(ue_csm,window,document);


(function(a){a.ue_cel||(a.ue_cel=function(){function f(a,c){c?c.r=v:c={r:v,c:1};!ue_csm.ue_sclog&&c.clog&&d.clog?d.clog(a,c.ns||q,c):c.glog&&d.glog?d.glog(a,c.ns||q,c):d.log(a,c.ns||q,c)}function m(a,d){"function"===typeof g&&g("log",{schemaId:s+".RdCSI.1",eventType:a,clientData:d},{ent:{page:["requestId"]}})}function c(){var a=n.length;if(0<a){for(var c=[],b=0;b<a;b++){var F=n[b].api;F.ready()?(F.on({ts:d.d,ns:q}),e.push(n[b]),f({k:"mso",n:n[b].name,t:d.d()})):c.push(n[b])}n=c}}function h(){if(!h.executed){for(var a=
0;a<e.length;a++)e[a].api.off&&e[a].api.off({ts:d.d,ns:q});A();f({k:"eod",t0:d.t0,t:d.d()},{c:1,il:1});h.executed=1;for(a=0;a<e.length;a++)n.push(e[a]);e=[];b(t);b(x)}}function A(a){f({k:"hrt",t:d.d()},{c:1,il:1,n:a});l=Math.min(w,r*l);y()}function y(){b(x);x=k(function(){A(!0)},l)}function u(){h.executed||A()}var p=a.window,k=p.setTimeout,b=p.clearTimeout,r=1.5,w=p.ue_cel_max_hrt||3E4,s="robotdetection",n=[],e=[],q=a.ue_cel_ns||"cel",t,x,d=a.ue,E=a.uet,B=a.uex,v=d.rid,C=p.csa,g,l=p.ue_cel_hrt_int||
3E3,z=p.requestAnimationFrame||function(a){a()};!a.ue_cel_lclia&&C&&(g=C("Events",{producerId:s}));if(d.isBF)f({k:"bft",t:d.d()});else{"function"==typeof E&&E("bb","csmCELLSframework",{wb:1});k(c,0);d.onunload(h);if(d.onflush)d.onflush(u);t=k(h,6E5);y();"function"==typeof B&&B("ld","csmCELLSframework",{wb:1});return{registerModule:function(a,b){n.push({name:a,api:b});f({k:"mrg",n:a,t:d.d()});c()},reset:function(a){f({k:"rst",t0:d.t0,t:d.d()});n=n.concat(e);e=[];for(var r=n.length,g=0;g<r;g++)n[g].api.off(),
n[g].api.reset();v=a||d.rid;c();b(t);t=k(h,6E5);h.executed=0},timeout:function(a,d){return k(function(){z(function(){h.executed||a()})},d)},log:f,csaEventLog:m,off:h}}}())})(ue_csm);
(function(a){a.ue_pdm||!a.ue_cel||a.ue.isBF||(a.ue_pdm=function(){function f(){try{var d=b.screen;if(d){var c={w:d.width,aw:d.availWidth,h:d.height,ah:d.availHeight,cd:d.colorDepth,pd:d.pixelDepth};e&&e.w===c.w&&e.h===c.h&&e.aw===c.aw&&e.ah===c.ah&&e.pd===c.pd&&e.cd===c.cd||(e=c,e.t=s(),e.k="sci",E(e),!C&&g&&l("sci",{h:(e.h||"0")+""}))}var k=r.body||{},h=r.documentElement||{},m={w:Math.max(k.scrollWidth||0,k.offsetWidth||0,h.clientWidth||0,h.scrollWidth||0,h.offsetWidth||0),h:Math.max(k.scrollHeight||
0,k.offsetHeight||0,h.clientHeight||0,h.scrollHeight||0,h.offsetHeight||0)};q&&q.w===m.w&&q.h===m.h||(q=m,q.t=s(),q.k="doi",E(q));w=a.ue_cel.timeout(f,n);x+=1}catch(p){b.ueLogError&&ueLogError(p,{attribution:"csm-cel-page-module",logLevel:"WARN"})}}function m(){u("ebl","default",!1)}function c(){u("efo","default",!0)}function h(){u("ebl","app",!1)}function A(){u("efo","app",!0)}function y(){b.setTimeout(function(){r[H]?u("ebl","pageviz",!1):u("efo","pageviz",!0)},0)}function u(a,d,c){t!==c&&(E({k:a,
t:s(),s:d},{ff:!0===c?0:1}),!C&&g&&l(a,{t:(s()||"0")+"",s:d}));t=c}function p(){d.attach&&(z&&d.attach(D,y,r),I&&P.when("mash").execute(function(a){a&&a.addEventListener&&(a.addEventListener("appPause",h),a.addEventListener("appResume",A))}),d.attach("blur",m,b),d.attach("focus",c,b))}function k(){d.detach&&(z&&d.detach(D,y,r),I&&P.when("mash").execute(function(a){a&&a.removeEventListener&&(a.removeEventListener("appPause",h),a.removeEventListener("appResume",A))}),d.detach("blur",m,b),d.detach("focus",
c,b))}var b=a.window,r=a.document,w,s,n,e,q,t=null,x=0,d=a.ue,E=a.ue_cel.log,B=a.uet,v=a.uex,C=a.ue_cel_lclia,g=b.csa,l=a.ue_cel.csaEventLog,z=!!d.pageViz,D=z&&d.pageViz.event,H=z&&d.pageViz.propHid,I=b.P&&b.P.when;"function"==typeof B&&B("bb","csmCELLSpdm",{wb:1});return{on:function(a){n=a.timespan||500;s=a.ts;p();a=b.location;E({k:"pmd",o:a.origin,p:a.pathname,t:s()});f();"function"==typeof v&&v("ld","csmCELLSpdm",{wb:1})},off:function(a){clearTimeout(w);k();d.count&&d.count("cel.PDM.TotalExecutions",
x)},ready:function(){return r.body&&a.ue_cel&&a.ue_cel.log},reset:function(){e=q=null}}}(),a.ue_cel&&a.ue_cel.registerModule("page module",a.ue_pdm))})(ue_csm);
(function(a){a.ue_vpm||!a.ue_cel||a.ue.isBF||(a.ue_vpm=function(){function f(){var a=y(),b={w:k.innerWidth,h:k.innerHeight,x:k.pageXOffset,y:k.pageYOffset};c&&c.w==b.w&&c.h==b.h&&c.x==b.x&&c.y==b.y||(b.t=a,b.k="vpi",c=b,r(c,{clog:1}),!q&&t&&x("vpi",{t:(c.t||"0")+"",h:(c.h||"0")+"",y:(c.y||"0")+"",w:(c.w||"0")+"",x:(c.x||"0")+""}));h=0;u=y()-a;p+=1}function m(){h||(h=a.ue_cel.timeout(f,A))}var c,h,A,y,u=0,p=0,k=a.window,b=a.ue,r=a.ue_cel.log,w=a.uet,s=a.uex,n=b.attach,e=b.detach,q=a.ue_cel_lclia,t=
k.csa,x=a.ue_cel.csaEventLog;"function"==typeof w&&w("bb","csmCELLSvpm",{wb:1});return{on:function(a){y=a.ts;A=a.timespan||100;f();n&&(n("scroll",m),n("resize",m));"function"==typeof s&&s("ld","csmCELLSvpm",{wb:1})},off:function(a){clearTimeout(h);e&&(e("scroll",m),e("resize",m));b.count&&(b.count("cel.VPI.TotalExecutions",p),b.count("cel.VPI.TotalExecutionTime",u),b.count("cel.VPI.AverageExecutionTime",u/p))},ready:function(){return a.ue_cel&&a.ue_cel.log},reset:function(){c=void 0},getVpi:function(){return c}}}(),
a.ue_cel&&a.ue_cel.registerModule("viewport module",a.ue_vpm))})(ue_csm);
(function(a){if(!a.ue_fem&&a.ue_cel&&a.ue_utils){var f=a.ue||{},m=a.window,c=m.document;!f.isBF&&!a.ue_fem&&c.querySelector&&m.getComputedStyle&&[].forEach&&(a.ue_fem=function(){function h(a,d){return a>d?3>a-d:3>d-a}function A(a,d){var c=m.pageXOffset,b=m.pageYOffset,k;a:{try{if(a){var g=a.getBoundingClientRect(),e,r=0===a.offsetWidth&&0===a.offsetHeight;c:{for(var f=a.parentNode,w=g.left||0,n=g.top||0,p=g.width||0,q=g.height||0;f&&f!==document.body;){var l;d:{try{var s=void 0;if(f)var G=f.getBoundingClientRect(),
s={x:G.left||0,y:G.top||0,w:G.width||0,h:G.height||0};else s=void 0;l=s;break d}catch(v){}l=void 0}var t=window.getComputedStyle(f),u="hidden"===t.overflow,y=u||"hidden"===t.overflowX,z=u||"hidden"===t.overflowY,J=n+q-1<l.y+1||n+1>l.y+l.h-1;if((w+p-1<l.x+1||w+1>l.x+l.w-1)&&y||J&&z){e=!0;break c}f=f.parentNode}e=!1}k={x:g.left+c||0,y:g.top+b||0,w:g.width||0,h:g.height||0,d:(r||e)|0}}else k=void 0;break a}catch(A){}k=void 0}if(k&&!a.cel_b)a.cel_b=k,C({n:a.getAttribute(x),w:a.cel_b.w,h:a.cel_b.h,d:a.cel_b.d,
x:a.cel_b.x,y:a.cel_b.y,t:d,k:"ewi",cl:a.className},{clog:1});else{if(c=k)c=a.cel_b,b=k,c=b.d===c.d&&1===b.d?!1:!(h(c.x,b.x)&&h(c.y,b.y)&&h(c.w,b.w)&&h(c.h,b.h)&&c.d===b.d);c&&(a.cel_b=k,C({n:a.getAttribute(x),w:a.cel_b.w,h:a.cel_b.h,d:a.cel_b.d,x:a.cel_b.x,y:a.cel_b.y,t:d,k:"ewi"},{clog:1}))}}function y(b,g){var h;h=b.c?c.getElementsByClassName(b.c):b.id?[c.getElementById(b.id)]:c.querySelectorAll(b.s);b.w=[];for(var f=0;f<h.length;f++){var e=h[f];if(e){if(!e.getAttribute(x)){var r=e.getAttribute("cel_widget_id")||
(b.id_gen||v)(e,f)||e.id;e.setAttribute(x,r)}b.w.push(e);k(Q,e,g)}}!1===B&&(E++,E===d.length&&(B=!0,a.ue_utils.notifyWidgetsLabeled()))}function u(a,c){g.contains(a)||C({n:a.getAttribute(x),t:c,k:"ewd"},{clog:1})}function p(a){K.length&&ue_cel.timeout(function(){if(q){for(var c=R(),d=!1;R()-c<e&&!d;){for(d=S;0<d--&&0<K.length;){var b=K.shift();T[b.type](b.elem,b.time)}d=0===K.length}U++;p(a)}},0)}function k(a,c,d){K.push({type:a,elem:c,time:d})}function b(a,c){for(var b=0;b<d.length;b++)for(var e=
d[b].w||[],g=0;g<e.length;g++)k(a,e[g],c)}function r(){M||(M=a.ue_cel.timeout(function(){M=null;var c=t();b(W,c);for(var g=0;g<d.length;g++)k(X,d[g],c);0===d.length&&!1===B&&(B=!0,a.ue_utils.notifyWidgetsLabeled());p(c)},n))}function w(){M||N||(N=a.ue_cel.timeout(function(){N=null;var a=t();b(Q,a);p(a)},n))}function s(){return z&&D&&g&&g.contains&&g.getBoundingClientRect&&t}var n=50,e=4.5,q=!1,t,x="data-cel-widget",d=[],E=0,B=!1,v=function(){},C=a.ue_cel.log,g,l,z,D,H=m.MutationObserver||m.WebKitMutationObserver||
m.MozMutationObserver,I=!!H,F,G,O="DOMAttrModified",L="DOMNodeInserted",J="DOMNodeRemoved",N,M,K=[],U=0,S=null,W="removedWidget",X="updateWidgets",Q="processWidget",T,V=m.performance||{},R=V.now&&function(){return V.now()}||function(){return Date.now()};"function"==typeof uet&&uet("bb","csmCELLSfem",{wb:1});return{on:function(b){function e(){if(s()){T={removedWidget:u,updateWidgets:y,processWidget:A};if(I){var a={attributes:!0,subtree:!0};F=new H(w);G=new H(r);F.observe(g,a);G.observe(g,{childList:!0,
subtree:!0});G.observe(l,a)}else z.call(g,O,w),z.call(g,L,r),z.call(g,J,r),z.call(l,L,w),z.call(l,J,w);r()}}g=c.body;l=c.head;z=g.addEventListener;D=g.removeEventListener;t=b.ts;d=a.cel_widgets||[];S=b.bs||5;f.deffered?e():f.attach&&f.attach("load",e);"function"==typeof uex&&uex("ld","csmCELLSfem",{wb:1});q=!0},off:function(){s()&&(G&&(G.disconnect(),G=null),F&&(F.disconnect(),F=null),D.call(g,O,w),D.call(g,L,r),D.call(g,J,r),D.call(l,L,w),D.call(l,J,w));f.count&&f.count("cel.widgets.batchesProcessed",
U);q=!1},ready:function(){return a.ue_cel&&a.ue_cel.log},reset:function(){d=a.cel_widgets||[]}}}(),a.ue_cel&&a.ue_fem&&a.ue_cel.registerModule("features module",a.ue_fem))}})(ue_csm);
(function(a){!a.ue_mcm&&a.ue_cel&&a.ue_utils&&!a.ue.isBF&&(a.ue_mcm=function(){function f(a,b){var h=a.srcElement||a.target||{},f={k:m,w:(b||{}).ow||(A.body||{}).scrollWidth,h:(b||{}).oh||(A.body||{}).scrollHeight,t:(b||{}).ots||c(),x:a.pageX,y:a.pageY,p:p.getXPath(h),n:h.nodeName};y&&"function"===typeof y.now&&a.timeStamp&&(f.dt=(b||{}).odt||y.now()-a.timeStamp,f.dt=parseFloat(f.dt.toFixed(2)));a.button&&(f.b=a.button);h.href&&(f.r=p.extractStringValue(h.href));h.id&&(f.i=h.id);h.className&&h.className.split&&
(f.c=h.className.split(/\s+/));u(f,{c:1})}var m="mcm",c,h=a.window,A=h.document,y=h.performance,u=a.ue_cel.log,p=a.ue_utils;return{on:function(k){c=k.ts;a.ue_cel_stub&&a.ue_cel_stub.replayModule(m,f);h.addEventListener&&h.addEventListener("mousedown",f,!0)},off:function(a){h.addEventListener&&h.removeEventListener("mousedown",f,!0)},ready:function(){return a.ue_cel&&a.ue_cel.log},reset:function(){}}}(),a.ue_cel&&a.ue_cel.registerModule("mouse click module",a.ue_mcm))})(ue_csm);
(function(a){a.ue_mmm||!a.ue_cel||a.ue.isBF||(a.ue_mmm=function(f){function m(a,c){var b={x:a.pageX||a.x||0,y:a.pageY||a.y||0,t:p()};!c&&l&&(b.t-l.t<A||b.x==l.x&&b.y==l.y)||(l=b,v.push(b))}function c(){if(v.length){E=F.now();for(var a=0;a<v.length;a++){var c=v[a],b=a;z=v[g];D=c;var e=void 0;if(!(e=2>b)){e=void 0;a:if(v[b].t-v[b-1].t>h)e=0;else{for(e=g+1;e<b;e++){var f=z,k=D,l=v[e];H=(k.x-f.x)*(f.y-l.y)-(f.x-l.x)*(k.y-f.y);if(H*H/((k.x-f.x)*(k.x-f.x)+(k.y-f.y)*(k.y-f.y))>y){e=0;break a}}e=1}e=!e}(I=
e)?g=b-1:C.pop();C.push(c)}B=F.now()-E;q=Math.min(q,B);t=Math.max(t,B);x=(x*d+B)/(d+1);d+=1;n({k:u,e:C,min:Math.floor(1E3*q),max:Math.floor(1E3*t),avg:Math.floor(1E3*x)},{c:1});v=[];C=[];g=0}}var h=100,A=20,y=25,u="mmm1",p,k,b=a.window,r=b.document,w=b.setInterval,s=a.ue,n=a.ue_cel.log,e,q=1E3,t=0,x=0,d=0,E,B,v=[],C=[],g=0,l,z,D,H,I,F=f&&f.now&&f||Date.now&&Date||{now:function(){return(new Date).getTime()}};return{on:function(a){p=a.ts;k=a.ns;s.attach&&s.attach("mousemove",m,r);e=w(c,3E3)},off:function(a){k&&
(l&&m(l,!0),c());clearInterval(e);s.detach&&s.detach("mousemove",m,r)},ready:function(){return a.ue_cel&&a.ue_cel.log},reset:function(){v=[];C=[];g=0;l=null}}}(window.performance),a.ue_cel&&a.ue_cel.registerModule("mouse move module",a.ue_mmm))})(ue_csm);



ue_csm.ue.exec(function(b,c){var e=function(){},f=function(){return{send:function(b,d){if(d&&b){var a;if(c.XDomainRequest)a=new XDomainRequest,a.onerror=e,a.ontimeout=e,a.onprogress=e,a.onload=e,a.timeout=0;else if(c.XMLHttpRequest){if(a=new XMLHttpRequest,!("withCredentials"in a))throw"";}else a=void 0;if(!a)throw"";a.open("POST",b,!0);a.setRequestHeader&&a.setRequestHeader("Content-type","text/plain");a.send(d)}},isSupported:!0}}(),g=function(){return{send:function(c,d){if(c&&d)if(navigator.sendBeacon(c,
d))b.ue_sbuimp&&b.ue&&b.ue.ssw&&b.ue.ssw("eelsts","scs");else throw"";},isSupported:!!navigator.sendBeacon&&!(c.cordova&&c.cordova.platformId&&"ios"==c.cordova.platformId)}}();b.ue._ajx=f;b.ue._sBcn=g},"Transportation-clients")(ue_csm,window);
ue_csm.ue.exec(function(b,k){function A(){for(var a=0;a<arguments.length;a++){var c=arguments[a];try{var h;if(c.isSupported){var b=t.buildPayload(l,e);h=c.send(J,b)}else throw dummyException;return h}catch(d){}}B({m:"All supported clients failed",attribution:"CSMSushiClient_TRANSPORTATION_FAIL",f:"sushi-client.js",logLevel:"ERROR"},k.ue_err_chan||"jserr")}function m(){if(e.length){for(var a=0;a<n.length;a++)n[a]();A(d._sBcn||{},d._ajx||{});e=[];f={};l={};u=v=q=w=0}}function K(){var a=new Date,c=function(a){return 10>
a?"0"+a:a};return Date.prototype.toISOString?a.toISOString():a.getUTCFullYear()+"-"+c(a.getUTCMonth()+1)+"-"+c(a.getUTCDate())+"T"+c(a.getUTCHours())+":"+c(a.getUTCMinutes())+":"+c(a.getUTCSeconds())+"."+String((a.getUTCMilliseconds()/1E3).toFixed(3)).slice(2,5)+"Z"}function x(a){try{return JSON.stringify(a)}catch(c){}return null}function C(a,c,h,g){var p=!1;g=g||{};r++;r==D&&B({m:"Max number of Sushi Logs exceeded",f:"sushi-client.js",logLevel:"ERROR",attribution:"CSMSushiClient_MAX_CALLS"},k.ue_err_chan||
"jserr");var f;if(f=!(r>=D))(f=a&&-1<a.constructor.toString().indexOf("Object")&&c&&-1<c.constructor.toString().indexOf("String")&&h&&-1<h.constructor.toString().indexOf("String"))||L++;f&&(d.count&&d.count("Event:"+h,1),a.producerId=a.producerId||c,a.schemaId=a.schemaId||h,a.timestamp=K(),c=Date.now?Date.now():+new Date,h=Math.random().toString().substring(2,12),a.messageId=b.ue_id+"-"+c+"-"+h,g&&!g.ssd&&(a.sessionId=a.sessionId||b.ue_sid,a.requestId=a.requestId||b.ue_id,a.obfuscatedMarketplaceId=
a.obfuscatedMarketplaceId||b.ue_mid),(c=x(a))?(c=c.length,(e.length==M||q+c>N)&&m(),q+=c,a={data:t.compressEvent(a)},e.push(a),(g||{}).n?0===E?m():u||(u=k.setTimeout(m,E)):v||(v=k.setTimeout(m,O)),p=!0):p=!1);!p&&b.ue_int&&console.error("Invalid JS Nexus API call");return p}function F(){if(!G){for(var a=0;a<y.length;a++)y[a]();for(a=0;a<n.length;a++)n[a]();e.length&&(b.ue_sbuimp&&b.ue&&b.ue.ssw&&(a=x({dct:l,evt:e}),b.ue.ssw("eeldata",a),b.ue.ssw("eelsts","unk")),A(d._sBcn||{}));G=!0}}function H(a){y.push(a)}
function I(a){n.push(a)}var D=1E3,M=499,N=524288,s=function(){},d=b.ue||{},B=d.log||s,P=b.uex||s;(b.uet||s)("bb","ue_sushi_v1",{wb:1});var J=b.ue_surl||"https://unagi-na.amazon.com/1/events/com.amazon.csm.nexusclient.gamma",Q=["messageId","timestamp"],z="#",e=[],f={},l={},q=0,w=0,L=0,r=0,y=[],n=[],G=!1,u,v,E=void 0===b.ue_hpsi?1E3:b.ue_hpsi,O=void 0===b.ue_lpsi?1E4:b.ue_lpsi,t=function(){function a(a){f[a]=z+w++;l[f[a]]=a;return f[a]}function c(b){if(!(b instanceof Function)){if(b instanceof Array){for(var g=
[],d=b.length,e=0;e<d;e++)g[e]=c(b[e]);return g}if(b instanceof Object){g={};for(d in b)b.hasOwnProperty(d)&&(g[f[d]?f[d]:a(d)]=-1===Q.indexOf(d)?c(b[d]):b[d]);return g}return"string"===typeof b&&(b.length>(z+w).length||b.charAt(0)===z)?f[b]?f[b]:a(b):b}}return{compressEvent:c,buildPayload:function(){return x({cs:{dct:l},events:e})}}}();(function(){if(d.event&&d.event.isStub){if(b.ue_sbuimp&&b.ue&&b.ue.ssw){var a=b.ue.ssw("eelsts").val;if(a&&"unk"===a&&(a=b.ue.ssw("eeldata").val)){var c;a:{try{c=
JSON.parse(a);break a}catch(f){}c=null}c&&c.evt instanceof Array&&c.dct instanceof Object&&(e=c.evt,l=c.dct,e&&l&&(m(),b.ue.ssw("eeldata","{}"),b.ue.ssw("eelsts","scs")))}}d.event.replay(function(a){a[3]=a[3]||{};a[3].n=1;C.apply(this,a)});d.onSushiUnload.replay(function(a){H(a[0])});d.onSushiFlush.replay(function(a){I(a[0])})}})();d.attach("beforeunload",F);d.attach("pagehide",F);d._cmps=t;d.event=C;d.event.reset=function(){r=0};d.onSushiUnload=H;d.onSushiFlush=I;try{k.P&&k.P.register&&k.P.register("sushi-client",
s)}catch(R){b.ueLogError(R,{logLevel:"WARN"})}P("ld","ue_sushi_v1",{wb:1})},"Nxs-JS-Client")(ue_csm,window);


ue_csm.ue_unrt = 1500;
(function(d,b,t){function u(a,g){var c=a.srcElement||a.target||{},b={k:v,t:g.t,dt:g.dt,x:a.pageX,y:a.pageY,p:e.getXPath(c),n:c.nodeName};a.button&&(b.b=a.button);c.type&&(b.ty=c.type);c.href&&(b.r=e.extractStringValue(c.href));c.id&&(b.i=c.id);c.className&&c.className.split&&(b.c=c.className.split(/\s+/));h+=1;e.getFirstAscendingWidget(c,function(a){b.wd=a;d.ue.log(b,r)})}function w(a){if(!x(a.srcElement||a.target)){m+=1;n=!0;var g=f=d.ue.d(),c;p&&"function"===typeof p.now&&a.timeStamp&&(c=p.now()-
a.timeStamp,c=parseFloat(c.toFixed(2)));s=b.setTimeout(function(){u(a,{t:g,dt:c})},y)}}function z(a){if(a){var b=a.filter(A);a.length!==b.length&&(q=!0,k=d.ue.d(),n&&q&&(k&&f&&d.ue.log({k:B,t:f,m:Math.abs(k-f)},r),l(),q=!1,k=0))}}function A(a){if(!a)return!1;var b="characterData"===a.type?a.target.parentElement:a.target;if(!b||!b.hasAttributes||!b.attributes)return!1;var c={"class":"gw-clock gw-clock-aria s-item-container-height-auto feed-carousel using-mouse kfs-inner-container".split(" "),id:["dealClock",
"deal_expiry_timer","timer"],role:["timer"]},d=!1;Object.keys(c).forEach(function(a){var e=b.attributes[a]?b.attributes[a].value:"";(c[a]||"").forEach(function(a){-1!==e.indexOf(a)&&(d=!0)})});return d}function x(a){if(!a)return!1;var b=(e.extractStringValue(a.nodeName)||"").toLowerCase(),c=(e.extractStringValue(a.type)||"").toLowerCase(),d=(e.extractStringValue(a.href)||"").toLowerCase();a=(e.extractStringValue(a.id)||"").toLowerCase();var f="checkbox color date datetime-local email file month number password radio range reset search tel text time url week".split(" ");
if(-1!==["select","textarea","html"].indexOf(b)||"input"===b&&-1!==f.indexOf(c)||"a"===b&&-1!==d.indexOf("http")||-1!==["sitbreaderrightpageturner","sitbreaderleftpageturner","sitbreaderpagecontainer"].indexOf(a))return!0}function l(){n=!1;f=0;b.clearTimeout(s)}function C(){b.ue.onunload(function(){ue.count("armored-cxguardrails.unresponsive-clicks.violations",h);ue.count("armored-cxguardrails.unresponsive-clicks.violationRate",h/m*100||0)})}if(b.MutationObserver&&b.addEventListener&&Object.keys&&
d&&d.ue&&d.ue.log&&d.ue_unrt&&d.ue_utils){var y=d.ue_unrt,r="cel",v="unr_mcm",B="res_mcm",p=b.performance,e=d.ue_utils,n=!1,f=0,s=0,q=!1,k=0,h=0,m=0;b.addEventListener&&(b.addEventListener("mousedown",w,!0),b.addEventListener("beforeunload",l,!0),b.addEventListener("visibilitychange",l,!0),b.addEventListener("pagehide",l,!0));b.ue&&b.ue.event&&b.ue.onSushiUnload&&b.ue.onunload&&C();(new MutationObserver(z)).observe(t,{childList:!0,attributes:!0,characterData:!0,subtree:!0})}})(ue_csm,window,document);


ue_csm.ue.exec(function(g,e){if(e.ue_err){var f="";e.ue_err.errorHandlers||(e.ue_err.errorHandlers=[]);e.ue_err.errorHandlers.push({name:"fctx",handler:function(a){if(!a.logLevel||"FATAL"===a.logLevel)if(f=g.getElementsByTagName("html")[0].innerHTML){var b=f.indexOf("var ue_t0=ue_t0||+new Date();");if(-1!==b){var b=f.substr(0,b).split(String.fromCharCode(10)),d=Math.max(b.length-10-1,0),b=b.slice(d,b.length-1);a.fcsmln=d+b.length+1;a.cinfo=a.cinfo||{};for(var c=0;c<b.length;c++)a.cinfo[d+c+1+""]=
b[c]}b=f.split(String.fromCharCode(10));a.cinfo=a.cinfo||{};if(!(a.f||void 0===a.l||a.l in a.cinfo))for(c=+a.l-1,d=Math.max(c-5,0),c=Math.min(c+5,b.length-1);d<=c;d++)a.cinfo[d+1+""]=b[d]}}})}},"fatals-context")(document,window);


(function(m,a){function c(k){function f(b){b&&"string"===typeof b&&(b=(b=b.match(/^(?:https?:)?\/\/(.*?)(\/|$)/i))&&1<b.length?b[1]:null,b&&b&&("number"===typeof e[b]?e[b]++:e[b]=1))}function d(b){var e=10,d=+new Date;b&&b.timeRemaining?e=b.timeRemaining():b={timeRemaining:function(){return Math.max(0,e-(+new Date-d))}};for(var c=a.performance.getEntries(),k=e;g<c.length&&k>n;)c[g].name&&f(c[g].name),g++,k=b.timeRemaining();g>=c.length?h(!0):l()}function h(b){if(!b){b=m.scripts;var c;if(b)for(var d=
0;d<b.length;d++)(c=b[d].getAttribute("src"))&&"undefined"!==c&&f(c)}0<Object.keys(e).length&&(p&&ue_csm.ue&&ue_csm.ue.event&&ue_csm.ue.event({domains:e,pageType:a.ue_pty||null,subPageType:a.ue_spty||null,pageTypeId:a.ue_pti||null},"csm","csm.CrossOriginDomains.2"),a.ue_ext=e)}function l(){!0===k?d():a.requestIdleCallback?a.requestIdleCallback(d):a.requestAnimationFrame?a.requestAnimationFrame(d):a.setTimeout(d,100)}function c(){if(a.performance&&a.performance.getEntries){var b=a.performance.getEntries();
!b||0>=b.length?h(!1):l()}else h(!1)}var e=a.ue_ext||{};a.ue_ext||c();return e}function q(){setTimeout(c,r)}var s=a.ue_dserr||!1,p=!0,n=1,r=2E3,g=0;a.ue_err&&s&&(a.ue_err.errorHandlers||(a.ue_err.errorHandlers=[]),a.ue_err.errorHandlers.push({name:"ext",handler:function(a){if(!a.logLevel||"FATAL"===a.logLevel){var f=c(!0),d=[],h;for(h in f){var f=h,g=f.match(/amazon(\.com?)?\.\w{2,3}$/i);g&&1<g.length||-1!==f.indexOf("amazon-adsystem.com")||-1!==f.indexOf("amazonpay.com")||-1!==f.indexOf("cloudfront-labs.amazonaws.com")||
d.push(h)}a.ext=d}}}));a.ue&&a.ue.isl?c():a.ue&&ue.attach&&ue.attach("load",q)})(document,window);





var ue_wtc_c = 3;
ue_csm.ue.exec(function(b,e){function l(){for(var a=0;a<f.length;a++)a:for(var d=s.replace(A,f[a])+g[f[a]]+t,c=arguments,b=0;b<c.length;b++)try{c[b].send(d);break a}catch(e){}g={};f=[];n=0;k=p}function u(){B?l(q):l(C,q)}function v(a,m,c){r++;if(r>w)d.count&&1==r-w&&(d.count("WeblabTriggerThresholdReached",1),b.ue_int&&console.error("Number of max call reached. Data will no longer be send"));else{var h=c||{};h&&-1<h.constructor.toString().indexOf(D)&&a&&-1<a.constructor.toString().indexOf(x)&&m&&-1<
m.constructor.toString().indexOf(x)?(h=b.ue_id,c&&c.rid&&(h=c.rid),c=h,a=encodeURIComponent(",wl="+a+"/"+m),2E3>a.length+p?(2E3<k+a.length&&u(),void 0===g[c]&&(g[c]="",f.push(c)),g[c]+=a,k+=a.length,n||(n=e.setTimeout(u,E))):b.ue_int&&console.error("Invalid API call. The input provided is over 2000 chars.")):d.count&&(d.count("WeblabTriggerImproperAPICall",1),b.ue_int&&console.error("Invalid API call. The input provided does not match the API protocol i.e ue.trigger(String, String, Object)."))}}function F(){d.trigger&&
d.trigger.isStub&&d.trigger.replay(function(a){v.apply(this,a)})}function y(){z||(f.length&&l(q),z=!0)}var t=":1234",s="//"+b.ue_furl+"/1/remote-weblab-triggers/1/OE/"+b.ue_mid+":"+b.ue_sid+":PLCHLDR_RID$s:wl-client-id%3DCSMTriger",A="PLCHLDR_RID",E=b.wtt||1E4,p=s.length+t.length,w=b.mwtc||2E3,G=1===e.ue_wtc_c,B=3===e.ue_wtc_c,H=e.XMLHttpRequest&&"withCredentials"in new e.XMLHttpRequest,x="String",D="Object",d=b.ue,g={},f=[],k=p,n,z=!1,r=0,C=function(){return{send:function(a){if(H){var b=new e.XMLHttpRequest;
b.open("GET",a,!0);G&&(b.withCredentials=!0);b.send()}else throw"";}}}(),q=function(){return{send:function(a){(new Image).src=a}}}();e.encodeURIComponent&&(d.attach&&(d.attach("beforeunload",y),d.attach("pagehide",y)),F(),d.trigger=v)},"client-wbl-trg")(ue_csm,window);


(function(k,d,h){function f(a,c,b){a&&a.indexOf&&0===a.indexOf("http")&&0!==a.indexOf("https")&&l(s,c,a,b)}function g(a,c,b){a&&a.indexOf&&(location.href.split("#")[0]!=a&&null!==a&&"undefined"!==typeof a||l(t,c,a,b))}function l(a,c,b,e){m[b]||(e=u&&e?n(e):"N/A",d.ueLogError&&d.ueLogError({message:a+c+" : "+b,logLevel:v,stack:"N/A"},{attribution:e}),m[b]=1,p++)}function e(a,c){if(a&&c)for(var b=0;b<a.length;b++)try{c(a[b])}catch(d){}}function q(){return d.performance&&d.performance.getEntriesByType?
d.performance.getEntriesByType("resource"):[]}function n(a){if(a.id)return"//*[@id='"+a.id+"']";var c;c=1;var b;for(b=a.previousSibling;b;b=b.previousSibling)b.nodeName==a.nodeName&&(c+=1);b=a.nodeName;1!=c&&(b+="["+c+"]");a.parentNode&&(b=n(a.parentNode)+"/"+b);return b}function w(){var a=h.images;a&&a.length&&e(a,function(a){var b=a.getAttribute("src");f(b,"img",a);g(b,"img",a)})}function x(){var a=h.scripts;a&&a.length&&e(a,function(a){var b=a.getAttribute("src");f(b,"script",a);g(b,"script",a)})}
function y(){var a=h.styleSheets;a&&a.length&&e(a,function(a){if(a=a.ownerNode){var b=a.getAttribute("href");f(b,"style",a);g(b,"style",a)}})}function z(){if(A){var a=q();e(a,function(a){f(a.name,a.initiatorType)})}}function B(){e(q(),function(a){g(a.name,a.initiatorType)})}function r(){var a;a=d.location&&d.location.protocol?d.location.protocol:void 0;"https:"==a&&(z(),w(),x(),y(),B(),p<C&&setTimeout(r,D))}var s="[CSM] Insecure content detected ",t="[CSM] Ajax request to same page detected ",v="WARN",
m={},p=0,D=k.ue_nsip||1E3,C=5,A=1==k.ue_urt,u=!0;ue_csm.ue_disableNonSecure||(d.performance&&d.performance.setResourceTimingBufferSize&&d.performance.setResourceTimingBufferSize(300),r())})(ue_csm,window,document);


var ue_aa_a = "";
if (ue.trigger && (ue_aa_a === "C" || ue_aa_a === "T1")) {
    ue.trigger("UEDATA_AA_SERVERSIDE_ASSIGNMENT_CLIENTSIDE_TRIGGER_190249", ue_aa_a);
}
(function(f,b){function g(){try{b.PerformanceObserver&&"function"===typeof b.PerformanceObserver&&(a=new b.PerformanceObserver(function(b){c(b.getEntries())}),a.observe(d))}catch(h){k()}}function m(){for(var h=d.entryTypes,a=0;a<h.length;a++)c(b.performance.getEntriesByType(h[a]))}function c(a){if(a&&Array.isArray(a)){for(var c=0,e=0;e<a.length;e++){var d=l.indexOf(a[e].name);if(-1!==d){var g=Math.round(b.performance.timing.navigationStart+a[e].startTime);f.uet(n[d],void 0,void 0,g);c++}}l.length===
c&&k()}}function k(){a&&a.disconnect&&"function"===typeof a.disconnect&&a.disconnect()}if("function"===typeof f.uet&&b.performance&&"object"===typeof b.performance&&b.performance.getEntriesByType&&"function"===typeof b.performance.getEntriesByType&&b.performance.timing&&"object"===typeof b.performance.timing&&"number"===typeof b.performance.timing.navigationStart){var d={entryTypes:["paint"]},l=["first-paint","first-contentful-paint"],n=["fp","fcp"],a;try{m(),g()}catch(p){f.ueLogError(p,{logLevel:"ERROR",
attribution:"performanceMetrics"})}}})(ue_csm,window);


if (window.csa) {
    csa("Events")("setEntity", {
        page:{pageType: "Gateway", subPageType: "desktop", pageTypeId: "desktop"}
    });
}
csa.plugin(function(c){var m="transitionStart",n="pageVisible",e="PageTiming",t="visibilitychange",s="$latency.visible",i=c.global,r=(i.performance||{}).timing,a=["navigationStart","unloadEventStart","unloadEventEnd","redirectStart","redirectEnd","fetchStart","domainLookupStart","domainLookupEnd","connectStart","connectEnd","secureConnectionStart","requestStart","responseStart","responseEnd","domLoading","domInteractive","domContentLoadedEventStart","domContentLoadedEventEnd","domComplete","loadEventStart","loadEventEnd"],o=i.Math,u=o.max,l=o.floor,d=i.document||{},g=(r||{}).navigationStart,f=g,v=0,p=null;if(i.Object.keys&&[].forEach&&!c.config["KillSwitch."+e]){if(!r||null===g||g<=0||void 0===g)return c.error("Invalid navigation timing data: "+g);p=new S({schemaId:"<ns>.PageLatency.5",producerId:"csa"}),"boolean"!=typeof d.hidden&&"string"!=typeof d.visibilityState||!d.removeEventListener?c.emit(s):h()?(c.emit(s),E(n,g)):c.on(d,t,function e(){h()&&(f=c.time(),d.removeEventListener(t,e),E(m,f),E(n,f),c.emit(s))}),c.once("$unload",I),c.once("$load",I),c.on("$pageTransition",function(){f=c.time()}),c.register(e,{mark:E,instance:function(e){return new S(e)}})}function S(e){var i,r=null,a=e.ent||{page:["pageType","subPageType","requestId"]},o=e.logger||c("Events",{producerId:e.producerId});if(!e||!e.producerId||!e.schemaId)return c.error("The producer id and schema Id must be defined for PageLatencyInstance.");function d(){return i||f}function n(){r=c.UUID()}this.mark=function(n,t){if(null!=n)return t=t||c.time(),n===m&&(i=t),c.once(s,function(){o("log",{messageId:r,__merge:function(e){e.markers[n]=function(e,n){return u(0,n-(e||f))}(d(),t),e.markerTimestamps[n]=l(t)},markers:{},markerTimestamps:{},navigationStartTimestamp:d()?new Date(d()).toISOString():null,schemaId:e.schemaId},{ent:a})}),t},n(),c.on("$beforePageTransition",n)}function E(e,n){e===m&&(f=n);var t=p.mark(e,n);c.emit("$timing:"+e,t)}function I(){if(!v){for(var e=0;e<a.length;e++)r[a[e]]&&E(a[e],r[a[e]]);v=1}}function h(){return!d.hidden||"visible"===d.visibilityState}});csa.plugin(function(t){var a,f="length",u="parentElement",i="target",r="getEntriesByName",o="_osrc",c="_elt",d="_eid",l=10,g=5,h=10,s=100,m=t.global,n=t.timeout,e=m.Math,p=e.max,v=e.floor,y=e.ceil,E=m.document,S=m.performance||{},x=(S.timing||{}).navigationStart,O=Date.now,w=Object.values||(t.types||{}).ovl,T=t("PageTiming"),N=t("SpeedIndexBuffers"),I=[],b=[],k=[],B=[],H=[],L=.1,W=.1,_=0,C=0,P=!0,R=0,X=0,Y=0,$=0,F=1,J=0,M={},V=[],j=0;function D(){for(var e=O(),n=0;a;){if(0!==a[f]){if(!1!==a.h(a[0])&&a.shift(),n++,!Y&&n%l==0&&O()-e>g)break}else a=a.n}_=0,a&&0<a[f]&&(_=_||t.raf(D))}function q(e,n,t,i){J=v(e),I=n,b=t,H=i;var r=E.createTreeWalker(E.body,NodeFilter.SHOW_TEXT,null,null),o={w:m.innerWidth,h:m.innerHeight,x:m.pageXOffset,y:m.pageYOffset};E.body[c]=e,k.push({w:r,vp:o}),B.push({img:E.images,iter:0}),I.h=z,(I.n=b).h=A,(b.n=k).h=G,(k.n=B).h=K,(B.n=H).h=Q,a=I,D()}function z(e){e.m.forEach(function(e){var n=e[i];o in n||(n[o]=e.oldValue)})}function A(n){n.m.forEach(function(e){e[i][c]=n.t-x})}function G(e){for(var n,t=e.vp,i=e.w,r=l;(n=i.nextNode())&&0<r;){r-=1;var o=(n[u]||{}).nodeName;"SCRIPT"!==o&&"STYLE"!==o&&"NOSCRIPT"!==o&&0!==(n.nodeValue||"").trim()[f]&&ee(n[u],U(n),t)}return!n}function K(e){for(var n,t={w:m.innerWidth,h:m.innerHeight,x:m.pageXOffset,y:m.pageYOffset},i=l;e.iter<e.img[f]&&0<i;){var r=e.img[e.iter];ee(r,Z((n=r)[o],n)||Z(n.currentSrc,n)||Z(n.src,n),t),e.iter+=1,i-=1}return e.img[f]<=e.iter}function Q(e){var n=[],i=0,r=0,o=C,t=v(e.y/s),a=y((e.y+m.innerHeight)/s);V.slice(t,a).forEach(function(e){(e.elems||[]).forEach(function(e){e.lt in n||(n[e.lt]={}),e.id in n[e.lt]||(i+=(n[e.lt][e.id]=e).a)})}),w(n).forEach(function(e){w(e).forEach(function(e){var n=1-r/i,t=p(e.lt,o);j+=n*(t-o),o=t,function(e,n){for(;L<=1&&L-.01<=e;)ne("visuallyLoaded"+(100*L).toFixed(0),n),L+=W}((r+=e.a)/i,e.lt)})}),C=e.t-x,H[f]<=1&&(ne("speedIndex",j),ne("visuallyLoaded0",J)),P&&(P=!1,ne("atfSpeedIndex",j))}function U(e){for(var n=e[u],t=h;n&&0<t;){if(n[c]||0===n[c])return p(n[c],J);n=n.parentElement,t-=1}}function Z(e,n){if(e){if(!e.indexOf("data:"))return U(n);var t=S[r](e)||[];if(0<t[f])return p(y(t[0].responseEnd||0),J)}}function ee(e,n,t){if((n||0===n)&&!e[d]){var i=e.getBoundingClientRect(),r=i.width*i.height,o=i.width/2,a=F++;if(0!=r&&!(o<i.right-t.w||i.right<o)){for(var f={e:e,lt:n,a:r,id:a},u=v((i.top+t.y)/s),c=y((i.top+t.y+i.height)/s),l=u;l<=c;l++)l in V||(V[l]={elems:[],lt:0}),V[l].elems.push(f);e[d]=a}}}function ne(e,n){T("mark",e,x+y((M[e]=n)||0))}function te(){$||(N("getBuffers",q),$=1)}x&&w&&S[r]&&(N("registerListener",function(e){X&&(clearTimeout(R),R=n(te,2500))}),t.once("$unload",function(){Y=1,te()}),t.once("$load",function(){X=1,R=n(te,2500)}),t.once("$timing:functional",te),t.register("SpeedIndex",{getMarkers:function(e){e&&e(JSON.parse(JSON.stringify(M)))}}))});csa.plugin(function(e){var m=!!e.config["LCP.elementDedup"],t=!1,n=e("PageTiming"),r=e.global.PerformanceObserver,a=e.global.performance;function i(){return a.timing.navigationStart}function o(){t||function(o){var l=new r(function(e){var t=e.getEntries();if(0!==t.length){var n=t[t.length-1];if(m&&""!==n.id&&n.element&&"IMG"===n.element.tagName){for(var r={},a=t[0],i=0;i<t.length;i++)t[i].id in r||(""!==t[i].id&&(r[t[i].id]=!0),a.startTime<t[i].startTime&&(a=t[i]));n=a}l.disconnect(),o({startTime:n.startTime,renderTime:n.renderTime,loadTime:n.loadTime})}});try{l.observe({type:"largest-contentful-paint",buffered:!0})}catch(e){}}(function(e){e&&(t=!0,n("mark","largestContentfulPaint",Math.floor(e.startTime+i())),e.renderTime&&n("mark","largestContentfulPaint.render",Math.floor(e.renderTime+i())),e.loadTime&&n("mark","largestContentfulPaint.load",Math.floor(e.loadTime+i())))})}r&&a&&a.timing&&(e.once("$unload",o),e.once("$load",o),e.register("LargestContentfulPaint",{}))});csa.plugin(function(r){var e=r("Metrics",{producerId:"csa"}),n=r.global.PerformanceObserver;n&&(n=new n(function(r){var t=r.getEntries();if(0===t.length||!t[0].processingStart||!t[0].startTime)return;!function(r){r=r||0,n.disconnect(),0<=r?e("recordMetric","firstInputDelay",r):e("recordMetric","firstInputDelay.invalid",1)}(t[0].processingStart-t[0].startTime)}),function(){try{n.observe({type:"first-input",buffered:!0})}catch(r){}}())});csa.plugin(function(d){var e="Metrics",u=0;function r(e){var i,r=e.producerId,n=e.logger,t=n||d("Events",{producerId:r}),c=(e||{}).dimensions||{},o=-1;if(!r&&!n)return d.error("Either a producer id or custom logger must be defined");function s(){o!==u&&(i=d.UUID(),o=u)}this.recordMetric=function(r,n){s(),t("log",{messageId:i,schemaId:e.schemaId||"<ns>.Metric.3",metrics:{},dimensions:c,__merge:function(e){e.metrics[r]=n}},e.logOptions||{ent:{page:["pageType","subPageType","requestId"]}})}}d.config["KillSwitch."+e]||(new r({producerId:"csa"}).recordMetric("baselineMetricEvent",1),d.on("$beforePageTransition",function(){u++}),d.register(e,{instance:function(e){return new r(e||{})}}))});csa.plugin(function(t){var a,r=(t.global.performance||{}).timing,s=(r||{}).navigationStart||t.time();function e(){a=t.UUID()}function n(i){var r=(i=i||{}).producerId,e=i.logger,o=e||t("Events",{producerId:r});if(!r&&!e)return t.error("Either a producer id or custom logger must be defined");this.mark=function(e,r){var n=(void 0===r?t.time():r)-s;o("log",{messageId:a,schemaId:i.schemaId||"<ns>.Timer.1",markers:{},__merge:function(r){r.markers[e]=n}},i.logOptions)}}r&&(e(),t.on("$beforePageTransition",e),t.register("Timers",{instance:function(r){return new n(r||{})}}))});csa.plugin(function(t){var e="takeRecords",i="disconnect",n="function",o=t("Metrics",{producerId:"csa"}),c=t("PageTiming"),a=t.global,u=t.timeout,r=t.on,f=a.PerformanceObserver,m=0,l=!1,s=0,d=a.performance,h=a.document,v=null,y=!1,g=t.blank;function p(){l||(l=!0,clearTimeout(v),typeof f[e]===n&&f[e](),typeof f[i]===n&&f[i](),o("recordMetric","documentCumulativeLayoutShift",m),c("mark","cumulativeLayoutShiftLastTimestamp",Math.floor(s+d.timing.navigationStart)))}f&&d&&d.timing&&h&&(f=new f(function(t){v&&clearTimeout(v);t.getEntries().forEach(function(t){t.hadRecentInput||(m+=t.value,s<t.startTime&&(s=t.startTime))}),v=u(p,5e3)}),function(){try{f.observe({type:"layout-shift",buffered:!0}),v=u(p,5e3)}catch(t){}}(),g=r(h,"click",function(t){y||(y=!0,o("recordMetric","documentCumulativeLayoutShiftToFirstInput",m),g())}),r(h,"visibilitychange",function(){"hidden"===h.visibilityState&&p()}),t.once("$unload",p))});csa.plugin(function(e){var t,n=e.global,r=n.PerformanceObserver,c=e("Metrics",{producerId:"csa"}),o=0,i=0,a=-1,l=n.Math,f=l.max,u=l.ceil;if(r){t=new r(function(e){e.getEntries().forEach(function(e){var t=e.duration;o+=t,i+=t,a=f(t,a)})});try{t.observe({type:"longtask",buffered:!0})}catch(e){}t=new r(function(e){0<e.getEntries().length&&(i=0,a=-1)});try{t.observe({type:"largest-contentful-paint",buffered:!0})}catch(e){}e.on("$unload",g),e.on("$beforePageTransition",g)}function g(){c("recordMetric","totalBlockingTime",u(i||0)),c("recordMetric","totalBlockingTimeInclLCP",u(o||0)),c("recordMetric","maxBlockingTime",u(a||0)),i=o=0,a=-1}});csa.plugin(function(r){var e="CacheDetection",o="csa-ctoken-",n=r.store,t=r.deleteStored,c=r.config,a=c[e+".RequestID"],i=c[e+".Callback"],s=r.global,u=s.document||{},d=s.Date,f=r("Events"),l=r("Events",{producerId:"csa"});function p(e){try{var n=u.cookie.match(RegExp("(^| )"+e+"=([^;]+)"));return n&&n[2].trim()}catch(e){}}!function(){var e=function(){var e=p("cdn-rid");if(e)return{r:e,s:"cdn"}}()||function(){if(r.store(o+a))return{r:r.UUID().toUpperCase().replace(/-/g,"").slice(0,20),s:"device"}}()||{},n=e.r,c=e.s;if(!!n){var t=p("session-id");!function(e,n,c,t){f("setEntity",{page:{pageSource:"cache",requestId:e,cacheRequestId:a,cacheSource:t},session:{id:c}})}(n,0,t,c),"device"===c&&l("log",{schemaId:"<ns>.CacheImpression.1"},{ent:"all"}),i&&i(n,t,c)}}(),n(o+a,d.now()+36e5),r.once("$load",function(){var c=d.now();t(function(e,n){return 0==e.indexOf(o)&&parseInt(n)<c})})});csa.plugin(function(u){var i,t="Content",e="MutationObserver",n="addedNodes",a="querySelectorAll",s="matches",r="getAttributeNames",o="getAttribute",f="dataset",c="widget",l="producerId",d={ent:{element:1,page:["pageType","subPageType","requestId"]}},h=5,g=u.config[t+".BubbleUp.SearchDepth"]||20,m="csaC",p=m+"Id",y={},v=u.config,b=v[t+".Selectors"]||[],E=v[t+".WhitelistedAttributes"]||{href:1,class:1},I=v[t+".EnableContentEntities"],w=v[t+".EnableContentRenders"],C=v["KillSwitch.ContentRendered"],A=u.global,U=A.document||{},k=U.documentElement,L=A.HTMLElement,N={},O=[],S=function(t,e,n,i){var r=this,o=u("Events",{producerId:t||"csa"});e.type=e.type||c,r.id=e.id,r.l=o,r.e=e,r.el=n,r.rt=i,r.dlo=d,r.log=function(t,e){o("log",t,e||d)},e.id&&o("setEntity",{element:e})},D=S.prototype;function R(t){var e=(t=t||{}).element,n=t.target;return e?function(t,e){var n;n=t instanceof L?H(t)||_(e[l],t,K,u.time()):N[t.id]||B(e[l],0,t,u.time());return n}(e,t):n?T(n):u.error("No element or target argument provided.")}function T(t){var e=function(t){var e=null,n=0;for(;t&&n<g;){if(n++,j(t,p)){e=t;break}t=t.parentElement}return e}(t);return e?H(e):new S("csa",{id:null},null,u.time())}function j(t,e){if(t&&t.dataset)return t.dataset[e]}function q(t,e,n){O.push({n:n,e:t,t:e}),M()}function x(){for(var t=u.time(),e=0;0<O.length;){var n=O.shift();if(y[n.n](n.e,n.t),++e%10==0&&u.time()-t>h)break}i=0,O.length&&M()}function M(){i=i||u.raf(x)}function $(t,e,n){return{n:t,e:e,t:n}}function _(t,e,n,i){var r=u.UUID(),o={id:r},c=T(e);return e[f][p]=r,n(o,e),c&&c.id&&(o.parentId=c.id),B(t,e,o,i)}function B(t,e,n,i){I&&(n.schemaId="<ns>.ContentEntity.2"),n.id=n.id||u.UUID();var r=new S(t,n,e,i);return w&&!C&&r.log({schemaId:"<ns>.ContentRender.1",timestamp:i}),u.emit("$content.register",r),N[n.id]=r}function H(t){return N[(t[f]||{})[p]]}function K(t,e){r in e&&(function(n,i){Object.keys(n[f]).forEach(function(t){if(!t.indexOf(m)&&m.length<t.length){var e=function(t){return(t[0]||"").toLowerCase()+t.slice(1)}(t.slice(m.length));i[e]=n[f][t]}})}(e,t),function(e,n){(e[r]()||[]).forEach(function(t){t in E&&(n[t]=e[o](t))})}(e,t))}k&&U[a]&&A[e]&&(b.push({selector:"*[data-csa-c-type]",entity:K}),b.push({selector:".celwidget",entity:function(t,e){K(t,e),t.slotId=t.slotId||e[o]("cel_widget_id")||e.id,t.type=t.type||c}}),y[1]=function(t,e){t.forEach(function(t){t[n]&&t[n].constructor&&"NodeList"===t[n].constructor.name&&Array.prototype.forEach.call(t[n],function(t){O.unshift($(2,t,e))})})},y[2]=function(o,c){a in o&&s in o&&b.forEach(function(t){for(var e=t.selector,n=o[s](e),i=o[a](e),r=i.length-1;0<=r;r--)O.unshift($(3,{e:i[r],s:t},c));n&&O.unshift($(3,{e:o,s:t},c))})},y[3]=function(t,e){var n=t.e;H(n)||_("csa",n,t.s.entity,e)},y[4]=function(){u.register(t,{instance:R})},new A[e](function(t){q(t,u.time(),1)}).observe(k,{childList:!0,subtree:!0}),q(k,u.time(),2),q(null,u.time(),4),u.on("$content.export",function(e){Object.keys(e).forEach(function(t){D[t]=e[t]})}))});csa.plugin(function(n){var i,t="ContentImpressions",e="KillSwitch.",o="IntersectionObserver",r="getAttribute",s="dataset",c="intersectionRatio",a="csaCId",m=1e3,l=n.global,f=n.config,u=f[e+t],g=f[e+t+".ContentViews"],v=((l.performance||{}).timing||{}).navigationStart||n.time(),d={};function h(t){t&&(t.v=1,function(t){t.vt=n.time(),t.el.log({schemaId:"<ns>.ContentView.3",timeToViewed:t.vt-t.el.rt,pageFirstPaintToElementViewed:t.vt-v})}(t))}function I(t){t&&!t.it&&(t.i=n.time()-t.is>m,function(t){t.it=n.time(),t.el.log({schemaId:"<ns>.ContentImpressed.2",timeToImpressed:t.it-t.el.rt,pageFirstPaintToElementImpressed:t.it-v})}(t))}!u&&l[o]&&(i=new l[o](function(t){t.forEach(function(t){var e=function(t){if(t&&t[r])return d[t[s][a]]}(t.target);if(e){var i=t.intersectionRect;t.isIntersecting&&0<i.width&&0<i.height&&(g||e.v||h(e),.5<=t[c]&&!e.is&&(e.is=n.time(),e.timer=n.timeout(function(){I(e)},m))),t[c]<.5&&!e.it&&e.timer&&(l.clearTimeout(e.timer),e.is=0,e.timer=0)}})},{threshold:[0,.5]}),n.on("$content.register",function(t){var e=t.el;e&&(d[t.id]={el:t,v:0,i:0,is:0,vt:0,it:0},i.observe(e))}))});csa.plugin(function(e){e.config["KillSwitch.ContentLatency"]||e.emit("$content.export",{mark:function(t,n){var o=this;o.t||(o.t=e("Timers",{logger:o.l,schemaId:"<ns>.ContentLatency.1",logOptions:o.dlo})),o.t("mark",t,n)}})});csa.plugin(function(o){var t,n,i="normal",s="reload",e="history",d="new-tab",a="ajax",r=1,c=2,u="lastActive",l="lastInteraction",f="used",p="csa-tabbed-browsing",g="visibilityState",v={"back-memory-cache":1,"tab-switch":1,"history-navigation-page-cache":1},b="<ns>.TabbedBrowsing.2",m="visible",y=o.global,I=o("Events",{producerId:"csa"}),h=y.location||{},T=y.document,w=y.JSON,z=((y.performance||{}).navigation||{}).type,P=o.store,S=o.on,k=o.storageSupport(),x=!1,A={},C={},O={},$={},j=!1,q=!1,B=!1;function E(i){try{return w.parse(P(p,void 0,{session:i})||"{}")||{}}catch(i){o.error('Could not parse storage value for key "'+p+'": '+i)}return{}}function J(i,t){P(p,w.stringify(t||{}),{session:i})}function N(i){var t=C.tid||i.id,n=A[u]||{};n.tid===t&&(n.pid=i.id),$={pid:i.id,tid:t,lastInteraction:C[l]||{},initialized:!0},O={lastActive:n,lastInteraction:A[l]||{},time:o.time()}}function D(i){var t=i===d,n=T.referrer,e=!(n&&n.length)||!~n.indexOf(h.origin||""),a=t&&e,r={type:i,toTabId:$.tid,toPageId:$.pid,transitTime:o.time()-A.time||null};a||function(i,t,n){var e=i===s,a=t?A[u]||{}:C,r=A[l]||{},o=C[l]||{},d=t?r:o;n.fromTabId=a.tid,n.fromPageId=a.pid,e||!d.id||d[f]||(n.interactionId=d.id||null,r.id===d.id&&(r[f]=!0),o.id===d.id&&(o[f]=!0))}(i,t,r),I("log",{navigation:r,schemaId:b},{ent:{page:["pageType","subPageType","requestId"]}})}function F(i){B=function(i){return i&&i in v}(i.transitionType),function(){A=E(!1),C=E(!0);var i=A[l],t=C[l],n=!1,e=!1;i&&t&&i.id===t.id&&i[f]!==t[f]&&(n=!i[f],e=!t[f],t[f]=i[f]=!0,n&&J(!1,A),e&&J(!0,C))}(),N(i),j=!0,function(i){var t,n;t=H(),n=K(),(t||n)&&N(i)}(i)}function G(){x&&!B?D(a):(x=!0,D(z===c||B?e:z===r?C.initialized?s:d:C.initialized?i:d))}function H(){return!(!j||!t)&&(C[l]={id:t.messageId,used:!(A[l]={id:t.messageId,used:!1})},!(t=null))}function K(){var i=!1;if(q=T[g]===m,j){var t=A[u]||{};i=function(i,t,n){var e=!1,a=i[u];return q?a&&a.tid===$.tid&&a[m]&&a.pid===n||(i[u]={visible:!0,pid:n,tid:t},e=!0):a&&a.tid===$.tid&&a[m]&&(e=!(a[m]=!1)),e}(A,C.tid||t.tid||$.tid,C.pid||t.pid||$.pid)}return i}k.local&&k.session&&w&&T&&g in T&&(n=function(){try{return y.self!==y.top}catch(i){return!0}}(),S("$pageChange",function(i){n||(F(i),G(),J(!1,O),J(!0,$),C=$,A=O)},{buffered:1}),S("$content.interaction",function(i){t=i,H()&&(J(!1,A),J(!0,C))}),S(T,"visibilitychange",function(){!n&&K()&&J(!1,A)},{capture:!1,passive:!0}))});csa.plugin(function(c){var e=c("Metrics",{producerId:"csa"});c.on(c.global,"pageshow",function(c){c&&c.persisted&&e("recordMetric","bfCache",1)})});csa.plugin(function(e){var n,a,c,r,s,t,u,f,l,p,o,i="hasFocus",m="avail",h="client",d="document",g="inner",v="offset",b="screen",y="scroll",T="Width",w="Height",P=m+T,S=m+w,I=h+T,x=h+w,D=g+T,E=g+w,F=v+T,O=v+w,$=y+T,q=y+w,z=e("Events",{producerId:"csa"}),C=e.global||{},H=e.time,M=e.on,R=e.once,W=C[d]||{},X=C[b]||{},Y=C.Math||{},j=Y.abs,k=Y.max,A=Y.ceil,B=((C.performance||{}).timing||{}).responseStart,G=C.P||{},J=100;function K(){f=a=s=t=n,c=r=0,u=l=p=o=0}function L(){var e=H(),n=j(C.pageXOffset||0),t=j(C.pageYOffset||0),o=C[D]||0,i=C[E]||0;!function(e){B&&!s&&(f=A((s=e)-B))}(e),function(e,n,t){var o=n-c,i=t-r;a&&!(a&&a<=e)||((o||i)&&++u,c=n,r=t,o,i),a=e+J}(e,n,t),function(e,n,t,o,i){l=A(k(l,t+i)),n&&(p=A(k(p,n+o)))}(0,n,t,o,i)}function N(){t&&(o+=A(H()-t),t=n)}function Q(){t=t||H()}function U(e,n,t,o){n[e+T]=A(t||0),n[e+w]=A(o||0)}function V(){var e,n=function(){var e={},n=W.documentElement||{},t=W.body||{};return U("availableScreen",e,X[P],X[S]),U(d,e,k(t[$]||0,t[F]||0,n[I]||0,n[$]||0,n[F]||0),k(t[q]||0,t[O]||0,n[x]||0,n[q]||0,n[O]||0)),U(b,e,X.width,X.height),U("viewport",e,C[D],C[E]),e}();W[i]()&&N(),e={scrollCounts:u,reachedDepth:l,horizontalScrollDistance:p,dwellTime:o},"number"==typeof f&&(e.clientTimeToFirstScroll=f),K(),B=H(),W[i]()&&(t=B),z("log",{activity:e,dimensions:n,schemaId:"<ns>.PageInteractionsSummary.1"},{ent:{page:["pageType","subPageType","requestId"]}})}"function"==typeof W[i]&&(K(),M(C,y,L,{passive:!0}),M(C,"blur",N),M(C,"focus",Q),G.when&&G.when("mash").execute(function(e){e&&(M(e,"appPause",N),M(e,"appResume",Q))}),W[i]()&&(t=B||H()),R("$beforeunload",V),M("$beforePageTransition",V))});csa.plugin(function(e){var o,n,r="<ns>.Navigator.4",a=e.global,i=a.navigator||{},d=i.connection||{},c=a.Math.round,t=e("Events",{producerId:"csa"});function l(){o={network:{downlink:void 0,downlinkMax:void 0,rtt:void 0,type:void 0,effectiveType:void 0,saveData:void 0},language:void 0,doNotTrack:void 0,hardwareConcurrency:void 0,deviceMemory:void 0,cookieEnabled:void 0,webdriver:void 0},v(),o.language=i.language||null,o.doNotTrack=function(){switch(i.doNotTrack){case"1":return"enabled";case"0":return"disabled";case"unspecified":return i.doNotTrack;default:return null}}(),o.hardwareConcurrency="hardwareConcurrency"in i?c(i.hardwareConcurrency||0):null,o.deviceMemory="deviceMemory"in i?c(i.deviceMemory||0):null,o.cookieEnabled="cookieEnabled"in i?i.cookieEnabled:null,o.webdriver="webdriver"in i?i.webdriver:null}function u(){t("log",{network:(n={},Object.keys(o.network).forEach(function(e){n[e]=o.network[e]+""}),n),language:o.language,doNotTrack:o.doNotTrack,hardwareConcurrency:o.hardwareConcurrency,deviceMemory:o.deviceMemory,cookieEnabled:o.cookieEnabled,webdriver:o.webdriver,schemaId:r},{ent:{page:["pageType","subPageType","requestId"]}})}function v(){!function(n){Object.keys(o.network).forEach(function(e){o.network[e]=n[e]})}({downlink:"downlink"in d?c(d.downlink||0):null,downlinkMax:"downlinkMax"in d?c(d.downlinkMax||0):null,rtt:"rtt"in d?(d.rtt||0).toFixed():null,type:d.type||null,effectiveType:d.effectiveType||null,saveData:"saveData"in d?d.saveData:null})}function k(){v(),u()}function w(){l(),u()}l(),u(),e.on("$afterPageTransition",w),e.on(d,"change",k)});
if (window.ue && window.ue.uels) {
    ue.uels("https://c.amazon-adsystem.com/bao-csm/forensics/a9-tq-forensics-incremental.min.js");
}



}
/* ? */
</script>

</div>

<noscript>
    <img height="1" width="1" style='display:none;visibility:hidden;' src='//fls-eu.amazon.in/1/batch/1/OP/A21TJRUUN4KGV:262-1911976-2471830:BHPJXCXEQ08Q3G08SG3Z$uedata=s:%2Frd%2Fuedata%3Fnoscript%26id%3DBHPJXCXEQ08Q3G08SG3Z:0' alt=""/>
</noscript>

<script>window.ue && ue.count && ue.count('CSMLibrarySize', 57425)</script>
</div>
<!--       _
       .__(.)< (MEOW)
        \___)   
 ~~~~~~~~~~~~~~~~~~-->
<!-- sp:eh:6cbP4dAsAdfwlvYF1pWnBvnLwS78u8NnS5Ol4rcXua01p8UJ+PcRiga8gVRAK3i6atagzI2M8Bw2WEsJKE55kAgirav8Y1l8YsxYYgkKxhc52tlhD/56YazafLM= -->
<div id="a-popover-root" style="z-index:-1;position:absolute;"></div><iframe id="z75ee5ktcn" height="5px" width="5px" src="javascript:'1'" style="position: absolute; top: -10000px; left: -10000px; visibility: hidden; opacity: 0;"></iframe></body></html>]]>
  </system-out>
  <testcase name="windowhandles" time="8.046" classname="Testcases.assginment"/>
  <system-out>
    <![CDATA[CDwindow-89ACA05D9B59ADE4491631620B80CC56
CDwindow-89ACA05D9B59ADE4491631620B80CC56
CDwindow-C11B6ECB114015F0173A5EEFB442CA9B]]>
  </system-out>
  <testcase name="dropdownsss" time="8.646" classname="Testcases.assginment"/>
  <system-out>
    <![CDATA[day]]>
  </system-out>
  <testcase name="Scrolling" time="15.431" classname="Testcases.assginment"/>
  <system-out/>
</testsuite> <!-- Testcases.assginment -->
