<?xml version="1.0" encoding="UTF-8"?>
<!-- Generated by org.testng.reporters.JUnitReportReporter -->
<testsuite skipped="0" hostname="DESKTOP-AP504LA" name="Testcases.Scrolloperatins" tests="1" failures="0" timestamp="2022-01-19T13:10:02 CST" time="3.051" errors="0">
  <testcase name="scroll" time="3.051" classname="Testcases.Scrolloperatins"/>
  <system-out/>
</testsuite> <!-- Testcases.Scrolloperatins -->
