<?xml version="1.0" encoding="UTF-8"?>
<!-- Generated by org.testng.reporters.JUnitReportReporter -->
<testsuite skipped="0" hostname="DESKTOP-AP504LA" name="MavenProjects.ProjectMaveen.sample11111111111111111" tests="1" failures="0" timestamp="2022-01-18T22:19:23 CST" time="36.967" errors="0">
  <testcase name="launchbrowser" time="36.967" classname="MavenProjects.ProjectMaveen.sample11111111111111111"/>
  <system-out/>
</testsuite> <!-- MavenProjects.ProjectMaveen.sample11111111111111111 -->
