<?xml version="1.0" encoding="UTF-8"?>
<!-- Generated by org.testng.reporters.JUnitReportReporter -->
<testsuite skipped="0" hostname="DESKTOP-AP504LA" name="Testcases.alerts" tests="1" failures="0" timestamp="2022-01-20T13:43:41 EST" time="3.373" errors="0">
  <testcase name="handlings" time="3.373" classname="Testcases.alerts"/>
  <system-out>
    <![CDATA[CDwindow-03EF67F6A6F2A2025540685DF784EF23
CDwindow-03EF67F6A6F2A2025540685DF784EF23
CDwindow-E5C02F36DE7528F40FFE7CB1C78AAE05]]>
  </system-out>
</testsuite> <!-- Testcases.alerts -->
